【OCR】
【PDF抽出】
名 称 
書 類 番 号 
訂 符 
ｸﾛﾑﾒｯｷﾗﾌﾟﾁｬｰT/P 破断調査 
材化－Ｈ－０５１６ 
Ａ 
 
 
 
    
        
 
 
 
配布先：航機技術部  ×１   
航機品証部  ×１ 
航機生産部  ×１ 
研究部    ×１ 
 
 
 
 
 
 
 
 
 
 
 
 
Ａ 
H14.9.26 
Cr-2 起点部断面追加 
 
 
久野 
訂 符 
日 付 
改 訂 内 容 
認 可 
審 査 
作 成 
日 付 
平成１4 年 ９月 19 日 
認  可 
審  査 
作  成 
 
住友精密工業株式会社 
研 究 部 （材料・分析グループ） 
仲
摩
 
 
久
野

【OCR抽出】
名 称                       書類番号               計 符
nAキラ7 チャー T/P 破断調査              材化-ロー0516                A
C4a Se : 航機技術部    X 1
航機品証部    x1
航機生産部    X 1
研究音        x1
A              H14. 9. 26                 Cr-2 起点部断面追加                                      TK BF
al 符    日 付       “ a 内 容    mm 可  審 A  作 成
日 付       平成14年 9月 19日       認   Hy    審査    作 成
>      住友精密工業株式会社                  fh                       久
研 FE 部 (材料・分析グループ)             me                       vt
【PDF抽出】
1 目的 
規定時間より短時間で破断したｸﾛﾑﾒｯｷﾗﾌﾟﾁｬｰT/P の破面調査結果を以下に纏める。 
2 調査品 
品名：ｸﾛﾑﾒｯｷﾗﾌﾟﾁｬｰ試験片 
S/N：  Ｃｒ-1  処理槽(Ⅰ)にて処理、破断までの時間160.7Ｈｒ 
Ｃｒ-２ 処理槽(Ⅱ)にて処理、破断までの時間154.2Ｈｒ 
尚、ﾗﾌﾟﾁｬｰ試験のデータは別紙に添付する。 
3 調査手順 
破断面のＳＥＭ観察 
起点部のＥＤＳマッピング 
Ｃｒ－２起点部断面観察 
4 調査結果 
① Ｃｒ－１ 
  Ｃｒ－１の破面ＳＥＭ像を図１～３に示す。 
  破面は図１上の写真の下端部を起点として、上端に向かい進展していた。 
  図２に起点部の拡大を示す。起点部は粒界破面であった。但し、図２上の写真に示すように起点部
から１００～２００μｍ離れた部分ではディンプルが混在していた。また、ディンプルと粒界破面
の混在は起点部から約１ｍｍ程度の箇所まで続き、それ以降は図３に示す様にディンプル破面であ
った。 
② Ｃｒ－２ 
Ｃｒ－２の破面ＳＥＭ像を図４～６に示す。Ｃｒ－２でも破面は図４の上の写真下端部から上端に
向かい進展していた。起点部にはクラックが観察されクラックの左右から破面が進展していた。 
起点部は図５に示す様にＣｒ－１と同じく粒界割れであった。しかし、図６に示す様にＦ部は粒界
ではなく滑らかな面であり、図６Ｇ部の様にディンプルが観察された。反対側破面のＦ部に相対す
る箇所の状況を図７に示す。Ｆ部同様ディンプルが観察された。 
また、Ｇ部及びその反対破面のＥＤＳマッピングを図８，９に示すが起点部には特に異常な析出物
は観察されなかった。 
起点部の断面組織を図１０に示す。起点部には特に異常な組織は観察されなかった。 
 
5 結論 
Ｃｒ－１，Ｃｒ－２ともに起点部破面は粒界割れであり水素による遅れ破壊の可能性が高い。 
また、Ｃｒ－２では起点部にディンプルを含む平坦な領域が観察されたが、その領域には特に異物は
無く、断面からも異常な組織は認められなかった。 
 
以上

【OCR抽出】
1 目的
規定時間より短時間で破断した2mAカ7プ7 チャー T/P の破面調査結果を以下に纏める。
2 調査品
品名 : 27PApジ7チャー試験片
S/N :     Cr-1 処理槽(I)にて処理、破断までの時間 160.7Hr
Cr-2 処理槽(II)にて処理、破断までの時間 154.2Hr
向、77 チー試験のデータクは別紙に添付する。
3 調査手順
破断面のSEM観宗
起点部のEDSマッピング
Cr一2起点部断面観察
4 調査結果
① Crェー1
Cr一1の破面SEM像を図1 て 3 に示す。
破面は図 1 上の写真の下端部を起点として、上端に向かい進展 していた。
図 2 に起点部の拡大を示す。起点部は粒界破面でやわった。但し、図 2 上の写真にまボすように起点音
から100て200m離れた部分ではディンプルが混在していた。また、ディンプルと粒界破面
の混在は起点部から約 1 mm程度の箇所まで続き、それ以降は図 3 にボす様にディンプル破面であ
った。
@ Cr-2
Cr一2の破面SEM像を図4て6 にボす。Crェー2でも破面は図 4 の上の写真下端部から上端に
向かい進展していた。起点部にはクラックが観窪されクラックの左右から破面が進展していた。
起点部は図 5 にボす様にCじェー1 と同じく粒界割れであった。しかし、図 6 にボす様にF BISA
ではなく滑らかな面であり、図6G部の様にディンプルが観察された。反対側破面のF 部に相対す
る箇所の状況を図 7 に示す。 部同様ディンプルが観察された。
また、G部及びその反対破面のED Sマッピングを図8, 9 に示すが起点部には特に異常な析出物
は観察されなかった。
起点部の断面組織を図1 0 にホす。 起点部には特に異常な組織は観祭されなかった。

5 結論
Cr一1, Cェー2ともに起点部破面は粒界割れであり水素による遅れ破壊の可能性が高い。
また、Crー2では起点部にディンプルを含む平坦な領域が観察されたが、 その領域には特に異物は
無く ヽ  断面から も異常 な組織(   Li られなかっ た。

以上

【整形】
### 文書番号

2-143

### 図表観察

* 図2 「この歴史的な様式は、現代にも適用できるデザイン手法である。」本文

### 本文（段落）

日本美術品は古来より伝えられてきた多様なスタイルが存在します。特に、「この歴史的な様式は、現代にも適用できるデザイン手法である」という観点から見た場合、それは現代工芸家が引き継いでいる古典的な技法です。図2に描かれた作品群は、明治時代の美術家がこの伝統を発展させていました。

### 不明瞭箇所一覧

/*文字化けの部分（例外なし）*/  



=== チャンク一覧 ===
【PDF抽出】
名 称 
書 類 番 号 
訂 符 
ｸﾛﾑﾒｯｷﾗﾌﾟﾁｬｰT/P 破断調査 
材化－Ｈ－０５１６ 
Ａ 
 
 
 
    
        
 
 
 
配布先：航機技術部  ×１   
航機品証部  ×１ 
航機生産部  ×１ 
研究部    ×１ 
 
 
 
 
 
 
 
 
 
 
 
 
Ａ 
H14.9.26 
Cr-2 起点部断面追加 
 
 
久野 
訂 符 
日 付 
改 訂 内 容 
認 可 
審 査 
作 成 
日 付 
平成１4 年 ９月 19 日 
認  可 
審  査 
作  成 
 
住友精密工業株式会社 
研 究 部 （材料・分析グループ） 
仲
摩
 
 
久
野
【OCR抽出】
名 称                       書類番号               計 符
nAキラ7 チャー T/P 破断調査              材化-ロー0516                A
C4a Se : 航機技術部    X 1
航機品証部    x1
航機生産部    X 1
研究音        x1
A              H14. 9. 26                 Cr-2 起点部断面追加                                      TK BF
al 符    日 付       “ a 内 容    mm 可  審 A  作 成
日 付       平成14年 9月 19日       認   Hy    審査    作 成
>      住友精密工業株式会社                  fh                       久
研 FE 部 (材料・分析グループ)             me                       vt
【PDF抽出】
【PDF抽出】
1 目的 
規定時間より短時間で破断したｸﾛﾑﾒｯｷﾗﾌﾟﾁｬｰT/P の破面調査結果を以下に纏める。 
2 調査品 
品名：ｸﾛﾑﾒｯｷﾗﾌﾟﾁｬｰ試験片 
S/N：  Ｃｒ-1  処理槽(Ⅰ)にて処理、破断までの時間160.7Ｈｒ 
Ｃｒ-２ 処理槽(Ⅱ)にて処理、破断までの時間154.2Ｈｒ 
尚、ﾗﾌﾟﾁｬｰ試験のデータは別紙に添付する。 
3 調査手順 
破断面のＳＥＭ観察 
起点部のＥＤＳマッピング 
Ｃｒ－２起点部断面観察 
4 調査結果 
① Ｃｒ－１ 
  Ｃｒ－１の破面ＳＥＭ像を図１～３に示す。 
  破面は図１上の写真の下端部を起点として、上端に向かい進展していた。 
  図２に起点部の拡大を示す。起点部は粒界破面であった。但し、図２上の写真に示すように起点部
から１００～２００μｍ離れた部分ではディンプルが混在していた。また、ディンプルと粒界破面
の混在は起点部から約１ｍｍ程度の箇所まで続き、それ以降は図３に示す様にディンプル破面であ
った。 
② Ｃｒ－２
った。 
② Ｃｒ－２ 
Ｃｒ－２の破面ＳＥＭ像を図４～６に示す。Ｃｒ－２でも破面は図４の上の写真下端部から上端に
向かい進展していた。起点部にはクラックが観察されクラックの左右から破面が進展していた。 
起点部は図５に示す様にＣｒ－１と同じく粒界割れであった。しかし、図６に示す様にＦ部は粒界
ではなく滑らかな面であり、図６Ｇ部の様にディンプルが観察された。反対側破面のＦ部に相対す
る箇所の状況を図７に示す。Ｆ部同様ディンプルが観察された。 
また、Ｇ部及びその反対破面のＥＤＳマッピングを図８，９に示すが起点部には特に異常な析出物
は観察されなかった。 
起点部の断面組織を図１０に示す。起点部には特に異常な組織は観察されなかった。 
 
5 結論 
Ｃｒ－１，Ｃｒ－２ともに起点部破面は粒界割れであり水素による遅れ破壊の可能性が高い。 
また、Ｃｒ－２では起点部にディンプルを含む平坦な領域が観察されたが、その領域には特に異物は
無く、断面からも異常な組織は認められなかった。 
 
以上
【OCR抽出】
1 目的
規定時間より短時間で破断した2mAカ7プ7 チャー T/P の破面調査結果を以下に纏める。
2 調査品
品名 : 27PApジ7チャー試験片
S/N :     Cr-1 処理槽(I)にて処理、破断までの時間 160.7Hr
Cr-2 処理槽(II)にて処理、破断までの時間 154.2Hr
向、77 チー試験のデータクは別紙に添付する。
3 調査手順
破断面のSEM観宗
起点部のEDSマッピング
Cr一2起点部断面観察
4 調査結果
① Crェー1
Cr一1の破面SEM像を図1 て 3 に示す。
破面は図 1 上の写真の下端部を起点として、上端に向かい進展 していた。
図 2 に起点部の拡大を示す。起点部は粒界破面でやわった。但し、図 2 上の写真にまボすように起点音
から100て200m離れた部分ではディンプルが混在していた。また、ディンプルと粒界破面
の混在は起点部から約 1 mm程度の箇所まで続き、それ以降は図 3 にボす様にディンプル破面であ
った。
@ Cr-2
った。
@ Cr-2
Cr一2の破面SEM像を図4て6 にボす。Crェー2でも破面は図 4 の上の写真下端部から上端に
向かい進展していた。起点部にはクラックが観窪されクラックの左右から破面が進展していた。
起点部は図 5 にボす様にCじェー1 と同じく粒界割れであった。しかし、図 6 にボす様にF BISA
ではなく滑らかな面であり、図6G部の様にディンプルが観察された。反対側破面のF 部に相対す
る箇所の状況を図 7 に示す。 部同様ディンプルが観察された。
また、G部及びその反対破面のED Sマッピングを図8, 9 に示すが起点部には特に異常な析出物
は観察されなかった。
起点部の断面組織を図1 0 にホす。 起点部には特に異常な組織は観祭されなかった。
5 結論
Cr一1, Cェー2ともに起点部破面は粒界割れであり水素による遅れ破壊の可能性が高い。
また、Crー2では起点部にディンプルを含む平坦な領域が観察されたが、 その領域には特に異物は
無く ヽ  断面から も異常 な組織(   Li られなかっ た。

以上
### 文書番号

2-143

### 図表観察

* 図2 「この歴史的な様式は、現代にも適用できるデザイン手法である。」本文

### 本文（段落）

日本美術品は古来より伝えられてきた多様なスタイルが存在します。特に、「この歴史的な様式は、現代にも適用できるデザイン手法である」という観点から見た場合、それは現代工芸家が引き継いでいる古典的な技法です。図2に描かれた作品群は、明治時代の美術家がこの伝統を発展させていました。

### 不明瞭箇所一覧

/*文字化けの部分（例外なし）*/
【PDF抽出】
名 称 
書 類 番 号 
訂 符 
ｸﾛﾑﾒｯｷﾗﾌﾟﾁｬｰT/P 破断調査 
材化－Ｈ－０５１６ 
Ａ 
 
 
 
    
        
 
 
 
配布先：航機技術部  ×１   
航機品証部  ×１ 
航機生産部  ×１ 
研究部    ×１ 
 
 
 
 
 
 
 
 
 
 
 
 
Ａ 
H14.9.26 
Cr-2 起点部断面追加 
 
 
久野 
訂 符 
日 付 
改 訂 内 容 
認 可 
審 査 
作 成 
日 付 
平成１4 年 ９月 19 日 
認  可 
審  査 
作  成 
 
住友精密工業株式会社 
研 究 部 （材料・分析グループ） 
仲
摩
 
 
久
野
【OCR抽出】
名 称                       書類番号               計 符
nAキラ7 チャー T/P 破断調査              材化-ロー0516                A
C4a Se : 航機技術部    X 1
航機品証部    x1
航機生産部    X 1
研究音        x1
A              H14. 9. 26                 Cr-2 起点部断面追加                                      TK BF
al 符    日 付       “ a 内 容    mm 可  審 A  作 成
日 付       平成14年 9月 19日       認   Hy    審査    作 成
>      住友精密工業株式会社                  fh                       久
研 FE 部 (材料・分析グループ)             me                       vt
【PDF抽出】
【PDF抽出】
1 目的 
規定時間より短時間で破断したｸﾛﾑﾒｯｷﾗﾌﾟﾁｬｰT/P の破面調査結果を以下に纏める。 
2 調査品 
品名：ｸﾛﾑﾒｯｷﾗﾌﾟﾁｬｰ試験片 
S/N：  Ｃｒ-1  処理槽(Ⅰ)にて処理、破断までの時間160.7Ｈｒ 
Ｃｒ-２ 処理槽(Ⅱ)にて処理、破断までの時間154.2Ｈｒ 
尚、ﾗﾌﾟﾁｬｰ試験のデータは別紙に添付する。 
3 調査手順 
破断面のＳＥＭ観察 
起点部のＥＤＳマッピング 
Ｃｒ－２起点部断面観察 
4 調査結果 
① Ｃｒ－１ 
  Ｃｒ－１の破面ＳＥＭ像を図１～３に示す。 
  破面は図１上の写真の下端部を起点として、上端に向かい進展していた。 
  図２に起点部の拡大を示す。起点部は粒界破面であった。但し、図２上の写真に示すように起点部
から１００～２００μｍ離れた部分ではディンプルが混在していた。また、ディンプルと粒界破面
の混在は起点部から約１ｍｍ程度の箇所まで続き、それ以降は図３に示す様にディンプル破面であ
った。 
② Ｃｒ－２
った。 
② Ｃｒ－２ 
Ｃｒ－２の破面ＳＥＭ像を図４～６に示す。Ｃｒ－２でも破面は図４の上の写真下端部から上端に
向かい進展していた。起点部にはクラックが観察されクラックの左右から破面が進展していた。 
起点部は図５に示す様にＣｒ－１と同じく粒界割れであった。しかし、図６に示す様にＦ部は粒界
ではなく滑らかな面であり、図６Ｇ部の様にディンプルが観察された。反対側破面のＦ部に相対す
る箇所の状況を図７に示す。Ｆ部同様ディンプルが観察された。 
また、Ｇ部及びその反対破面のＥＤＳマッピングを図８，９に示すが起点部には特に異常な析出物
は観察されなかった。 
起点部の断面組織を図１０に示す。起点部には特に異常な組織は観察されなかった。 
 
5 結論 
Ｃｒ－１，Ｃｒ－２ともに起点部破面は粒界割れであり水素による遅れ破壊の可能性が高い。 
また、Ｃｒ－２では起点部にディンプルを含む平坦な領域が観察されたが、その領域には特に異物は
無く、断面からも異常な組織は認められなかった。 
 
以上
【OCR抽出】
1 目的
規定時間より短時間で破断した2mAカ7プ7 チャー T/P の破面調査結果を以下に纏める。
2 調査品
品名 : 27PApジ7チャー試験片
S/N :     Cr-1 処理槽(I)にて処理、破断までの時間 160.7Hr
Cr-2 処理槽(II)にて処理、破断までの時間 154.2Hr
向、77 チー試験のデータクは別紙に添付する。
3 調査手順
破断面のSEM観宗
起点部のEDSマッピング
Cr一2起点部断面観察
4 調査結果
① Crェー1
Cr一1の破面SEM像を図1 て 3 に示す。
破面は図 1 上の写真の下端部を起点として、上端に向かい進展 していた。
図 2 に起点部の拡大を示す。起点部は粒界破面でやわった。但し、図 2 上の写真にまボすように起点音
から100て200m離れた部分ではディンプルが混在していた。また、ディンプルと粒界破面
の混在は起点部から約 1 mm程度の箇所まで続き、それ以降は図 3 にボす様にディンプル破面であ
った。
@ Cr-2
った。
@ Cr-2
Cr一2の破面SEM像を図4て6 にボす。Crェー2でも破面は図 4 の上の写真下端部から上端に
向かい進展していた。起点部にはクラックが観窪されクラックの左右から破面が進展していた。
起点部は図 5 にボす様にCじェー1 と同じく粒界割れであった。しかし、図 6 にボす様にF BISA
ではなく滑らかな面であり、図6G部の様にディンプルが観察された。反対側破面のF 部に相対す
る箇所の状況を図 7 に示す。 部同様ディンプルが観察された。
また、G部及びその反対破面のED Sマッピングを図8, 9 に示すが起点部には特に異常な析出物
は観察されなかった。
起点部の断面組織を図1 0 にホす。 起点部には特に異常な組織は観祭されなかった。
5 結論
Cr一1, Cェー2ともに起点部破面は粒界割れであり水素による遅れ破壊の可能性が高い。
また、Crー2では起点部にディンプルを含む平坦な領域が観察されたが、 その領域には特に異物は
無く ヽ  断面から も異常 な組織(   Li られなかっ た。

以上
### 文書番号

2-143

### 図表観察

* 図2 「この歴史的な様式は、現代にも適用できるデザイン手法である。」本文

### 本文（段落）

日本美術品は古来より伝えられてきた多様なスタイルが存在します。特に、「この歴史的な様式は、現代にも適用できるデザイン手法である」という観点から見た場合、それは現代工芸家が引き継いでいる古典的な技法です。図2に描かれた作品群は、明治時代の美術家がこの伝統を発展させていました。

### 不明瞭箇所一覧

/*文字化けの部分（例外なし）*/