ЁЯУЭ цХ┤х╜вх╛М:
**хЖНцзЛцИРуБХуВМуБЯцЬмцЦЗ**

ча┤щЭвя╝│я╝ея╝нхГПуБлуБдуБДуБжуАБф╗еф╕ЛуБоцГЕха▒уВТшй│ч┤░уБлха▒хСКуБЧуБ╛уБЩуАВ

* **хЫ│1**я╝Ъя╝гуГля╝Ня╝Сча┤щЭвя╝│я╝ея╝нхГПуБош╡╖чВ╣щГицЛбхдзуАВ
* **хЫ│2**я╝Ъя╝гуГля╝Ня╝Сча┤щЭвя╝│я╝ея╝нхГПуБоя╝бщГицЛбхдзуАВ
* **хЫ│3**я╝Ъя╝гуГля╝Ня╝Сча┤щЭвя╝│я╝ея╝нхГПуБоя╝гщГицЛбхдзуАВ
* **хЫ│4**я╝Ъя╝гуГля╝Ня╝Тча┤щЭвя╝│я╝ея╝нхГПуБош╡╖чВ╣щГицЛбхдзуАВ
* **хЫ│5**я╝Ъя╝гуГля╝Ня╝Тча┤щЭвя╝│я╝ея╝нхГПуБоя╝дщГицЛбхдзуАВ
* **хЫ│6**я╝Ъя╝гуГля╝Ня╝Тча┤щЭвя╝│я╝еуГЯуГ╝хГПуБоя╝жщГицЛбхдзуАВ
* **хЫ│7**я╝Ъя╝гуГля╝Ня╝ТхПНхп╛хБ┤ча┤щЭвя╝│я╝еуГЯуГ╝хГПуБоя╝жщГихПНхп╛хБ┤ча┤щЭвцЛбхдзуАВ

**UNREADABLE уВ╗уВпуВ╖уГзуГ│**

* хЕГцЦЗхнЧхИЧя╝ЪP [xl
уБд
HSуВЛф╕А+
aN
og
TEE
BINA S WIA

**ф╕НцШОчЮнчоЗцЙА**

* цЦЗщЭвф╕нуБлуАМтА╗ф╕НцШОчЮнуАНуБиуБДуБЖуВ┐уВ░уБпхРлуБ╛уВМуБжуБДуБ╛уБЫуВУуАВ


=== тЬВя╕П уГБуГгуГ│уВп ===
**хЖНцзЛцИРуБХуВМуБЯцЬмцЦЗ**

ча┤щЭвя╝│я╝ея╝нхГПуБлуБдуБДуБжуАБф╗еф╕ЛуБоцГЕха▒уВТшй│ч┤░уБлха▒хСКуБЧуБ╛уБЩуАВ

* **хЫ│1**я╝Ъя╝гуГля╝Ня╝Сча┤щЭвя╝│я╝ея╝нхГПуБош╡╖чВ╣щГицЛбхдзуАВ
* **хЫ│2**я╝Ъя╝гуГля╝Ня╝Сча┤щЭвя╝│я╝ея╝нхГПуБоя╝бщГицЛбхдзуАВ
* **хЫ│3**я╝Ъя╝гуГля╝Ня╝Сча┤щЭвя╝│я╝ея╝нхГПуБоя╝гщГицЛбхдзуАВ
* **хЫ│4**я╝Ъя╝гуГля╝Ня╝Тча┤щЭвя╝│я╝ея╝нхГПуБош╡╖чВ╣щГицЛбхдзуАВ
* **хЫ│5**я╝Ъя╝гуГля╝Ня╝Тча┤щЭвя╝│я╝ея╝нхГПуБоя╝дщГицЛбхдзуАВ
* **хЫ│6**я╝Ъя╝гуГля╝Ня╝Тча┤щЭвя╝│я╝еуГЯуГ╝хГПуБоя╝жщГицЛбхдзуАВ
* **хЫ│7**я╝Ъя╝гуГля╝Ня╝ТхПНхп╛хБ┤ча┤щЭвя╝│я╝еуГЯуГ╝хГПуБоя╝жщГихПНхп╛хБ┤ча┤щЭвцЛбхдзуАВ

**UNREADABLE уВ╗уВпуВ╖уГзуГ│**

* хЕГцЦЗхнЧхИЧя╝ЪP [xl
уБд
HSуВЛф╕А+
aN
og
TEE
BINA S WIA

**ф╕НцШОчЮнчоЗцЙА**

* цЦЗщЭвф╕нуБлуАМтА╗ф╕НцШОчЮнуАНуБиуБДуБЖуВ┐уВ░уБпхРлуБ╛уВМуБжуБДуБ╛уБЫуВУуАВ