📝 整形後:
**目的**

規定時間より短時間で破断した2mAカ7 チー T/P の破面調査結果を以下に纏める。

**調査品**

品名 : 27pAめジブ チャー試験片
S/N :     Cr-1 処理槽(I)にて処理、破断までの時間 160.7Hr
Cr-2 処理槽(IL)にて処理、破断までの時間 154.2Hr

**調査手順**

破断面のS EM観察
起点部のEDSマッピング

**調査結果**

① Cr一1
- 破面は図1 て 3 に示すように、下端部を起点として上端に向かい進展していた。
- 起点部は粒界破面であったが、100～200μm離れた部分にはディンプルが混在していた。

② Cr-2
- 破面は図 4 の上の写真下端部から上端に向かい進展していた。
- 起点部にはクラックが観察され、クラックの左右から破面が進展していた。
- 起点部は粒界割れであったが、F部は粒界ではなく消らかな面であり、G部にはディンプルが観察された。

**結論**

Cr一1, Cェー2ともに起点部破面は粒界割れであり水素による遅れ破壊の可能性が高い。
また、Crェー2では起点部にディンプルを含む平坦な領域が観察されたが、その領域には特に異物は無かった。

今後、Cェー2 については起点部の断面組織を観察し研磨やけの有無についても調査を実施する。


=== ✂️ チャンク ===
**目的**

規定時間より短時間で破断した2mAカ7 チー T/P の破面調査結果を以下に纏める。

**調査品**

品名 : 27pAめジブ チャー試験片
S/N :     Cr-1 処理槽(I)にて処理、破断までの時間 160.7Hr
Cr-2 処理槽(IL)にて処理、破断までの時間 154.2Hr

**調査手順**

破断面のS EM観察
起点部のEDSマッピング

**調査結果**

① Cr一1
- 破面は図1 て 3 に示すように、下端部を起点として上端に向かい進展していた。
- 起点部は粒界破面であったが、100～200μm離れた部分にはディンプルが混在していた。

② Cr-2
- 破面は図 4 の上の写真下端部から上端に向かい進展していた。
- 起点部にはクラックが観察され、クラックの左右から破面が進展していた。
- 起点部は粒界割れであったが、F部は粒界ではなく消らかな面であり、G部にはディンプルが観察された。

**結論**
**結論**

Cr一1, Cェー2ともに起点部破面は粒界割れであり水素による遅れ破壊の可能性が高い。
また、Crェー2では起点部にディンプルを含む平坦な領域が観察されたが、その領域には特に異物は無かった。

今後、Cェー2 については起点部の断面組織を観察し研磨やけの有無についても調査を実施する。
**目的**

規定時間より短時間で破断した2mAカ7 チー T/P の破面調査結果を以下に纏める。

**調査品**

品名 : 27pAめジブ チャー試験片
S/N :     Cr-1 処理槽(I)にて処理、破断までの時間 160.7Hr
Cr-2 処理槽(IL)にて処理、破断までの時間 154.2Hr

**調査手順**

破断面のS EM観察
起点部のEDSマッピング

**調査結果**

① Cr一1
- 破面は図1 て 3 に示すように、下端部を起点として上端に向かい進展していた。
- 起点部は粒界破面であったが、100～200μm離れた部分にはディンプルが混在していた。

② Cr-2
- 破面は図 4 の上の写真下端部から上端に向かい進展していた。
- 起点部にはクラックが観察され、クラックの左右から破面が進展していた。
- 起点部は粒界割れであったが、F部は粒界ではなく消らかな面であり、G部にはディンプルが観察された。

**結論**
**結論**

Cr一1, Cェー2ともに起点部破面は粒界割れであり水素による遅れ破壊の可能性が高い。
また、Crェー2では起点部にディンプルを含む平坦な領域が観察されたが、その領域には特に異物は無かった。

今後、Cェー2 については起点部の断面組織を観察し研磨やけの有無についても調査を実施する。