📝 整形後:

【原文PDF抽出】

名称                          書類番号

27pAめジブ チャー T/P の破断調査   H14.9.26


【OCR抽出（原文PDFで抽出された）】

名称                          書類番号
0 目的

規定時間より短時間で破断した2mAカ7 チー T/P の破面調査結果を以下に纏める。

1 調査品

品名 : 27pAめジブ チャー試験片
S/N :     Cr-1  処理槽(I)にて処理、破断までの時間 160.7Hr
Cr-2 処理槽(IL)にて処理、破断までの時間 154.2Hr
向，77 チー試験のデークタは別紙に添付する。

3 調査手順

破断面のSEM観宗

起点部のEDSマッピング

Cr一2起点部断面観察

4 調柁結果

① Cr一1

Cr一1の破面SEM像を図1～3に示す。

破面は図1上の写真の下端部を起点として、上端に向かい進展 していた。

図2に起点部の拡大を示す。
s 起点部は粒界破面でやった。但し、図2上の写真にますように起点音
から100～20term分断音 部ではディンプルが混在 していた。また、ディンプルと粒界破面
の混在は起点部から約1mm程度の箇所まで続き、それ以降は図3にボす様にディンプル破面であった。

@ Cr-2

Cr一2

Cr一2の破面SEM像を図4～6に示す。Crェー2でも破面は図4の上の写真下端部から上端に
向かい進展 していた。

起点部にはクラックが観察されクラックの左右から破面が進展 していた。

起点部は図5にボす様にC氏1と同じく粒界割れであった。しかし、図6にボす様にF BIA
でなく滑らかな面であり、図6G部の様にディンプルが観察された。反対側破面のF 部に相対する
箇所の状況を図7に示す。部同様ディンプルが観察された。

また、G部及びその反対破面のEDSマッピングを図8, 9に示すが起点部には特に異常な析出物
は視察されなかった。

起点部の断面組織を図10にボす。起点部には特に異常 な組織(   は認められなかった。


 

以下に出力される内容では、文法的な不整合を修正しています。


=== ✂️ チャンク ===
【原文PDF抽出】

名称                          書類番号

27pAめジブ チャー T/P の破断調査   H14.9.26


【OCR抽出（原文PDFで抽出された）】

名称                          書類番号
0 目的

規定時間より短時間で破断した2mAカ7 チー T/P の破面調査結果を以下に纏める。

1 調査品

品名 : 27pAめジブ チャー試験片
S/N :     Cr-1  処理槽(I)にて処理、破断までの時間 160.7Hr
Cr-2 処理槽(IL)にて処理、破断までの時間 154.2Hr
向，77 チー試験のデークタは別紙に添付する。

3 調査手順

破断面のSEM観宗

起点部のEDSマッピング

Cr一2起点部断面観察

4 調柁結果

① Cr一1

Cr一1の破面SEM像を図1～3に示す。

破面は図1上の写真の下端部を起点として、上端に向かい進展 していた。
破面は図1上の写真の下端部を起点として、上端に向かい進展 していた。

図2に起点部の拡大を示す。
s 起点部は粒界破面でやった。但し、図2上の写真にますように起点音
から100～20term分断音 部ではディンプルが混在 していた。また、ディンプルと粒界破面
の混在は起点部から約1mm程度の箇所まで続き、それ以降は図3にボす様にディンプル破面であった。

@ Cr-2

Cr一2

Cr一2の破面SEM像を図4～6に示す。Crェー2でも破面は図4の上の写真下端部から上端に
向かい進展 していた。

起点部にはクラックが観察されクラックの左右から破面が進展 していた。

起点部は図5にボす様にC氏1と同じく粒界割れであった。しかし、図6にボす様にF BIA
でなく滑らかな面であり、図6G部の様にディンプルが観察された。反対側破面のF 部に相対する
箇所の状況を図7に示す。部同様ディンプルが観察された。

また、G部及びその反対破面のEDSマッピングを図8, 9に示すが起点部には特に異常な析出物
は視察されなかった。
起点部の断面組織を図10にボす。起点部には特に異常 な組織(   は認められなかった。


 

以下に出力される内容では、文法的な不整合を修正しています。
【原文PDF抽出】

名称                          書類番号

27pAめジブ チャー T/P の破断調査   H14.9.26


【OCR抽出（原文PDFで抽出された）】

名称                          書類番号
0 目的

規定時間より短時間で破断した2mAカ7 チー T/P の破面調査結果を以下に纏める。

1 調査品

品名 : 27pAめジブ チャー試験片
S/N :     Cr-1  処理槽(I)にて処理、破断までの時間 160.7Hr
Cr-2 処理槽(IL)にて処理、破断までの時間 154.2Hr
向，77 チー試験のデークタは別紙に添付する。

3 調査手順

破断面のSEM観宗

起点部のEDSマッピング

Cr一2起点部断面観察

4 調柁結果

① Cr一1

Cr一1の破面SEM像を図1～3に示す。

破面は図1上の写真の下端部を起点として、上端に向かい進展 していた。
破面は図1上の写真の下端部を起点として、上端に向かい進展 していた。

図2に起点部の拡大を示す。
s 起点部は粒界破面でやった。但し、図2上の写真にますように起点音
から100～20term分断音 部ではディンプルが混在 していた。また、ディンプルと粒界破面
の混在は起点部から約1mm程度の箇所まで続き、それ以降は図3にボす様にディンプル破面であった。

@ Cr-2

Cr一2

Cr一2の破面SEM像を図4～6に示す。Crェー2でも破面は図4の上の写真下端部から上端に
向かい進展 していた。

起点部にはクラックが観察されクラックの左右から破面が進展 していた。

起点部は図5にボす様にC氏1と同じく粒界割れであった。しかし、図6にボす様にF BIA
でなく滑らかな面であり、図6G部の様にディンプルが観察された。反対側破面のF 部に相対する
箇所の状況を図7に示す。部同様ディンプルが観察された。

また、G部及びその反対破面のEDSマッピングを図8, 9に示すが起点部には特に異常な析出物
は視察されなかった。
起点部の断面組織を図10にボす。起点部には特に異常 な組織(   は認められなかった。


 

以下に出力される内容では、文法的な不整合を修正しています。