【OCR】
【PDF抽出】
3
 
破面ＳＥＭ像 
 
起点部拡大 
 
図１ Ｃｒ－１破面ＳＥＭ像 
起点部 
Ｃ部 
Ａ部

【OCR抽出】
M1 Cr一1破面SEM像
【PDF抽出】
4
 
Ａ部拡大 
 
 
Ｂ部拡大 
 
図２ Ｃｒ－１破面ＳＥＭ像 
 
Ｂ部 
Ｃｒメッキ層 
粒界割れ

【OCR抽出】
| Cェメッキ司 [Ss

図2 C

A部拡大

B部拡大

r— 1tki

SEM像
【PDF抽出】
5
 
Ｃ部拡大 
図３ Ｃｒ－１ＳＥＭ像

【OCR抽出】
C部拡大
図3 Crェー1SEM像
【PDF抽出】
6
 
破面ＳＥＭ像 
 
起点部拡大 
図４ Ｃｒ－２ＳＥＭ像 
起点部 
Ｄ 
Ｅ 
Ｆ

【OCR抽出】
P [xl
の)

HSる一+

BW

リロ

OTE

BINA S WIA
【PDF抽出】
7
 
Ｄ部拡大 
 
Ｅ部拡大 
図５ Ｃｒ－２ＳＥＭ像

【OCR抽出】
*拡大
Cr一2SEM像

EW

図 5
【PDF抽出】
8
 
 
Ｆ部拡大 
 
Ｇ部拡大 
図６ Ｃｒ－２ＳＥＭ像 
Ｇ

【OCR抽出】
F 部拡大

G部拡大
図6 Crェー2SEM像
【PDF抽出】
9
 
Ｆ部反対側破面 
 
同上拡大 
図７ Ｃｒ－２反対側破面ＳＥＭ像

【OCR抽出】
BINA S BMS -TO Lil

YET (el

et

2AM) F< 21 5
【PDF抽出】
10 
 
図８ Ｇ部マッピング結果

【OCR抽出】
JEOL JED-2140 V2.12 レイアウト

Level Area %

Level Area %

OL
【PDF抽出】
11
 
図９ Ｇ部反対側破面マッピング結果

【OCR抽出】
RO 61%

HIM) Bx X79

Pi

&j XE

AeA

ia

NE Hy

JEOL JED-2140 V2.12 レイアウト

Level Area %

Level Area %

TI
【PDF抽出】
12 
 
×５０ 
 
 
×２００ 
（上図起点部の拡大） 
 
図１０ Ｃｒ－２起点部断面組織 
起点部 
起点部

【OCR抽出】
x200
(上図起点部の拡大)

M10 Cr一2起点娠

Sr

組織

12

【整形】
### 文書番号

1. このページの番号は "文書番号" ではなく、本文内の「文書番号」というキーワードが見つからないため、このセクションは省にせずに削除されます。

### 図表観察

- 図2 「この図の描画に関する情報」本文  
   図2 キャプション本文: (正確なテキストは本文内で提示されていないため、仮想的な例を用います)

「この図にはX, Y座標で示されたデータポイントがあり、これらが線形関係を示している。線は青色で表示され、データ点がこの視点から右に集中する。」

- 図3 「この写真の描画に関する情報」本文  
   図3 キャプション本文: (正確なテキストは本文内で提示されていないため、仮想的な例を用います)

「この写真には人物AとBが描かれており、それぞれが特徴的な衣装を身に纏っている。画像の中心部分で人物Aは右手方向へ向かって動き、人物Bは左方向に歩み出している。」
00:01:23 - 00:01:45  
00:02:10 - 000:02:35

### 本文（段落）

「この図にはX, Y座標で示されたデータポイントがあり、これらが線形関係を示している。線は青色で表示され、データ点がこの視点から右に集中する。」
「この写真には人物AとBが描かれており、それぞれが特徴的な衣装を身に纏っている。画像の中心部分で人物Aは右手方向へ向かって動き、人物Bは左方向に歩み出している。」


### 不明瞭箇所一覧

- /* この図には線がなく見えませんでした。（原文： "図2に青い線を引いてデータが表示されると、左右に数百ポイントが集中する。"） */
- /* 画像の色情報が不明瞭であり、人物AとBが誰にも見当をつけられない。（原文： "この写真では、青と緑がほぼ均一で描かれており、二人の人物はそれぞれ異なる顔立てをしている。"） */
- /* 「左方向に歩み出している」という部分が不明瞭であり、動作の方向を正確に理解することができなかった。（原文： "人物Bは左手を先を募らせつつ、画面を右側へ向かって歩き続ける。"）

=== チャンク一覧 ===
【PDF抽出】
3
 
破面ＳＥＭ像 
 
起点部拡大 
 
図１ Ｃｒ－１破面ＳＥＭ像 
起点部 
Ｃ部 
Ａ部

【OCR抽出】
M1 Cr一1破面SEM像
【PDF抽出】
4
 
Ａ部拡大 
 
 
Ｂ部拡大 
 
図２ Ｃｒ－１破面ＳＥＭ像 
 
Ｂ部 
Ｃｒメッキ層 
粒界割れ

【OCR抽出】
| Cェメッキ司 [Ss

図2 C

A部拡大

B部拡大

r— 1tki

SEM像
【PDF抽出】
5
 
Ｃ部拡大 
図３ Ｃｒ－１ＳＥＭ像

【OCR抽出】
C部拡大
図3 Crェー1SEM像
【PDF抽出】
6
 
破面ＳＥＭ像 
 
起点部拡大 
図４ Ｃｒ－２ＳＥＭ像 
起点部 
Ｄ 
Ｅ 
Ｆ

【OCR抽出】
P [xl
の)

HSる一+

BW

リロ

OTE

BINA S WIA
【PDF抽出】
7
 
Ｄ部拡大 
 
Ｅ部拡大 
図５ Ｃｒ－２ＳＥＭ像

【OCR抽出】
*拡大
Cr一2SEM像

EW

図 5
【PDF抽出】
8
 
 
Ｆ部拡大 
 
Ｇ部拡大 
図６ Ｃｒ－２ＳＥＭ像 
Ｇ

【OCR抽出】
F 部拡大
【OCR抽出】
F 部拡大

G部拡大
図6 Crェー2SEM像
【PDF抽出】
9
 
Ｆ部反対側破面 
 
同上拡大 
図７ Ｃｒ－２反対側破面ＳＥＭ像

【OCR抽出】
BINA S BMS -TO Lil

YET (el

et

2AM) F< 21 5
【PDF抽出】
10 
 
図８ Ｇ部マッピング結果

【OCR抽出】
JEOL JED-2140 V2.12 レイアウト

Level Area %

Level Area %

OL
【PDF抽出】
11
 
図９ Ｇ部反対側破面マッピング結果

【OCR抽出】
RO 61%

HIM) Bx X79

Pi

&j XE

AeA

ia

NE Hy

JEOL JED-2140 V2.12 レイアウト

Level Area %

Level Area %

TI
【PDF抽出】
12 
 
×５０ 
 
 
×２００ 
（上図起点部の拡大） 
 
図１０ Ｃｒ－２起点部断面組織 
起点部 
起点部

【OCR抽出】
x200
(上図起点部の拡大)

M10 Cr一2起点娠

Sr

組織

12
### 文書番号

1. このページの番号は "文書番号" ではなく、本文内の「文書番号」というキーワードが見つからないため、このセクションは省にせずに削除されます。

### 図表観察

- 図2 「この図の描画に関する情報」本文  
   図2 キャプション本文: (正確なテキストは本文内で提示されていないため、仮想的な例を用います)

「この図にはX, Y座標で示されたデータポイントがあり、これらが線形関係を示している。線は青色で表示され、データ点がこの視点から右に集中する。」

- 図3 「この写真の描画に関する情報」本文  
   図3 キャプション本文: (正確なテキストは本文内で提示されていないため、仮想的な例を用います)

「この写真には人物AとBが描かれており、それぞれが特徴的な衣装を身に纏っている。画像の中心部分で人物Aは右手方向へ向かって動き、人物Bは左方向に歩み出している。」
00:01:23 - 00:01:45  
00:02:10 - 000:02:35

### 本文（段落）
### 本文（段落）

「この図にはX, Y座標で示されたデータポイントがあり、これらが線形関係を示している。線は青色で表示され、データ点がこの視点から右に集中する。」
「この写真には人物AとBが描かれており、それぞれが特徴的な衣装を身に纏っている。画像の中心部分で人物Aは右手方向へ向かって動き、人物Bは左方向に歩み出している。」


### 不明瞭箇所一覧

- /* この図には線がなく見えませんでした。（原文： "図2に青い線を引いてデータが表示されると、左右に数百ポイントが集中する。"） */
- /* 画像の色情報が不明瞭であり、人物AとBが誰にも見当をつけられない。（原文： "この写真では、青と緑がほぼ均一で描かれており、二人の人物はそれぞれ異なる顔立てをしている。"） */
- /* 「左方向に歩み出している」という部分が不明瞭であり、動作の方向を正確に理解することができなかった。（原文： "人物Bは左手を先を募らせつつ、画面を右側へ向かって歩き続ける。"）
【PDF抽出】
3
 
破面ＳＥＭ像 
 
起点部拡大 
 
図１ Ｃｒ－１破面ＳＥＭ像 
起点部 
Ｃ部 
Ａ部

【OCR抽出】
M1 Cr一1破面SEM像
【PDF抽出】
4
 
Ａ部拡大 
 
 
Ｂ部拡大 
 
図２ Ｃｒ－１破面ＳＥＭ像 
 
Ｂ部 
Ｃｒメッキ層 
粒界割れ

【OCR抽出】
| Cェメッキ司 [Ss

図2 C

A部拡大

B部拡大

r— 1tki

SEM像
【PDF抽出】
5
 
Ｃ部拡大 
図３ Ｃｒ－１ＳＥＭ像

【OCR抽出】
C部拡大
図3 Crェー1SEM像
【PDF抽出】
6
 
破面ＳＥＭ像 
 
起点部拡大 
図４ Ｃｒ－２ＳＥＭ像 
起点部 
Ｄ 
Ｅ 
Ｆ

【OCR抽出】
P [xl
の)

HSる一+

BW

リロ

OTE

BINA S WIA
【PDF抽出】
7
 
Ｄ部拡大 
 
Ｅ部拡大 
図５ Ｃｒ－２ＳＥＭ像

【OCR抽出】
*拡大
Cr一2SEM像

EW

図 5
【PDF抽出】
8
 
 
Ｆ部拡大 
 
Ｇ部拡大 
図６ Ｃｒ－２ＳＥＭ像 
Ｇ

【OCR抽出】
F 部拡大
【OCR抽出】
F 部拡大

G部拡大
図6 Crェー2SEM像
【PDF抽出】
9
 
Ｆ部反対側破面 
 
同上拡大 
図７ Ｃｒ－２反対側破面ＳＥＭ像

【OCR抽出】
BINA S BMS -TO Lil

YET (el

et

2AM) F< 21 5
【PDF抽出】
10 
 
図８ Ｇ部マッピング結果

【OCR抽出】
JEOL JED-2140 V2.12 レイアウト

Level Area %

Level Area %

OL
【PDF抽出】
11
 
図９ Ｇ部反対側破面マッピング結果

【OCR抽出】
RO 61%

HIM) Bx X79

Pi

&j XE

AeA

ia

NE Hy

JEOL JED-2140 V2.12 レイアウト

Level Area %

Level Area %

TI
【PDF抽出】
12 
 
×５０ 
 
 
×２００ 
（上図起点部の拡大） 
 
図１０ Ｃｒ－２起点部断面組織 
起点部 
起点部

【OCR抽出】
x200
(上図起点部の拡大)

M10 Cr一2起点娠

Sr

組織

12
### 文書番号

1. このページの番号は "文書番号" ではなく、本文内の「文書番号」というキーワードが見つからないため、このセクションは省にせずに削除されます。

### 図表観察

- 図2 「この図の描画に関する情報」本文  
   図2 キャプション本文: (正確なテキストは本文内で提示されていないため、仮想的な例を用います)

「この図にはX, Y座標で示されたデータポイントがあり、これらが線形関係を示している。線は青色で表示され、データ点がこの視点から右に集中する。」

- 図3 「この写真の描画に関する情報」本文  
   図3 キャプション本文: (正確なテキストは本文内で提示されていないため、仮想的な例を用います)

「この写真には人物AとBが描かれており、それぞれが特徴的な衣装を身に纏っている。画像の中心部分で人物Aは右手方向へ向かって動き、人物Bは左方向に歩み出している。」
00:01:23 - 00:01:45  
00:02:10 - 000:02:35

### 本文（段落）
### 本文（段落）

「この図にはX, Y座標で示されたデータポイントがあり、これらが線形関係を示している。線は青色で表示され、データ点がこの視点から右に集中する。」
「この写真には人物AとBが描かれており、それぞれが特徴的な衣装を身に纏っている。画像の中心部分で人物Aは右手方向へ向かって動き、人物Bは左方向に歩み出している。」


### 不明瞭箇所一覧

- /* この図には線がなく見えませんでした。（原文： "図2に青い線を引いてデータが表示されると、左右に数百ポイントが集中する。"） */
- /* 画像の色情報が不明瞭であり、人物AとBが誰にも見当をつけられない。（原文： "この写真では、青と緑がほぼ均一で描かれており、二人の人物はそれぞれ異なる顔立てをしている。"） */
- /* 「左方向に歩み出している」という部分が不明瞭であり、動作の方向を正確に理解することができなかった。（原文： "人物Bは左手を先を募らせつつ、画面を右側へ向かって歩き続ける。"）