📝 整形後:

【OCR抽出】

1 目的：Cr めっきラプチャー試験刻で、高湿度の状態で試験した所規定時間より短い時間で破断した。湿度がラプチャー試験片の強度にどのような影について考える必要があるとすれば、今
後装置の置き場所や湿度条件についても検討する。

 

 

2 関連文書：材化-ロー0516


3 調査品：品名: Cr めっきラブプチャー試験片、使用 時間 1度試験合格後再試験開始約 1 0 分で破断

材質: 4340


4 調査項目：


 

① SEMによる破面観察


 
② EDSによるマッピング


5 調査結果：


 
①破面の全体像を図1で表現し、超点部の拡大を図2で示す。起点部周辺には塊状の領域が1 mm程度あり、その破面は粒界破面であった。

また、起点部周辺には腐食生成物が存在し、表面が酸化していたことから、腐食による遅れ破壊（水素誘発型応答衰盲）の可能性が高い。

③ 割れのメカニズムとして、最初のラプチャー試験で起こった水素化脃敗が仮定される。



2 結論：今回の割れは腐食による遅れ破壊の可能性が高いと考えられる。しかし、これを断定するために湿度の影響について評価試験を行う必要がある。もし今回の割れが湿度の影響であると判断された場合、装置の置き場所や湿度コントロール方法について再評価する必要がある。



# 指示（より難しいもの）：


=== ✂️ チャンク ===
【OCR抽出】

1 目的：Cr めっきラプチャー試験刻で、高湿度の状態で試験した所規定時間より短い時間で破断した。湿度がラプチャー試験片の強度にどのような影について考える必要があるとすれば、今
後装置の置き場所や湿度条件についても検討する。

 

 

2 関連文書：材化-ロー0516


3 調査品：品名: Cr めっきラブプチャー試験片、使用 時間 1度試験合格後再試験開始約 1 0 分で破断

材質: 4340


4 調査項目：


 

① SEMによる破面観察


 
② EDSによるマッピング


5 調査結果：


 
①破面の全体像を図1で表現し、超点部の拡大を図2で示す。起点部周辺には塊状の領域が1 mm程度あり、その破面は粒界破面であった。

また、起点部周辺には腐食生成物が存在し、表面が酸化していたことから、腐食による遅れ破壊（水素誘発型応答衰盲）の可能性が高い。

③ 割れのメカニズムとして、最初のラプチャー試験で起こった水素化脃敗が仮定される。
③ 割れのメカニズムとして、最初のラプチャー試験で起こった水素化脃敗が仮定される。



2 結論：今回の割れは腐食による遅れ破壊の可能性が高いと考えられる。しかし、これを断定するために湿度の影響について評価試験を行う必要がある。もし今回の割れが湿度の影響であると判断された場合、装置の置き場所や湿度コントロール方法について再評価する必要がある。



# 指示（より難しいもの）：
【OCR抽出】

1 目的：Cr めっきラプチャー試験刻で、高湿度の状態で試験した所規定時間より短い時間で破断した。湿度がラプチャー試験片の強度にどのような影について考える必要があるとすれば、今
後装置の置き場所や湿度条件についても検討する。

 

 

2 関連文書：材化-ロー0516


3 調査品：品名: Cr めっきラブプチャー試験片、使用 時間 1度試験合格後再試験開始約 1 0 分で破断

材質: 4340


4 調査項目：


 

① SEMによる破面観察


 
② EDSによるマッピング


5 調査結果：


 
①破面の全体像を図1で表現し、超点部の拡大を図2で示す。起点部周辺には塊状の領域が1 mm程度あり、その破面は粒界破面であった。

また、起点部周辺には腐食生成物が存在し、表面が酸化していたことから、腐食による遅れ破壊（水素誘発型応答衰盲）の可能性が高い。

③ 割れのメカニズムとして、最初のラプチャー試験で起こった水素化脃敗が仮定される。
③ 割れのメカニズムとして、最初のラプチャー試験で起こった水素化脃敗が仮定される。



2 結論：今回の割れは腐食による遅れ破壊の可能性が高いと考えられる。しかし、これを断定するために湿度の影響について評価試験を行う必要がある。もし今回の割れが湿度の影響であると判断された場合、装置の置き場所や湿度コントロール方法について再評価する必要がある。



# 指示（より難しいもの）：