📝 整形後:
## 888

**画像1：破面全体**

* 図1：破面全体

**画像2：起点部拡大**

* 図2：起点部拡大
* A：...
* B：...

**画像3：A部拡大**

* 図3：A部拡大

**画像4：B部拡大**

* 図4：B部拡大

**画像5：起点部SEM像（傾斜）**

* 図5：起点部SEM像（傾斜）

**画像6：起点部SEM像（傾斜・別角度）**

* 図6：起点部SEM像（傾斜・別角度）
* へこみ：...

**画像7：ＥDＳマッピング結果**

* 図7：図6のＥDＳマッピング結果


=== ✂️ チャンク ===
## 888

**画像1：破面全体**

* 図1：破面全体

**画像2：起点部拡大**

* 図2：起点部拡大
* A：...
* B：...

**画像3：A部拡大**

* 図3：A部拡大

**画像4：B部拡大**

* 図4：B部拡大

**画像5：起点部SEM像（傾斜）**

* 図5：起点部SEM像（傾斜）

**画像6：起点部SEM像（傾斜・別角度）**

* 図6：起点部SEM像（傾斜・別角度）
* へこみ：...

**画像7：ＥDＳマッピング結果**

* 図7：図6のＥDＳマッピング結果
## 888

**画像1：破面全体**

* 図1：破面全体

**画像2：起点部拡大**

* 図2：起点部拡大
* A：...
* B：...

**画像3：A部拡大**

* 図3：A部拡大

**画像4：B部拡大**

* 図4：B部拡大

**画像5：起点部SEM像（傾斜）**

* 図5：起点部SEM像（傾斜）

**画像6：起点部SEM像（傾斜・別角度）**

* 図6：起点部SEM像（傾斜・別角度）
* へこみ：...

**画像7：ＥDＳマッピング結果**

* 図7：図6のＥDＳマッピング結果