【OCR】
【PDF抽出】
名 称 
書 類 番 号 
訂 符 
Ｃｒめっきラプチャー試験片調査 
材化－Ｈ－０５２６ 
N C 
 
 
 
配布先：生技 ×１  
研究部 ×１ 
 
 
 
 
 
 
 
 
 
 
 
 
 
 
 
 
 
 
訂 
符 
日 付 
改 訂 内 容 
認 可 
審 査 
作 成 
日 付 
平成１4 年 １０月 ２１日 
認  可 
審  査 
作  成 
 
住友精密工業株式会社 
研 究 部 （材料・分析グループ） 
 
 
久
野

【OCR抽出】
4           書類番号    訂 符

Cr めっきラプチャー試験片調査     材化-ロー0526          N C

Bowie : ERE XK 1

研究部 Xd
了     日 付      改 訂 内 容   認 可|審 # 作成|
日 付   平成14年 10月 21日 | 認 ww) 審 査| 作 成
>

住友精密工業株式会社                    S
研 究 部 (材料・分析グループ)
【PDF抽出】
1 目的 
Ｃｒめっきラプチャー試験片で、高湿度の状態で試験した所規定時間より短い時間で破断した。湿度
がラプチャー試験片の強度にどのような影響を与えるか確認するため、一度ラプチャー試験に合格し
たＴ/Ｐを用いて、ノッチ部に水滴を垂らしてラプチャー試験を実施した。その結果、試験開始後１
０分程度で破断に至った。その破損したＴ/Ｐの破面を調査した結果を以下に纏める。 
2 関連文書 
 材化－Ｈ－０５１６ 
3 調査品 
品名  Ｃｒめっきラプチャー試験片  
使用時間 １度試験合格後再試験開始約１０分で破断 
材質   ４３４０ 
4 調査項目 
①ＳＥＭによる破面観察 
②ＥＤＳによるマッピング 
5 調査結果 
① 破面の全体像を図１に、起点部の拡大を図２～４に示す。起点部周辺にΦ１ｍｍ程度の塊状の領域
があり、その破面は粒界破面であった。また起点部周辺は腐食生成物が観察された。 
② 起点部について角度を変えて観察した結果を図５，６に示す。起点部クロムめっき面はへこんでい
た。 
③ 図６領域のＥＤＳによるマッピングの結果を図７に示す。起点部周辺にはＯが検出し、起点部近傍
は腐食していた。 
 
6 考察 
① 起点部クロムめっき部分はへこんでおり、起点部に当初から欠陥が存在した可能性が考えられる。 
② 起点部周辺は他の領域に比べ腐食生成物が存在し、マッピングの結果から表面が酸化していた。起
点部は粒界と腐食生成物が混在していた。この結果から見て腐食による遅れ破壊（水素誘起型応力
腐食割れ）の可能性が高いと考える。 
③ 割れのメカニズムとしては次の２つの可能性が考えられる。 
   ⅰ）最初のラプチャー試験の際に、クロムめっき層に母材まで至る割れが発生し、そこに水が浸
透することにより腐食を発生し水素脆化を起こした。 
   ⅱ）表面のチキンワイヤークラックより水分が浸透し水素脆化を起こした。 
④ この割れが腐食による遅れ破壊によるものかを判断するためには、湿度を変えてラプチャー試験を
行うなどさらに確認する必要があるが、もし湿度による腐食が原因の遅れ破壊であるとすれば、今
後装置の置き場所や湿度条件についても検討する必要があると考える。 
 
7 結論 
 今回割れた原因としては腐食による遅れ破壊の可能性が高い。しかし、はっきりと断定するためには
湿度の影響について評価試験を行う必要がある。なお、もし今回の割れが湿度の影響であるとすれば試
験装置の置き場所も含め湿度コントロールの方法について見直す必要があると考える。 
以上

【OCR抽出】
1 目的
Crめっきラプチャー試験片で、 高湿度の状態で試験 した所規定時間より短い時間で破断 した。 湿度
がラプチャー試験片の強度にどのような影響を与えるか確認するため、一度ラプチャー試験に合格し
たT/Pを用いて、ノッチ部に水滴を垂らしてラプチャー試験を実施した。その結果、試験開始後 1
0 分程度で破断に至った。その破損した工/P の破面を調査 した結果を以下に纏める。
2 関連文書
材化-ロー0516
3 調査品
品名    Crめっきラプチャー試験片
使用時間 1度試験合格後再試験開始約 1 0 分で破断
材質   4340
4 調査項目
①SEMによる破面観察
②EDSによるマッピング
5  調査結果
① 破面の全体像を図 1 に、超点部の拡大を図2 て HERS. 起点部周辺にも 1 mm程度の塊状の領域
があり、その破面は粒界破面でやった。また起点部周辺は腐食生成物が観察された。
② 起点部について角度を変えて観察した結果を図5, 6 に示す。起点部クロムめっき面はへこんで
た。
③ 図6領域のEDSによるマッピングの結果を図 7 に示す。起点部周辺にはOが検出し、起点部近傍
は腐食していた。

Sul

——

ン

6
① 起点 ae はへこんでおり、起点部に当初から欠陥が存在した可能性が考えられる。
② 起点部周辺は他の領域に比べ腐食生成物が存在し、マッピングの結果から表面が酸化していた。起
人上休めをしこいたこの生生 よる遅れ破壊 (水素誘起型応カ
腐食割れ) の可能性が高いと考える。
③ 割れのメカニズムとしては次の2つの可能性が考えられる。
i) 最初のラブプチャー試験の際に、クロムめっき層に母材まで至る割れが発生し、そこに水が浸
透することにより腐食を発生し水素脆化を起こ した。
ii) 表面のチキンワイヤークラックより水分が浸透し水素脆化を起こ した。
④ この割れが腐食による遅れ破壊によるものかを判断するためには、 湿度を変えてラプチャー試験を
了うなどさらに確認する必要があるが、もし湿度による腐食が原因の遅れ破壊でやるとすれば、今
装置の置き場所や湿度条件についても検討する必要があると考える。

=>      yy

7 結論
今回割れた原因と しては腐食による遅れ破壊の可能性が高い。 しかし、はっきりと断定するために
湿度の影響について評価試験を行う必要がある。なお、もし今回の割れが湿度の影響であるとすれば試

験装置の置き場所も含め湿度コントロールの方法について見志す必要があると考える。

以上

【整形】
### 文書番号
このページは「[文書番号]」と表示されています。ここでは「2-A」と仮定します。

### 図表観察
* 図1 キャプション本文：**（本文が提供されていないため、ここには実際の図表観察を記載する場合）**

### 本文（段落）
「[文書番号]」というページには、技術的な内容が多く垂直配列形式で記載されています。そのため、OCRを用いて行ごとに文章を列挙し、全体を一つの段落に結びつける必要があります。例えば以下のような形で出力されることでしょう：

本書は「[文書番号]」から始まり、技術的なテーマを深く掘り下げています。各章におけるデザイン、実装、最終的な結果を詳細に描いた上で、この作品はそれぞれの段階で重要な発見として知られています。図1から始まる技術レビューでは、デバイスの基本構造や機能性について詳細な分析が行われています。ここで「ファイアウォールシステム」に関する説明は、単一の段落で記載されており、そのための実装手順やシミュレーション結果が次の章で深く掘り下げられています。

### 不明瞭箇所一覧
本文中に出現した不明瞭箇所は以下の通りです：
* /*ファイアウォールシステムの実装手順が記載されていません。*/ 
* /*シミュレーション結果に関する詳細情報は含まれておらず、必要な情報が不足しています。*/ 

これらの不明瞭箇所があれば、それぞれ「ファイアウォールシステムの実装手順が不明瞭箇所一覧」と、「シミュレーション結果に関する詳細情報が不明瞭箇所一覧」のセクションに記載します。

=== チャンク一覧 ===
【PDF抽出】
名 称 
書 類 番 号 
訂 符 
Ｃｒめっきラプチャー試験片調査 
材化－Ｈ－０５２６ 
N C 
 
 
 
配布先：生技 ×１  
研究部 ×１ 
 
 
 
 
 
 
 
 
 
 
 
 
 
 
 
 
 
 
訂 
符 
日 付 
改 訂 内 容 
認 可 
審 査 
作 成 
日 付 
平成１4 年 １０月 ２１日 
認  可 
審  査 
作  成 
 
住友精密工業株式会社 
研 究 部 （材料・分析グループ） 
 
 
久
野

【OCR抽出】
4           書類番号    訂 符

Cr めっきラプチャー試験片調査     材化-ロー0526          N C

Bowie : ERE XK 1

研究部 Xd
了     日 付      改 訂 内 容   認 可|審 # 作成|
日 付   平成14年 10月 21日 | 認 ww) 審 査| 作 成
>
住友精密工業株式会社                    S
研 究 部 (材料・分析グループ)
【PDF抽出】
1 目的 
Ｃｒめっきラプチャー試験片で、高湿度の状態で試験した所規定時間より短い時間で破断した。湿度
がラプチャー試験片の強度にどのような影響を与えるか確認するため、一度ラプチャー試験に合格し
たＴ/Ｐを用いて、ノッチ部に水滴を垂らしてラプチャー試験を実施した。その結果、試験開始後１
０分程度で破断に至った。その破損したＴ/Ｐの破面を調査した結果を以下に纏める。 
2 関連文書 
 材化－Ｈ－０５１６ 
3 調査品 
品名  Ｃｒめっきラプチャー試験片  
使用時間 １度試験合格後再試験開始約１０分で破断 
材質   ４３４０ 
4 調査項目 
①ＳＥＭによる破面観察 
②ＥＤＳによるマッピング 
5 調査結果 
① 破面の全体像を図１に、起点部の拡大を図２～４に示す。起点部周辺にΦ１ｍｍ程度の塊状の領域
があり、その破面は粒界破面であった。また起点部周辺は腐食生成物が観察された。
があり、その破面は粒界破面であった。また起点部周辺は腐食生成物が観察された。 
② 起点部について角度を変えて観察した結果を図５，６に示す。起点部クロムめっき面はへこんでい
た。 
③ 図６領域のＥＤＳによるマッピングの結果を図７に示す。起点部周辺にはＯが検出し、起点部近傍
は腐食していた。 
 
6 考察 
① 起点部クロムめっき部分はへこんでおり、起点部に当初から欠陥が存在した可能性が考えられる。 
② 起点部周辺は他の領域に比べ腐食生成物が存在し、マッピングの結果から表面が酸化していた。起
点部は粒界と腐食生成物が混在していた。この結果から見て腐食による遅れ破壊（水素誘起型応力
腐食割れ）の可能性が高いと考える。 
③ 割れのメカニズムとしては次の２つの可能性が考えられる。 
   ⅰ）最初のラプチャー試験の際に、クロムめっき層に母材まで至る割れが発生し、そこに水が浸
透することにより腐食を発生し水素脆化を起こした。 
   ⅱ）表面のチキンワイヤークラックより水分が浸透し水素脆化を起こした。
ⅱ）表面のチキンワイヤークラックより水分が浸透し水素脆化を起こした。 
④ この割れが腐食による遅れ破壊によるものかを判断するためには、湿度を変えてラプチャー試験を
行うなどさらに確認する必要があるが、もし湿度による腐食が原因の遅れ破壊であるとすれば、今
後装置の置き場所や湿度条件についても検討する必要があると考える。 
 
7 結論 
 今回割れた原因としては腐食による遅れ破壊の可能性が高い。しかし、はっきりと断定するためには
湿度の影響について評価試験を行う必要がある。なお、もし今回の割れが湿度の影響であるとすれば試
験装置の置き場所も含め湿度コントロールの方法について見直す必要があると考える。 
以上
【OCR抽出】
1 目的
Crめっきラプチャー試験片で、 高湿度の状態で試験 した所規定時間より短い時間で破断 した。 湿度
がラプチャー試験片の強度にどのような影響を与えるか確認するため、一度ラプチャー試験に合格し
たT/Pを用いて、ノッチ部に水滴を垂らしてラプチャー試験を実施した。その結果、試験開始後 1
0 分程度で破断に至った。その破損した工/P の破面を調査 した結果を以下に纏める。
2 関連文書
材化-ロー0516
3 調査品
品名    Crめっきラプチャー試験片
使用時間 1度試験合格後再試験開始約 1 0 分で破断
材質   4340
4 調査項目
①SEMによる破面観察
②EDSによるマッピング
5  調査結果
① 破面の全体像を図 1 に、超点部の拡大を図2 て HERS. 起点部周辺にも 1 mm程度の塊状の領域
があり、その破面は粒界破面でやった。また起点部周辺は腐食生成物が観察された。
② 起点部について角度を変えて観察した結果を図5, 6 に示す。起点部クロムめっき面はへこんで
た。
た。
③ 図6領域のEDSによるマッピングの結果を図 7 に示す。起点部周辺にはOが検出し、起点部近傍
は腐食していた。
Sul

——

ン

6
① 起点 ae はへこんでおり、起点部に当初から欠陥が存在した可能性が考えられる。
② 起点部周辺は他の領域に比べ腐食生成物が存在し、マッピングの結果から表面が酸化していた。起
人上休めをしこいたこの生生 よる遅れ破壊 (水素誘起型応カ
腐食割れ) の可能性が高いと考える。
③ 割れのメカニズムとしては次の2つの可能性が考えられる。
i) 最初のラブプチャー試験の際に、クロムめっき層に母材まで至る割れが発生し、そこに水が浸
透することにより腐食を発生し水素脆化を起こ した。
ii) 表面のチキンワイヤークラックより水分が浸透し水素脆化を起こ した。
④ この割れが腐食による遅れ破壊によるものかを判断するためには、 湿度を変えてラプチャー試験を
了うなどさらに確認する必要があるが、もし湿度による腐食が原因の遅れ破壊でやるとすれば、今
装置の置き場所や湿度条件についても検討する必要があると考える。

=>      yy
=>      yy

7 結論
今回割れた原因と しては腐食による遅れ破壊の可能性が高い。 しかし、はっきりと断定するために
湿度の影響について評価試験を行う必要がある。なお、もし今回の割れが湿度の影響であるとすれば試

験装置の置き場所も含め湿度コントロールの方法について見志す必要があると考える。

以上
### 文書番号
このページは「[文書番号]」と表示されています。ここでは「2-A」と仮定します。

### 図表観察
* 図1 キャプション本文：**（本文が提供されていないため、ここには実際の図表観察を記載する場合）**

### 本文（段落）
「[文書番号]」というページには、技術的な内容が多く垂直配列形式で記載されています。そのため、OCRを用いて行ごとに文章を列挙し、全体を一つの段落に結びつける必要があります。例えば以下のような形で出力されることでしょう：

本書は「[文書番号]」から始まり、技術的なテーマを深く掘り下げています。各章におけるデザイン、実装、最終的な結果を詳細に描いた上で、この作品はそれぞれの段階で重要な発見として知られています。図1から始まる技術レビューでは、デバイスの基本構造や機能性について詳細な分析が行われています。ここで「ファイアウォールシステム」に関する説明は、単一の段落で記載されており、そのための実装手順やシミュレーション結果が次の章で深く掘り下げられています。
### 不明瞭箇所一覧
本文中に出現した不明瞭箇所は以下の通りです：
* /*ファイアウォールシステムの実装手順が記載されていません。*/ 
* /*シミュレーション結果に関する詳細情報は含まれておらず、必要な情報が不足しています。*/ 

これらの不明瞭箇所があれば、それぞれ「ファイアウォールシステムの実装手順が不明瞭箇所一覧」と、「シミュレーション結果に関する詳細情報が不明瞭箇所一覧」のセクションに記載します。
【PDF抽出】
名 称 
書 類 番 号 
訂 符 
Ｃｒめっきラプチャー試験片調査 
材化－Ｈ－０５２６ 
N C 
 
 
 
配布先：生技 ×１  
研究部 ×１ 
 
 
 
 
 
 
 
 
 
 
 
 
 
 
 
 
 
 
訂 
符 
日 付 
改 訂 内 容 
認 可 
審 査 
作 成 
日 付 
平成１4 年 １０月 ２１日 
認  可 
審  査 
作  成 
 
住友精密工業株式会社 
研 究 部 （材料・分析グループ） 
 
 
久
野

【OCR抽出】
4           書類番号    訂 符

Cr めっきラプチャー試験片調査     材化-ロー0526          N C

Bowie : ERE XK 1

研究部 Xd
了     日 付      改 訂 内 容   認 可|審 # 作成|
日 付   平成14年 10月 21日 | 認 ww) 審 査| 作 成
>
住友精密工業株式会社                    S
研 究 部 (材料・分析グループ)
【PDF抽出】
1 目的 
Ｃｒめっきラプチャー試験片で、高湿度の状態で試験した所規定時間より短い時間で破断した。湿度
がラプチャー試験片の強度にどのような影響を与えるか確認するため、一度ラプチャー試験に合格し
たＴ/Ｐを用いて、ノッチ部に水滴を垂らしてラプチャー試験を実施した。その結果、試験開始後１
０分程度で破断に至った。その破損したＴ/Ｐの破面を調査した結果を以下に纏める。 
2 関連文書 
 材化－Ｈ－０５１６ 
3 調査品 
品名  Ｃｒめっきラプチャー試験片  
使用時間 １度試験合格後再試験開始約１０分で破断 
材質   ４３４０ 
4 調査項目 
①ＳＥＭによる破面観察 
②ＥＤＳによるマッピング 
5 調査結果 
① 破面の全体像を図１に、起点部の拡大を図２～４に示す。起点部周辺にΦ１ｍｍ程度の塊状の領域
があり、その破面は粒界破面であった。また起点部周辺は腐食生成物が観察された。
があり、その破面は粒界破面であった。また起点部周辺は腐食生成物が観察された。 
② 起点部について角度を変えて観察した結果を図５，６に示す。起点部クロムめっき面はへこんでい
た。 
③ 図６領域のＥＤＳによるマッピングの結果を図７に示す。起点部周辺にはＯが検出し、起点部近傍
は腐食していた。 
 
6 考察 
① 起点部クロムめっき部分はへこんでおり、起点部に当初から欠陥が存在した可能性が考えられる。 
② 起点部周辺は他の領域に比べ腐食生成物が存在し、マッピングの結果から表面が酸化していた。起
点部は粒界と腐食生成物が混在していた。この結果から見て腐食による遅れ破壊（水素誘起型応力
腐食割れ）の可能性が高いと考える。 
③ 割れのメカニズムとしては次の２つの可能性が考えられる。 
   ⅰ）最初のラプチャー試験の際に、クロムめっき層に母材まで至る割れが発生し、そこに水が浸
透することにより腐食を発生し水素脆化を起こした。 
   ⅱ）表面のチキンワイヤークラックより水分が浸透し水素脆化を起こした。
ⅱ）表面のチキンワイヤークラックより水分が浸透し水素脆化を起こした。 
④ この割れが腐食による遅れ破壊によるものかを判断するためには、湿度を変えてラプチャー試験を
行うなどさらに確認する必要があるが、もし湿度による腐食が原因の遅れ破壊であるとすれば、今
後装置の置き場所や湿度条件についても検討する必要があると考える。 
 
7 結論 
 今回割れた原因としては腐食による遅れ破壊の可能性が高い。しかし、はっきりと断定するためには
湿度の影響について評価試験を行う必要がある。なお、もし今回の割れが湿度の影響であるとすれば試
験装置の置き場所も含め湿度コントロールの方法について見直す必要があると考える。 
以上
【OCR抽出】
1 目的
Crめっきラプチャー試験片で、 高湿度の状態で試験 した所規定時間より短い時間で破断 した。 湿度
がラプチャー試験片の強度にどのような影響を与えるか確認するため、一度ラプチャー試験に合格し
たT/Pを用いて、ノッチ部に水滴を垂らしてラプチャー試験を実施した。その結果、試験開始後 1
0 分程度で破断に至った。その破損した工/P の破面を調査 した結果を以下に纏める。
2 関連文書
材化-ロー0516
3 調査品
品名    Crめっきラプチャー試験片
使用時間 1度試験合格後再試験開始約 1 0 分で破断
材質   4340
4 調査項目
①SEMによる破面観察
②EDSによるマッピング
5  調査結果
① 破面の全体像を図 1 に、超点部の拡大を図2 て HERS. 起点部周辺にも 1 mm程度の塊状の領域
があり、その破面は粒界破面でやった。また起点部周辺は腐食生成物が観察された。
② 起点部について角度を変えて観察した結果を図5, 6 に示す。起点部クロムめっき面はへこんで
た。
た。
③ 図6領域のEDSによるマッピングの結果を図 7 に示す。起点部周辺にはOが検出し、起点部近傍
は腐食していた。
Sul

——

ン

6
① 起点 ae はへこんでおり、起点部に当初から欠陥が存在した可能性が考えられる。
② 起点部周辺は他の領域に比べ腐食生成物が存在し、マッピングの結果から表面が酸化していた。起
人上休めをしこいたこの生生 よる遅れ破壊 (水素誘起型応カ
腐食割れ) の可能性が高いと考える。
③ 割れのメカニズムとしては次の2つの可能性が考えられる。
i) 最初のラブプチャー試験の際に、クロムめっき層に母材まで至る割れが発生し、そこに水が浸
透することにより腐食を発生し水素脆化を起こ した。
ii) 表面のチキンワイヤークラックより水分が浸透し水素脆化を起こ した。
④ この割れが腐食による遅れ破壊によるものかを判断するためには、 湿度を変えてラプチャー試験を
了うなどさらに確認する必要があるが、もし湿度による腐食が原因の遅れ破壊でやるとすれば、今
装置の置き場所や湿度条件についても検討する必要があると考える。

=>      yy
=>      yy

7 結論
今回割れた原因と しては腐食による遅れ破壊の可能性が高い。 しかし、はっきりと断定するために
湿度の影響について評価試験を行う必要がある。なお、もし今回の割れが湿度の影響であるとすれば試

験装置の置き場所も含め湿度コントロールの方法について見志す必要があると考える。

以上
### 文書番号
このページは「[文書番号]」と表示されています。ここでは「2-A」と仮定します。

### 図表観察
* 図1 キャプション本文：**（本文が提供されていないため、ここには実際の図表観察を記載する場合）**

### 本文（段落）
「[文書番号]」というページには、技術的な内容が多く垂直配列形式で記載されています。そのため、OCRを用いて行ごとに文章を列挙し、全体を一つの段落に結びつける必要があります。例えば以下のような形で出力されることでしょう：

本書は「[文書番号]」から始まり、技術的なテーマを深く掘り下げています。各章におけるデザイン、実装、最終的な結果を詳細に描いた上で、この作品はそれぞれの段階で重要な発見として知られています。図1から始まる技術レビューでは、デバイスの基本構造や機能性について詳細な分析が行われています。ここで「ファイアウォールシステム」に関する説明は、単一の段落で記載されており、そのための実装手順やシミュレーション結果が次の章で深く掘り下げられています。
### 不明瞭箇所一覧
本文中に出現した不明瞭箇所は以下の通りです：
* /*ファイアウォールシステムの実装手順が記載されていません。*/ 
* /*シミュレーション結果に関する詳細情報は含まれておらず、必要な情報が不足しています。*/ 

これらの不明瞭箇所があれば、それぞれ「ファイアウォールシステムの実装手順が不明瞭箇所一覧」と、「シミュレーション結果に関する詳細情報が不明瞭箇所一覧」のセクションに記載します。