【OCR】
【PDF抽出】
図１ 破面全体 
 
 
図２ 起点部拡大 
起点部 
Ａ 
Ｂ

【OCR抽出】
居1 人破面全体

図2 超点部拡大
【PDF抽出】
図３ Ａ部拡大 
 
 
図４ Ｂ部拡大

【OCR抽出】
DK
CO
>
Bi
=
St

My

4 B部拡大
【PDF抽出】
図５ 起点部ＳＥＭ像（傾斜） 
 
 
図６ 起点部ＳＥＭ像（傾斜・別角度）
起点部 
へこみ

【OCR抽出】
M5 起点部SEM像 (傾斜)

AAA?

M6 起点部SEM像 (傾斜・別角度)
【PDF抽出】
図７ 図６のＥＤＳマッピング結果

【OCR抽出】
/ 区

LAACASACAGOIM

日M/
ip

wt

JEOL JED-2140 V2. 12

レイアウト

Level Area %

Level Area %

0 96.09

Level Area %

【整形】
### 文書番号: [ページ番号]

本文（段落）  
[日本語段落]

### 不明瞭箇所一覧  
[・・・・・・・・・・・・・・・・・・・・・・・・・・・・・・・

=== チャンク一覧 ===
【PDF抽出】
図１ 破面全体 
 
 
図２ 起点部拡大 
起点部 
Ａ 
Ｂ

【OCR抽出】
居1 人破面全体

図2 超点部拡大
【PDF抽出】
図３ Ａ部拡大 
 
 
図４ Ｂ部拡大

【OCR抽出】
DK
CO
>
Bi
=
St

My

4 B部拡大
【PDF抽出】
図５ 起点部ＳＥＭ像（傾斜） 
 
 
図６ 起点部ＳＥＭ像（傾斜・別角度）
起点部 
へこみ

【OCR抽出】
M5 起点部SEM像 (傾斜)

AAA?

M6 起点部SEM像 (傾斜・別角度)
【PDF抽出】
図７ 図６のＥＤＳマッピング結果

【OCR抽出】
/ 区

LAACASACAGOIM

日M/
ip

wt

JEOL JED-2140 V2. 12

レイアウト

Level Area %

Level Area %

0 96.09

Level Area %
### 文書番号: [ページ番号]

本文（段落）  
[日本語段落]

### 不明瞭箇所一覧  
[・・・・・・・・・・・・・・・・・・・・・・・・・・・・・・・
【PDF抽出】
図１ 破面全体 
 
 
図２ 起点部拡大 
起点部 
Ａ 
Ｂ

【OCR抽出】
居1 人破面全体

図2 超点部拡大
【PDF抽出】
図３ Ａ部拡大 
 
 
図４ Ｂ部拡大

【OCR抽出】
DK
CO
>
Bi
=
St

My

4 B部拡大
【PDF抽出】
図５ 起点部ＳＥＭ像（傾斜） 
 
 
図６ 起点部ＳＥＭ像（傾斜・別角度）
起点部 
へこみ

【OCR抽出】
M5 起点部SEM像 (傾斜)

AAA?

M6 起点部SEM像 (傾斜・別角度)
【PDF抽出】
図７ 図６のＥＤＳマッピング結果

【OCR抽出】
/ 区

LAACASACAGOIM

日M/
ip

wt

JEOL JED-2140 V2. 12

レイアウト

Level Area %

Level Area %

0 96.09

Level Area %
### 文書番号: [ページ番号]

本文（段落）  
[日本語段落]

### 不明瞭箇所一覧  
[・・・・・・・・・・・・・・・・・・・・・・・・・・・・・・・