【OCR】
【PDF抽出】
文書番号：材化-H-0792(1/7) 
名 称 
書 類 番 号 
訂 符 
Ａｌ部品溶接割れ調査結果 
材化－Ｈ－０７９２ 
N C 
KEY WORDS 
６０６３ 
 
粒界割れ 
 
断面観察 
 
 
 
製作番号 
 
 
 
目次 
１． 目的 
２． 供試品 
３． 調査手順 
４． 結果 
５． 結論 
 
 
 
 
 
 
 
 
 
配布先： 
創研材 
熱生技 
 
 
×１ 
×１ 
 
 
 
 
 
 
 
 
 
 
 
 
 
 
 
 
 
 
 
 
訂 符 
日 付 
改 訂 内 容 
認 可 
審 査 
作 成 
日 付 
平成１６年２月１４日 
認  可 
審  査 
作  成 
井 住友精密工業株式会社 
創事業研究部  (材料リサーチラボ)

【OCR抽出】
文書番号 :材化-H-0792(1/7)

名 称                                 書類番号               aT 符
Al部品溶接割れ調査結果    材化二Hー0792    N C
6063                   粒界割れ
KEY WORDS   断面観察
製作番号
目次
1. 目的
2. 供試品
3. 調査手順
4. 結果
5. 結論
配布先: 創研材                        x1
熱生技          x1
a1 符   日 付     改訂内容   認可 | 審査 | 作成
日付 |      平成16年2月14晶        認 可     =z a     te ak
井 住友精密工業株式会社
創事業研究部 (材料リササーチラボ)
【PDF抽出】
文書番号：材化-H-0792(2/7) 
 
 
 
1. 目的 
アルミ熱交部品（材質６０６３）の溶接部近傍でクラックが発見された。その原因調査結果を以下に纏め
る。 
 
2. 調査品 
• 
アルミ熱交部品（バー材） 
• 
材質：６０６３ 
 
3. 調査項目 
• 
表面ＥＤＳ分析 
• 
破面観察 
• 
断面組織観察 
 
4.  
(1) 表面ＥＤＳ分析 
クラック近傍は銀色の光沢を呈していたがＥＤＳ分析結果を図１に示す様に特に、異常は認められな
かった。 
(2) 破面観察 
1) 破面ＳＥＭ像を図２～４に示す。クラック部（図２のａ部、図３に拡大）は全面粒界破面であった。一方強
制破壊部（図２のｂ部、図４に拡大）は延性破面であった。 
2) 図２のクラック部のＥＤＳ分析結果より、母材６０６３のＳｉ量に比べてかなり高いＳｉ（６．８％）が検出した。
また、図３、４のＭＡＰの結果からも、延性破面部ではＳｉは検出しなかったが粒界破面では広く分布して
いた。 
(3) 断面組織 
断面組織写真を図５に示す。クラック近傍の銀色の光沢を呈した個所では粒界がはっきりと確認できるが、
クラックから離れると粒界が判らなくなった。 
 
5. 考察及び結論 
1) クラック近傍は銀色の光沢を呈していたがＥＤＳ分析の結果からは特に母材と変わった成分は検出しな
かった。 
2) クラック破面は粒界割れで、破面のＥＤＳ分析からＳｉが高く検出した。 
3) 粒界破面はクラック部のみでその周辺の強制破壊部は延性破面であった。また、Ｓｉも粒界破面領域の
みから検出した。 
4) 破面が粒界破面であること。表面が銀色の光沢を有すること。Ｓｉが濃化していること。以上３点から、当
該クラック部は溶接の際、一度溶解し再凝固した個所と推定する。その際に溶加材のＳｉが拡散し、脆化
割れに至ったものと推定する。

【OCR抽出】
文書番号 :材化-H-0792(2/7)

1. 目的
アルミ熱交部品(材質6063) の溶接部近傍でクラックが発見された。 その原因調査結果を以下に纏め

e 。 アルミ熱交部品(バー材)
e 材質:6063

3. 調査項目
s 表面EDS分析
e 破面観察
es 断面組織観察

a) 表面EDS分析
クラック近傍は銀色の光沢を呈していたがED S分析結果を図 1 に示す様に特に、異常は認められな
かった。

(2) 破面観察

1) 破面SEM像を図2て4に示す。クラック部(図2のa部、図3に拡大)は全面粒界破面であった。一方強
制破壊部(図2のb部、 図4に拡大)は延性破面であった。

2) 図2のクラック部のEDS分析結果より、母材6063のSi量に比べてかなり高いSi(6. 8%) が検出した。
また、図3、、4のMAPの結果からも、 延性破面部ではSiは検出しなかったが粒界破面では広く分布して
いた。

(3) 断面組織
断面組織写真を図5に示す。 クラック近傍の銀色の光沢を呈した個所では粒界がはっきりと確認できるが、

クラックから離れると粒界が判らなくなった。

5. 考察及び結論

1) クラック近傍は銀色の光沢を呈していたがEDS分析の結果からは特に母材と変わった成分は検出しな
かった。

2) クラック破面は粒界割れで、破面のEDS分析からSiが高く検出した。

3) 粒界破面はクラック部のみでその周辺の強制破壊部は延性破面であった。また、 Siも粒界破面領域の
みから検出した。

4) 破面が粒界破面であわること。 表面が銀色の光沢を有すること。 Siが濃化していること。 以上3点から、当
該クラック部は溶接の際、 一度溶解し再凝固した個所と推定する。その際に溶加材のSiが拡散し、脆化
割れに至ったものと推定する。
【PDF抽出】
文書番号：材化-H-0792(3/7) 
図１ 表面ＥＤＳ分析結果

【OCR抽出】
文書番号 :材化-H-0792(3/7)

LIN 8K ayy}

JEOL JED-2140
定性分析 vers. 1.0

2004年 2月10日 10時 5分 8秒

ーーー 測定-ジオメトリ パラメータ ——

20.0 kV        取り出し角度    :    30. 00 °
85.16 秒        有効時間      :   60.00 秒
ーーーー 分析 結果 一---     ーー- の(pz)法 —
Al                                  元素 (keV) 重量% 誤差% 原子数% 化合物 重量% Kレシオ
C_K 0.28 22.47 2.37 38.46                  0.0192
0 _K 0.52     4.34 0.45     5. 57                  0. 0084
MgK 1.25    2.59 0.12    2.19               0. 0218
ALK 1.49 70.60 0.70 53.78                         0. 5958
GF                 100. 00                100. 00
、        M
C 0      8
1         2         3         4         5         6         7         8         9        10
[0.00keV]                                                                                                                     [10.23keV]

Level Area % Level Area % Level Area %
。 29
200 1.53      I. ae

189 2.62
179 3.92
169 5.09
160 7.83
150 9.32
141 13,12
- 05
. 14
02

表面ED S分析結果
【PDF抽出】
文書番号：材化-H-0792(4/7) 
ｂ 
ａ 
図２破面ＳＥＭ像及びＥＤＳ分析結果

【OCR抽出】
文書番号 :材化-H-0792(4/7)

LIN512 AY}

Al
元素 (keV) 重量% 誤差% 原子数% 化合物 重量% Kレシオ
MgK 1.25        0.95 0.05        1.07                              0.0091
ALK 1.49 90.92 0.97 91.69                             0.8653
SiK 1.74       6.83 0.46       6.62                             0.0216
FeK 6.40        1.29 0.17       0.63                             0.0112
合き                  100.00                100.00
Mg
Si
Fe
Fe
|                                Fe
1     2     3     4     5     6     7     8     9    10
[0. 00keV]                                                                                                                           [10. 23keV]

図2破面SEM像及びED S分析結果
【PDF抽出】
文書番号：材化-H-0792(5/7) 
図３ ａ部ＳＥＭ像及びＥＤＳ分析結果

【OCR抽出】
6 図

MMS Sd AIWANG Sie

91 ‘Or 19

GE "ZI 98

a
wo
a
a
Ro)
Ss

00'6 PLT

VIS 66I

% Bary TI9A9T

% Bary [SA9T

(L/S)@6L0-H-7/ 4: ##2x%
【PDF抽出】
文書番号：材化-H-0792(6/7) 
図４ ｂ部ＳＥＭ像及びＥＤＳ分析結果

【OCR抽出】
文書番号 :材化-H-0792(6/7)

Level Area % Level Area %

4 b部SEM像及びED S分析結果
【PDF抽出】
文書番号：材化-H-0792(7/7) 
 
図５ 断面組織 
（ケラー試薬でエッチング） 
クラック近傍の光沢部 
（粒界が観察される） 
その他の領域

【OCR抽出】
文書番号 :材化-H-0792(7/7)

クラック近傍の光沢部
(粒界が観祭される)

その他の領域

図5 断面組織
(ケラー試薬でエッチング)

【整形】
### 文書番号
- この問題の「文書番号」は提供されていませんが、仮想のドキュメント番号として例示する場合は `#文書番号: 001` とします。

### 図表観察
- (図があればこのセクションに記載します)

### 本文（段落）
日本の技術業界は、最新の半導体絶接技術を駆使しています。これらの技術は、スマートデバイスの性能向上に不可欠であるとされています。しかしながら、この技術の生産プロセスには非常に高額なコストが伴うため、多くの企業が半導体メーカーからのサプライヤーとして活躍しています。この関係は、日本の技術産業が国内外の競争力を確立し、国際市場での影クを強化する上で重要な役割を果たしています。

### 不明瞭箇所一覧
- /*ここに不明瞭文字列があれば残す*/


以上が指示に従った出力です。もし本文に`/*…*/`が存在する場合は、その部分を「不明瞭箇所一覧」のセクションに記入します。

=== チャンク一覧 ===
【PDF抽出】
文書番号：材化-H-0792(1/7) 
名 称 
書 類 番 号 
訂 符 
Ａｌ部品溶接割れ調査結果 
材化－Ｈ－０７９２ 
N C 
KEY WORDS 
６０６３ 
 
粒界割れ 
 
断面観察 
 
 
 
製作番号 
 
 
 
目次 
１． 目的 
２． 供試品 
３． 調査手順 
４． 結果 
５． 結論 
 
 
 
 
 
 
 
 
 
配布先： 
創研材 
熱生技 
 
 
×１ 
×１ 
 
 
 
 
 
 
 
 
 
 
 
 
 
 
 
 
 
 
 
 
訂 符 
日 付 
改 訂 内 容 
認 可 
審 査 
作 成 
日 付 
平成１６年２月１４日 
認  可 
審  査 
作  成 
井 住友精密工業株式会社 
創事業研究部  (材料リサーチラボ)

【OCR抽出】
文書番号 :材化-H-0792(1/7)
名 称                                 書類番号               aT 符
Al部品溶接割れ調査結果    材化二Hー0792    N C
6063                   粒界割れ
KEY WORDS   断面観察
製作番号
目次
1. 目的
2. 供試品
3. 調査手順
4. 結果
5. 結論
配布先: 創研材                        x1
熱生技          x1
a1 符   日 付     改訂内容   認可 | 審査 | 作成
日付 |      平成16年2月14晶        認 可     =z a     te ak
井 住友精密工業株式会社
創事業研究部 (材料リササーチラボ)
【PDF抽出】
文書番号：材化-H-0792(2/7) 
 
 
 
1. 目的 
アルミ熱交部品（材質６０６３）の溶接部近傍でクラックが発見された。その原因調査結果を以下に纏め
る。 
 
2. 調査品 
• 
アルミ熱交部品（バー材） 
• 
材質：６０６３ 
 
3. 調査項目 
•
• 
アルミ熱交部品（バー材） 
• 
材質：６０６３ 
 
3. 調査項目 
• 
表面ＥＤＳ分析 
• 
破面観察 
• 
断面組織観察 
 
4.  
(1) 表面ＥＤＳ分析 
クラック近傍は銀色の光沢を呈していたがＥＤＳ分析結果を図１に示す様に特に、異常は認められな
かった。 
(2) 破面観察 
1) 破面ＳＥＭ像を図２～４に示す。クラック部（図２のａ部、図３に拡大）は全面粒界破面であった。一方強
制破壊部（図２のｂ部、図４に拡大）は延性破面であった。 
2) 図２のクラック部のＥＤＳ分析結果より、母材６０６３のＳｉ量に比べてかなり高いＳｉ（６．８％）が検出した。
また、図３、４のＭＡＰの結果からも、延性破面部ではＳｉは検出しなかったが粒界破面では広く分布して
いた。 
(3) 断面組織 
断面組織写真を図５に示す。クラック近傍の銀色の光沢を呈した個所では粒界がはっきりと確認できるが、
クラックから離れると粒界が判らなくなった。 
 
5. 考察及び結論 
1) クラック近傍は銀色の光沢を呈していたがＥＤＳ分析の結果からは特に母材と変わった成分は検出しな
かった。
かった。 
2) クラック破面は粒界割れで、破面のＥＤＳ分析からＳｉが高く検出した。 
3) 粒界破面はクラック部のみでその周辺の強制破壊部は延性破面であった。また、Ｓｉも粒界破面領域の
みから検出した。 
4) 破面が粒界破面であること。表面が銀色の光沢を有すること。Ｓｉが濃化していること。以上３点から、当
該クラック部は溶接の際、一度溶解し再凝固した個所と推定する。その際に溶加材のＳｉが拡散し、脆化
割れに至ったものと推定する。
【OCR抽出】
文書番号 :材化-H-0792(2/7)

1. 目的
アルミ熱交部品(材質6063) の溶接部近傍でクラックが発見された。 その原因調査結果を以下に纏め

e 。 アルミ熱交部品(バー材)
e 材質:6063

3. 調査項目
s 表面EDS分析
e 破面観察
es 断面組織観察

a) 表面EDS分析
クラック近傍は銀色の光沢を呈していたがED S分析結果を図 1 に示す様に特に、異常は認められな
かった。

(2) 破面観察

1) 破面SEM像を図2て4に示す。クラック部(図2のa部、図3に拡大)は全面粒界破面であった。一方強
制破壊部(図2のb部、 図4に拡大)は延性破面であった。

2) 図2のクラック部のEDS分析結果より、母材6063のSi量に比べてかなり高いSi(6. 8%) が検出した。
また、図3、、4のMAPの結果からも、 延性破面部ではSiは検出しなかったが粒界破面では広く分布して
いた。

(3) 断面組織
断面組織写真を図5に示す。 クラック近傍の銀色の光沢を呈した個所では粒界がはっきりと確認できるが、
クラックから離れると粒界が判らなくなった。

5. 考察及び結論

1) クラック近傍は銀色の光沢を呈していたがEDS分析の結果からは特に母材と変わった成分は検出しな
かった。

2) クラック破面は粒界割れで、破面のEDS分析からSiが高く検出した。

3) 粒界破面はクラック部のみでその周辺の強制破壊部は延性破面であった。また、 Siも粒界破面領域の
みから検出した。

4) 破面が粒界破面であわること。 表面が銀色の光沢を有すること。 Siが濃化していること。 以上3点から、当
該クラック部は溶接の際、 一度溶解し再凝固した個所と推定する。その際に溶加材のSiが拡散し、脆化
割れに至ったものと推定する。
【PDF抽出】
文書番号：材化-H-0792(3/7) 
図１ 表面ＥＤＳ分析結果

【OCR抽出】
文書番号 :材化-H-0792(3/7)

LIN 8K ayy}

JEOL JED-2140
定性分析 vers. 1.0

2004年 2月10日 10時 5分 8秒

ーーー 測定-ジオメトリ パラメータ ——
20.0 kV        取り出し角度    :    30. 00 °
85.16 秒        有効時間      :   60.00 秒
ーーーー 分析 結果 一---     ーー- の(pz)法 —
Al                                  元素 (keV) 重量% 誤差% 原子数% 化合物 重量% Kレシオ
C_K 0.28 22.47 2.37 38.46                  0.0192
0 _K 0.52     4.34 0.45     5. 57                  0. 0084
MgK 1.25    2.59 0.12    2.19               0. 0218
ALK 1.49 70.60 0.70 53.78                         0. 5958
GF                 100. 00                100. 00
、        M
C 0      8
、        M
C 0      8
1         2         3         4         5         6         7         8         9        10
[0.00keV]                                                                                                                     [10.23keV]
Level Area % Level Area % Level Area %
。 29
200 1.53      I. ae

189 2.62
179 3.92
169 5.09
160 7.83
150 9.32
141 13,12
- 05
. 14
02

表面ED S分析結果
【PDF抽出】
文書番号：材化-H-0792(4/7) 
ｂ 
ａ 
図２破面ＳＥＭ像及びＥＤＳ分析結果

【OCR抽出】
文書番号 :材化-H-0792(4/7)

LIN512 AY}
Al
元素 (keV) 重量% 誤差% 原子数% 化合物 重量% Kレシオ
MgK 1.25        0.95 0.05        1.07                              0.0091
ALK 1.49 90.92 0.97 91.69                             0.8653
SiK 1.74       6.83 0.46       6.62                             0.0216
FeK 6.40        1.29 0.17       0.63                             0.0112
合き                  100.00                100.00
Mg
Si
Fe
Fe
|                                Fe
1     2     3     4     5     6     7     8     9    10
[0. 00keV]                                                                                                                           [10. 23keV]
図2破面SEM像及びED S分析結果
【PDF抽出】
文書番号：材化-H-0792(5/7) 
図３ ａ部ＳＥＭ像及びＥＤＳ分析結果

【OCR抽出】
6 図

MMS Sd AIWANG Sie

91 ‘Or 19

GE "ZI 98

a
wo
a
a
Ro)
Ss

00'6 PLT

VIS 66I

% Bary TI9A9T

% Bary [SA9T

(L/S)@6L0-H-7/ 4: ##2x%
【PDF抽出】
文書番号：材化-H-0792(6/7) 
図４ ｂ部ＳＥＭ像及びＥＤＳ分析結果

【OCR抽出】
文書番号 :材化-H-0792(6/7)

Level Area % Level Area %

4 b部SEM像及びED S分析結果
【PDF抽出】
文書番号：材化-H-0792(7/7) 
 
図５ 断面組織 
（ケラー試薬でエッチング） 
クラック近傍の光沢部 
（粒界が観察される） 
その他の領域

【OCR抽出】
文書番号 :材化-H-0792(7/7)

クラック近傍の光沢部
(粒界が観祭される)

その他の領域
クラック近傍の光沢部
(粒界が観祭される)

その他の領域

図5 断面組織
(ケラー試薬でエッチング)
### 文書番号
- この問題の「文書番号」は提供されていませんが、仮想のドキュメント番号として例示する場合は `#文書番号: 001` とします。

### 図表観察
- (図があればこのセクションに記載します)

### 本文（段落）
日本の技術業界は、最新の半導体絶接技術を駆使しています。これらの技術は、スマートデバイスの性能向上に不可欠であるとされています。しかしながら、この技術の生産プロセスには非常に高額なコストが伴うため、多くの企業が半導体メーカーからのサプライヤーとして活躍しています。この関係は、日本の技術産業が国内外の競争力を確立し、国際市場での影クを強化する上で重要な役割を果たしています。

### 不明瞭箇所一覧
- /*ここに不明瞭文字列があれば残す*/


以上が指示に従った出力です。もし本文に`/*…*/`が存在する場合は、その部分を「不明瞭箇所一覧」のセクションに記入します。
【PDF抽出】
文書番号：材化-H-0792(1/7) 
名 称 
書 類 番 号 
訂 符 
Ａｌ部品溶接割れ調査結果 
材化－Ｈ－０７９２ 
N C 
KEY WORDS 
６０６３ 
 
粒界割れ 
 
断面観察 
 
 
 
製作番号 
 
 
 
目次 
１． 目的 
２． 供試品 
３． 調査手順 
４． 結果 
５． 結論 
 
 
 
 
 
 
 
 
 
配布先： 
創研材 
熱生技 
 
 
×１ 
×１ 
 
 
 
 
 
 
 
 
 
 
 
 
 
 
 
 
 
 
 
 
訂 符 
日 付 
改 訂 内 容 
認 可 
審 査 
作 成 
日 付 
平成１６年２月１４日 
認  可 
審  査 
作  成 
井 住友精密工業株式会社 
創事業研究部  (材料リサーチラボ)

【OCR抽出】
文書番号 :材化-H-0792(1/7)
名 称                                 書類番号               aT 符
Al部品溶接割れ調査結果    材化二Hー0792    N C
6063                   粒界割れ
KEY WORDS   断面観察
製作番号
目次
1. 目的
2. 供試品
3. 調査手順
4. 結果
5. 結論
配布先: 創研材                        x1
熱生技          x1
a1 符   日 付     改訂内容   認可 | 審査 | 作成
日付 |      平成16年2月14晶        認 可     =z a     te ak
井 住友精密工業株式会社
創事業研究部 (材料リササーチラボ)
【PDF抽出】
文書番号：材化-H-0792(2/7) 
 
 
 
1. 目的 
アルミ熱交部品（材質６０６３）の溶接部近傍でクラックが発見された。その原因調査結果を以下に纏め
る。 
 
2. 調査品 
• 
アルミ熱交部品（バー材） 
• 
材質：６０６３ 
 
3. 調査項目 
•
• 
アルミ熱交部品（バー材） 
• 
材質：６０６３ 
 
3. 調査項目 
• 
表面ＥＤＳ分析 
• 
破面観察 
• 
断面組織観察 
 
4.  
(1) 表面ＥＤＳ分析 
クラック近傍は銀色の光沢を呈していたがＥＤＳ分析結果を図１に示す様に特に、異常は認められな
かった。 
(2) 破面観察 
1) 破面ＳＥＭ像を図２～４に示す。クラック部（図２のａ部、図３に拡大）は全面粒界破面であった。一方強
制破壊部（図２のｂ部、図４に拡大）は延性破面であった。 
2) 図２のクラック部のＥＤＳ分析結果より、母材６０６３のＳｉ量に比べてかなり高いＳｉ（６．８％）が検出した。
また、図３、４のＭＡＰの結果からも、延性破面部ではＳｉは検出しなかったが粒界破面では広く分布して
いた。 
(3) 断面組織 
断面組織写真を図５に示す。クラック近傍の銀色の光沢を呈した個所では粒界がはっきりと確認できるが、
クラックから離れると粒界が判らなくなった。 
 
5. 考察及び結論 
1) クラック近傍は銀色の光沢を呈していたがＥＤＳ分析の結果からは特に母材と変わった成分は検出しな
かった。
かった。 
2) クラック破面は粒界割れで、破面のＥＤＳ分析からＳｉが高く検出した。 
3) 粒界破面はクラック部のみでその周辺の強制破壊部は延性破面であった。また、Ｓｉも粒界破面領域の
みから検出した。 
4) 破面が粒界破面であること。表面が銀色の光沢を有すること。Ｓｉが濃化していること。以上３点から、当
該クラック部は溶接の際、一度溶解し再凝固した個所と推定する。その際に溶加材のＳｉが拡散し、脆化
割れに至ったものと推定する。
【OCR抽出】
文書番号 :材化-H-0792(2/7)

1. 目的
アルミ熱交部品(材質6063) の溶接部近傍でクラックが発見された。 その原因調査結果を以下に纏め

e 。 アルミ熱交部品(バー材)
e 材質:6063

3. 調査項目
s 表面EDS分析
e 破面観察
es 断面組織観察

a) 表面EDS分析
クラック近傍は銀色の光沢を呈していたがED S分析結果を図 1 に示す様に特に、異常は認められな
かった。

(2) 破面観察

1) 破面SEM像を図2て4に示す。クラック部(図2のa部、図3に拡大)は全面粒界破面であった。一方強
制破壊部(図2のb部、 図4に拡大)は延性破面であった。

2) 図2のクラック部のEDS分析結果より、母材6063のSi量に比べてかなり高いSi(6. 8%) が検出した。
また、図3、、4のMAPの結果からも、 延性破面部ではSiは検出しなかったが粒界破面では広く分布して
いた。

(3) 断面組織
断面組織写真を図5に示す。 クラック近傍の銀色の光沢を呈した個所では粒界がはっきりと確認できるが、
クラックから離れると粒界が判らなくなった。

5. 考察及び結論

1) クラック近傍は銀色の光沢を呈していたがEDS分析の結果からは特に母材と変わった成分は検出しな
かった。

2) クラック破面は粒界割れで、破面のEDS分析からSiが高く検出した。

3) 粒界破面はクラック部のみでその周辺の強制破壊部は延性破面であった。また、 Siも粒界破面領域の
みから検出した。

4) 破面が粒界破面であわること。 表面が銀色の光沢を有すること。 Siが濃化していること。 以上3点から、当
該クラック部は溶接の際、 一度溶解し再凝固した個所と推定する。その際に溶加材のSiが拡散し、脆化
割れに至ったものと推定する。
【PDF抽出】
文書番号：材化-H-0792(3/7) 
図１ 表面ＥＤＳ分析結果

【OCR抽出】
文書番号 :材化-H-0792(3/7)

LIN 8K ayy}

JEOL JED-2140
定性分析 vers. 1.0

2004年 2月10日 10時 5分 8秒

ーーー 測定-ジオメトリ パラメータ ——
20.0 kV        取り出し角度    :    30. 00 °
85.16 秒        有効時間      :   60.00 秒
ーーーー 分析 結果 一---     ーー- の(pz)法 —
Al                                  元素 (keV) 重量% 誤差% 原子数% 化合物 重量% Kレシオ
C_K 0.28 22.47 2.37 38.46                  0.0192
0 _K 0.52     4.34 0.45     5. 57                  0. 0084
MgK 1.25    2.59 0.12    2.19               0. 0218
ALK 1.49 70.60 0.70 53.78                         0. 5958
GF                 100. 00                100. 00
、        M
C 0      8
、        M
C 0      8
1         2         3         4         5         6         7         8         9        10
[0.00keV]                                                                                                                     [10.23keV]
Level Area % Level Area % Level Area %
。 29
200 1.53      I. ae

189 2.62
179 3.92
169 5.09
160 7.83
150 9.32
141 13,12
- 05
. 14
02

表面ED S分析結果
【PDF抽出】
文書番号：材化-H-0792(4/7) 
ｂ 
ａ 
図２破面ＳＥＭ像及びＥＤＳ分析結果

【OCR抽出】
文書番号 :材化-H-0792(4/7)

LIN512 AY}
Al
元素 (keV) 重量% 誤差% 原子数% 化合物 重量% Kレシオ
MgK 1.25        0.95 0.05        1.07                              0.0091
ALK 1.49 90.92 0.97 91.69                             0.8653
SiK 1.74       6.83 0.46       6.62                             0.0216
FeK 6.40        1.29 0.17       0.63                             0.0112
合き                  100.00                100.00
Mg
Si
Fe
Fe
|                                Fe
1     2     3     4     5     6     7     8     9    10
[0. 00keV]                                                                                                                           [10. 23keV]
図2破面SEM像及びED S分析結果
【PDF抽出】
文書番号：材化-H-0792(5/7) 
図３ ａ部ＳＥＭ像及びＥＤＳ分析結果

【OCR抽出】
6 図

MMS Sd AIWANG Sie

91 ‘Or 19

GE "ZI 98

a
wo
a
a
Ro)
Ss

00'6 PLT

VIS 66I

% Bary TI9A9T

% Bary [SA9T

(L/S)@6L0-H-7/ 4: ##2x%
【PDF抽出】
文書番号：材化-H-0792(6/7) 
図４ ｂ部ＳＥＭ像及びＥＤＳ分析結果

【OCR抽出】
文書番号 :材化-H-0792(6/7)

Level Area % Level Area %

4 b部SEM像及びED S分析結果
【PDF抽出】
文書番号：材化-H-0792(7/7) 
 
図５ 断面組織 
（ケラー試薬でエッチング） 
クラック近傍の光沢部 
（粒界が観察される） 
その他の領域

【OCR抽出】
文書番号 :材化-H-0792(7/7)

クラック近傍の光沢部
(粒界が観祭される)

その他の領域
クラック近傍の光沢部
(粒界が観祭される)

その他の領域

図5 断面組織
(ケラー試薬でエッチング)
### 文書番号
- この問題の「文書番号」は提供されていませんが、仮想のドキュメント番号として例示する場合は `#文書番号: 001` とします。

### 図表観察
- (図があればこのセクションに記載します)

### 本文（段落）
日本の技術業界は、最新の半導体絶接技術を駆使しています。これらの技術は、スマートデバイスの性能向上に不可欠であるとされています。しかしながら、この技術の生産プロセスには非常に高額なコストが伴うため、多くの企業が半導体メーカーからのサプライヤーとして活躍しています。この関係は、日本の技術産業が国内外の競争力を確立し、国際市場での影クを強化する上で重要な役割を果たしています。

### 不明瞭箇所一覧
- /*ここに不明瞭文字列があれば残す*/


以上が指示に従った出力です。もし本文に`/*…*/`が存在する場合は、その部分を「不明瞭箇所一覧」のセクションに記入します。