📝 整形後:
## 原文とOCR抽出結果の比較

**原文:**

```pdf
...
図１ 表面ＥＤＳ分析結果
...
```

**OCR抽出結果:**

```txt
LIN 8K ayy}

JEOL JED-2140
定性分析 vers. 1.0

...
```

**問題点:**

* OCR抽出結果は、原文の図1の表を文字データに変換したものであり、その内容を理解することはできません。


**改善案:**

* OCR抽出結果に画像データの読み取り機能を追加する必要があります。
* 画像データの読み取り機能を使用して、図1の表の内容を文字データに変換する必要があります。


**推奨:**

* OCR技術をより向上させる必要があり、画像データの読み取り機能を追加する必要があります。
* 画像データの読み取り機能を使用して、図1の表の内容を文字データに変換する必要があります。


=== ✂️ チャンク ===
## 原文とOCR抽出結果の比較

**原文:**

```pdf
...
図１ 表面ＥＤＳ分析結果
...
```

**OCR抽出結果:**

```txt
LIN 8K ayy}

JEOL JED-2140
定性分析 vers. 1.0

...
```

**問題点:**

* OCR抽出結果は、原文の図1の表を文字データに変換したものであり、その内容を理解することはできません。


**改善案:**

* OCR抽出結果に画像データの読み取り機能を追加する必要があります。
* 画像データの読み取り機能を使用して、図1の表の内容を文字データに変換する必要があります。


**推奨:**

* OCR技術をより向上させる必要があり、画像データの読み取り機能を追加する必要があります。
* 画像データの読み取り機能を使用して、図1の表の内容を文字データに変換する必要があります。
## 原文とOCR抽出結果の比較

**原文:**

```pdf
...
図１ 表面ＥＤＳ分析結果
...
```

**OCR抽出結果:**

```txt
LIN 8K ayy}

JEOL JED-2140
定性分析 vers. 1.0

...
```

**問題点:**

* OCR抽出結果は、原文の図1の表を文字データに変換したものであり、その内容を理解することはできません。


**改善案:**

* OCR抽出結果に画像データの読み取り機能を追加する必要があります。
* 画像データの読み取り機能を使用して、図1の表の内容を文字データに変換する必要があります。


**推奨:**

* OCR技術をより向上させる必要があり、画像データの読み取り機能を追加する必要があります。
* 画像データの読み取り機能を使用して、図1の表の内容を文字データに変換する必要があります。