📝 整形後:
## 原文とOCR抽出の比較

**原文：**

```pdf
材化－Ｐ－００８５（1/9） 
名 称 
ＵＳ－２ボルト破損調査 
番号 
 
材化-Ｈ-1635 
改訂記号 
 
－ 
客先名称 
 
 
機器名称 
 
 
 
 
 
 
 
 
 
＜配布先＞ 
 
 
 
 
 
 
 
 
 
 
 
 
改符 
関 連 ペ ー ジ 
変更年月日 
検  印 
 
 
創事業研究部  
材料・プロセス リサーチラボ 
日  付 
認 
 
可 
 
審 
 
査 
― 
作 
 
成 
 
 
久野 
 
 
 
 
H23.4.18 
 
本資料の内容に係る全権利は、住友精密工業株式会社に
属するものであり、本資料の配布の目的以外の流用複製第
三者への提示は厳禁します。
```

**OCR抽出：**

```
材化二ーPー0085(1/9)

材化-H-1635

本資料の内容に係る全権利は、住友精密工業株式会社に
属するものであり、本資料の配布の目的以外の流用複製第
三者への提示は厳禁します。
```

**比較：**

- 原文とOCR抽出は、名前や番号、改訂記号などの部分で一部の文字の大きさが異なる。
- OCR抽出には、改符や検印などの情報が含まれていません。

**結論：**

OCR抽出は、原文を概ね正しくキャプチャしていますが、一部の文字の大きさが異なるように感じられます。改符や検印などの情報も含まれていません。


=== ✂️ チャンク ===
## 原文とOCR抽出の比較

**原文：**

```pdf
材化－Ｐ－００８５（1/9） 
名 称 
ＵＳ－２ボルト破損調査 
番号 
 
材化-Ｈ-1635 
改訂記号 
 
－ 
客先名称 
 
 
機器名称 
 
 
 
 
 
 
 
 
 
＜配布先＞ 
 
 
 
 
 
 
 
 
 
 
 
 
改符 
関 連 ペ ー ジ 
変更年月日 
検  印 
 
 
創事業研究部  
材料・プロセス リサーチラボ 
日  付 
認 
 
可 
 
審 
 
査 
― 
作 
 
成 
 
 
久野 
 
 
 
 
H23.4.18 
 
本資料の内容に係る全権利は、住友精密工業株式会社に
属するものであり、本資料の配布の目的以外の流用複製第
三者への提示は厳禁します。
```

**OCR抽出：**

```
材化二ーPー0085(1/9)

材化-H-1635

本資料の内容に係る全権利は、住友精密工業株式会社に
属するものであり、本資料の配布の目的以外の流用複製第
三者への提示は厳禁します。
```

**比較：**
**比較：**

- 原文とOCR抽出は、名前や番号、改訂記号などの部分で一部の文字の大きさが異なる。
- OCR抽出には、改符や検印などの情報が含まれていません。

**結論：**

OCR抽出は、原文を概ね正しくキャプチャしていますが、一部の文字の大きさが異なるように感じられます。改符や検印などの情報も含まれていません。
## 原文とOCR抽出の比較

**原文：**

```pdf
材化－Ｐ－００８５（1/9） 
名 称 
ＵＳ－２ボルト破損調査 
番号 
 
材化-Ｈ-1635 
改訂記号 
 
－ 
客先名称 
 
 
機器名称 
 
 
 
 
 
 
 
 
 
＜配布先＞ 
 
 
 
 
 
 
 
 
 
 
 
 
改符 
関 連 ペ ー ジ 
変更年月日 
検  印 
 
 
創事業研究部  
材料・プロセス リサーチラボ 
日  付 
認 
 
可 
 
審 
 
査 
― 
作 
 
成 
 
 
久野 
 
 
 
 
H23.4.18 
 
本資料の内容に係る全権利は、住友精密工業株式会社に
属するものであり、本資料の配布の目的以外の流用複製第
三者への提示は厳禁します。
```

**OCR抽出：**

```
材化二ーPー0085(1/9)

材化-H-1635

本資料の内容に係る全権利は、住友精密工業株式会社に
属するものであり、本資料の配布の目的以外の流用複製第
三者への提示は厳禁します。
```

**比較：**
**比較：**

- 原文とOCR抽出は、名前や番号、改訂記号などの部分で一部の文字の大きさが異なる。
- OCR抽出には、改符や検印などの情報が含まれていません。

**結論：**

OCR抽出は、原文を概ね正しくキャプチャしていますが、一部の文字の大きさが異なるように感じられます。改符や検印などの情報も含まれていません。