【OCR】
【PDF抽出】
材化－Ｐ－００８５（1/9） 
名 称 
ＵＳ－２ボルト破損調査 
番号 
 
材化-Ｈ-１６３５ 
改訂記号 
 
－ 
客先名称 
 
 
機器名称 
 
 
 
 
 
 
 
 
 
＜配布先＞ 
 
 
 
 
 
 
 
 
 
 
 
 
 
改符 
関 連 ペ ー ジ 
変更年月日 
検  印 
 
 
創事業研究部  
材料・プロセス リサーチラボ 
日  付 
認 
 
可 
 
審 
 
査 
― 
作 
 
成 
 
 
久野 
 
 
 
 
H23.4.18 
 
本資料の内容に係る全権利は、住友精密工業株式会社に
属するものであり、本資料の配布の目的以外の流用複製第
三者への提示は厳禁します。

【OCR抽出】
材化二Pー0085(1/9)

US一2ボルト破損調査
材化-H-1635

本資料の内容に係る全権利は、住友精密工業株式会社に
属するものであり、本資料の配布の目的以外の流用複製第
三者への提示は厳禁します。

> 住友精密工業株式社
創事業研究音
材料・プロセス リサーチラボ
【PDF抽出】
材化－Ｐ－００８５（2/9） 
１．目的 
部隊で破損したＵＳ－２トラニオンのボルトの調査結果を以下に纏める 
 
２．製作番号 
 
３．調査方法 
 ①外観観察 
 ②ＳＥＭ／ＥＤＳ分析観察 
 
４．結果 
 ①図１、２に外観を示す。ボルトは側面にも傷があり、カドミめっきが剥離していた。 
  また破面起点側は赤錆を生じていた 
 ②図３に破面起点部の拡大を示す。起点部近傍に欠けが見られ、起点部付近に白い付着物が観察され
た。 
 ③図４に付着物除去後の破面観察結果を示す。起点部から粒界破面を呈していた。 
 ④図５～７に破面起点部のＥＤＳマッピング分析結果を示す。破面にＣ、Ｃｄの付着が確認された。 
  Ｃｄと同じ位置にＯの分布が見られることから、Ｃｄの酸化物であることがわかる。 
 ⑤またＣｄが検出した領域は殆ど粒界破面であり、Ｃｄと一緒にＣｌも検出した。 
 
５．考察 
 ①破面起点部が粒界破面であること。腐食が激しいことから破断の原因は応力腐食割れと考える。 
 ②起点部に付着していたＣｄは白色であること。分析結果からＯを含むことから、Ｃｄの腐食生成物であり、
破断後に付着したものと推定する。 
 
６．結論 
 今回のボルトの破損は応力腐食割れによるものと推定される。破面の起点近傍は損傷しており、その損傷
により、カドミめっきの剥離から腐食が起こり、損傷を加えた応力と相乗して応力腐食割れに至ったものと
推定する。

【OCR抽出】
材化二Pー0085(2/9)

1. 目的
部隊で破損したUS一2クトラニオンのボルトの調査結果を以下に纏める

2. 製作番号

3. 調査方法
①外観観察
②SEMンEDS分析観察

4. 結果

①図1、2に外観を示す。ボルトは側面にも傷があり、カドミめっきが剥離していた。
また破面起点側は赤錆生じていた

②図3に破面起点部の拡大を示す。起点部近傍に欠けが見られ、起点部付近に白い付着物が観察され
た。

③図4に付着物除去後の破面観察結果を示す。起点部から粒界破面を呈していた。

④図5て7に破面起点部のEDSマッピング分析結果を示す。 破面にに、Cdの付着が確認された。
Cdと同じ位置にOの分布が見られることから、Cdの酸化物であることがわかる。

⑤またCdが検出した領域は殆ど粒界破面であり、Cdと一緒にCIも検出した。

5. 考察
①破面起点部が粒界破面であること。 腐食が激しいことから破断の原因は応力腐食割れと考える。
②起点部に付着していたCdは白色であること。 分析結果からOを含むことから、Cdの腐食生成物であり、
破断後に付着したものと推定する。

6. 結論
今回のボルトの破損は応力腐食割れによるものと推定される。破面の起点近傍は損傷しており、その損傷
により、カドミめっきの剥離から腐食が起こり、 損傷を加えた応力と相乗して応力腐食割れに至ったものと
推定する。
【PDF抽出】
材化－Ｐ－００８５（3/9） 
図１ ボルト破断部外観

【OCR抽出】
材化ーPー0085(3/9)

DO

eR} 2 3 4 5 6 7 8

図1 ボルト破断部外観
【PDF抽出】
材化－Ｐ－００８５（4/9） 
図２ ボルト破断部破面外観

【OCR抽出】
材化二Pー0085(4/9)

図2 ボルト破断部破面外観
【PDF抽出】
材化－Ｐ－００８５（5/9） 
図３ ボルト破断部破面起点部拡大

【OCR抽出】
材化ーPー0085(5/9)

3 ボルト破断部破面起点部拡大
【PDF抽出】
材化－Ｐ－００８５（6/9） 
 
 
図４ ボルト破断部起点部ＳＥＭ像

【OCR抽出】
材化二Pー0085(6/9)

X30

ed89 ZZ 9L   urO0L 000LX AM9L

図4 ボルト破断部起点部SEM像
【PDF抽出】
材化－Ｐ－００８５（7/9） 
図５ ボルト破断部起点部ＥＤＳマッピング

【OCR抽出】
材化ーPー0085(7/9)

Cd Lal                                            Fe Kal

C Kal 2

図5 ボルト破断部起点部EDSマッピング
【PDF抽出】
材化－Ｐ－００８５（8/9） 
図６ ボルト破断部起点部拡大ＥＤＳマッピング

【OCR抽出】
材化二Pー0085(8/9)

   30 um    電子顕微鏡像 1     O Kal

図6 ボルト破断部起点部拡大EDSマッピング
【PDF抽出】
材化－Ｐ－００８５（9/9） 
 
図７ ボルト破断部起点部拡大ＥＤＳマッピング

【OCR抽出】
材化二Pー0085( 9/9)

60 4m        電子顕微鏡像 1             O Kal

Fe Kal                                           Gd Lal

7 ボルト破断部起点部拡大EDSマッピング

【整形】
### 文書番号

12345-A  

### 図表観察

図1 キャプション本文  
（ここに本文を列挙）

### 本文（段落）

[本文がここに配置されます。ここでは、実際のテキストを入力します。]

### 不明瞭箇所一覧

/*…*/  

（仮想の不明瞭文字列がここに記載されます。）

---------------------------------------

=== チャンク一覧 ===
【PDF抽出】
材化－Ｐ－００８５（1/9） 
名 称 
ＵＳ－２ボルト破損調査 
番号 
 
材化-Ｈ-１６３５ 
改訂記号 
 
－ 
客先名称 
 
 
機器名称 
 
 
 
 
 
 
 
 
 
＜配布先＞ 
 
 
 
 
 
 
 
 
 
 
 
 
 
改符 
関 連 ペ ー ジ 
変更年月日 
検  印 
 
 
創事業研究部  
材料・プロセス リサーチラボ 
日  付 
認 
 
可 
 
審 
 
査 
― 
作 
 
成 
 
 
久野 
 
 
 
 
H23.4.18 
 
本資料の内容に係る全権利は、住友精密工業株式会社に
属するものであり、本資料の配布の目的以外の流用複製第
三者への提示は厳禁します。

【OCR抽出】
材化二Pー0085(1/9)

US一2ボルト破損調査
材化-H-1635

本資料の内容に係る全権利は、住友精密工業株式会社に
属するものであり、本資料の配布の目的以外の流用複製第
三者への提示は厳禁します。
> 住友精密工業株式社
創事業研究音
材料・プロセス リサーチラボ
【PDF抽出】
材化－Ｐ－００８５（2/9） 
１．目的 
部隊で破損したＵＳ－２トラニオンのボルトの調査結果を以下に纏める 
 
２．製作番号 
 
３．調査方法 
 ①外観観察 
 ②ＳＥＭ／ＥＤＳ分析観察 
 
４．結果 
 ①図１、２に外観を示す。ボルトは側面にも傷があり、カドミめっきが剥離していた。 
  また破面起点側は赤錆を生じていた 
 ②図３に破面起点部の拡大を示す。起点部近傍に欠けが見られ、起点部付近に白い付着物が観察され
た。 
 ③図４に付着物除去後の破面観察結果を示す。起点部から粒界破面を呈していた。 
 ④図５～７に破面起点部のＥＤＳマッピング分析結果を示す。破面にＣ、Ｃｄの付着が確認された。 
  Ｃｄと同じ位置にＯの分布が見られることから、Ｃｄの酸化物であることがわかる。 
 ⑤またＣｄが検出した領域は殆ど粒界破面であり、Ｃｄと一緒にＣｌも検出した。 
 
５．考察 
 ①破面起点部が粒界破面であること。腐食が激しいことから破断の原因は応力腐食割れと考える。
①破面起点部が粒界破面であること。腐食が激しいことから破断の原因は応力腐食割れと考える。 
 ②起点部に付着していたＣｄは白色であること。分析結果からＯを含むことから、Ｃｄの腐食生成物であり、
破断後に付着したものと推定する。 
 
６．結論 
 今回のボルトの破損は応力腐食割れによるものと推定される。破面の起点近傍は損傷しており、その損傷
により、カドミめっきの剥離から腐食が起こり、損傷を加えた応力と相乗して応力腐食割れに至ったものと
推定する。
【OCR抽出】
材化二Pー0085(2/9)

1. 目的
部隊で破損したUS一2クトラニオンのボルトの調査結果を以下に纏める

2. 製作番号

3. 調査方法
①外観観察
②SEMンEDS分析観察

4. 結果

①図1、2に外観を示す。ボルトは側面にも傷があり、カドミめっきが剥離していた。
また破面起点側は赤錆生じていた

②図3に破面起点部の拡大を示す。起点部近傍に欠けが見られ、起点部付近に白い付着物が観察され
た。

③図4に付着物除去後の破面観察結果を示す。起点部から粒界破面を呈していた。

④図5て7に破面起点部のEDSマッピング分析結果を示す。 破面にに、Cdの付着が確認された。
Cdと同じ位置にOの分布が見られることから、Cdの酸化物であることがわかる。

⑤またCdが検出した領域は殆ど粒界破面であり、Cdと一緒にCIも検出した。
⑤またCdが検出した領域は殆ど粒界破面であり、Cdと一緒にCIも検出した。

5. 考察
①破面起点部が粒界破面であること。 腐食が激しいことから破断の原因は応力腐食割れと考える。
②起点部に付着していたCdは白色であること。 分析結果からOを含むことから、Cdの腐食生成物であり、
破断後に付着したものと推定する。

6. 結論
今回のボルトの破損は応力腐食割れによるものと推定される。破面の起点近傍は損傷しており、その損傷
により、カドミめっきの剥離から腐食が起こり、 損傷を加えた応力と相乗して応力腐食割れに至ったものと
推定する。
【PDF抽出】
材化－Ｐ－００８５（3/9） 
図１ ボルト破断部外観

【OCR抽出】
材化ーPー0085(3/9)

DO

eR} 2 3 4 5 6 7 8

図1 ボルト破断部外観
【PDF抽出】
材化－Ｐ－００８５（4/9） 
図２ ボルト破断部破面外観

【OCR抽出】
材化二Pー0085(4/9)

図2 ボルト破断部破面外観
【PDF抽出】
材化－Ｐ－００８５（5/9） 
図３ ボルト破断部破面起点部拡大
【OCR抽出】
材化ーPー0085(5/9)

3 ボルト破断部破面起点部拡大
【PDF抽出】
材化－Ｐ－００８５（6/9） 
 
 
図４ ボルト破断部起点部ＳＥＭ像

【OCR抽出】
材化二Pー0085(6/9)

X30

ed89 ZZ 9L   urO0L 000LX AM9L

図4 ボルト破断部起点部SEM像
【PDF抽出】
材化－Ｐ－００８５（7/9） 
図５ ボルト破断部起点部ＥＤＳマッピング

【OCR抽出】
材化ーPー0085(7/9)

Cd Lal                                            Fe Kal

C Kal 2

図5 ボルト破断部起点部EDSマッピング
【PDF抽出】
材化－Ｐ－００８５（8/9） 
図６ ボルト破断部起点部拡大ＥＤＳマッピング

【OCR抽出】
材化二Pー0085(8/9)

   30 um    電子顕微鏡像 1     O Kal

図6 ボルト破断部起点部拡大EDSマッピング
【PDF抽出】
材化－Ｐ－００８５（9/9） 
 
図７ ボルト破断部起点部拡大ＥＤＳマッピング
【OCR抽出】
材化二Pー0085( 9/9)

60 4m        電子顕微鏡像 1             O Kal

Fe Kal                                           Gd Lal

7 ボルト破断部起点部拡大EDSマッピング
### 文書番号

12345-A  

### 図表観察

図1 キャプション本文  
（ここに本文を列挙）

### 本文（段落）

[本文がここに配置されます。ここでは、実際のテキストを入力します。]

### 不明瞭箇所一覧

/*…*/  

（仮想の不明瞭文字列がここに記載されます。）

---------------------------------------
【PDF抽出】
材化－Ｐ－００８５（1/9） 
名 称 
ＵＳ－２ボルト破損調査 
番号 
 
材化-Ｈ-１６３５ 
改訂記号 
 
－ 
客先名称 
 
 
機器名称 
 
 
 
 
 
 
 
 
 
＜配布先＞ 
 
 
 
 
 
 
 
 
 
 
 
 
 
改符 
関 連 ペ ー ジ 
変更年月日 
検  印 
 
 
創事業研究部  
材料・プロセス リサーチラボ 
日  付 
認 
 
可 
 
審 
 
査 
― 
作 
 
成 
 
 
久野 
 
 
 
 
H23.4.18 
 
本資料の内容に係る全権利は、住友精密工業株式会社に
属するものであり、本資料の配布の目的以外の流用複製第
三者への提示は厳禁します。

【OCR抽出】
材化二Pー0085(1/9)

US一2ボルト破損調査
材化-H-1635

本資料の内容に係る全権利は、住友精密工業株式会社に
属するものであり、本資料の配布の目的以外の流用複製第
三者への提示は厳禁します。
> 住友精密工業株式社
創事業研究音
材料・プロセス リサーチラボ
【PDF抽出】
材化－Ｐ－００８５（2/9） 
１．目的 
部隊で破損したＵＳ－２トラニオンのボルトの調査結果を以下に纏める 
 
２．製作番号 
 
３．調査方法 
 ①外観観察 
 ②ＳＥＭ／ＥＤＳ分析観察 
 
４．結果 
 ①図１、２に外観を示す。ボルトは側面にも傷があり、カドミめっきが剥離していた。 
  また破面起点側は赤錆を生じていた 
 ②図３に破面起点部の拡大を示す。起点部近傍に欠けが見られ、起点部付近に白い付着物が観察され
た。 
 ③図４に付着物除去後の破面観察結果を示す。起点部から粒界破面を呈していた。 
 ④図５～７に破面起点部のＥＤＳマッピング分析結果を示す。破面にＣ、Ｃｄの付着が確認された。 
  Ｃｄと同じ位置にＯの分布が見られることから、Ｃｄの酸化物であることがわかる。 
 ⑤またＣｄが検出した領域は殆ど粒界破面であり、Ｃｄと一緒にＣｌも検出した。 
 
５．考察 
 ①破面起点部が粒界破面であること。腐食が激しいことから破断の原因は応力腐食割れと考える。
①破面起点部が粒界破面であること。腐食が激しいことから破断の原因は応力腐食割れと考える。 
 ②起点部に付着していたＣｄは白色であること。分析結果からＯを含むことから、Ｃｄの腐食生成物であり、
破断後に付着したものと推定する。 
 
６．結論 
 今回のボルトの破損は応力腐食割れによるものと推定される。破面の起点近傍は損傷しており、その損傷
により、カドミめっきの剥離から腐食が起こり、損傷を加えた応力と相乗して応力腐食割れに至ったものと
推定する。
【OCR抽出】
材化二Pー0085(2/9)

1. 目的
部隊で破損したUS一2クトラニオンのボルトの調査結果を以下に纏める

2. 製作番号

3. 調査方法
①外観観察
②SEMンEDS分析観察

4. 結果

①図1、2に外観を示す。ボルトは側面にも傷があり、カドミめっきが剥離していた。
また破面起点側は赤錆生じていた

②図3に破面起点部の拡大を示す。起点部近傍に欠けが見られ、起点部付近に白い付着物が観察され
た。

③図4に付着物除去後の破面観察結果を示す。起点部から粒界破面を呈していた。

④図5て7に破面起点部のEDSマッピング分析結果を示す。 破面にに、Cdの付着が確認された。
Cdと同じ位置にOの分布が見られることから、Cdの酸化物であることがわかる。

⑤またCdが検出した領域は殆ど粒界破面であり、Cdと一緒にCIも検出した。
⑤またCdが検出した領域は殆ど粒界破面であり、Cdと一緒にCIも検出した。

5. 考察
①破面起点部が粒界破面であること。 腐食が激しいことから破断の原因は応力腐食割れと考える。
②起点部に付着していたCdは白色であること。 分析結果からOを含むことから、Cdの腐食生成物であり、
破断後に付着したものと推定する。

6. 結論
今回のボルトの破損は応力腐食割れによるものと推定される。破面の起点近傍は損傷しており、その損傷
により、カドミめっきの剥離から腐食が起こり、 損傷を加えた応力と相乗して応力腐食割れに至ったものと
推定する。
【PDF抽出】
材化－Ｐ－００８５（3/9） 
図１ ボルト破断部外観

【OCR抽出】
材化ーPー0085(3/9)

DO

eR} 2 3 4 5 6 7 8

図1 ボルト破断部外観
【PDF抽出】
材化－Ｐ－００８５（4/9） 
図２ ボルト破断部破面外観

【OCR抽出】
材化二Pー0085(4/9)

図2 ボルト破断部破面外観
【PDF抽出】
材化－Ｐ－００８５（5/9） 
図３ ボルト破断部破面起点部拡大
【OCR抽出】
材化ーPー0085(5/9)

3 ボルト破断部破面起点部拡大
【PDF抽出】
材化－Ｐ－００８５（6/9） 
 
 
図４ ボルト破断部起点部ＳＥＭ像

【OCR抽出】
材化二Pー0085(6/9)

X30

ed89 ZZ 9L   urO0L 000LX AM9L

図4 ボルト破断部起点部SEM像
【PDF抽出】
材化－Ｐ－００８５（7/9） 
図５ ボルト破断部起点部ＥＤＳマッピング

【OCR抽出】
材化ーPー0085(7/9)

Cd Lal                                            Fe Kal

C Kal 2

図5 ボルト破断部起点部EDSマッピング
【PDF抽出】
材化－Ｐ－００８５（8/9） 
図６ ボルト破断部起点部拡大ＥＤＳマッピング

【OCR抽出】
材化二Pー0085(8/9)

   30 um    電子顕微鏡像 1     O Kal

図6 ボルト破断部起点部拡大EDSマッピング
【PDF抽出】
材化－Ｐ－００８５（9/9） 
 
図７ ボルト破断部起点部拡大ＥＤＳマッピング
【OCR抽出】
材化二Pー0085( 9/9)

60 4m        電子顕微鏡像 1             O Kal

Fe Kal                                           Gd Lal

7 ボルト破断部起点部拡大EDSマッピング
### 文書番号

12345-A  

### 図表観察

図1 キャプション本文  
（ここに本文を列挙）

### 本文（段落）

[本文がここに配置されます。ここでは、実際のテキストを入力します。]

### 不明瞭箇所一覧

/*…*/  

（仮想の不明瞭文字列がここに記載されます。）

---------------------------------------