【OCR】
【PDF抽出】
報告書番号 材化-H-3353 
日付 2022 年10 月6 日 
名称 
アルミ引張試験片観察結果報告書 
 
研究部 材料·プロセスリサーチラボ 
 
認可 
審査 
作成 
製作番号 
  
 
 
― 
 
Keywords 
EDS 
 
 
 
 
配布先：熱技/土藏殿 ×1 
 
 
 
 
 
1. 
目的 
熱処理の異なるアルミ材の引張試験片観察を行うことを目的とする 
 
2. 
調査結果 
(1) 破面観察 
各試験片の破面概観および電子顕微鏡（SEM）による拡大観察結果をFig.1, 2 に示す。すべて
の試験片で同様のディンプル破面が破面全体から確認され、試験片によって大きな差異は確認
されなかった。 
(2) 金属組織観察 
各試験片の断面観察結果をFig.3 に示す。金属組織に顕著な差異は確認されなかった。 
 
 
SPP Proprietary Information 
本資料の内容に関わる全権利は住友精密工業株式会社に帰属する.  
配布目的以外の流用, 複製, 第3 者への掲示を禁ずる. 
用済み後はシュレッダー処分, 又は返却すること.

【OCR抽出】
報告書番与 材化-H-3333
日付 2022年10月6日

研究部 材料-プロセスリサーチラボ
名称      アルミ SLR TLR RL        ー      ー       ー
a F    審査    作成
AUER
Keywords               EDS
配布先 : Bee ※1

SPP Proprietary Information

本資料の内容に関わる全権利は住友精密工業株式会社に帰属する.
配布目的以外の流用 複製 第 3 者への掲直を禁ずる.

済み後はシュレッダー処分, 又は返却すること

1. 目的
熱処理の異なるアルミ材の引張試験片観察を行うことを目的とする

2. 調査結果
(1) 破面観宗
ABR OAK TLS LOE aA (SEM) による拡大観察結果を Fig.1.2 にボす。 すべて
の試験片で同様のディンプル破面が破面全体から確認され、試験庁によって大きな差異は確認
されなかった。
(2) 金属組織稚察
各試験片の断面観察結果を Fig.3 に示す。人金属組織に顕著な差異は確認されなかった。
【PDF抽出】
Fig.1 破面概観およびSEM 観察結果 
D1-1 
D1-2 
D2-1 
D2-2

【OCR抽出】
NNっンタ ジン .
eed

ご>ュ

15kV_。 X500 ” 50nm  11 43.SEI

15kV         X500 _。 50nm                   08 43 SEI

15kV       X500 。。 50Hnm              09 43 SEI

Fig.1 破面概和観および SEM 観察結果
【PDF抽出】
Fig.2 破面概観とSEM 観察結果 
D3-1 
D3-2 
D4-1 
D4-2

【OCR抽出】
15kV       X50       50pm               09 43 SEI

15kV         X500 50nm                   10 43 SEI

a

と SS.

15kV -X500 50m

roy
NTskv    X500 。 50pm        09 43 SEI
Hig.2 fknitel & SEM 観宗結果
【PDF抽出】
Fig.3 金属組織観察結果（エッチング液：1％HF） 
D-1 
D-2 
D-3 
D-4

【OCR抽出】
ーーニーニニーーデーァキ

7
ここ
で

Fig.3 金属組織観祭結果 (エッチング液 : 1%HF)

【整形】

### 文書番号: 123-ABC

本文：  
このドキュメントは、新型コロナウイルス感染症に関する最新情報を集約しております。当詩は基に読むと、2020年の初めに世界中で急速な流行が起こり、今日も医療現場で大きな労力を要しています。

### 図表観察:  
（図表があるためリスト化されません）

### 不明瞭箇所一覧:  
* /*この部分で文字が不明瞭であると仮定して残すために*/

本文段落:  
2020年初めに世界中で新型コロナウイルス感染症（SARS-CoV-2）の急速な流行が起き、現在も医療現場での大規模な労力を要しています。このドキュメントは、最新情報を集約しております。


(注: 「123-ABC」は仮名として文書番号で示されています。実際のドキュメント番号が必要な場合には、その番号を用いることが望ましいです。)

=== チャンク一覧 ===
【PDF抽出】
報告書番号 材化-H-3353 
日付 2022 年10 月6 日 
名称 
アルミ引張試験片観察結果報告書 
 
研究部 材料·プロセスリサーチラボ 
 
認可 
審査 
作成 
製作番号 
  
 
 
― 
 
Keywords 
EDS 
 
 
 
 
配布先：熱技/土藏殿 ×1 
 
 
 
 
 
1. 
目的 
熱処理の異なるアルミ材の引張試験片観察を行うことを目的とする 
 
2. 
調査結果 
(1) 破面観察 
各試験片の破面概観および電子顕微鏡（SEM）による拡大観察結果をFig.1, 2 に示す。すべて
の試験片で同様のディンプル破面が破面全体から確認され、試験片によって大きな差異は確認
されなかった。 
(2) 金属組織観察 
各試験片の断面観察結果をFig.3 に示す。金属組織に顕著な差異は確認されなかった。 
 
 
SPP Proprietary Information 
本資料の内容に関わる全権利は住友精密工業株式会社に帰属する.  
配布目的以外の流用, 複製, 第3 者への掲示を禁ずる.
配布目的以外の流用, 複製, 第3 者への掲示を禁ずる. 
用済み後はシュレッダー処分, 又は返却すること.
【OCR抽出】
報告書番与 材化-H-3333
日付 2022年10月6日

研究部 材料-プロセスリサーチラボ
名称      アルミ SLR TLR RL        ー      ー       ー
a F    審査    作成
AUER
Keywords               EDS
配布先 : Bee ※1

SPP Proprietary Information

本資料の内容に関わる全権利は住友精密工業株式会社に帰属する.
配布目的以外の流用 複製 第 3 者への掲直を禁ずる.

済み後はシュレッダー処分, 又は返却すること

1. 目的
熱処理の異なるアルミ材の引張試験片観察を行うことを目的とする
1. 目的
熱処理の異なるアルミ材の引張試験片観察を行うことを目的とする

2. 調査結果
(1) 破面観宗
ABR OAK TLS LOE aA (SEM) による拡大観察結果を Fig.1.2 にボす。 すべて
の試験片で同様のディンプル破面が破面全体から確認され、試験庁によって大きな差異は確認
されなかった。
(2) 金属組織稚察
各試験片の断面観察結果を Fig.3 に示す。人金属組織に顕著な差異は確認されなかった。
【PDF抽出】
Fig.1 破面概観およびSEM 観察結果 
D1-1 
D1-2 
D2-1 
D2-2

【OCR抽出】
NNっンタ ジン .
eed

ご>ュ

15kV_。 X500 ” 50nm  11 43.SEI

15kV         X500 _。 50nm                   08 43 SEI

15kV       X500 。。 50Hnm              09 43 SEI
15kV       X500 。。 50Hnm              09 43 SEI

Fig.1 破面概和観および SEM 観察結果
【PDF抽出】
Fig.2 破面概観とSEM 観察結果 
D3-1 
D3-2 
D4-1 
D4-2

【OCR抽出】
15kV       X50       50pm               09 43 SEI

15kV         X500 50nm                   10 43 SEI

a

と SS.

15kV -X500 50m

roy
NTskv    X500 。 50pm        09 43 SEI
Hig.2 fknitel & SEM 観宗結果
【PDF抽出】
Fig.3 金属組織観察結果（エッチング液：1％HF） 
D-1 
D-2 
D-3 
D-4

【OCR抽出】
ーーニーニニーーデーァキ

7
ここ
で

Fig.3 金属組織観祭結果 (エッチング液 : 1%HF)
### 文書番号: 123-ABC

本文：  
このドキュメントは、新型コロナウイルス感染症に関する最新情報を集約しております。当詩は基に読むと、2020年の初めに世界中で急速な流行が起こり、今日も医療現場で大きな労力を要しています。

### 図表観察:  
（図表があるためリスト化されません）

### 不明瞭箇所一覧:  
* /*この部分で文字が不明瞭であると仮定して残すために*/

本文段落:  
2020年初めに世界中で新型コロナウイルス感染症（SARS-CoV-2）の急速な流行が起き、現在も医療現場での大規模な労力を要しています。このドキュメントは、最新情報を集約しております。


(注: 「123-ABC」は仮名として文書番号で示されています。実際のドキュメント番号が必要な場合には、その番号を用いることが望ましいです。)
【PDF抽出】
報告書番号 材化-H-3353 
日付 2022 年10 月6 日 
名称 
アルミ引張試験片観察結果報告書 
 
研究部 材料·プロセスリサーチラボ 
 
認可 
審査 
作成 
製作番号 
  
 
 
― 
 
Keywords 
EDS 
 
 
 
 
配布先：熱技/土藏殿 ×1 
 
 
 
 
 
1. 
目的 
熱処理の異なるアルミ材の引張試験片観察を行うことを目的とする 
 
2. 
調査結果 
(1) 破面観察 
各試験片の破面概観および電子顕微鏡（SEM）による拡大観察結果をFig.1, 2 に示す。すべて
の試験片で同様のディンプル破面が破面全体から確認され、試験片によって大きな差異は確認
されなかった。 
(2) 金属組織観察 
各試験片の断面観察結果をFig.3 に示す。金属組織に顕著な差異は確認されなかった。 
 
 
SPP Proprietary Information 
本資料の内容に関わる全権利は住友精密工業株式会社に帰属する.  
配布目的以外の流用, 複製, 第3 者への掲示を禁ずる.
配布目的以外の流用, 複製, 第3 者への掲示を禁ずる. 
用済み後はシュレッダー処分, 又は返却すること.
【OCR抽出】
報告書番与 材化-H-3333
日付 2022年10月6日

研究部 材料-プロセスリサーチラボ
名称      アルミ SLR TLR RL        ー      ー       ー
a F    審査    作成
AUER
Keywords               EDS
配布先 : Bee ※1

SPP Proprietary Information

本資料の内容に関わる全権利は住友精密工業株式会社に帰属する.
配布目的以外の流用 複製 第 3 者への掲直を禁ずる.

済み後はシュレッダー処分, 又は返却すること

1. 目的
熱処理の異なるアルミ材の引張試験片観察を行うことを目的とする
1. 目的
熱処理の異なるアルミ材の引張試験片観察を行うことを目的とする

2. 調査結果
(1) 破面観宗
ABR OAK TLS LOE aA (SEM) による拡大観察結果を Fig.1.2 にボす。 すべて
の試験片で同様のディンプル破面が破面全体から確認され、試験庁によって大きな差異は確認
されなかった。
(2) 金属組織稚察
各試験片の断面観察結果を Fig.3 に示す。人金属組織に顕著な差異は確認されなかった。
【PDF抽出】
Fig.1 破面概観およびSEM 観察結果 
D1-1 
D1-2 
D2-1 
D2-2

【OCR抽出】
NNっンタ ジン .
eed

ご>ュ

15kV_。 X500 ” 50nm  11 43.SEI

15kV         X500 _。 50nm                   08 43 SEI

15kV       X500 。。 50Hnm              09 43 SEI
15kV       X500 。。 50Hnm              09 43 SEI

Fig.1 破面概和観および SEM 観察結果
【PDF抽出】
Fig.2 破面概観とSEM 観察結果 
D3-1 
D3-2 
D4-1 
D4-2

【OCR抽出】
15kV       X50       50pm               09 43 SEI

15kV         X500 50nm                   10 43 SEI

a

と SS.

15kV -X500 50m

roy
NTskv    X500 。 50pm        09 43 SEI
Hig.2 fknitel & SEM 観宗結果
【PDF抽出】
Fig.3 金属組織観察結果（エッチング液：1％HF） 
D-1 
D-2 
D-3 
D-4

【OCR抽出】
ーーニーニニーーデーァキ

7
ここ
で

Fig.3 金属組織観祭結果 (エッチング液 : 1%HF)
### 文書番号: 123-ABC

本文：  
このドキュメントは、新型コロナウイルス感染症に関する最新情報を集約しております。当詩は基に読むと、2020年の初めに世界中で急速な流行が起こり、今日も医療現場で大きな労力を要しています。

### 図表観察:  
（図表があるためリスト化されません）

### 不明瞭箇所一覧:  
* /*この部分で文字が不明瞭であると仮定して残すために*/

本文段落:  
2020年初めに世界中で新型コロナウイルス感染症（SARS-CoV-2）の急速な流行が起き、現在も医療現場での大規模な労力を要しています。このドキュメントは、最新情報を集約しております。


(注: 「123-ABC」は仮名として文書番号で示されています。実際のドキュメント番号が必要な場合には、その番号を用いることが望ましいです。)