📝 整形後:
#Aluminium引張試験片観察結果報告書

**報告書番号：ğına化-H-3353**

**日付：2022年10月6日**

**報告者：研究部 材料・プロセスリサーチラボ**


**1. 目的**

熱処理の異なるアルミ材の引張試験片観察を行うことを目的とする。


**2. 調사結果**

**（1）破面観察**

各試験片の破面概観および電子顕微鏡（SEM）による拡大観察結果を図1、図2に示す。すべての試験片で同様のディンプル破面が破面全体から確認され、試験片によって大きな差異は確認されなかった。


**（2）金属組織観察**

各試験片の断面観察結果を図3に示す。金属組織に顕著な差異は確認されなかった。


**[図1、図2、図3のデータは省略]**

**SPP Proprietary Information**

本資料の内容に関わる全権利は住友精密工業株式会社に帰属する。配布目的以外の流用、複製、第3者への掲示を禁ずる。用済み後はシュレッダー処分、又は返却すること。


=== ✂️ チャンク ===
#Aluminium引張試験片観察結果報告書

**報告書番号：ğına化-H-3353**

**日付：2022年10月6日**

**報告者：研究部 材料・プロセスリサーチラボ**


**1. 目的**

熱処理の異なるアルミ材の引張試験片観察を行うことを目的とする。


**2. 調사結果**

**（1）破面観察**

各試験片の破面概観および電子顕微鏡（SEM）による拡大観察結果を図1、図2に示す。すべての試験片で同様のディンプル破面が破面全体から確認され、試験片によって大きな差異は確認されなかった。


**（2）金属組織観察**

各試験片の断面観察結果を図3に示す。金属組織に顕著な差異は確認されなかった。


**[図1、図2、図3のデータは省略]**

**SPP Proprietary Information**

本資料の内容に関わる全権利は住友精密工業株式会社に帰属する。配布目的以外の流用、複製、第3者への掲示を禁ずる。用済み後はシュレッダー処分、又は返却すること。
#Aluminium引張試験片観察結果報告書

**報告書番号：ğına化-H-3353**

**日付：2022年10月6日**

**報告者：研究部 材料・プロセスリサーチラボ**


**1. 目的**

熱処理の異なるアルミ材の引張試験片観察を行うことを目的とする。


**2. 調사結果**

**（1）破面観察**

各試験片の破面概観および電子顕微鏡（SEM）による拡大観察結果を図1、図2に示す。すべての試験片で同様のディンプル破面が破面全体から確認され、試験片によって大きな差異は確認されなかった。


**（2）金属組織観察**

各試験片の断面観察結果を図3に示す。金属組織に顕著な差異は確認されなかった。


**[図1、図2、図3のデータは省略]**

**SPP Proprietary Information**

本資料の内容に関わる全権利は住友精密工業株式会社に帰属する。配布目的以外の流用、複製、第3者への掲示を禁ずる。用済み後はシュレッダー処分、又は返却すること。