📝 整形後:
**材料分析報告**

**材料:** アルミ늄合金

**分析目的:** き裂の発生原因を特定する。

**分析結果:**

* **SEM解析:** き裂の起点に疲労縞が確認され、腐食疲労の可能性が指摘されます。
* **EDS解析:** き裂の起点近傍にアルミニウム、酸素、クロムの濃度変化が確認されます。これは、腐食や酸素の導入がき裂の発生に関連していることを示します。
* **金属組織観察:** き裂の起点近傍の断面では、組織に不規則性があり、疲労の進行に関連している可能性があります。

**結論:**

き裂は、腐食疲労の発生によるものと推測されます。適切な環境制御や疲労負荷の軽減が必要となります。

**推奨事項:**

* 環境制御：腐食の発生を防止するために、適切な温度と湿度の管理が必要です。
* 疲労負荷の軽減：疲労の発生を最小限にするために、材料に適切な応力と頻度を設定する必要があります。
* 定期的な点検：定期的な点検によって、き裂の発生を早期に発見し、適切な対策を取ることができます。

**付録:**

* SEM解析結果
* EDS解析結果
* 金属組織観察結果

**参考資料:**

* ASM Handbook Vol.12 Fractography


=== ✂️ チャンク ===
**材料分析報告**

**材料:** アルミ늄合金

**分析目的:** き裂の発生原因を特定する。

**分析結果:**

* **SEM解析:** き裂の起点に疲労縞が確認され、腐食疲労の可能性が指摘されます。
* **EDS解析:** き裂の起点近傍にアルミニウム、酸素、クロムの濃度変化が確認されます。これは、腐食や酸素の導入がき裂の発生に関連していることを示します。
* **金属組織観察:** き裂の起点近傍の断面では、組織に不規則性があり、疲労の進行に関連している可能性があります。

**結論:**

き裂は、腐食疲労の発生によるものと推測されます。適切な環境制御や疲労負荷の軽減が必要となります。

**推奨事項:**

* 環境制御：腐食の発生を防止するために、適切な温度と湿度の管理が必要です。
* 疲労負荷の軽減：疲労の発生を最小限にするために、材料に適切な応力と頻度を設定する必要があります。
* 定期的な点検：定期的な点検によって、き裂の発生を早期に発見し、適切な対策を取ることができます。

**付録:**
**付録:**

* SEM解析結果
* EDS解析結果
* 金属組織観察結果

**参考資料:**

* ASM Handbook Vol.12 Fractography
**材料分析報告**

**材料:** アルミ늄合金

**分析目的:** き裂の発生原因を特定する。

**分析結果:**

* **SEM解析:** き裂の起点に疲労縞が確認され、腐食疲労の可能性が指摘されます。
* **EDS解析:** き裂の起点近傍にアルミニウム、酸素、クロムの濃度変化が確認されます。これは、腐食や酸素の導入がき裂の発生に関連していることを示します。
* **金属組織観察:** き裂の起点近傍の断面では、組織に不規則性があり、疲労の進行に関連している可能性があります。

**結論:**

き裂は、腐食疲労の発生によるものと推測されます。適切な環境制御や疲労負荷の軽減が必要となります。

**推奨事項:**

* 環境制御：腐食の発生を防止するために、適切な温度と湿度の管理が必要です。
* 疲労負荷の軽減：疲労の発生を最小限にするために、材料に適切な応力と頻度を設定する必要があります。
* 定期的な点検：定期的な点検によって、き裂の発生を早期に発見し、適切な対策を取ることができます。

**付録:**
**付録:**

* SEM解析結果
* EDS解析結果
* 金属組織観察結果

**参考資料:**

* ASM Handbook Vol.12 Fractography