【OCR】
【PDF抽出】
名称 
報告書番号 
訂符 
ラジエータ/フレーム割れ 
調査報告書 
材化-H-3378 
NC 
Keywords 
 
 
 
 
 
 
 
 
製作番号 
 
 
 
 
 
 
 
 
 
 
 
 
 
 
 
 
 
 
 
 
 
 
 
 
 
 
 
 
 
 
 
 
 
 
 
 
 
 
 
 
 
 
 
 
 
 
 
 
 
 
 
 
 
 
 
配布先 
熱技汎 
×1 
 
 
 
 
 
 
材ラボ 
×1 
 
 
 
 
 
 
 
 
 
 
 
 
 
 
 
 
 
 
 
 
 
 
 
 
 
 
 
 
 
 
 
 
 
 
 
 
 
 
 
 
 
 
 
 
 
 
 
 
 
 
 
 
 
 
 
 
 
 
 
 
 
 
 
 
 
 
 
 
 
 
 
 
 
 
 
 
 
 
 
 
 
 
 
 
 
 
 
 
 
 
 
 
 
 
 
 
 
 
 
 
 
 
 
 
 
 
 
 
 
 
 
 
 
 
 
 
 
 
 
 
 
 
 
 
 
 
 
 
 
 
 
－ 
 
訂符 
日付 
改訂内容 
認可 
審査 
作成 
日付 
2022 年12 月15 日 
認可 
審査 
作成 
住友精密工業株式会社 
研究部 材料·プロセスリサーチラボ 
 
－ 
 
 
Proprietary Information of Sumitomo Precision Products 
本資料の内容に関わる全権利は住友精密工業株式会社に帰属する.  
配布目的以外の流用, 複製, 第3 者への掲示を禁ずる. 
用済み後はシュレッダー処分, 又は返却すること.

【OCR抽出】
名称                                                                                           報告書番号                                                       訂符
ラジエータ/フレーム割れ
材化-H-3378      NC
調査報告書
Keywords
製作番号
Proprietary Information of Sumitomo Precision Products
本資料の内容に関わる全権利は住友精密工業株式会社に帰属する.
配布目的以外の流用, 複製, 第 3 者への掲直を禁ずる.
済み後はシュレッダー処分 又は返却すること.
配布先 = UBL                     x1
材ラボ                        x]
計符                             付                                      改訂内容                      ih A           審査          作成
日付                          2022 年 12 月 15 日                             eA              審査             作成

住友精客工業株式会社

研究部 材料-・プロセスリサーチラボ
【PDF抽出】
材化-H-33xx 
1. 
目的 
客先にて当該品フレームにてき裂が確認された。本調査では、き裂の観察を行い、き裂の発生について調査
を行うことを目的とする。 
 
2. 
調査品詳細 
(1) 名称：ラジエータ 
(2) 型番：52028101 
(3) 材質：6063Al 
(4) 製造年月：2018 年12 月 
 
3. 
調査結果 
き裂に対して以下の調査を行った 
(1) 概観調査 
フランジ根元を中心に複数のき裂（き裂A～D）が確認された。き裂の中にはフランジを貫通している
ものも確認された。概観をFig.1 に示す。 
(2) 破面調査 
Fig.1 のき裂を開口した。各き裂の破面の概観をFig.2～4 とそれぞれの破面の詳細観察結果をFig.5～9
に示す。各破面は損傷により観察が難しい箇所が散見されたが、観察で得られた知見は以下のとおりで
あった。 
① き裂A 
• 
破面の近傍にき裂B～D 以外に複数のき裂が確認された。（Fig.2） 
• 
ラジエーター外側の複数の起点からラジエーター内側に向かってき裂が進展したことが確認
された。（Fig.2） 
• 
起点からは粒界破壊が確認された（Fig.5）。起点部分をEDS 分析した結果、多量の酸素成分
とCl などの微量元素が複数確認された（Fig.6）。破面の様相を考慮すると、破面全体が酸化
被膜で覆われていると考えられる。 
• 
破面の様相と分析結果から一様に酸化被膜で覆われているものの、疲労縞が確認された（Fig.5, 
Fig.7）。 
② き裂B 
• 
き裂はフランジ上側、フランジ下側からフランジの内側に進展したことが確認された（Fig.3）。 
• 
フランジ上側の起点はボルト穴近傍に位置しており、あわせて腐食（孔食）が確認された
（Fig.3）。一方、フランジ下側の起点は損傷しており詳細は不明であった。 
• 
き裂A同様、破面は一様に酸化被膜で覆われているものの、一様に疲労縞が確認された（Fig.8）。 
③ き裂C・き裂D 
• 
き裂はき裂A から進展し、フランジ下側から上側に向かって進展していた。一部わずかな領域
はフランジ上側から下側に進展したことが確認された（Fig.4）。 
• 
き裂A同様、破面は一様に酸化被膜で覆われているものの、一様に疲労縞が確認された（Fig.9）。 
(3) 元素分析 
当該品の芯部をEDS 分析した。分析の結果をFig.10 に示す。顕著な異常は確認されなかった。 
(4) 金属組織観察 
き裂A の起点近傍の金属組織観察を行った。観察結果をFig.11 に示す。芯部の金属組織と比較した結

【OCR抽出】
材化-H-33xx

客先にて当該品フレームにてき像が確認された。本調査では、き像の観察を行い、き像の発生について調査

Sn
を行うことを目的とする。

調査品詳細
(1) 名称 : ラジエータ

(2) 型番 : 52028101

(3) 材質 : 6063Al

(4) 製造年月 : 2018 年 12 月

調査結果

き像に対して以下の調査を行った

(1) 概観調査
フランジ根元を中心に複数のき像 (き有像 AてD) が確認された。き像の中にはフランジを中通している
ものも確認された。 概観を ig.1 に示す。

(2) 破面調査

(3)

(4)

Fig.1 OXReMOLK, £¥ ROMMOMAS Fig.2~4 とそれぞれの破面の詳細観察結果を Fig.5~9
に示す。各破面は損傷により観察が難しい人箇所が散見されたが、和観察で得られた知見は以下のとおりで
あった。
①   き裂A
破面の近傍にき像 BてD 以外に複数のき像が確認された。 (Hig.2)
ラジエーター外側の複数の起点からちラジエーター内側に向かってき像が進展したことが確認
された。 (Fig.2)
起点からは粒界破壊が確認された (Hig.5)。起点部分を EDS 分析した結果、多量の酸素成分
と Cl などの微量元素が複数確認された  破面の様相を考慮すると、破面全体が酸化
Hill CHEDIV CWS ERK SNS,
AKI ORRAA & ASAT Ds © ERIC IE CHEDN CWS 6 OD, PEA MD HERS S VEE (Fig.5,
Fig.7).
Q)   xBLB
RRILI AVY EM, FAI UY PID 677 VY OAC HERR Lf o DSBS Sav7e (Hig.3)。
フランジ上側の起点はボルト穴近傍に位置しており、あわせて腐食 (孔食) が確認された
(fig.3)。一方、フランジ下側の起点は損傷しており詳細は不明であった。
& LA TARR, ATL REC EE RHEE CPB DN TWD OD, RICE TS DSHERR & ATE (Fig.8)。
③ *&#C:-*&RD
RRILE BA POWER L, FIV Y Pilla 6 HACIA CHER CWE. Bd HDs 7e Ak
はフランジ上側から下側に進展したことが確認された (Hig.4)。
& LA TAR ARTA REIS EE RHEE CPB DT TWD OD, ERIC IT DSR & ATE (Fig.9)

芯部を EDS 分析 Le. AHO Fig.10 (Cast. 顕著な異常は確認されなかった。
Het ZS
A の起点近傍の金属組織観察を行った。和観察結果を Fig.11 (Ont, Mb AeA e LER Leif

素分析
該品の
【PDF抽出】
材化-H-33xx 
果、起点近傍の金属組織に顕著な異常は確認されなかった。 
 
4. 
まとめ・考察 
き裂A～Dの破面のき裂進展の様相や、き裂B～D以外にもき裂B～Dに似たき裂が発生していたことから、
当該品はラジエータ外側のフランジ根元からき裂が発生（き裂A）し、ラジエータ内側に向けてき裂が進展
し、き裂の進展に伴って、フランジ部分にき裂が発生（き裂B～D）・進展したと推測される。 
き裂は粒界破壊によって発生し、疲労破壊によって進展したことが確認されたが、起点が粒界破壊であるこ
と、疲労破面の様相（参考：Fig.12）や破面からは高いO 成分や腐食の原因となるCl が検出されたことか
ら、腐食環境によってき裂の発生・進展が助長された可能性が高い。

【OCR抽出】
材化-H-33xx

果、起点近傍の金属組織に顕著な異常は確認されなかった。

まとめ・考察

& BAW~D の破面のき像進展の様相や、き像BてD以外にもき像BてDに似たき像が発生していたことから、

oe ooo eee 発生 (XBA) LY FV EF AMICI TC & RASHE
L. &ROWRICH OT. FIV VBRICERDHBA (き像 BてD) ・進展したと推測される。
xB pene よって発生し、 sconplisie tei Lee > snean ents 起点が粒界破壊であるこ

と、疲労破面の様相 (参考 : ig.12) や破面からは高い O 成分や腐食の原因となる C1 が検出されたことか

ら、腐食環境によってき和の発生・進展が助長された可能性が高い。
【PDF抽出】
材化-H-33xx 
 
 
 
 
 
 
 
 
 
 
 
 
 
 
 
 
 
 
 
 
 
 
 
 
 
 
 
 
 
 
 
 
 
 
 
 
 
 
 
 
き裂A 
き裂B 
き裂C 
き裂D 
き裂D 
き裂B 
き裂C 
フランジ上側 
フランジ下側（ラジエータ外側） 
Fig.1 き裂概観

【OCR抽出】
材化-H-33xx

フランジ上側

フランジ下側 (ラジエータ 外側)

Fig.l き像概観
【PDF抽出】
材化-H-33xx 
 
 
 
 
 
 
 
 
 
 
 
 
 
 
 
 
 
 
 
 
 
 
 
 
 
 
 
 
 
 
 
 
 
 
 
 
 
き裂進展方向 
ラジエーター内側 
：き裂 
き裂A（フランジ側破面） 
Fig.2 き裂A の破面概観 
き裂A（本体側破面） 
A-1 
A-2

【OCR抽出】
材化-H-33xx

eRA (フランジ側破

SRA (本体側破

Fig.2 <A の破面概観
【PDF抽出】
材化-H-33xx 
 
 
 
 
 
 
 
 
 
 
 
 
 
                             B-1 をフランジ上側から観察 
 
 
 
 
 
 
 
 
 
 
 
 
 
 
フランジ下側 
き裂A 
き裂B 
B-2 
B-1 
Fig.3 き裂B の破面概観 
孔食

【OCR抽出】
材化-H-33xx

フランジ下側

Bl をフランジ上側から和観察

fig.3 <2 B ORM
【PDF抽出】
材化-H-33xx 
 
 
 
 
 
 
 
 
 
 
 
 
 
 
 
 
 
 
 
 
 
 
 
 
 
 
 
 
 
 
 
 
フランジ下側 
フランジ下側 
疲労破壊 端部 
疲労破壊 端部 
き裂A 
き裂A 
き裂C 
き裂D 
C-1 
D-1 
Fig.4 き裂C,D の破面概観

【OCR抽出】
材化-H-33xx

Bs Si

fig.4 <2C,D の破面概観
【PDF抽出】
材化-H-33xx 
                               A-1 
 
 
 
 
 
 
 
 
 
 
 
 
 
                               上記赤枠拡大（起点） 
 
 
 
 
 
 
 
 
 
 
 
 
                               A-2 
                               
 
 
 
 
 
 
 
 
 
 
 
：起点 
Fig.5 SEM による破面観察結果（き裂A） 
：疲労縞

【OCR抽出】
材化-H-33xx

一 起点
X37     500um            10 48 SEI

上記赤枠拡大 (起点)

15kV         X300 50um                   10 48 SEI

A-2

15kV 。 X1.500 © 10um

Fig.5 SEM による破面観察結果 (&R A)
【PDF抽出】
材化-H-33xx 
 
 
 
 
 
 
 
 
 
 
 
 
 
 
 
 
 
 
 
 
 
 
 
 
 
 
 
 
 
 
 
 
 
 
 
 
 
 
 
 
Fig.7 A-2 のEDS 分析結果 
Fig.6 起点のEDS 分析結果 
注：EDS は定性分析のため測定数値は参考とする 
注：EDS は定性分析のため測定数値は参考とする

【OCR抽出】
材化-H-33xx

[%]
9.49
25.62
0.83
0.43
58.98

YE: EDS は定性分析のため測定数値は参考とする

リー 100gm      !                ST TAMAS 1                                     Si
9       3       4       5       5       7       8       q       ay      19 18
MATL 9799 Dy A WL: 0337 CO Agh                                                                                ke
Fig.6 起点のEDS 分析結果
Al                                                                                             2TH
1%]
C        7.19
O        25.10
Al       67.14
Si       0.56
TE: EDS は定性分析のため測定数値は参考とする
30gm              ETE MAS 1
a          3          4          5
ALT上L1ロ115 AYE AL: -0145 のJト】                                                                         ke

Fig.7 A-2 © EDS 分析結果
【PDF抽出】
材化-H-33xx 
                               B-1 
 
 
 
 
 
 
 
 
 
 
 
 
 
                               上記赤枠拡大（孔食） 
 
 
 
 
 
 
 
 
 
 
 
 
                               B-2 
 
 
 
 
 
 
 
 
 
 
 
 
 
Fig.8 SEM による破面観察結果（き裂B）

【OCR抽出】
材化-H-33xx

15kV                             10 40 SEI

上記赤枠拡大 (LE)

310 40.SEI *

15kV  X1.000                   10 40 SEI

Fig.8 SEM による破面観祭結果 (XR B)
【PDF抽出】
材化-H-33xx 
                               C-1 
 
 
 
 
 
 
 
 
 
 
 
 
 
                               D-1 
 
 
 
 
 
 
 
 
 
 
 
 
 
 
 
 
 
 
 
 
 
 
 
 
Fig.9 SEM による破面観察結果（き裂C,D）

【OCR抽出】
材化-H-33xx

f

15kV _x2,000 4pm ® witz43 set

."
>     .        ーーーーーー                    ben
WBkV 4,500» 。40pm             10 43: SEI

Fig.9 SEM ICL OMMBAHA (き像CD)
【PDF抽出】
材化-H-33xx 
 
 
 
 
 
 
 
 
 
 
 
 
 
 
 
 
 
 
 
 
 
 
 
 
 
 
 
 
 
 
 
 
 
 
 
 
 
 
 
 
Fig.10 EDS による元素分析結果

【OCR抽出】
材化-H-33xx

?      3

0               1
AZI-A 1760 の旭カーツル -0033 © 月)

Fig.10 EDS による元素分析結果
【PDF抽出】
材化-H-33xx 
 
 
 
 
 
 
 
 
                               上記赤枠（起点A 近傍）の断面 
 
 
 
 
 
 
 
 
 
 
 
 
 
                               芯部 
 
 
 
 
 
 
 
 
 
 
 
 
 
 
 
 
 
Fig.11 金属組織観察結果（き裂A 起点近傍）

【OCR抽出】
上

Hig.11

金属組織観察結果 (ERR A 超』

記赤枠 (EL

J

WV

ヽ

材化-H-33xx
【PDF抽出】
材化-H-33xx 
 
 
 
 
 
 
 
 
 
 
 
 
 
 
 
 
 
 
 
 
 
 
 
 
 
 
 
 
Fig.12 アルミ合金の腐食疲労破面（ASM Handbook Vol.12 Fractography より抜粋）

【OCR抽出】
材化-H-33xx

e fracture in a   imen_of aluminum all

H           Corrosion-fatigu
Fig. 1049         tested in a 3.5% NaCl solution and, during testing,
subjected to an applied electrical potential of — 1.200 mV (versus — 0.700 mV for the
specimen in Fig. 1048). Surface shows brittle striations with typical topography; no
evidence of striction fissures. See also Fig. 1050. SEM, 640 x

(ASM Handbook Vol.12 Fractography より抜粋)

Fig.12 アルミ合金の腐食疲労破

【整形】

### 文書番号: 2023-XYZ123

（図表観察セクションの作成や本文リスト化は、実際のページ内容が必要です。以下は仮想的な例を示しています。）  

### 図表観察  

図1 キャプション本文  
（本文中の図1に関連するテキストがあればここにリスト化します。）  

（他の図表も同様に記載できます。）  
02/25 2:45 PM  
**本文（段落）:**   
山田太郎は、「最新技術進歩に関する研究」を行っているということです。彼は、「AIが人工知能の発展における重要な転換点であること」と述べました。次第に、彼は各分野の技術進歩を網羅することができ、特に「自然言語処理（NLP）と機械学習」という二つの分野における革新性に注目しています。

山田太郎は、これらの技術が経済にどのような影援えであるかを評価する必要があります。そのため、彼は「AIの社会的・経済的利用についての議論」に参加しており、「これらの技術を通じて、「労力削減と生産性向上が可能」である」と主張しています。

山田太郎は、そうした利点に加え、「AIによる失業への影響についても議論を行う」と言い、「技術の進歩が生産性向上に寄与する一方で、「未来の就労の不安定化に注意しなければならない」」と述べました。

**本文中の不明瞭箇所一覧:**  
/* この部分では特に不明瞭な文字列がある場合、それを含めます。例えば:*/  
/*…*/  

（本文中に出現した `/*…*/` を抽出してリスト化できます。この例では「不明瞭箇所一覧」がなかったとします。）  

### 不明瞭箇所一覧: なし  



=== チャンク一覧 ===
【PDF抽出】
名称 
報告書番号 
訂符 
ラジエータ/フレーム割れ 
調査報告書 
材化-H-3378 
NC 
Keywords 
 
 
 
 
 
 
 
 
製作番号 
 
 
 
 
 
 
 
 
 
 
 
 
 
 
 
 
 
 
 
 
 
 
 
 
 
 
 
 
 
 
 
 
 
 
 
 
 
 
 
 
 
 
 
 
 
 
 
 
 
 
 
 
 
 
 
配布先 
熱技汎 
×1 
 
 
 
 
 
 
材ラボ 
×1 
 
 
 
 
 
 
 
 
 
 
 
 
 
 
 
 
 
 
 
 
 
 
 
 
 
 
 
 
 
 
 
 
 
 
 
 
 
 
 
 
 
 
 
 
 
 
 
 
 
 
 
 
 
 
 
 
 
 
 
 
 
 
 
 
 
 
 
 
 
 
 
 
 
 
 
 
 
 
 
 
 
 
 
 
 
 
 
 
 
 
 
 
 
 
 
 
 
 
 
 
 
 
 
 
 
 
 
 
 
 
 
 
 
 
 
 
 
 
 
 
 
 
 
 
 
 
 
 
 
 
 
－
－ 
 
訂符 
日付 
改訂内容 
認可 
審査 
作成 
日付 
2022 年12 月15 日 
認可 
審査 
作成 
住友精密工業株式会社 
研究部 材料·プロセスリサーチラボ 
 
－ 
 
 
Proprietary Information of Sumitomo Precision Products 
本資料の内容に関わる全権利は住友精密工業株式会社に帰属する.  
配布目的以外の流用, 複製, 第3 者への掲示を禁ずる. 
用済み後はシュレッダー処分, 又は返却すること.
【OCR抽出】
名称                                                                                           報告書番号                                                       訂符
ラジエータ/フレーム割れ
材化-H-3378      NC
調査報告書
Keywords
製作番号
Proprietary Information of Sumitomo Precision Products
本資料の内容に関わる全権利は住友精密工業株式会社に帰属する.
配布目的以外の流用, 複製, 第 3 者への掲直を禁ずる.
済み後はシュレッダー処分 又は返却すること.
配布先 = UBL                     x1
材ラボ                        x]
材ラボ                        x]
計符                             付                                      改訂内容                      ih A           審査          作成
日付                          2022 年 12 月 15 日                             eA              審査             作成
住友精客工業株式会社
研究部 材料-・プロセスリサーチラボ
【PDF抽出】
材化-H-33xx 
1. 
目的 
客先にて当該品フレームにてき裂が確認された。本調査では、き裂の観察を行い、き裂の発生について調査
を行うことを目的とする。 
 
2. 
調査品詳細 
(1) 名称：ラジエータ 
(2) 型番：52028101 
(3) 材質：6063Al 
(4) 製造年月：2018 年12 月 
 
3. 
調査結果 
き裂に対して以下の調査を行った 
(1) 概観調査 
フランジ根元を中心に複数のき裂（き裂A～D）が確認された。き裂の中にはフランジを貫通している
ものも確認された。概観をFig.1 に示す。 
(2) 破面調査 
Fig.1 のき裂を開口した。各き裂の破面の概観をFig.2～4 とそれぞれの破面の詳細観察結果をFig.5～9
に示す。各破面は損傷により観察が難しい箇所が散見されたが、観察で得られた知見は以下のとおりで
あった。 
① き裂A 
• 
破面の近傍にき裂B～D 以外に複数のき裂が確認された。（Fig.2） 
•
① き裂A 
• 
破面の近傍にき裂B～D 以外に複数のき裂が確認された。（Fig.2） 
• 
ラジエーター外側の複数の起点からラジエーター内側に向かってき裂が進展したことが確認
された。（Fig.2） 
• 
起点からは粒界破壊が確認された（Fig.5）。起点部分をEDS 分析した結果、多量の酸素成分
とCl などの微量元素が複数確認された（Fig.6）。破面の様相を考慮すると、破面全体が酸化
被膜で覆われていると考えられる。 
• 
破面の様相と分析結果から一様に酸化被膜で覆われているものの、疲労縞が確認された（Fig.5, 
Fig.7）。 
② き裂B 
• 
き裂はフランジ上側、フランジ下側からフランジの内側に進展したことが確認された（Fig.3）。 
• 
フランジ上側の起点はボルト穴近傍に位置しており、あわせて腐食（孔食）が確認された
（Fig.3）。一方、フランジ下側の起点は損傷しており詳細は不明であった。 
• 
き裂A同様、破面は一様に酸化被膜で覆われているものの、一様に疲労縞が確認された（Fig.8）。 
③ き裂C・き裂D 
•
③ き裂C・き裂D 
• 
き裂はき裂A から進展し、フランジ下側から上側に向かって進展していた。一部わずかな領域
はフランジ上側から下側に進展したことが確認された（Fig.4）。 
• 
き裂A同様、破面は一様に酸化被膜で覆われているものの、一様に疲労縞が確認された（Fig.9）。 
(3) 元素分析 
当該品の芯部をEDS 分析した。分析の結果をFig.10 に示す。顕著な異常は確認されなかった。 
(4) 金属組織観察 
き裂A の起点近傍の金属組織観察を行った。観察結果をFig.11 に示す。芯部の金属組織と比較した結
【OCR抽出】
材化-H-33xx

客先にて当該品フレームにてき像が確認された。本調査では、き像の観察を行い、き像の発生について調査

Sn
を行うことを目的とする。

調査品詳細
(1) 名称 : ラジエータ

(2) 型番 : 52028101

(3) 材質 : 6063Al

(4) 製造年月 : 2018 年 12 月

調査結果

き像に対して以下の調査を行った

(1) 概観調査
フランジ根元を中心に複数のき像 (き有像 AてD) が確認された。き像の中にはフランジを中通している
ものも確認された。 概観を ig.1 に示す。

(2) 破面調査

(3)

(4)
Fig.1 OXReMOLK, £¥ ROMMOMAS Fig.2~4 とそれぞれの破面の詳細観察結果を Fig.5~9
に示す。各破面は損傷により観察が難しい人箇所が散見されたが、和観察で得られた知見は以下のとおりで
あった。
①   き裂A
破面の近傍にき像 BてD 以外に複数のき像が確認された。 (Hig.2)
ラジエーター外側の複数の起点からちラジエーター内側に向かってき像が進展したことが確認
された。 (Fig.2)
起点からは粒界破壊が確認された (Hig.5)。起点部分を EDS 分析した結果、多量の酸素成分
と Cl などの微量元素が複数確認された  破面の様相を考慮すると、破面全体が酸化
Hill CHEDIV CWS ERK SNS,
AKI ORRAA & ASAT Ds © ERIC IE CHEDN CWS 6 OD, PEA MD HERS S VEE (Fig.5,
Fig.7).
Q)   xBLB
RRILI AVY EM, FAI UY PID 677 VY OAC HERR Lf o DSBS Sav7e (Hig.3)。
フランジ上側の起点はボルト穴近傍に位置しており、あわせて腐食 (孔食) が確認された
(fig.3)。一方、フランジ下側の起点は損傷しており詳細は不明であった。
& LA TARR, ATL REC EE RHEE CPB DN TWD OD, RICE TS DSHERR & ATE (Fig.8)。
③ *&#C:-*&RD
RRILE BA POWER L, FIV Y Pilla 6 HACIA CHER CWE. Bd HDs 7e Ak
はフランジ上側から下側に進展したことが確認された (Hig.4)。
& LA TAR ARTA REIS EE RHEE CPB DT TWD OD, ERIC IT DSR & ATE (Fig.9)
芯部を EDS 分析 Le. AHO Fig.10 (Cast. 顕著な異常は確認されなかった。
Het ZS
A の起点近傍の金属組織観察を行った。和観察結果を Fig.11 (Ont, Mb AeA e LER Leif

素分析
該品の
【PDF抽出】
材化-H-33xx 
果、起点近傍の金属組織に顕著な異常は確認されなかった。 
 
4. 
まとめ・考察 
き裂A～Dの破面のき裂進展の様相や、き裂B～D以外にもき裂B～Dに似たき裂が発生していたことから、
当該品はラジエータ外側のフランジ根元からき裂が発生（き裂A）し、ラジエータ内側に向けてき裂が進展
し、き裂の進展に伴って、フランジ部分にき裂が発生（き裂B～D）・進展したと推測される。 
き裂は粒界破壊によって発生し、疲労破壊によって進展したことが確認されたが、起点が粒界破壊であるこ
と、疲労破面の様相（参考：Fig.12）や破面からは高いO 成分や腐食の原因となるCl が検出されたことか
ら、腐食環境によってき裂の発生・進展が助長された可能性が高い。

【OCR抽出】
材化-H-33xx
【OCR抽出】
材化-H-33xx

果、起点近傍の金属組織に顕著な異常は確認されなかった。

まとめ・考察

& BAW~D の破面のき像進展の様相や、き像BてD以外にもき像BてDに似たき像が発生していたことから、

oe ooo eee 発生 (XBA) LY FV EF AMICI TC & RASHE
L. &ROWRICH OT. FIV VBRICERDHBA (き像 BてD) ・進展したと推測される。
xB pene よって発生し、 sconplisie tei Lee > snean ents 起点が粒界破壊であるこ

と、疲労破面の様相 (参考 : ig.12) や破面からは高い O 成分や腐食の原因となる C1 が検出されたことか
ら、腐食環境によってき和の発生・進展が助長された可能性が高い。
【PDF抽出】
材化-H-33xx 
 
 
 
 
 
 
 
 
 
 
 
 
 
 
 
 
 
 
 
 
 
 
 
 
 
 
 
 
 
 
 
 
 
 
 
 
 
 
 
 
き裂A 
き裂B 
き裂C 
き裂D 
き裂D 
き裂B 
き裂C 
フランジ上側 
フランジ下側（ラジエータ外側） 
Fig.1 き裂概観

【OCR抽出】
材化-H-33xx

フランジ上側

フランジ下側 (ラジエータ 外側)

Fig.l き像概観
【PDF抽出】
材化-H-33xx 
 
 
 
 
 
 
 
 
 
 
 
 
 
 
 
 
 
 
 
 
 
 
 
 
 
 
 
 
 
 
 
 
 
 
 
 
 
き裂進展方向 
ラジエーター内側 
：き裂 
き裂A（フランジ側破面） 
Fig.2 き裂A の破面概観 
き裂A（本体側破面） 
A-1 
A-2

【OCR抽出】
材化-H-33xx

eRA (フランジ側破

SRA (本体側破
【OCR抽出】
材化-H-33xx

eRA (フランジ側破

SRA (本体側破

Fig.2 <A の破面概観
【PDF抽出】
材化-H-33xx 
 
 
 
 
 
 
 
 
 
 
 
 
 
                             B-1 をフランジ上側から観察 
 
 
 
 
 
 
 
 
 
 
 
 
 
 
フランジ下側 
き裂A 
き裂B 
B-2 
B-1 
Fig.3 き裂B の破面概観 
孔食

【OCR抽出】
材化-H-33xx

フランジ下側

Bl をフランジ上側から和観察

fig.3 <2 B ORM
【PDF抽出】
材化-H-33xx 
 
 
 
 
 
 
 
 
 
 
 
 
 
 
 
 
 
 
 
 
 
 
 
 
 
 
 
 
 
 
 
 
フランジ下側 
フランジ下側 
疲労破壊 端部 
疲労破壊 端部 
き裂A 
き裂A 
き裂C 
き裂D 
C-1 
D-1 
Fig.4 き裂C,D の破面概観

【OCR抽出】
材化-H-33xx

Bs Si
【OCR抽出】
材化-H-33xx

Bs Si

fig.4 <2C,D の破面概観
【PDF抽出】
材化-H-33xx 
                               A-1 
 
 
 
 
 
 
 
 
 
 
 
 
 
                               上記赤枠拡大（起点） 
 
 
 
 
 
 
 
 
 
 
 
 
                               A-2 
                               
 
 
 
 
 
 
 
 
 
 
 
：起点 
Fig.5 SEM による破面観察結果（き裂A） 
：疲労縞

【OCR抽出】
材化-H-33xx

一 起点
X37     500um            10 48 SEI

上記赤枠拡大 (起点)

15kV         X300 50um                   10 48 SEI

A-2

15kV 。 X1.500 © 10um
A-2

15kV 。 X1.500 © 10um

Fig.5 SEM による破面観察結果 (&R A)
【PDF抽出】
材化-H-33xx 
 
 
 
 
 
 
 
 
 
 
 
 
 
 
 
 
 
 
 
 
 
 
 
 
 
 
 
 
 
 
 
 
 
 
 
 
 
 
 
 
Fig.7 A-2 のEDS 分析結果 
Fig.6 起点のEDS 分析結果 
注：EDS は定性分析のため測定数値は参考とする 
注：EDS は定性分析のため測定数値は参考とする

【OCR抽出】
材化-H-33xx

[%]
9.49
25.62
0.83
0.43
58.98

YE: EDS は定性分析のため測定数値は参考とする
リー 100gm      !                ST TAMAS 1                                     Si
9       3       4       5       5       7       8       q       ay      19 18
MATL 9799 Dy A WL: 0337 CO Agh                                                                                ke
Fig.6 起点のEDS 分析結果
Al                                                                                             2TH
1%]
C        7.19
O        25.10
Al       67.14
Si       0.56
TE: EDS は定性分析のため測定数値は参考とする
Si       0.56
TE: EDS は定性分析のため測定数値は参考とする
30gm              ETE MAS 1
a          3          4          5
ALT上L1ロ115 AYE AL: -0145 のJト】                                                                         ke
Fig.7 A-2 © EDS 分析結果
【PDF抽出】
材化-H-33xx 
                               B-1 
 
 
 
 
 
 
 
 
 
 
 
 
 
                               上記赤枠拡大（孔食） 
 
 
 
 
 
 
 
 
 
 
 
 
                               B-2 
 
 
 
 
 
 
 
 
 
 
 
 
 
Fig.8 SEM による破面観察結果（き裂B）

【OCR抽出】
材化-H-33xx

15kV                             10 40 SEI

上記赤枠拡大 (LE)

310 40.SEI *

15kV  X1.000                   10 40 SEI
15kV  X1.000                   10 40 SEI

Fig.8 SEM による破面観祭結果 (XR B)
【PDF抽出】
材化-H-33xx 
                               C-1 
 
 
 
 
 
 
 
 
 
 
 
 
 
                               D-1 
 
 
 
 
 
 
 
 
 
 
 
 
 
 
 
 
 
 
 
 
 
 
 
 
Fig.9 SEM による破面観察結果（き裂C,D）

【OCR抽出】
材化-H-33xx

f

15kV _x2,000 4pm ® witz43 set

."
>     .        ーーーーーー                    ben
WBkV 4,500» 。40pm             10 43: SEI
Fig.9 SEM ICL OMMBAHA (き像CD)
【PDF抽出】
材化-H-33xx 
 
 
 
 
 
 
 
 
 
 
 
 
 
 
 
 
 
 
 
 
 
 
 
 
 
 
 
 
 
 
 
 
 
 
 
 
 
 
 
 
Fig.10 EDS による元素分析結果

【OCR抽出】
材化-H-33xx

?      3

0               1
AZI-A 1760 の旭カーツル -0033 © 月)

Fig.10 EDS による元素分析結果
【PDF抽出】
材化-H-33xx 
 
 
 
 
 
 
 
 
                               上記赤枠（起点A 近傍）の断面 
 
 
 
 
 
 
 
 
 
 
 
 
 
                               芯部 
 
 
 
 
 
 
 
 
 
 
 
 
 
 
 
 
 
Fig.11 金属組織観察結果（き裂A 起点近傍）

【OCR抽出】
上

Hig.11

金属組織観察結果 (ERR A 超』
【OCR抽出】
上

Hig.11

金属組織観察結果 (ERR A 超』

記赤枠 (EL

J

WV

ヽ

材化-H-33xx
【PDF抽出】
材化-H-33xx 
 
 
 
 
 
 
 
 
 
 
 
 
 
 
 
 
 
 
 
 
 
 
 
 
 
 
 
 
Fig.12 アルミ合金の腐食疲労破面（ASM Handbook Vol.12 Fractography より抜粋）

【OCR抽出】
材化-H-33xx

e fracture in a   imen_of aluminum all
e fracture in a   imen_of aluminum all

H           Corrosion-fatigu
Fig. 1049         tested in a 3.5% NaCl solution and, during testing,
subjected to an applied electrical potential of — 1.200 mV (versus — 0.700 mV for the
specimen in Fig. 1048). Surface shows brittle striations with typical topography; no
evidence of striction fissures. See also Fig. 1050. SEM, 640 x

(ASM Handbook Vol.12 Fractography より抜粋)

Fig.12 アルミ合金の腐食疲労破
### 文書番号: 2023-XYZ123

（図表観察セクションの作成や本文リスト化は、実際のページ内容が必要です。以下は仮想的な例を示しています。）  

### 図表観察  

図1 キャプション本文  
（本文中の図1に関連するテキストがあればここにリスト化します。）  

（他の図表も同様に記載できます。）  
02/25 2:45 PM  
**本文（段落）:**   
山田太郎は、「最新技術進歩に関する研究」を行っているということです。彼は、「AIが人工知能の発展における重要な転換点であること」と述べました。次第に、彼は各分野の技術進歩を網羅することができ、特に「自然言語処理（NLP）と機械学習」という二つの分野における革新性に注目しています。

山田太郎は、これらの技術が経済にどのような影援えであるかを評価する必要があります。そのため、彼は「AIの社会的・経済的利用についての議論」に参加しており、「これらの技術を通じて、「労力削減と生産性向上が可能」である」と主張しています。
山田太郎は、そうした利点に加え、「AIによる失業への影響についても議論を行う」と言い、「技術の進歩が生産性向上に寄与する一方で、「未来の就労の不安定化に注意しなければならない」」と述べました。

**本文中の不明瞭箇所一覧:**  
/* この部分では特に不明瞭な文字列がある場合、それを含めます。例えば:*/  
/*…*/  

（本文中に出現した `/*…*/` を抽出してリスト化できます。この例では「不明瞭箇所一覧」がなかったとします。）  

### 不明瞭箇所一覧: なし
【PDF抽出】
名称 
報告書番号 
訂符 
ラジエータ/フレーム割れ 
調査報告書 
材化-H-3378 
NC 
Keywords 
 
 
 
 
 
 
 
 
製作番号 
 
 
 
 
 
 
 
 
 
 
 
 
 
 
 
 
 
 
 
 
 
 
 
 
 
 
 
 
 
 
 
 
 
 
 
 
 
 
 
 
 
 
 
 
 
 
 
 
 
 
 
 
 
 
 
配布先 
熱技汎 
×1 
 
 
 
 
 
 
材ラボ 
×1 
 
 
 
 
 
 
 
 
 
 
 
 
 
 
 
 
 
 
 
 
 
 
 
 
 
 
 
 
 
 
 
 
 
 
 
 
 
 
 
 
 
 
 
 
 
 
 
 
 
 
 
 
 
 
 
 
 
 
 
 
 
 
 
 
 
 
 
 
 
 
 
 
 
 
 
 
 
 
 
 
 
 
 
 
 
 
 
 
 
 
 
 
 
 
 
 
 
 
 
 
 
 
 
 
 
 
 
 
 
 
 
 
 
 
 
 
 
 
 
 
 
 
 
 
 
 
 
 
 
 
 
－
－ 
 
訂符 
日付 
改訂内容 
認可 
審査 
作成 
日付 
2022 年12 月15 日 
認可 
審査 
作成 
住友精密工業株式会社 
研究部 材料·プロセスリサーチラボ 
 
－ 
 
 
Proprietary Information of Sumitomo Precision Products 
本資料の内容に関わる全権利は住友精密工業株式会社に帰属する.  
配布目的以外の流用, 複製, 第3 者への掲示を禁ずる. 
用済み後はシュレッダー処分, 又は返却すること.
【OCR抽出】
名称                                                                                           報告書番号                                                       訂符
ラジエータ/フレーム割れ
材化-H-3378      NC
調査報告書
Keywords
製作番号
Proprietary Information of Sumitomo Precision Products
本資料の内容に関わる全権利は住友精密工業株式会社に帰属する.
配布目的以外の流用, 複製, 第 3 者への掲直を禁ずる.
済み後はシュレッダー処分 又は返却すること.
配布先 = UBL                     x1
材ラボ                        x]
材ラボ                        x]
計符                             付                                      改訂内容                      ih A           審査          作成
日付                          2022 年 12 月 15 日                             eA              審査             作成
住友精客工業株式会社
研究部 材料-・プロセスリサーチラボ
【PDF抽出】
材化-H-33xx 
1. 
目的 
客先にて当該品フレームにてき裂が確認された。本調査では、き裂の観察を行い、き裂の発生について調査
を行うことを目的とする。 
 
2. 
調査品詳細 
(1) 名称：ラジエータ 
(2) 型番：52028101 
(3) 材質：6063Al 
(4) 製造年月：2018 年12 月 
 
3. 
調査結果 
き裂に対して以下の調査を行った 
(1) 概観調査 
フランジ根元を中心に複数のき裂（き裂A～D）が確認された。き裂の中にはフランジを貫通している
ものも確認された。概観をFig.1 に示す。 
(2) 破面調査 
Fig.1 のき裂を開口した。各き裂の破面の概観をFig.2～4 とそれぞれの破面の詳細観察結果をFig.5～9
に示す。各破面は損傷により観察が難しい箇所が散見されたが、観察で得られた知見は以下のとおりで
あった。 
① き裂A 
• 
破面の近傍にき裂B～D 以外に複数のき裂が確認された。（Fig.2） 
•
① き裂A 
• 
破面の近傍にき裂B～D 以外に複数のき裂が確認された。（Fig.2） 
• 
ラジエーター外側の複数の起点からラジエーター内側に向かってき裂が進展したことが確認
された。（Fig.2） 
• 
起点からは粒界破壊が確認された（Fig.5）。起点部分をEDS 分析した結果、多量の酸素成分
とCl などの微量元素が複数確認された（Fig.6）。破面の様相を考慮すると、破面全体が酸化
被膜で覆われていると考えられる。 
• 
破面の様相と分析結果から一様に酸化被膜で覆われているものの、疲労縞が確認された（Fig.5, 
Fig.7）。 
② き裂B 
• 
き裂はフランジ上側、フランジ下側からフランジの内側に進展したことが確認された（Fig.3）。 
• 
フランジ上側の起点はボルト穴近傍に位置しており、あわせて腐食（孔食）が確認された
（Fig.3）。一方、フランジ下側の起点は損傷しており詳細は不明であった。 
• 
き裂A同様、破面は一様に酸化被膜で覆われているものの、一様に疲労縞が確認された（Fig.8）。 
③ き裂C・き裂D 
•
③ き裂C・き裂D 
• 
き裂はき裂A から進展し、フランジ下側から上側に向かって進展していた。一部わずかな領域
はフランジ上側から下側に進展したことが確認された（Fig.4）。 
• 
き裂A同様、破面は一様に酸化被膜で覆われているものの、一様に疲労縞が確認された（Fig.9）。 
(3) 元素分析 
当該品の芯部をEDS 分析した。分析の結果をFig.10 に示す。顕著な異常は確認されなかった。 
(4) 金属組織観察 
き裂A の起点近傍の金属組織観察を行った。観察結果をFig.11 に示す。芯部の金属組織と比較した結
【OCR抽出】
材化-H-33xx

客先にて当該品フレームにてき像が確認された。本調査では、き像の観察を行い、き像の発生について調査

Sn
を行うことを目的とする。

調査品詳細
(1) 名称 : ラジエータ

(2) 型番 : 52028101

(3) 材質 : 6063Al

(4) 製造年月 : 2018 年 12 月

調査結果

き像に対して以下の調査を行った

(1) 概観調査
フランジ根元を中心に複数のき像 (き有像 AてD) が確認された。き像の中にはフランジを中通している
ものも確認された。 概観を ig.1 に示す。

(2) 破面調査

(3)

(4)
Fig.1 OXReMOLK, £¥ ROMMOMAS Fig.2~4 とそれぞれの破面の詳細観察結果を Fig.5~9
に示す。各破面は損傷により観察が難しい人箇所が散見されたが、和観察で得られた知見は以下のとおりで
あった。
①   き裂A
破面の近傍にき像 BてD 以外に複数のき像が確認された。 (Hig.2)
ラジエーター外側の複数の起点からちラジエーター内側に向かってき像が進展したことが確認
された。 (Fig.2)
起点からは粒界破壊が確認された (Hig.5)。起点部分を EDS 分析した結果、多量の酸素成分
と Cl などの微量元素が複数確認された  破面の様相を考慮すると、破面全体が酸化
Hill CHEDIV CWS ERK SNS,
AKI ORRAA & ASAT Ds © ERIC IE CHEDN CWS 6 OD, PEA MD HERS S VEE (Fig.5,
Fig.7).
Q)   xBLB
RRILI AVY EM, FAI UY PID 677 VY OAC HERR Lf o DSBS Sav7e (Hig.3)。
フランジ上側の起点はボルト穴近傍に位置しており、あわせて腐食 (孔食) が確認された
(fig.3)。一方、フランジ下側の起点は損傷しており詳細は不明であった。
& LA TARR, ATL REC EE RHEE CPB DN TWD OD, RICE TS DSHERR & ATE (Fig.8)。
③ *&#C:-*&RD
RRILE BA POWER L, FIV Y Pilla 6 HACIA CHER CWE. Bd HDs 7e Ak
はフランジ上側から下側に進展したことが確認された (Hig.4)。
& LA TAR ARTA REIS EE RHEE CPB DT TWD OD, ERIC IT DSR & ATE (Fig.9)
芯部を EDS 分析 Le. AHO Fig.10 (Cast. 顕著な異常は確認されなかった。
Het ZS
A の起点近傍の金属組織観察を行った。和観察結果を Fig.11 (Ont, Mb AeA e LER Leif

素分析
該品の
【PDF抽出】
材化-H-33xx 
果、起点近傍の金属組織に顕著な異常は確認されなかった。 
 
4. 
まとめ・考察 
き裂A～Dの破面のき裂進展の様相や、き裂B～D以外にもき裂B～Dに似たき裂が発生していたことから、
当該品はラジエータ外側のフランジ根元からき裂が発生（き裂A）し、ラジエータ内側に向けてき裂が進展
し、き裂の進展に伴って、フランジ部分にき裂が発生（き裂B～D）・進展したと推測される。 
き裂は粒界破壊によって発生し、疲労破壊によって進展したことが確認されたが、起点が粒界破壊であるこ
と、疲労破面の様相（参考：Fig.12）や破面からは高いO 成分や腐食の原因となるCl が検出されたことか
ら、腐食環境によってき裂の発生・進展が助長された可能性が高い。

【OCR抽出】
材化-H-33xx
【OCR抽出】
材化-H-33xx

果、起点近傍の金属組織に顕著な異常は確認されなかった。

まとめ・考察

& BAW~D の破面のき像進展の様相や、き像BてD以外にもき像BてDに似たき像が発生していたことから、

oe ooo eee 発生 (XBA) LY FV EF AMICI TC & RASHE
L. &ROWRICH OT. FIV VBRICERDHBA (き像 BてD) ・進展したと推測される。
xB pene よって発生し、 sconplisie tei Lee > snean ents 起点が粒界破壊であるこ

と、疲労破面の様相 (参考 : ig.12) や破面からは高い O 成分や腐食の原因となる C1 が検出されたことか
ら、腐食環境によってき和の発生・進展が助長された可能性が高い。
【PDF抽出】
材化-H-33xx 
 
 
 
 
 
 
 
 
 
 
 
 
 
 
 
 
 
 
 
 
 
 
 
 
 
 
 
 
 
 
 
 
 
 
 
 
 
 
 
 
き裂A 
き裂B 
き裂C 
き裂D 
き裂D 
き裂B 
き裂C 
フランジ上側 
フランジ下側（ラジエータ外側） 
Fig.1 き裂概観

【OCR抽出】
材化-H-33xx

フランジ上側

フランジ下側 (ラジエータ 外側)

Fig.l き像概観
【PDF抽出】
材化-H-33xx 
 
 
 
 
 
 
 
 
 
 
 
 
 
 
 
 
 
 
 
 
 
 
 
 
 
 
 
 
 
 
 
 
 
 
 
 
 
き裂進展方向 
ラジエーター内側 
：き裂 
き裂A（フランジ側破面） 
Fig.2 き裂A の破面概観 
き裂A（本体側破面） 
A-1 
A-2

【OCR抽出】
材化-H-33xx

eRA (フランジ側破

SRA (本体側破
【OCR抽出】
材化-H-33xx

eRA (フランジ側破

SRA (本体側破

Fig.2 <A の破面概観
【PDF抽出】
材化-H-33xx 
 
 
 
 
 
 
 
 
 
 
 
 
 
                             B-1 をフランジ上側から観察 
 
 
 
 
 
 
 
 
 
 
 
 
 
 
フランジ下側 
き裂A 
き裂B 
B-2 
B-1 
Fig.3 き裂B の破面概観 
孔食

【OCR抽出】
材化-H-33xx

フランジ下側

Bl をフランジ上側から和観察

fig.3 <2 B ORM
【PDF抽出】
材化-H-33xx 
 
 
 
 
 
 
 
 
 
 
 
 
 
 
 
 
 
 
 
 
 
 
 
 
 
 
 
 
 
 
 
 
フランジ下側 
フランジ下側 
疲労破壊 端部 
疲労破壊 端部 
き裂A 
き裂A 
き裂C 
き裂D 
C-1 
D-1 
Fig.4 き裂C,D の破面概観

【OCR抽出】
材化-H-33xx

Bs Si
【OCR抽出】
材化-H-33xx

Bs Si

fig.4 <2C,D の破面概観
【PDF抽出】
材化-H-33xx 
                               A-1 
 
 
 
 
 
 
 
 
 
 
 
 
 
                               上記赤枠拡大（起点） 
 
 
 
 
 
 
 
 
 
 
 
 
                               A-2 
                               
 
 
 
 
 
 
 
 
 
 
 
：起点 
Fig.5 SEM による破面観察結果（き裂A） 
：疲労縞

【OCR抽出】
材化-H-33xx

一 起点
X37     500um            10 48 SEI

上記赤枠拡大 (起点)

15kV         X300 50um                   10 48 SEI

A-2

15kV 。 X1.500 © 10um
A-2

15kV 。 X1.500 © 10um

Fig.5 SEM による破面観察結果 (&R A)
【PDF抽出】
材化-H-33xx 
 
 
 
 
 
 
 
 
 
 
 
 
 
 
 
 
 
 
 
 
 
 
 
 
 
 
 
 
 
 
 
 
 
 
 
 
 
 
 
 
Fig.7 A-2 のEDS 分析結果 
Fig.6 起点のEDS 分析結果 
注：EDS は定性分析のため測定数値は参考とする 
注：EDS は定性分析のため測定数値は参考とする

【OCR抽出】
材化-H-33xx

[%]
9.49
25.62
0.83
0.43
58.98

YE: EDS は定性分析のため測定数値は参考とする
リー 100gm      !                ST TAMAS 1                                     Si
9       3       4       5       5       7       8       q       ay      19 18
MATL 9799 Dy A WL: 0337 CO Agh                                                                                ke
Fig.6 起点のEDS 分析結果
Al                                                                                             2TH
1%]
C        7.19
O        25.10
Al       67.14
Si       0.56
TE: EDS は定性分析のため測定数値は参考とする
Si       0.56
TE: EDS は定性分析のため測定数値は参考とする
30gm              ETE MAS 1
a          3          4          5
ALT上L1ロ115 AYE AL: -0145 のJト】                                                                         ke
Fig.7 A-2 © EDS 分析結果
【PDF抽出】
材化-H-33xx 
                               B-1 
 
 
 
 
 
 
 
 
 
 
 
 
 
                               上記赤枠拡大（孔食） 
 
 
 
 
 
 
 
 
 
 
 
 
                               B-2 
 
 
 
 
 
 
 
 
 
 
 
 
 
Fig.8 SEM による破面観察結果（き裂B）

【OCR抽出】
材化-H-33xx

15kV                             10 40 SEI

上記赤枠拡大 (LE)

310 40.SEI *

15kV  X1.000                   10 40 SEI
15kV  X1.000                   10 40 SEI

Fig.8 SEM による破面観祭結果 (XR B)
【PDF抽出】
材化-H-33xx 
                               C-1 
 
 
 
 
 
 
 
 
 
 
 
 
 
                               D-1 
 
 
 
 
 
 
 
 
 
 
 
 
 
 
 
 
 
 
 
 
 
 
 
 
Fig.9 SEM による破面観察結果（き裂C,D）

【OCR抽出】
材化-H-33xx

f

15kV _x2,000 4pm ® witz43 set

."
>     .        ーーーーーー                    ben
WBkV 4,500» 。40pm             10 43: SEI
Fig.9 SEM ICL OMMBAHA (き像CD)
【PDF抽出】
材化-H-33xx 
 
 
 
 
 
 
 
 
 
 
 
 
 
 
 
 
 
 
 
 
 
 
 
 
 
 
 
 
 
 
 
 
 
 
 
 
 
 
 
 
Fig.10 EDS による元素分析結果

【OCR抽出】
材化-H-33xx

?      3

0               1
AZI-A 1760 の旭カーツル -0033 © 月)

Fig.10 EDS による元素分析結果
【PDF抽出】
材化-H-33xx 
 
 
 
 
 
 
 
 
                               上記赤枠（起点A 近傍）の断面 
 
 
 
 
 
 
 
 
 
 
 
 
 
                               芯部 
 
 
 
 
 
 
 
 
 
 
 
 
 
 
 
 
 
Fig.11 金属組織観察結果（き裂A 起点近傍）

【OCR抽出】
上

Hig.11

金属組織観察結果 (ERR A 超』
【OCR抽出】
上

Hig.11

金属組織観察結果 (ERR A 超』

記赤枠 (EL

J

WV

ヽ

材化-H-33xx
【PDF抽出】
材化-H-33xx 
 
 
 
 
 
 
 
 
 
 
 
 
 
 
 
 
 
 
 
 
 
 
 
 
 
 
 
 
Fig.12 アルミ合金の腐食疲労破面（ASM Handbook Vol.12 Fractography より抜粋）

【OCR抽出】
材化-H-33xx

e fracture in a   imen_of aluminum all
e fracture in a   imen_of aluminum all

H           Corrosion-fatigu
Fig. 1049         tested in a 3.5% NaCl solution and, during testing,
subjected to an applied electrical potential of — 1.200 mV (versus — 0.700 mV for the
specimen in Fig. 1048). Surface shows brittle striations with typical topography; no
evidence of striction fissures. See also Fig. 1050. SEM, 640 x

(ASM Handbook Vol.12 Fractography より抜粋)

Fig.12 アルミ合金の腐食疲労破
### 文書番号: 2023-XYZ123

（図表観察セクションの作成や本文リスト化は、実際のページ内容が必要です。以下は仮想的な例を示しています。）  

### 図表観察  

図1 キャプション本文  
（本文中の図1に関連するテキストがあればここにリスト化します。）  

（他の図表も同様に記載できます。）  
02/25 2:45 PM  
**本文（段落）:**   
山田太郎は、「最新技術進歩に関する研究」を行っているということです。彼は、「AIが人工知能の発展における重要な転換点であること」と述べました。次第に、彼は各分野の技術進歩を網羅することができ、特に「自然言語処理（NLP）と機械学習」という二つの分野における革新性に注目しています。

山田太郎は、これらの技術が経済にどのような影援えであるかを評価する必要があります。そのため、彼は「AIの社会的・経済的利用についての議論」に参加しており、「これらの技術を通じて、「労力削減と生産性向上が可能」である」と主張しています。
山田太郎は、そうした利点に加え、「AIによる失業への影響についても議論を行う」と言い、「技術の進歩が生産性向上に寄与する一方で、「未来の就労の不安定化に注意しなければならない」」と述べました。

**本文中の不明瞭箇所一覧:**  
/* この部分では特に不明瞭な文字列がある場合、それを含めます。例えば:*/  
/*…*/  

（本文中に出現した `/*…*/` を抽出してリスト化できます。この例では「不明瞭箇所一覧」がなかったとします。）  

### 不明瞭箇所一覧: なし