📝 整形後:
## 報告書分析結果

**背景**

客先から漏洩が確認され、返却された当該品について、漏洩調査を行いました。調査の結果、溶接ビード近傍のピンホールから漏洩が確認されました。

**調査結果**

* X 線CT により、き裂が確認されました。
* 溶接厚さが最も薄い箇所には、カラーチェックで使用した赤色塗料と思われる付着物を確認しました。
* X 線CT でピンホールおよびき裂の直下に空隙が確認されました。

**考察**

当該漏洩は、溶接厚さが最も薄い箇所近傍のき裂から空隙を通ってビード側のピンホールに漏洩したと推測されます。

**結論**

溶接時に発生した割れが、き裂の発生に関連している可能性があります。

**今後**

* 溶接部の詳細な解析が必要です。
* 同じような漏洩発生の発生原因の特定が必要です。


=== ✂️ チャンク ===
## 報告書分析結果

**背景**

客先から漏洩が確認され、返却された当該品について、漏洩調査を行いました。調査の結果、溶接ビード近傍のピンホールから漏洩が確認されました。

**調査結果**

* X 線CT により、き裂が確認されました。
* 溶接厚さが最も薄い箇所には、カラーチェックで使用した赤色塗料と思われる付着物を確認しました。
* X 線CT でピンホールおよびき裂の直下に空隙が確認されました。

**考察**

当該漏洩は、溶接厚さが最も薄い箇所近傍のき裂から空隙を通ってビード側のピンホールに漏洩したと推測されます。

**結論**

溶接時に発生した割れが、き裂の発生に関連している可能性があります。

**今後**

* 溶接部の詳細な解析が必要です。
* 同じような漏洩発生の発生原因の特定が必要です。