【OCR】
【PDF抽出】
名称 
報告書番号 
訂符 
オイルクーラー漏洩箇所 
観察結果報告書 
材化-H-3393 
N C 
Keywords 
 
 
 
 
 
 
 
 
製作番号 
E15761 
 
 
 
 
 
 
 
 
 
 
 
 
 
 
 
 
 
 
 
 
 
 
 
 
 
 
 
 
 
 
配布先 
熱生技 
×1 
 
 
 
 
 
 
材ラボ 
×1 
 
 
 
 
 
 
 
 
 
 
 
 
 
 
 
 
 
 
 
 
 
 
 
 
 
 
 
 
 
 
 
 
 
 
 
 
 
 
 
 
 
 
 
 
 
 
 
 
 
 
 
 
 
 
 
 
 
 
 
 
 
 
 
 
 
 
 
 
 
 
 
 
 
 
 
 
 
 
 
 
 
 
 
 
 
 
 
 
 
 
 
 
Proprietary Information of Sumitomo Precision Products 
本資料の内容に関わる全権利は住友精密工業株式会社に帰属する.  
配布目的以外の流用, 複製, 第3 者への掲示を禁ずる. 
用済み後はシュレッダー処分, 又は返却すること. 
 
 
 
 
 
 
 
 
 
 
 
 
 
 
 
 
 
 
 
 
 
 
 
 
 
 
 
 
 
 
 
 
 
 
 
 
 
 
 
 
 
 
 
 
 
訂符 
日付 
改訂内容 
認可 
審査 
作成 
日付 
2023 年1 月19 日 
認可 
審査 
作成 
住友精密工業株式会社 
研究部 材料·プロセスリサーチラボ

【OCR抽出】
名称                     報告書番号             ave

符
オイルクーラー漏混箇所
観察結果報告書                           材化-H-3393              NC

製作番号                    E15761

配布先 熱生技       x]
材ラボ       x1

Proprietary Information of Sumitomo Precision Products

本資料の内容に関わる全権利は住友精密工業株式会社に帰属する.
配布目的以外の流用, BER, 第 3 者への掲示を禁ずる.

用済み後はシュレッダー処分, 又は返却すること.

計符        日付            改訂内容       a A   審査   作成

日付         2023 年 1 月 19 日          eA    審査    作成

住友精客工業株式会社

研究部 材料-プロセスリサーチラボ
【PDF抽出】
材化-H-3393 
1/4 
 
1. 
背景・目的 
客先で漏洩が確認され、返却された当該品に対して、漏洩調査を行ったところ、溶接ビード近傍の
ピンホールから漏洩が確認された。漏洩箇所近傍をX 線CT にて非破壊観察したところ、き裂が確
認された。 
本調査では、X 線CT にて確認されたき裂を開口・観察することを目的とする。 
 
2. 
関連文書 
材化-H-3386 オイルクーラー漏洩箇所観察結果報告 
 
3. 
調査品詳細 
(1) 名称：  
COOLER, OIL 
(2) 型番：  
51011001 
(3) 材質：  
A6061-T6 
(4) 製造年月： 
2021 年11 月 
(5) 使用期間： 
0 年 
 
4. 
調査結果 
(1) 漏洩箇所観察 
漏洩が確認された溶接箇所の概観をFig.1 に示す。X 線CT の非破壊観察結果（関連文書参照）
をもとにFig.1 の溶接箇所を開口した。開口で得られた面の概観をFig.2 に示す。 
溶接部分の厚さにバラつきが確認された。最も薄いところは表面（ビード側）から0.4mm 厚さ
程度であった。さらに、溶接領域に沿って微小なき裂が多数確認された。（Fig.2 参照） 
溶接厚さが最も薄い箇所にはカラーチェックで使用した赤色塗料と思われる付着物が確認さ
れた。また、漏洩試験にて漏洩が確認されたピンホールの表面にも同様の塗料が確認された。
（Fig.3 参照） 
 
(2) CT 観察 
漏洩箇所に限定してX 線CT にて観察した。観察結果をFig.4～5 に示す。ピンホールおよびき
裂の直下に空隙が確認された。 
 
5. 
考察 
以上のことから、当該漏洩は、溶接厚さが最も薄い箇所近傍のき裂から空隙を通ってビード側のピ
ンホールに漏洩したと推測される。 
き裂が微小なため、き裂の様相の詳細を観察することはできなかったが、溶接に沿って多数のき裂
が確認されたことから、溶接時に発生した割れの可能性が高いと推測する。

【OCR抽出】
材化-H-3393
1/4

背景・目的

客先で漏洩が確認され、返却された当該品に対して、漏洩調査を行ったところ、溶接ビード近傍の
ピンホールから漏洩が確認された。 漏洩筒所近修を X 線 CT にて非破壊観察したところ、き袋が確
fo SAUTE.

本調査では、X 線 CT IC CH MSNKEReH A+ GRTOLERAWETS.

関連文書
材化-H-3886 オイルクーラー少混箇所観察結果報告

調査品詳細
(1) 名称 :        COOLER, OIL
(2) 型番 :     51011001
(3) 材質 :A6061-T6
(4) 製造年月 :   2021 年 11 月
(5) 使用期間 :        0 年
調査結果
(1) 漏洩箇所観察
漏彰が確認された溶接箇所の概観を Fig.1 に示す。X 線 CT の非破壊観察結果 (関連文書参照)

をもとに Fig.1 の溶接箇所を開口した。 開口で得られた面の概観を Fig.2 に示す。

溶接部分の厚さにバラつきが確認された。 最も注いところは表面 (ビード側) から 0.4mm 厚さ
程度であった。さらに、 eee.    Bo CBU 72 & RUS BME EVI. (Fig.2 参照)

溶接厚さが最も薄い箇所にはカラーチェックで使用した赤色塗料と思われる付着物が確認さ
れた。また、 間介0 確認されたピンホールの表面にも同様の塗料が確認された。

(Fig.3 参照)

(2) CT 観察
漏洩箇所に限定して X 線 CT にて観察した。観察結果を Fig.4て5 にボす。ピビンホールおよびき
裂の直下に空隙が 際

考祭

以上のことから、当該漏彰は、溶接厚さが最も薄い箇所近人のき像から溢隙を通ってビード側の
ンホールに漏洩したと推測される。

き像が微小なため、き仙の様相の詳細を観察することはできなかったが、溶接に沿って多数のき仙
が確認されたことから、溶接時に発生した割れの可能性が高いと推測する。
【PDF抽出】
材化-H-3393 
2/4 
 
 
 
 
 
 
 
 
 
 
 
 
 
 
 
 
 
 
 
 
 
 
 
 
 
 
 
 
 
 
ピンホール 
Fig.1 漏洩箇所概観（開口前）／ビード側

【OCR抽出】
材化-H-3393
2/4

ピンホール

Fig.1 漏洩箇所概観 (開口前) プビード側
【PDF抽出】
材化-H-3393 
3/4 
 
 
 
 
 
 
 
 
 
 
 
 
 
 
 
 
 
 
 
 
 
 
 
 
 
 
 
 
 
 
 
 
 
 
 
 
 
 
 
 
Fig.2 漏洩箇所概観（開口後） 
ビード側 
溶接領域 
：き裂 
溶接厚さ0.4mm 
上記赤枠拡大 
注：溶接領域は開口時に強制破壊した

【OCR抽出】
材化-H-3393
3/4

注 : 次接領域は開口時に強制破壊した

FL

Fig.2 漏混箇所概観 (bao)
【PDF抽出】
材化-H-3393 
4/4 
 
 
 
 
 
 
 
 
 
 
 
 
 
 
 
 
 
 
 
 
 
 
 
 
 
 
 
 
 
 
 
Fig.3 漏洩箇所概観（開口後）／溶接ビード側 
ピンホール 
Fig.2 の観察面

【OCR抽出】
材化-H-3393
4/4

Fig.2 の観

Pd   ie Steet  本 を ee      :      efi.
Fig.8 漏洩箇所概観 (BAAR) /TAREE— Rill
【PDF抽出】
材化-H-3393 
5/4 
 
 
 
 
 
 
 
 
 
 
 
 
 
 
 
 
 
 
 
 
 
 
 
 
 
 
 
 
 
 
 
 
 
 
 
 
 
 
 
ビード側 
き裂 
空隙 
断面a 
Fig.2 の観察面 
断面a 
断面b 
断面c 
Fig.4 漏洩箇所断面観察（X 線CT）

【OCR抽出】
材化-H-3393
5/4

Fig.4 漏混箇所断面観祭 CX ik CT)
【PDF抽出】
材化-H-3393 
6/4 
 
 
 
 
 
 
 
 
 
 
 
 
 
 
 
 
 
 
 
 
 
 
 
 
 
 
 
 
 
 
 
 
 
 
 
 
 
 
断面c 
ピンホール 
断面b 
空隙 
空隙 
Fig.5 漏洩箇所断面観察（X 線CT）

【OCR抽出】
材化-H-3393
6/4

| OS oo

ピンホボール

還観祭 (区線 CT)

【整形】
### 文書番号

このセクションには「文書番号」が記されていません。


### 図表観察

（本ページ内では図表が見当たりません）

なし


本文（段落）

本ページ内に「文書番号」も「図N」や「Fig. N」のキャプションが記されていません。そのため、本文の再構成は不可能です。


### 不明瞭箇所一覧

（本文が存在しないため、ここに未出力されている）

なし


**注:** 実際のテキストデータを提供する必要があります。上記は仮想的なセクション構築に基づいたものです。

=== チャンク一覧 ===
【PDF抽出】
名称 
報告書番号 
訂符 
オイルクーラー漏洩箇所 
観察結果報告書 
材化-H-3393 
N C 
Keywords 
 
 
 
 
 
 
 
 
製作番号 
E15761 
 
 
 
 
 
 
 
 
 
 
 
 
 
 
 
 
 
 
 
 
 
 
 
 
 
 
 
 
 
 
配布先 
熱生技 
×1 
 
 
 
 
 
 
材ラボ 
×1 
 
 
 
 
 
 
 
 
 
 
 
 
 
 
 
 
 
 
 
 
 
 
 
 
 
 
 
 
 
 
 
 
 
 
 
 
 
 
 
 
 
 
 
 
 
 
 
 
 
 
 
 
 
 
 
 
 
 
 
 
 
 
 
 
 
 
 
 
 
 
 
 
 
 
 
 
 
 
 
 
 
 
 
 
 
 
 
 
 
 
 
 
Proprietary Information of Sumitomo Precision Products 
本資料の内容に関わる全権利は住友精密工業株式会社に帰属する.  
配布目的以外の流用, 複製, 第3 者への掲示を禁ずる.
配布目的以外の流用, 複製, 第3 者への掲示を禁ずる. 
用済み後はシュレッダー処分, 又は返却すること. 
 
 
 
 
 
 
 
 
 
 
 
 
 
 
 
 
 
 
 
 
 
 
 
 
 
 
 
 
 
 
 
 
 
 
 
 
 
 
 
 
 
 
 
 
 
訂符 
日付 
改訂内容 
認可 
審査 
作成 
日付 
2023 年1 月19 日 
認可 
審査 
作成 
住友精密工業株式会社 
研究部 材料·プロセスリサーチラボ
【OCR抽出】
名称                     報告書番号             ave

符
オイルクーラー漏混箇所
観察結果報告書                           材化-H-3393              NC

製作番号                    E15761

配布先 熱生技       x]
材ラボ       x1

Proprietary Information of Sumitomo Precision Products

本資料の内容に関わる全権利は住友精密工業株式会社に帰属する.
配布目的以外の流用, BER, 第 3 者への掲示を禁ずる.

用済み後はシュレッダー処分, 又は返却すること.

計符        日付            改訂内容       a A   審査   作成

日付         2023 年 1 月 19 日          eA    審査    作成

住友精客工業株式会社
研究部 材料-プロセスリサーチラボ
【PDF抽出】
材化-H-3393 
1/4 
 
1. 
背景・目的 
客先で漏洩が確認され、返却された当該品に対して、漏洩調査を行ったところ、溶接ビード近傍の
ピンホールから漏洩が確認された。漏洩箇所近傍をX 線CT にて非破壊観察したところ、き裂が確
認された。 
本調査では、X 線CT にて確認されたき裂を開口・観察することを目的とする。 
 
2. 
関連文書 
材化-H-3386 オイルクーラー漏洩箇所観察結果報告 
 
3. 
調査品詳細 
(1) 名称：  
COOLER, OIL 
(2) 型番：  
51011001 
(3) 材質：  
A6061-T6 
(4) 製造年月： 
2021 年11 月 
(5) 使用期間： 
0 年 
 
4. 
調査結果 
(1) 漏洩箇所観察 
漏洩が確認された溶接箇所の概観をFig.1 に示す。X 線CT の非破壊観察結果（関連文書参照）
をもとにFig.1 の溶接箇所を開口した。開口で得られた面の概観をFig.2 に示す。
をもとにFig.1 の溶接箇所を開口した。開口で得られた面の概観をFig.2 に示す。 
溶接部分の厚さにバラつきが確認された。最も薄いところは表面（ビード側）から0.4mm 厚さ
程度であった。さらに、溶接領域に沿って微小なき裂が多数確認された。（Fig.2 参照） 
溶接厚さが最も薄い箇所にはカラーチェックで使用した赤色塗料と思われる付着物が確認さ
れた。また、漏洩試験にて漏洩が確認されたピンホールの表面にも同様の塗料が確認された。
（Fig.3 参照） 
 
(2) CT 観察 
漏洩箇所に限定してX 線CT にて観察した。観察結果をFig.4～5 に示す。ピンホールおよびき
裂の直下に空隙が確認された。 
 
5. 
考察 
以上のことから、当該漏洩は、溶接厚さが最も薄い箇所近傍のき裂から空隙を通ってビード側のピ
ンホールに漏洩したと推測される。 
き裂が微小なため、き裂の様相の詳細を観察することはできなかったが、溶接に沿って多数のき裂
が確認されたことから、溶接時に発生した割れの可能性が高いと推測する。
【OCR抽出】
材化-H-3393
1/4

背景・目的

客先で漏洩が確認され、返却された当該品に対して、漏洩調査を行ったところ、溶接ビード近傍の
ピンホールから漏洩が確認された。 漏洩筒所近修を X 線 CT にて非破壊観察したところ、き袋が確
fo SAUTE.

本調査では、X 線 CT IC CH MSNKEReH A+ GRTOLERAWETS.

関連文書
材化-H-3886 オイルクーラー少混箇所観察結果報告

調査品詳細
(1) 名称 :        COOLER, OIL
(2) 型番 :     51011001
(3) 材質 :A6061-T6
(4) 製造年月 :   2021 年 11 月
(5) 使用期間 :        0 年
調査結果
(1) 漏洩箇所観察
漏彰が確認された溶接箇所の概観を Fig.1 に示す。X 線 CT の非破壊観察結果 (関連文書参照)

をもとに Fig.1 の溶接箇所を開口した。 開口で得られた面の概観を Fig.2 に示す。
をもとに Fig.1 の溶接箇所を開口した。 開口で得られた面の概観を Fig.2 に示す。

溶接部分の厚さにバラつきが確認された。 最も注いところは表面 (ビード側) から 0.4mm 厚さ
程度であった。さらに、 eee.    Bo CBU 72 & RUS BME EVI. (Fig.2 参照)

溶接厚さが最も薄い箇所にはカラーチェックで使用した赤色塗料と思われる付着物が確認さ
れた。また、 間介0 確認されたピンホールの表面にも同様の塗料が確認された。

(Fig.3 参照)

(2) CT 観察
漏洩箇所に限定して X 線 CT にて観察した。観察結果を Fig.4て5 にボす。ピビンホールおよびき
裂の直下に空隙が 際

考祭

以上のことから、当該漏彰は、溶接厚さが最も薄い箇所近人のき像から溢隙を通ってビード側の
ンホールに漏洩したと推測される。
き像が微小なため、き仙の様相の詳細を観察することはできなかったが、溶接に沿って多数のき仙
が確認されたことから、溶接時に発生した割れの可能性が高いと推測する。
【PDF抽出】
材化-H-3393 
2/4 
 
 
 
 
 
 
 
 
 
 
 
 
 
 
 
 
 
 
 
 
 
 
 
 
 
 
 
 
 
 
ピンホール 
Fig.1 漏洩箇所概観（開口前）／ビード側

【OCR抽出】
材化-H-3393
2/4

ピンホール

Fig.1 漏洩箇所概観 (開口前) プビード側
【PDF抽出】
材化-H-3393 
3/4 
 
 
 
 
 
 
 
 
 
 
 
 
 
 
 
 
 
 
 
 
 
 
 
 
 
 
 
 
 
 
 
 
 
 
 
 
 
 
 
 
Fig.2 漏洩箇所概観（開口後） 
ビード側 
溶接領域 
：き裂 
溶接厚さ0.4mm 
上記赤枠拡大 
注：溶接領域は開口時に強制破壊した

【OCR抽出】
材化-H-3393
3/4

注 : 次接領域は開口時に強制破壊した

FL
【OCR抽出】
材化-H-3393
3/4

注 : 次接領域は開口時に強制破壊した

FL

Fig.2 漏混箇所概観 (bao)
【PDF抽出】
材化-H-3393 
4/4 
 
 
 
 
 
 
 
 
 
 
 
 
 
 
 
 
 
 
 
 
 
 
 
 
 
 
 
 
 
 
 
Fig.3 漏洩箇所概観（開口後）／溶接ビード側 
ピンホール 
Fig.2 の観察面

【OCR抽出】
材化-H-3393
4/4

Fig.2 の観

Pd   ie Steet  本 を ee      :      efi.
Fig.8 漏洩箇所概観 (BAAR) /TAREE— Rill
【PDF抽出】
材化-H-3393 
5/4 
 
 
 
 
 
 
 
 
 
 
 
 
 
 
 
 
 
 
 
 
 
 
 
 
 
 
 
 
 
 
 
 
 
 
 
 
 
 
 
ビード側 
き裂 
空隙 
断面a 
Fig.2 の観察面 
断面a 
断面b 
断面c 
Fig.4 漏洩箇所断面観察（X 線CT）

【OCR抽出】
材化-H-3393
5/4
【OCR抽出】
材化-H-3393
5/4

Fig.4 漏混箇所断面観祭 CX ik CT)
【PDF抽出】
材化-H-3393 
6/4 
 
 
 
 
 
 
 
 
 
 
 
 
 
 
 
 
 
 
 
 
 
 
 
 
 
 
 
 
 
 
 
 
 
 
 
 
 
 
断面c 
ピンホール 
断面b 
空隙 
空隙 
Fig.5 漏洩箇所断面観察（X 線CT）

【OCR抽出】
材化-H-3393
6/4

| OS oo

ピンホボール

還観祭 (区線 CT)
### 文書番号

このセクションには「文書番号」が記されていません。


### 図表観察

（本ページ内では図表が見当たりません）

なし


本文（段落）

本ページ内に「文書番号」も「図N」や「Fig. N」のキャプションが記されていません。そのため、本文の再構成は不可能です。


### 不明瞭箇所一覧

（本文が存在しないため、ここに未出力されている）

なし


**注:** 実際のテキストデータを提供する必要があります。上記は仮想的なセクション構築に基づいたものです。
【PDF抽出】
名称 
報告書番号 
訂符 
オイルクーラー漏洩箇所 
観察結果報告書 
材化-H-3393 
N C 
Keywords 
 
 
 
 
 
 
 
 
製作番号 
E15761 
 
 
 
 
 
 
 
 
 
 
 
 
 
 
 
 
 
 
 
 
 
 
 
 
 
 
 
 
 
 
配布先 
熱生技 
×1 
 
 
 
 
 
 
材ラボ 
×1 
 
 
 
 
 
 
 
 
 
 
 
 
 
 
 
 
 
 
 
 
 
 
 
 
 
 
 
 
 
 
 
 
 
 
 
 
 
 
 
 
 
 
 
 
 
 
 
 
 
 
 
 
 
 
 
 
 
 
 
 
 
 
 
 
 
 
 
 
 
 
 
 
 
 
 
 
 
 
 
 
 
 
 
 
 
 
 
 
 
 
 
 
Proprietary Information of Sumitomo Precision Products 
本資料の内容に関わる全権利は住友精密工業株式会社に帰属する.  
配布目的以外の流用, 複製, 第3 者への掲示を禁ずる.
配布目的以外の流用, 複製, 第3 者への掲示を禁ずる. 
用済み後はシュレッダー処分, 又は返却すること. 
 
 
 
 
 
 
 
 
 
 
 
 
 
 
 
 
 
 
 
 
 
 
 
 
 
 
 
 
 
 
 
 
 
 
 
 
 
 
 
 
 
 
 
 
 
訂符 
日付 
改訂内容 
認可 
審査 
作成 
日付 
2023 年1 月19 日 
認可 
審査 
作成 
住友精密工業株式会社 
研究部 材料·プロセスリサーチラボ
【OCR抽出】
名称                     報告書番号             ave

符
オイルクーラー漏混箇所
観察結果報告書                           材化-H-3393              NC

製作番号                    E15761

配布先 熱生技       x]
材ラボ       x1

Proprietary Information of Sumitomo Precision Products

本資料の内容に関わる全権利は住友精密工業株式会社に帰属する.
配布目的以外の流用, BER, 第 3 者への掲示を禁ずる.

用済み後はシュレッダー処分, 又は返却すること.

計符        日付            改訂内容       a A   審査   作成

日付         2023 年 1 月 19 日          eA    審査    作成

住友精客工業株式会社
研究部 材料-プロセスリサーチラボ
【PDF抽出】
材化-H-3393 
1/4 
 
1. 
背景・目的 
客先で漏洩が確認され、返却された当該品に対して、漏洩調査を行ったところ、溶接ビード近傍の
ピンホールから漏洩が確認された。漏洩箇所近傍をX 線CT にて非破壊観察したところ、き裂が確
認された。 
本調査では、X 線CT にて確認されたき裂を開口・観察することを目的とする。 
 
2. 
関連文書 
材化-H-3386 オイルクーラー漏洩箇所観察結果報告 
 
3. 
調査品詳細 
(1) 名称：  
COOLER, OIL 
(2) 型番：  
51011001 
(3) 材質：  
A6061-T6 
(4) 製造年月： 
2021 年11 月 
(5) 使用期間： 
0 年 
 
4. 
調査結果 
(1) 漏洩箇所観察 
漏洩が確認された溶接箇所の概観をFig.1 に示す。X 線CT の非破壊観察結果（関連文書参照）
をもとにFig.1 の溶接箇所を開口した。開口で得られた面の概観をFig.2 に示す。
をもとにFig.1 の溶接箇所を開口した。開口で得られた面の概観をFig.2 に示す。 
溶接部分の厚さにバラつきが確認された。最も薄いところは表面（ビード側）から0.4mm 厚さ
程度であった。さらに、溶接領域に沿って微小なき裂が多数確認された。（Fig.2 参照） 
溶接厚さが最も薄い箇所にはカラーチェックで使用した赤色塗料と思われる付着物が確認さ
れた。また、漏洩試験にて漏洩が確認されたピンホールの表面にも同様の塗料が確認された。
（Fig.3 参照） 
 
(2) CT 観察 
漏洩箇所に限定してX 線CT にて観察した。観察結果をFig.4～5 に示す。ピンホールおよびき
裂の直下に空隙が確認された。 
 
5. 
考察 
以上のことから、当該漏洩は、溶接厚さが最も薄い箇所近傍のき裂から空隙を通ってビード側のピ
ンホールに漏洩したと推測される。 
き裂が微小なため、き裂の様相の詳細を観察することはできなかったが、溶接に沿って多数のき裂
が確認されたことから、溶接時に発生した割れの可能性が高いと推測する。
【OCR抽出】
材化-H-3393
1/4

背景・目的

客先で漏洩が確認され、返却された当該品に対して、漏洩調査を行ったところ、溶接ビード近傍の
ピンホールから漏洩が確認された。 漏洩筒所近修を X 線 CT にて非破壊観察したところ、き袋が確
fo SAUTE.

本調査では、X 線 CT IC CH MSNKEReH A+ GRTOLERAWETS.

関連文書
材化-H-3886 オイルクーラー少混箇所観察結果報告

調査品詳細
(1) 名称 :        COOLER, OIL
(2) 型番 :     51011001
(3) 材質 :A6061-T6
(4) 製造年月 :   2021 年 11 月
(5) 使用期間 :        0 年
調査結果
(1) 漏洩箇所観察
漏彰が確認された溶接箇所の概観を Fig.1 に示す。X 線 CT の非破壊観察結果 (関連文書参照)

をもとに Fig.1 の溶接箇所を開口した。 開口で得られた面の概観を Fig.2 に示す。
をもとに Fig.1 の溶接箇所を開口した。 開口で得られた面の概観を Fig.2 に示す。

溶接部分の厚さにバラつきが確認された。 最も注いところは表面 (ビード側) から 0.4mm 厚さ
程度であった。さらに、 eee.    Bo CBU 72 & RUS BME EVI. (Fig.2 参照)

溶接厚さが最も薄い箇所にはカラーチェックで使用した赤色塗料と思われる付着物が確認さ
れた。また、 間介0 確認されたピンホールの表面にも同様の塗料が確認された。

(Fig.3 参照)

(2) CT 観察
漏洩箇所に限定して X 線 CT にて観察した。観察結果を Fig.4て5 にボす。ピビンホールおよびき
裂の直下に空隙が 際

考祭

以上のことから、当該漏彰は、溶接厚さが最も薄い箇所近人のき像から溢隙を通ってビード側の
ンホールに漏洩したと推測される。
き像が微小なため、き仙の様相の詳細を観察することはできなかったが、溶接に沿って多数のき仙
が確認されたことから、溶接時に発生した割れの可能性が高いと推測する。
【PDF抽出】
材化-H-3393 
2/4 
 
 
 
 
 
 
 
 
 
 
 
 
 
 
 
 
 
 
 
 
 
 
 
 
 
 
 
 
 
 
ピンホール 
Fig.1 漏洩箇所概観（開口前）／ビード側

【OCR抽出】
材化-H-3393
2/4

ピンホール

Fig.1 漏洩箇所概観 (開口前) プビード側
【PDF抽出】
材化-H-3393 
3/4 
 
 
 
 
 
 
 
 
 
 
 
 
 
 
 
 
 
 
 
 
 
 
 
 
 
 
 
 
 
 
 
 
 
 
 
 
 
 
 
 
Fig.2 漏洩箇所概観（開口後） 
ビード側 
溶接領域 
：き裂 
溶接厚さ0.4mm 
上記赤枠拡大 
注：溶接領域は開口時に強制破壊した

【OCR抽出】
材化-H-3393
3/4

注 : 次接領域は開口時に強制破壊した

FL
【OCR抽出】
材化-H-3393
3/4

注 : 次接領域は開口時に強制破壊した

FL

Fig.2 漏混箇所概観 (bao)
【PDF抽出】
材化-H-3393 
4/4 
 
 
 
 
 
 
 
 
 
 
 
 
 
 
 
 
 
 
 
 
 
 
 
 
 
 
 
 
 
 
 
Fig.3 漏洩箇所概観（開口後）／溶接ビード側 
ピンホール 
Fig.2 の観察面

【OCR抽出】
材化-H-3393
4/4

Fig.2 の観

Pd   ie Steet  本 を ee      :      efi.
Fig.8 漏洩箇所概観 (BAAR) /TAREE— Rill
【PDF抽出】
材化-H-3393 
5/4 
 
 
 
 
 
 
 
 
 
 
 
 
 
 
 
 
 
 
 
 
 
 
 
 
 
 
 
 
 
 
 
 
 
 
 
 
 
 
 
ビード側 
き裂 
空隙 
断面a 
Fig.2 の観察面 
断面a 
断面b 
断面c 
Fig.4 漏洩箇所断面観察（X 線CT）

【OCR抽出】
材化-H-3393
5/4
【OCR抽出】
材化-H-3393
5/4

Fig.4 漏混箇所断面観祭 CX ik CT)
【PDF抽出】
材化-H-3393 
6/4 
 
 
 
 
 
 
 
 
 
 
 
 
 
 
 
 
 
 
 
 
 
 
 
 
 
 
 
 
 
 
 
 
 
 
 
 
 
 
断面c 
ピンホール 
断面b 
空隙 
空隙 
Fig.5 漏洩箇所断面観察（X 線CT）

【OCR抽出】
材化-H-3393
6/4

| OS oo

ピンホボール

還観祭 (区線 CT)
### 文書番号

このセクションには「文書番号」が記されていません。


### 図表観察

（本ページ内では図表が見当たりません）

なし


本文（段落）

本ページ内に「文書番号」も「図N」や「Fig. N」のキャプションが記されていません。そのため、本文の再構成は不可能です。


### 不明瞭箇所一覧

（本文が存在しないため、ここに未出力されている）

なし


**注:** 実際のテキストデータを提供する必要があります。上記は仮想的なセクション構築に基づいたものです。