【OCR】
【PDF抽出】
名称 
報告書番号 
訂符 
水素用管型熱交換器 
破損調査報告書 
材化-H-3411 
NC 
Keywords 
 
 
 
 
 
 
 
 
製作番号 
 
 
 
 
 
 
 
 
 
 
 
 
 
 
 
 
 
 
 
 
 
 
 
 
 
 
 
 
 
 
 
 
 
 
 
 
 
 
 
 
 
 
 
 
 
 
 
 
 
 
 
 
 
 
 
配布先 
航熱設 
×1 
 
 
 
 
 
 
材ラボ 
×1 
 
 
 
 
 
 
 
 
 
 
 
 
 
 
 
 
 
 
 
 
 
 
 
 
 
 
 
 
 
 
 
 
 
 
 
 
 
 
 
 
 
 
 
 
 
 
 
 
 
 
 
 
 
 
 
 
 
 
 
 
 
 
 
 
 
 
 
 
 
 
 
 
 
 
 
 
 
 
 
 
 
 
 
 
 
 
 
 
 
 
 
 
 
 
 
 
 
 
 
 
 
 
 
 
 
 
 
 
 
 
 
 
 
 
 
 
 
 
 
 
 
 
 
 
 
 
 
 
 
 
 
－ 
 
訂符 
日付 
改訂内容 
認可 
審査 
作成 
日付 
2023 年4 月6 日 
認可 
審査 
作成 
住友精密工業株式会社 
研究部 材料·プロセスリサーチラボ 
 
－ 
 
 
Proprietary Information of Sumitomo Precision Products 
本資料の内容に関わる全権利は住友精密工業株式会社に帰属する.  
配布目的以外の流用, 複製, 第3 者への掲示を禁ずる. 
用済み後はシュレッダー処分, 又は返却すること.

【OCR抽出】
名称                                                                                           報告書番号                                                       訂符
水素用管型熱交換綿
材化-H-3411       NC
破損調査報告書
Keywords
抽作番号
Proprietary Information of Sumitomo Precision Products
本資料の内容に関わる全権利は住友精密工業株式会社に帰属する.
配布目的以外の流用, 複製, 第 3 者への掲直を禁ずる.
済み後はシュレッダー処分 又は返却すること.
配布先 航熱設                        x1
材ラボ                        x]
計符                             付                                      改訂内容                      ih A           審査          作成
日付                          2023 年4月6                                eA             審査            作成

住友精客工業株式会社

研究部 材料-・プロセスリサーチラボ
【PDF抽出】
材化-H-3411 
1. 
背景・目的 
水素用管型熱交換機 試作供試体にて性能試験を実施したところ、当該品に破損が発生した。本調査では、
破損箇所の観察を行うことを目的とする。 
 
2. 
調査品詳細 
(1) 品名／型番：61333101-1 
(2) 材質：321SUS（チューブ）、BNi-1A（ろう付け） 
(3) 性能試験環境：大気200℃に-190℃窒素（チューブ内側）を流す 
(4) 製造履歴：別添資料参照 
 
3. 
調査結果 
エンドプレートと管のろう付け箇所近傍の4 か所で破断（IN 側：1 か所、OUT 側：3 か所）が確認された。 
それぞれの破面の概観をFig.1 に示す。 
IN 側の破面（破面1）とOUT 側の破面（破面2, 3, 4）の観察結果は以下のとおり。 
(1) IN 側の破面（破面1） 
• 
破面やその近傍に顕著な塑性変形は確認されなかった。 
• 
破面の多くは損傷していたが、破面やその近傍から変色（テンパーカラー）が確認された。 
• 
電子顕微鏡にて破面を確認した結果、破面の多くは損傷・酸化被膜に覆われており、破面の詳細を
確認することはできなかったが、損傷しているものの疲労破面と推測される破面（Fig.2）を確認
した。 
• 
元素分析した結果、SUS321 の要求を満たすことが確認された（Fig.2）。 
(2) OUT 側の破面（破面2, 3, 4） 
全ての破面で似た様相が確認された。破面の特徴は以下のとおり。 
• 
破面やその近傍に顕著な塑性変形は見られなかった。 
• 
破面の多くは損傷していたが、破面やその近傍から変色（テンパーカラー）が確認された。 
• 
電子顕微鏡にて破面を確認した結果、破面の多くは損傷・酸化被膜に覆われており、破面の詳細を
確認することはできなかった。被膜から酸化被膜の成分に加えて、Zn やCd が確認された（Fig.3） 
• 
破面の断面を観察した結果、様相から粒界破壊と推測される。破断箇所以外に複数のき裂がチュー
ブの内径・外径に確認された（Fig.4）。 
• 
破面近傍の元素成分を分析した結果、Cr 成分が要求値より低いことが確認された（Fig.5） 
• 
また、確認された破面やき裂、チューブ表面に一様に酸化被膜が確認された（Fig.5） 
 
4. 
考察・まとめ 
以上の観察結果から、今回の破断は、溶接工程にて鋭敏化が発生し、（チューブのひずみ修正にてチューブ
内に残留応力を蓄えた状態で）性能試験にて脆化破壊（粒界破壊）が発生したと推測する。 
製造履歴に沿って、以下詳細に示す 
【60 工程もしくは80 工程：溶接】 
溶接によって発生した熱が熱交換器内に溜まるなどして、長時間の高温環境が部分的（例：チューブ根元）
に発生し、チューブの一部が鋭敏化（Fig.5）。その際に、チューブ近傍にテンパーカラーが発生。 
【110 工程：曲がり修正】 
チューブの曲がりを修正することで、チューブ内に残留応力が発生。小さい負荷で破断しやすい環境になっ

【OCR抽出】
4.

材化-H-3411

背景・目的
水素用管型熱交換機 試作供試体にて性能試験を実施したところ、当該品に破損が発生した。本調査では、
破損箇所の観察を行うことを —_—
調査品詳細
(1) 品名型番 : 61833101-1
(2) 材質 : 3218SUS (チューブ) 、BNi-1A (ろう付け)
(3) 性能試験環境 : 大気 200Cに-190で窒素 (チューブ内側) を流す
(4) 製造履歴 : 別添資料参照
調査結果
エンドプレートと管のろう付け箇所近傍の 4 か所で破断 CIN 側 : 1か所、OUT 側 : 8か所) が確認された。
それぞれの破面の概観を Tig.1 に示す。
IN 側の破面 (破面 1) とOUT 側の破面 (破面 2,. 83, 4) の観察結果は以下のとおり。
(1) IN側の破面 (破面 1)
破面やその近傍に顕著な環性変形は確認されなかった。
破面の多くは損傷していたが、破面やその近傍から変色 (テンパーカラー) が確認された。
電子顕微鏡にて破面を確認 した結果、破面の多くは損傷・酸化被膜に嗣われており、破面の詳細を
確認することはできなかったが、損傷しているものの疲労破面と推測される破面 (Hig.2) を確認

した。

元素分析 した結果、SUS321 の要求を満たすことが確認された (Hig.2)。

(2) OUT 側の破面 (破面 2, 3, 4)

全ての破面で似た様相が確
AKO SE OUTAGES BEA ILL Be Fe
していたが、

破面の多

電子顕微鏡に

くは損傷

CHR IE

を

3

ry さ れた o

確認

破面の特徴は以下のと

AK TO Zh DIED
した結果、破面の多くは

目傷

と3

おり。

変色 (テンパーカラー) が確認された。
> WEIR CBD CB). ATE

の詳細を

酸化被膜の成分( こ加えて、   Zn や Cd が 確認された  (Fig. 3)

TLIC EEO & RF a —

22H

認された   (fig.5)

確認することはできなかった。 被膜から
破面の断面を観察した結果、様相から粒界破壊と推測される。 ARB
ブの内径・外径に確認された (Hig.4)。
破面近傍の元素成分を分析 した結果、Cr 成分が要求値より低いことが確認された (Hig.5)
また、確認された破面やき像、チュープブ表面に一様に酸化被膜が確
考察・まとめ
以上の観察結果から、今回の破断は、溶接工程にて鋭敏化が発生し、

内に残留応力を著
製造履歴に

溶接によって発生

【110 工程 : 曲が

チューブの

こ状態

え

Le ZAZA

0 {E1E)

で) ・

va
BAS

TN

132)

Ae Hi
に発生し、チューブの一部が鋭敏化 (Fig.5)。

内に溜まるなどして、長時間

がりを修正することで、チューブ内に残留応力が発生。

その際に、チューブ:

生能試験にて脆化破壊 (粒界破壊) が発生したと推
沿って、以下詳細に示す
【60 工程もしくは80 工程 :
の高温環
近修にテンパーカラーが発生。

(チューブのひずみ修正にてチューブ

出する。

小さい負荷で破断 しやすい環境

境が部分的 (例 : チューブ根元)

(になっ
【PDF抽出】
材化-H-3411 
た。 
【140 工程：性能試験】 
鋭敏化による材料の脆化、チューブ内の残留応力、低温環境での試験（低温環境では材料は一般的に脆化し
やすい傾向）によって、性能試験中にチューブが破断。破断箇所以外でもチューブ内径にき裂（Fig.4）が
発生。 
【150 工程：トーチろう付け】 
トーチろう付けしたろうおよびろう付けの熱が、チューブ内径を伝って、チューブの破面やき裂部分に侵入。
破面やチューブ内径を酸化（Fig.4）させた。ろうも破面の一部に付着し、ろうの成分であるCd やZn を含
む酸化被膜（Fig.3）を破面上に形成。

【OCR抽出】
材化-H-3411
た。
【140 工程 : 性能試験】
鋭敏人比による材料の脆化、チューブ内の残留応力、低温環境での試験 (低温環境では材料は一般的に脆化し
やすい傾向) によって、性能試験中にチューブが破断。破断箇所以外でもチューブ内径にき像 (Fig.4) が
発生。
【150 工程 : トーチろう付け】
トーチろう付けしたろうおよびろう付けの熱が、チューブ内径を伝って、チューブの破面やき像部分に侵入。
破面やチューブ内径を酸化 (Fig.4) させた。ろうも破面の一部に付着し、ろうの成分である Cd や Zn を含
む酸化被膜 (Fig.3) を破面上に形成。
【PDF抽出】
材化-H-3411 
 
 
 
 
 
 
 
 
 
 
 
 
 
 
 
 
 
 
 
 
 
 
 
 
 
 
 
 
 
 
 
 
 
 
 
 
 
 
 
破面1 
破面2 
破面3 
破面4 
Fig.1 破面概観

【OCR抽出】
材化-H-3411

Fig.1 破面概観
【PDF抽出】
材化-H-3411 
 
 
 
 
 
 
 
 
 
 
 
 
 
 
 
 
 
 
 
 
 
 
 
 
 
 
 
 
 
 
 
 
 
 
 
 
 
 
 
Fig.2 破面1 の破面とEDS 元素分析結果

【OCR抽出】
材化-H-3411

=
=      ーー

ny
ーー
*

。 15kV  X3.000 = Sum     10!45 SEI

Fig.2 人破面 1の破面と EDS 元素分析結果
【PDF抽出】
材化-H-3411 
 
 
 
 
 
 
 
 
 
 
 
 
 
 
 
 
 
 
 
 
 
 
 
 
 
 
 
 
 
 
 
 
 
 
 
 
 
 
Fig.3 破面2 の破面上の被膜とEDS 元素分析結果

【OCR抽出】
材化-H-3411

15kV 。 X1.590"

Fig.3 人破面2 の破面上の被膜と EDS 元素分析結果
【PDF抽出】
材化-H-3411 
 
 
 
 
 
 
 
 
 
 
 
 
 
 
 
                               上記赤枠拡大 
 
 
 
 
 
 
 
 
 
 
 
 
                               破面近傍（内径側） 
 
 
 
 
 
 
 
 
 
 
Fig.4 断面観察（破面3） 
破面 
内
径 
外
径 
付着物 
クラック 
付着物 
クラック

【OCR抽出】
材化-H-3411

上記赤枠拡大

破面近傍 (AEA)

1OOm

Fig.4 断面観察 (破面 3)
【PDF抽出】
材化-H-3411 
 
 
 
 
 
 
 
 
 
 
 
 
 
 
 
 
 
 
 
 
 
 
 
 
 
 
 
 
 
 
 
 
 
 
 
 
 
 
 
 
 
Fig.5 断面観察 EDS 分析 
上：破面近傍の母材／下：付着物

【OCR抽出】
電子題仙鏡像 1

ET MAS 1

材化-H-3411

AOR 1

0         1          2         3         4         5         6
PATIL 1292 Ah Ae: -O240 COA

T                                                                                         ASO ML 2

ロ       1       3       3       4       5       5       ?       8      10      11
サー上L 1870 Ay h AML: -O.199 (Oo                                                                             ke

上 ・

Fig.5 断面観察 EDS 分析
破面近傍の母材下 : 付着物

【整形】

### 文書番号: [ページ番号]  

**図表観察:**  

- 図1 キャプション本文：[図説明の日本語テキスト]。  

- 図2 キャプション本文：[図説明の日本語テキスト]。   end= Document Title: [ページ番号] - Essential Commands Handbook  
**図表観察:**  
- 図1 キャプション本文：[図説明の日本語テキスト]。  

- 図2 キャプション本文：[図説明の日本語テキスト]。   end= Document Title: [ページ番号] - Essential Commands Handbook  
**本文（段落）:**  
「[全行列挙されたOCR出力テキスト]」。   end= Document Title: [ページ番号] - Essential Commands Handbook  
**不明瞭箇所一覧:**  
- /*…*/文字列1。  
- /*…*/文字列2。  
- /*…*/文字列3。 end= Document Title: [ページ番号] - Essential Commands Handbook  


=== チャンク一覧 ===
【PDF抽出】
名称 
報告書番号 
訂符 
水素用管型熱交換器 
破損調査報告書 
材化-H-3411 
NC 
Keywords 
 
 
 
 
 
 
 
 
製作番号 
 
 
 
 
 
 
 
 
 
 
 
 
 
 
 
 
 
 
 
 
 
 
 
 
 
 
 
 
 
 
 
 
 
 
 
 
 
 
 
 
 
 
 
 
 
 
 
 
 
 
 
 
 
 
 
配布先 
航熱設 
×1 
 
 
 
 
 
 
材ラボ 
×1 
 
 
 
 
 
 
 
 
 
 
 
 
 
 
 
 
 
 
 
 
 
 
 
 
 
 
 
 
 
 
 
 
 
 
 
 
 
 
 
 
 
 
 
 
 
 
 
 
 
 
 
 
 
 
 
 
 
 
 
 
 
 
 
 
 
 
 
 
 
 
 
 
 
 
 
 
 
 
 
 
 
 
 
 
 
 
 
 
 
 
 
 
 
 
 
 
 
 
 
 
 
 
 
 
 
 
 
 
 
 
 
 
 
 
 
 
 
 
 
 
 
 
 
 
 
 
 
 
 
 
 
－
－ 
 
訂符 
日付 
改訂内容 
認可 
審査 
作成 
日付 
2023 年4 月6 日 
認可 
審査 
作成 
住友精密工業株式会社 
研究部 材料·プロセスリサーチラボ 
 
－ 
 
 
Proprietary Information of Sumitomo Precision Products 
本資料の内容に関わる全権利は住友精密工業株式会社に帰属する.  
配布目的以外の流用, 複製, 第3 者への掲示を禁ずる. 
用済み後はシュレッダー処分, 又は返却すること.
【OCR抽出】
名称                                                                                           報告書番号                                                       訂符
水素用管型熱交換綿
材化-H-3411       NC
破損調査報告書
Keywords
抽作番号
Proprietary Information of Sumitomo Precision Products
本資料の内容に関わる全権利は住友精密工業株式会社に帰属する.
配布目的以外の流用, 複製, 第 3 者への掲直を禁ずる.
済み後はシュレッダー処分 又は返却すること.
配布先 航熱設                        x1
材ラボ                        x]
材ラボ                        x]
計符                             付                                      改訂内容                      ih A           審査          作成
日付                          2023 年4月6                                eA             審査            作成
住友精客工業株式会社
研究部 材料-・プロセスリサーチラボ
【PDF抽出】
材化-H-3411 
1. 
背景・目的 
水素用管型熱交換機 試作供試体にて性能試験を実施したところ、当該品に破損が発生した。本調査では、
破損箇所の観察を行うことを目的とする。 
 
2. 
調査品詳細 
(1) 品名／型番：61333101-1 
(2) 材質：321SUS（チューブ）、BNi-1A（ろう付け） 
(3) 性能試験環境：大気200℃に-190℃窒素（チューブ内側）を流す 
(4) 製造履歴：別添資料参照 
 
3. 
調査結果 
エンドプレートと管のろう付け箇所近傍の4 か所で破断（IN 側：1 か所、OUT 側：3 か所）が確認された。 
それぞれの破面の概観をFig.1 に示す。 
IN 側の破面（破面1）とOUT 側の破面（破面2, 3, 4）の観察結果は以下のとおり。 
(1) IN 側の破面（破面1） 
• 
破面やその近傍に顕著な塑性変形は確認されなかった。 
• 
破面の多くは損傷していたが、破面やその近傍から変色（テンパーカラー）が確認された。 
•
• 
破面の多くは損傷していたが、破面やその近傍から変色（テンパーカラー）が確認された。 
• 
電子顕微鏡にて破面を確認した結果、破面の多くは損傷・酸化被膜に覆われており、破面の詳細を
確認することはできなかったが、損傷しているものの疲労破面と推測される破面（Fig.2）を確認
した。 
• 
元素分析した結果、SUS321 の要求を満たすことが確認された（Fig.2）。 
(2) OUT 側の破面（破面2, 3, 4） 
全ての破面で似た様相が確認された。破面の特徴は以下のとおり。 
• 
破面やその近傍に顕著な塑性変形は見られなかった。 
• 
破面の多くは損傷していたが、破面やその近傍から変色（テンパーカラー）が確認された。 
• 
電子顕微鏡にて破面を確認した結果、破面の多くは損傷・酸化被膜に覆われており、破面の詳細を
確認することはできなかった。被膜から酸化被膜の成分に加えて、Zn やCd が確認された（Fig.3） 
• 
破面の断面を観察した結果、様相から粒界破壊と推測される。破断箇所以外に複数のき裂がチュー
ブの内径・外径に確認された（Fig.4）。 
•
ブの内径・外径に確認された（Fig.4）。 
• 
破面近傍の元素成分を分析した結果、Cr 成分が要求値より低いことが確認された（Fig.5） 
• 
また、確認された破面やき裂、チューブ表面に一様に酸化被膜が確認された（Fig.5） 
 
4. 
考察・まとめ 
以上の観察結果から、今回の破断は、溶接工程にて鋭敏化が発生し、（チューブのひずみ修正にてチューブ
内に残留応力を蓄えた状態で）性能試験にて脆化破壊（粒界破壊）が発生したと推測する。 
製造履歴に沿って、以下詳細に示す 
【60 工程もしくは80 工程：溶接】 
溶接によって発生した熱が熱交換器内に溜まるなどして、長時間の高温環境が部分的（例：チューブ根元）
に発生し、チューブの一部が鋭敏化（Fig.5）。その際に、チューブ近傍にテンパーカラーが発生。 
【110 工程：曲がり修正】 
チューブの曲がりを修正することで、チューブ内に残留応力が発生。小さい負荷で破断しやすい環境になっ
【OCR抽出】
4.

材化-H-3411
背景・目的
水素用管型熱交換機 試作供試体にて性能試験を実施したところ、当該品に破損が発生した。本調査では、
破損箇所の観察を行うことを —_—
調査品詳細
(1) 品名型番 : 61833101-1
(2) 材質 : 3218SUS (チューブ) 、BNi-1A (ろう付け)
(3) 性能試験環境 : 大気 200Cに-190で窒素 (チューブ内側) を流す
(4) 製造履歴 : 別添資料参照
調査結果
エンドプレートと管のろう付け箇所近傍の 4 か所で破断 CIN 側 : 1か所、OUT 側 : 8か所) が確認された。
それぞれの破面の概観を Tig.1 に示す。
IN 側の破面 (破面 1) とOUT 側の破面 (破面 2,. 83, 4) の観察結果は以下のとおり。
(1) IN側の破面 (破面 1)
破面やその近傍に顕著な環性変形は確認されなかった。
破面の多くは損傷していたが、破面やその近傍から変色 (テンパーカラー) が確認された。
電子顕微鏡にて破面を確認 した結果、破面の多くは損傷・酸化被膜に嗣われており、破面の詳細を
電子顕微鏡にて破面を確認 した結果、破面の多くは損傷・酸化被膜に嗣われており、破面の詳細を
確認することはできなかったが、損傷しているものの疲労破面と推測される破面 (Hig.2) を確認
した。

元素分析 した結果、SUS321 の要求を満たすことが確認された (Hig.2)。

(2) OUT 側の破面 (破面 2, 3, 4)

全ての破面で似た様相が確
AKO SE OUTAGES BEA ILL Be Fe
していたが、

破面の多

電子顕微鏡に

くは損傷

CHR IE

を

3

ry さ れた o

確認

破面の特徴は以下のと

AK TO Zh DIED
した結果、破面の多くは

目傷

と3

おり。

変色 (テンパーカラー) が確認された。
> WEIR CBD CB). ATE

の詳細を

酸化被膜の成分( こ加えて、   Zn や Cd が 確認された  (Fig. 3)

TLIC EEO & RF a —

22H

認された   (fig.5)
TLIC EEO & RF a —

22H

認された   (fig.5)

確認することはできなかった。 被膜から
破面の断面を観察した結果、様相から粒界破壊と推測される。 ARB
ブの内径・外径に確認された (Hig.4)。
破面近傍の元素成分を分析 した結果、Cr 成分が要求値より低いことが確認された (Hig.5)
また、確認された破面やき像、チュープブ表面に一様に酸化被膜が確
考察・まとめ
以上の観察結果から、今回の破断は、溶接工程にて鋭敏化が発生し、

内に残留応力を著
製造履歴に

溶接によって発生

【110 工程 : 曲が

チューブの

こ状態

え

Le ZAZA

0 {E1E)

で) ・

va
BAS

TN

132)

Ae Hi
に発生し、チューブの一部が鋭敏化 (Fig.5)。

内に溜まるなどして、長時間

がりを修正することで、チューブ内に残留応力が発生。

その際に、チューブ:

生能試験にて脆化破壊 (粒界破壊) が発生したと推
沿って、以下詳細に示す
【60 工程もしくは80 工程 :
の高温環
近修にテンパーカラーが発生。
(チューブのひずみ修正にてチューブ

出する。

小さい負荷で破断 しやすい環境

境が部分的 (例 : チューブ根元)

(になっ
【PDF抽出】
材化-H-3411 
た。 
【140 工程：性能試験】 
鋭敏化による材料の脆化、チューブ内の残留応力、低温環境での試験（低温環境では材料は一般的に脆化し
やすい傾向）によって、性能試験中にチューブが破断。破断箇所以外でもチューブ内径にき裂（Fig.4）が
発生。 
【150 工程：トーチろう付け】 
トーチろう付けしたろうおよびろう付けの熱が、チューブ内径を伝って、チューブの破面やき裂部分に侵入。
破面やチューブ内径を酸化（Fig.4）させた。ろうも破面の一部に付着し、ろうの成分であるCd やZn を含
む酸化被膜（Fig.3）を破面上に形成。
【OCR抽出】
材化-H-3411
た。
【140 工程 : 性能試験】
鋭敏人比による材料の脆化、チューブ内の残留応力、低温環境での試験 (低温環境では材料は一般的に脆化し
やすい傾向) によって、性能試験中にチューブが破断。破断箇所以外でもチューブ内径にき像 (Fig.4) が
発生。
【150 工程 : トーチろう付け】
トーチろう付けしたろうおよびろう付けの熱が、チューブ内径を伝って、チューブの破面やき像部分に侵入。
破面やチューブ内径を酸化 (Fig.4) させた。ろうも破面の一部に付着し、ろうの成分である Cd や Zn を含
む酸化被膜 (Fig.3) を破面上に形成。
【PDF抽出】
材化-H-3411 
 
 
 
 
 
 
 
 
 
 
 
 
 
 
 
 
 
 
 
 
 
 
 
 
 
 
 
 
 
 
 
 
 
 
 
 
 
 
 
破面1 
破面2 
破面3 
破面4 
Fig.1 破面概観

【OCR抽出】
材化-H-3411
【OCR抽出】
材化-H-3411

Fig.1 破面概観
【PDF抽出】
材化-H-3411 
 
 
 
 
 
 
 
 
 
 
 
 
 
 
 
 
 
 
 
 
 
 
 
 
 
 
 
 
 
 
 
 
 
 
 
 
 
 
 
Fig.2 破面1 の破面とEDS 元素分析結果

【OCR抽出】
材化-H-3411

=
=      ーー

ny
ーー
*

。 15kV  X3.000 = Sum     10!45 SEI

Fig.2 人破面 1の破面と EDS 元素分析結果
【PDF抽出】
材化-H-3411 
 
 
 
 
 
 
 
 
 
 
 
 
 
 
 
 
 
 
 
 
 
 
 
 
 
 
 
 
 
 
 
 
 
 
 
 
 
 
Fig.3 破面2 の破面上の被膜とEDS 元素分析結果

【OCR抽出】
材化-H-3411

15kV 。 X1.590"
【OCR抽出】
材化-H-3411

15kV 。 X1.590"

Fig.3 人破面2 の破面上の被膜と EDS 元素分析結果
【PDF抽出】
材化-H-3411 
 
 
 
 
 
 
 
 
 
 
 
 
 
 
 
                               上記赤枠拡大 
 
 
 
 
 
 
 
 
 
 
 
 
                               破面近傍（内径側） 
 
 
 
 
 
 
 
 
 
 
Fig.4 断面観察（破面3） 
破面 
内
径 
外
径 
付着物 
クラック 
付着物 
クラック

【OCR抽出】
材化-H-3411

上記赤枠拡大

破面近傍 (AEA)

1OOm

Fig.4 断面観察 (破面 3)
【PDF抽出】
材化-H-3411 
 
 
 
 
 
 
 
 
 
 
 
 
 
 
 
 
 
 
 
 
 
 
 
 
 
 
 
 
 
 
 
 
 
 
 
 
 
 
 
 
 
Fig.5 断面観察 EDS 分析 
上：破面近傍の母材／下：付着物
【OCR抽出】
電子題仙鏡像 1

ET MAS 1

材化-H-3411

AOR 1

0         1          2         3         4         5         6
PATIL 1292 Ah Ae: -O240 COA

T                                                                                         ASO ML 2

ロ       1       3       3       4       5       5       ?       8      10      11
サー上L 1870 Ay h AML: -O.199 (Oo                                                                             ke

上 ・

Fig.5 断面観察 EDS 分析
破面近傍の母材下 : 付着物
### 文書番号: [ページ番号]  

**図表観察:**  

- 図1 キャプション本文：[図説明の日本語テキスト]。  

- 図2 キャプション本文：[図説明の日本語テキスト]。   end= Document Title: [ページ番号] - Essential Commands Handbook  
**図表観察:**  
- 図1 キャプション本文：[図説明の日本語テキスト]。
- 図2 キャプション本文：[図説明の日本語テキスト]。   end= Document Title: [ページ番号] - Essential Commands Handbook  
**本文（段落）:**  
「[全行列挙されたOCR出力テキスト]」。   end= Document Title: [ページ番号] - Essential Commands Handbook  
**不明瞭箇所一覧:**  
- /*…*/文字列1。  
- /*…*/文字列2。  
- /*…*/文字列3。 end= Document Title: [ページ番号] - Essential Commands Handbook
【PDF抽出】
名称 
報告書番号 
訂符 
水素用管型熱交換器 
破損調査報告書 
材化-H-3411 
NC 
Keywords 
 
 
 
 
 
 
 
 
製作番号 
 
 
 
 
 
 
 
 
 
 
 
 
 
 
 
 
 
 
 
 
 
 
 
 
 
 
 
 
 
 
 
 
 
 
 
 
 
 
 
 
 
 
 
 
 
 
 
 
 
 
 
 
 
 
 
配布先 
航熱設 
×1 
 
 
 
 
 
 
材ラボ 
×1 
 
 
 
 
 
 
 
 
 
 
 
 
 
 
 
 
 
 
 
 
 
 
 
 
 
 
 
 
 
 
 
 
 
 
 
 
 
 
 
 
 
 
 
 
 
 
 
 
 
 
 
 
 
 
 
 
 
 
 
 
 
 
 
 
 
 
 
 
 
 
 
 
 
 
 
 
 
 
 
 
 
 
 
 
 
 
 
 
 
 
 
 
 
 
 
 
 
 
 
 
 
 
 
 
 
 
 
 
 
 
 
 
 
 
 
 
 
 
 
 
 
 
 
 
 
 
 
 
 
 
 
－
－ 
 
訂符 
日付 
改訂内容 
認可 
審査 
作成 
日付 
2023 年4 月6 日 
認可 
審査 
作成 
住友精密工業株式会社 
研究部 材料·プロセスリサーチラボ 
 
－ 
 
 
Proprietary Information of Sumitomo Precision Products 
本資料の内容に関わる全権利は住友精密工業株式会社に帰属する.  
配布目的以外の流用, 複製, 第3 者への掲示を禁ずる. 
用済み後はシュレッダー処分, 又は返却すること.
【OCR抽出】
名称                                                                                           報告書番号                                                       訂符
水素用管型熱交換綿
材化-H-3411       NC
破損調査報告書
Keywords
抽作番号
Proprietary Information of Sumitomo Precision Products
本資料の内容に関わる全権利は住友精密工業株式会社に帰属する.
配布目的以外の流用, 複製, 第 3 者への掲直を禁ずる.
済み後はシュレッダー処分 又は返却すること.
配布先 航熱設                        x1
材ラボ                        x]
材ラボ                        x]
計符                             付                                      改訂内容                      ih A           審査          作成
日付                          2023 年4月6                                eA             審査            作成
住友精客工業株式会社
研究部 材料-・プロセスリサーチラボ
【PDF抽出】
材化-H-3411 
1. 
背景・目的 
水素用管型熱交換機 試作供試体にて性能試験を実施したところ、当該品に破損が発生した。本調査では、
破損箇所の観察を行うことを目的とする。 
 
2. 
調査品詳細 
(1) 品名／型番：61333101-1 
(2) 材質：321SUS（チューブ）、BNi-1A（ろう付け） 
(3) 性能試験環境：大気200℃に-190℃窒素（チューブ内側）を流す 
(4) 製造履歴：別添資料参照 
 
3. 
調査結果 
エンドプレートと管のろう付け箇所近傍の4 か所で破断（IN 側：1 か所、OUT 側：3 か所）が確認された。 
それぞれの破面の概観をFig.1 に示す。 
IN 側の破面（破面1）とOUT 側の破面（破面2, 3, 4）の観察結果は以下のとおり。 
(1) IN 側の破面（破面1） 
• 
破面やその近傍に顕著な塑性変形は確認されなかった。 
• 
破面の多くは損傷していたが、破面やその近傍から変色（テンパーカラー）が確認された。 
•
• 
破面の多くは損傷していたが、破面やその近傍から変色（テンパーカラー）が確認された。 
• 
電子顕微鏡にて破面を確認した結果、破面の多くは損傷・酸化被膜に覆われており、破面の詳細を
確認することはできなかったが、損傷しているものの疲労破面と推測される破面（Fig.2）を確認
した。 
• 
元素分析した結果、SUS321 の要求を満たすことが確認された（Fig.2）。 
(2) OUT 側の破面（破面2, 3, 4） 
全ての破面で似た様相が確認された。破面の特徴は以下のとおり。 
• 
破面やその近傍に顕著な塑性変形は見られなかった。 
• 
破面の多くは損傷していたが、破面やその近傍から変色（テンパーカラー）が確認された。 
• 
電子顕微鏡にて破面を確認した結果、破面の多くは損傷・酸化被膜に覆われており、破面の詳細を
確認することはできなかった。被膜から酸化被膜の成分に加えて、Zn やCd が確認された（Fig.3） 
• 
破面の断面を観察した結果、様相から粒界破壊と推測される。破断箇所以外に複数のき裂がチュー
ブの内径・外径に確認された（Fig.4）。 
•
ブの内径・外径に確認された（Fig.4）。 
• 
破面近傍の元素成分を分析した結果、Cr 成分が要求値より低いことが確認された（Fig.5） 
• 
また、確認された破面やき裂、チューブ表面に一様に酸化被膜が確認された（Fig.5） 
 
4. 
考察・まとめ 
以上の観察結果から、今回の破断は、溶接工程にて鋭敏化が発生し、（チューブのひずみ修正にてチューブ
内に残留応力を蓄えた状態で）性能試験にて脆化破壊（粒界破壊）が発生したと推測する。 
製造履歴に沿って、以下詳細に示す 
【60 工程もしくは80 工程：溶接】 
溶接によって発生した熱が熱交換器内に溜まるなどして、長時間の高温環境が部分的（例：チューブ根元）
に発生し、チューブの一部が鋭敏化（Fig.5）。その際に、チューブ近傍にテンパーカラーが発生。 
【110 工程：曲がり修正】 
チューブの曲がりを修正することで、チューブ内に残留応力が発生。小さい負荷で破断しやすい環境になっ
【OCR抽出】
4.

材化-H-3411
背景・目的
水素用管型熱交換機 試作供試体にて性能試験を実施したところ、当該品に破損が発生した。本調査では、
破損箇所の観察を行うことを —_—
調査品詳細
(1) 品名型番 : 61833101-1
(2) 材質 : 3218SUS (チューブ) 、BNi-1A (ろう付け)
(3) 性能試験環境 : 大気 200Cに-190で窒素 (チューブ内側) を流す
(4) 製造履歴 : 別添資料参照
調査結果
エンドプレートと管のろう付け箇所近傍の 4 か所で破断 CIN 側 : 1か所、OUT 側 : 8か所) が確認された。
それぞれの破面の概観を Tig.1 に示す。
IN 側の破面 (破面 1) とOUT 側の破面 (破面 2,. 83, 4) の観察結果は以下のとおり。
(1) IN側の破面 (破面 1)
破面やその近傍に顕著な環性変形は確認されなかった。
破面の多くは損傷していたが、破面やその近傍から変色 (テンパーカラー) が確認された。
電子顕微鏡にて破面を確認 した結果、破面の多くは損傷・酸化被膜に嗣われており、破面の詳細を
電子顕微鏡にて破面を確認 した結果、破面の多くは損傷・酸化被膜に嗣われており、破面の詳細を
確認することはできなかったが、損傷しているものの疲労破面と推測される破面 (Hig.2) を確認
した。

元素分析 した結果、SUS321 の要求を満たすことが確認された (Hig.2)。

(2) OUT 側の破面 (破面 2, 3, 4)

全ての破面で似た様相が確
AKO SE OUTAGES BEA ILL Be Fe
していたが、

破面の多

電子顕微鏡に

くは損傷

CHR IE

を

3

ry さ れた o

確認

破面の特徴は以下のと

AK TO Zh DIED
した結果、破面の多くは

目傷

と3

おり。

変色 (テンパーカラー) が確認された。
> WEIR CBD CB). ATE

の詳細を

酸化被膜の成分( こ加えて、   Zn や Cd が 確認された  (Fig. 3)

TLIC EEO & RF a —

22H

認された   (fig.5)
TLIC EEO & RF a —

22H

認された   (fig.5)

確認することはできなかった。 被膜から
破面の断面を観察した結果、様相から粒界破壊と推測される。 ARB
ブの内径・外径に確認された (Hig.4)。
破面近傍の元素成分を分析 した結果、Cr 成分が要求値より低いことが確認された (Hig.5)
また、確認された破面やき像、チュープブ表面に一様に酸化被膜が確
考察・まとめ
以上の観察結果から、今回の破断は、溶接工程にて鋭敏化が発生し、

内に残留応力を著
製造履歴に

溶接によって発生

【110 工程 : 曲が

チューブの

こ状態

え

Le ZAZA

0 {E1E)

で) ・

va
BAS

TN

132)

Ae Hi
に発生し、チューブの一部が鋭敏化 (Fig.5)。

内に溜まるなどして、長時間

がりを修正することで、チューブ内に残留応力が発生。

その際に、チューブ:

生能試験にて脆化破壊 (粒界破壊) が発生したと推
沿って、以下詳細に示す
【60 工程もしくは80 工程 :
の高温環
近修にテンパーカラーが発生。
(チューブのひずみ修正にてチューブ

出する。

小さい負荷で破断 しやすい環境

境が部分的 (例 : チューブ根元)

(になっ
【PDF抽出】
材化-H-3411 
た。 
【140 工程：性能試験】 
鋭敏化による材料の脆化、チューブ内の残留応力、低温環境での試験（低温環境では材料は一般的に脆化し
やすい傾向）によって、性能試験中にチューブが破断。破断箇所以外でもチューブ内径にき裂（Fig.4）が
発生。 
【150 工程：トーチろう付け】 
トーチろう付けしたろうおよびろう付けの熱が、チューブ内径を伝って、チューブの破面やき裂部分に侵入。
破面やチューブ内径を酸化（Fig.4）させた。ろうも破面の一部に付着し、ろうの成分であるCd やZn を含
む酸化被膜（Fig.3）を破面上に形成。
【OCR抽出】
材化-H-3411
た。
【140 工程 : 性能試験】
鋭敏人比による材料の脆化、チューブ内の残留応力、低温環境での試験 (低温環境では材料は一般的に脆化し
やすい傾向) によって、性能試験中にチューブが破断。破断箇所以外でもチューブ内径にき像 (Fig.4) が
発生。
【150 工程 : トーチろう付け】
トーチろう付けしたろうおよびろう付けの熱が、チューブ内径を伝って、チューブの破面やき像部分に侵入。
破面やチューブ内径を酸化 (Fig.4) させた。ろうも破面の一部に付着し、ろうの成分である Cd や Zn を含
む酸化被膜 (Fig.3) を破面上に形成。
【PDF抽出】
材化-H-3411 
 
 
 
 
 
 
 
 
 
 
 
 
 
 
 
 
 
 
 
 
 
 
 
 
 
 
 
 
 
 
 
 
 
 
 
 
 
 
 
破面1 
破面2 
破面3 
破面4 
Fig.1 破面概観

【OCR抽出】
材化-H-3411
【OCR抽出】
材化-H-3411

Fig.1 破面概観
【PDF抽出】
材化-H-3411 
 
 
 
 
 
 
 
 
 
 
 
 
 
 
 
 
 
 
 
 
 
 
 
 
 
 
 
 
 
 
 
 
 
 
 
 
 
 
 
Fig.2 破面1 の破面とEDS 元素分析結果

【OCR抽出】
材化-H-3411

=
=      ーー

ny
ーー
*

。 15kV  X3.000 = Sum     10!45 SEI

Fig.2 人破面 1の破面と EDS 元素分析結果
【PDF抽出】
材化-H-3411 
 
 
 
 
 
 
 
 
 
 
 
 
 
 
 
 
 
 
 
 
 
 
 
 
 
 
 
 
 
 
 
 
 
 
 
 
 
 
Fig.3 破面2 の破面上の被膜とEDS 元素分析結果

【OCR抽出】
材化-H-3411

15kV 。 X1.590"
【OCR抽出】
材化-H-3411

15kV 。 X1.590"

Fig.3 人破面2 の破面上の被膜と EDS 元素分析結果
【PDF抽出】
材化-H-3411 
 
 
 
 
 
 
 
 
 
 
 
 
 
 
 
                               上記赤枠拡大 
 
 
 
 
 
 
 
 
 
 
 
 
                               破面近傍（内径側） 
 
 
 
 
 
 
 
 
 
 
Fig.4 断面観察（破面3） 
破面 
内
径 
外
径 
付着物 
クラック 
付着物 
クラック

【OCR抽出】
材化-H-3411

上記赤枠拡大

破面近傍 (AEA)

1OOm

Fig.4 断面観察 (破面 3)
【PDF抽出】
材化-H-3411 
 
 
 
 
 
 
 
 
 
 
 
 
 
 
 
 
 
 
 
 
 
 
 
 
 
 
 
 
 
 
 
 
 
 
 
 
 
 
 
 
 
Fig.5 断面観察 EDS 分析 
上：破面近傍の母材／下：付着物
【OCR抽出】
電子題仙鏡像 1

ET MAS 1

材化-H-3411

AOR 1

0         1          2         3         4         5         6
PATIL 1292 Ah Ae: -O240 COA

T                                                                                         ASO ML 2

ロ       1       3       3       4       5       5       ?       8      10      11
サー上L 1870 Ay h AML: -O.199 (Oo                                                                             ke

上 ・

Fig.5 断面観察 EDS 分析
破面近傍の母材下 : 付着物
### 文書番号: [ページ番号]  

**図表観察:**  

- 図1 キャプション本文：[図説明の日本語テキスト]。  

- 図2 キャプション本文：[図説明の日本語テキスト]。   end= Document Title: [ページ番号] - Essential Commands Handbook  
**図表観察:**  
- 図1 キャプション本文：[図説明の日本語テキスト]。
- 図2 キャプション本文：[図説明の日本語テキスト]。   end= Document Title: [ページ番号] - Essential Commands Handbook  
**本文（段落）:**  
「[全行列挙されたOCR出力テキスト]」。   end= Document Title: [ページ番号] - Essential Commands Handbook  
**不明瞭箇所一覧:**  
- /*…*/文字列1。  
- /*…*/文字列2。  
- /*…*/文字列3。 end= Document Title: [ページ番号] - Essential Commands Handbook