📝 整形後:
## 報告書要約

**概要**

水素用管型熱交換機試作供試体において、性能試験中に破損が発生した。調査の結果、破損は溶接工程にて鋭敏化が発生し、性能試験にて脆化破壊（粒界破壊）が発生したことが推測された。

**調査結果**

* 破損は、エンドプレートと管のろう付け箇所近傍の4か所で確認された。
* IN側の破面では、損傷、テンパーカラーの確認と、疲労破面と推測される破面が確認された。
* OUT側の破面では、損傷、テンパーカラーの確認、酸化被膜に Zn や Cd の確認、粒界破壊が確認された。

**考察・まとめ**

* 鋭敏化による材料の脆化、チューブ内の残留応力、低温環境での試験によって、性能試験中にチューブが破断した。
* トーチろう付けしたろうとろう付けの熱が、チューブ内径を伝って、チューブの破面や裂片に影響を与える可能性がある。

**今後**

* 溶接工程の改良が必要。
* 低温環境での性能試験の検討が必要。
* トーチろう付けの熱管理の検討が必要。


=== ✂️ チャンク ===
## 報告書要約

**概要**

水素用管型熱交換機試作供試体において、性能試験中に破損が発生した。調査の結果、破損は溶接工程にて鋭敏化が発生し、性能試験にて脆化破壊（粒界破壊）が発生したことが推測された。

**調査結果**

* 破損は、エンドプレートと管のろう付け箇所近傍の4か所で確認された。
* IN側の破面では、損傷、テンパーカラーの確認と、疲労破面と推測される破面が確認された。
* OUT側の破面では、損傷、テンパーカラーの確認、酸化被膜に Zn や Cd の確認、粒界破壊が確認された。

**考察・まとめ**

* 鋭敏化による材料の脆化、チューブ内の残留応力、低温環境での試験によって、性能試験中にチューブが破断した。
* トーチろう付けしたろうとろう付けの熱が、チューブ内径を伝って、チューブの破面や裂片に影響を与える可能性がある。

**今後**

* 溶接工程の改良が必要。
* 低温環境での性能試験の検討が必要。
* トーチろう付けの熱管理の検討が必要。