📝 整形後:
##Metallic Organization and Precipitation Analysis Report

**Summary:**

This report presents the results of metallographic analysis of samples of AS-1, AS-3, T6-4, T6-6, HIP-4, HIP-7, and HIP-T6-5 alloys. The analysis involved both etching prior to and after HF treatment to visualize the microstructure. Additionally, EDS analysis was performed on precipitate formations observed after etching.

**Observations:**

* Metallographic analysis revealed significant differences in microstructure between the different alloys.
* Prior to etching, all samples displayed a typical dendritic morphology with variations in grain size.
* After etching, the microstructure of all samples exhibited a cellular morphology with smaller grains, indicating the effectiveness of the etching process.
* EDS analysis confirmed the presence of precipitate phases in the samples.

**Results:**

* EDS analysis identified various elements, including aluminum, silicon, copper, and titanium, in the precipitate phases.
* The composition of the precipitate phases differed between the different alloys, suggesting variations in their microstructure and precipitation mechanisms.

**Conclusion:**

The metallographic analysis and EDS results provide valuable insights into the microstructure and precipitation behavior of these alloys. The observed differences in microstructure and precipitate composition suggest that the alloys exhibit different microstructural evolutions and precipitation characteristics.

**Recommendations:**

* Further investigation is needed to fully understand the mechanisms responsible for the observed microstructure and precipitation behavior.
* The influence of different processing parameters on microstructure and precipitation should be explored.

**Additional Data:**

* Detailed information on the tested samples is provided in the attached document.
* Figures 1-11 present microstructural and EDS data.


**Keywords:** Metallographic analysis, Precipitation, EDS, Microstructure, Alloys


=== ✂️ チャンク ===
##Metallic Organization and Precipitation Analysis Report

**Summary:**

This report presents the results of metallographic analysis of samples of AS-1, AS-3, T6-4, T6-6, HIP-4, HIP-7, and HIP-T6-5 alloys. The analysis involved both etching prior to and after HF treatment to visualize the microstructure. Additionally, EDS analysis was performed on precipitate formations observed after etching.

**Observations:**
**Observations:**

* Metallographic analysis revealed significant differences in microstructure between the different alloys.
* Prior to etching, all samples displayed a typical dendritic morphology with variations in grain size.
* After etching, the microstructure of all samples exhibited a cellular morphology with smaller grains, indicating the effectiveness of the etching process.
* EDS analysis confirmed the presence of precipitate phases in the samples.

**Results:**
**Results:**

* EDS analysis identified various elements, including aluminum, silicon, copper, and titanium, in the precipitate phases.
* The composition of the precipitate phases differed between the different alloys, suggesting variations in their microstructure and precipitation mechanisms.

**Conclusion:**
**Conclusion:**

The metallographic analysis and EDS results provide valuable insights into the microstructure and precipitation behavior of these alloys. The observed differences in microstructure and precipitate composition suggest that the alloys exhibit different microstructural evolutions and precipitation characteristics.

**Recommendations:**
**Recommendations:**

* Further investigation is needed to fully understand the mechanisms responsible for the observed microstructure and precipitation behavior.
* The influence of different processing parameters on microstructure and precipitation should be explored.

**Additional Data:**

* Detailed information on the tested samples is provided in the attached document.
* Figures 1-11 present microstructural and EDS data.
**Keywords:** Metallographic analysis, Precipitation, EDS, Microstructure, Alloys
##Metallic Organization and Precipitation Analysis Report

**Summary:**

This report presents the results of metallographic analysis of samples of AS-1, AS-3, T6-4, T6-6, HIP-4, HIP-7, and HIP-T6-5 alloys. The analysis involved both etching prior to and after HF treatment to visualize the microstructure. Additionally, EDS analysis was performed on precipitate formations observed after etching.

**Observations:**
**Observations:**

* Metallographic analysis revealed significant differences in microstructure between the different alloys.
* Prior to etching, all samples displayed a typical dendritic morphology with variations in grain size.
* After etching, the microstructure of all samples exhibited a cellular morphology with smaller grains, indicating the effectiveness of the etching process.
* EDS analysis confirmed the presence of precipitate phases in the samples.

**Results:**
**Results:**

* EDS analysis identified various elements, including aluminum, silicon, copper, and titanium, in the precipitate phases.
* The composition of the precipitate phases differed between the different alloys, suggesting variations in their microstructure and precipitation mechanisms.

**Conclusion:**
**Conclusion:**

The metallographic analysis and EDS results provide valuable insights into the microstructure and precipitation behavior of these alloys. The observed differences in microstructure and precipitate composition suggest that the alloys exhibit different microstructural evolutions and precipitation characteristics.

**Recommendations:**
**Recommendations:**

* Further investigation is needed to fully understand the mechanisms responsible for the observed microstructure and precipitation behavior.
* The influence of different processing parameters on microstructure and precipitation should be explored.

**Additional Data:**

* Detailed information on the tested samples is provided in the attached document.
* Figures 1-11 present microstructural and EDS data.
**Keywords:** Metallographic analysis, Precipitation, EDS, Microstructure, Alloys