【OCR】
【PDF抽出】
1 / 14 
 
報告書番号 材化-H-3423 
日付 2023 年5 月26 日 
名称 
積層造形Al-10Si-Mg の 
破断及び金属組織観察 
 
研究部 材料·プロセスリサーチラボ 
 
認可 
審査 
作成 
製作番号 
 
 
 
 
 
Keywords 
AM 
HIP 
T6 
 
 
配布先：航熱設 ×1 
 
1. 
目的 
航空機用部品に積層造形アルミの適用を検討している。積層造形アルミの強度特性の改善検討のた
め、T6 処理およびHIP 処理を実施、強度試験にて評価を行った。強度試験で使用した試験片の観
察を行い、各処理の試験片の差異を確認することを目的とする。 
 
2. 
調査品詳細 
(1) 材質：Al-10Si-Mg 
(2) 供試体詳細：別添資料1 参照 
 
3. 
調査結果 
(1) 破断面観察 
造形まま（No.AS-1, AS-3）、造形後T6 処理（No.T6-4, T6-6）、造形後HIP（No.HIP-4, HIP-7）、
造形後HIP＋T6（No.HIP-T6-5, HIP-T6-6）の破面観察を行った。代表的な観察結果をFig.1～4
に示す。 
• 
HIP のサンプルは他のサンプルに比べ、破面全体に顕著な塑性変形（絞り）が確認され
た。 
• 
それぞれの破面を電子顕微鏡（SEM）にて詳細観察した。いずれの破面も破面全体から
ディンプルが確認されたが、造形ままとそれ以外のサンプルでディンプルの様相に差異
が確認された。 
• 
造形ままのサンプルのみ、破面に多数のボイドが確認された。 
(2) 金属組織観察 
各試験片の円筒サンプル（円筒高さ方向に積層）対して、円筒断面方向及び円筒長手方向の観
察を行った。観察結果をFig.5～11 に示す。 
① エッチング前 
• 
いずれのサンプルからもボイドが確認された。全体的なボイドの分布について、各条件
の間に顕著な差異は見られなかった 
② エッチング後 
• 
それぞれの処理で金属組織に差異が確認された。ただ、T6 とHIP＋T6 は同じ金属組織
であった。

【OCR抽出】
1/14

WEEE Ss 材化-H-3423
付 2023年$月 26

名称       積層造形 AL10Si-Mg の
破断及び金属組織稚察
製作番呈
Keywords                  AM                                                       T6
配布先 : 航熱設 メ1

目的

研究部 材料-プロセスリサ

チラボ

a A    審査

作成

航空機用部品に積層造形アルミの適用を検討している。 積層造形アルミの強度特性の改善検討のた

め、T6 処理および HIP 処理を実施、強度試験にて評

血を行った。 強度試験で使用した試験刻の観

察を行い、各処理の試験片の差異を確認することを

的とする。

調査品詳細
(1) 材質 : Al10Si-Mg
(2) 供試体詳細 : 別添資料 1 参照

T6-4, T6-6) 、造形後 HIP (No.HIP-4, HIP-7) 、

調査結果

(1) 破断面観察
造形まま (No.AS-1, AS-3) 、造形後 T6 処理 (No.
造形後 HIP十T6 (No.HIP-T6-5, HIP-T6-6) の破下

に示す。

HIP のサンプルは他のサンプルに比べ、破下

た
ーo

それぞれの破面を電子顕微鐵 (SEM) にて詳細観察した。いずれの破下
されたが、造形ままとそれ以外のサンプルでディンプルの様相に差異

ディンプルが確認

が確認された。

造形ままのサンプルのみ、破直
(2) 金属組織

のここ
BS
FR

観祭を行った。 (RMT AR Fig.1~4

EPS (CE TUBER (絞り) が確認され
も破面全体から

に多数のボイドが確認された。

ARR OA (fae SCA) 対して、円筒断面方向及び円筒長手方向の観
察を行った。和観察結果を Fig.?て11 に示す。
① エッチング前

いずれのサンプルからもボイドが確認された。 全体的なボイドの分布について、各条件

の間に顕著な差異は見られなかった
② エッチング後

それぞれの処理で金

であった。

属組織に差異が確認された。ただ、T6 と HIP+T6 は同じ金属組織
【PDF抽出】
2 / 14 
 
• 
HIP のみ、T6、HIP＋T6 では多数の析出物が確認され、元素分析の結果、Al,Si が確認さ
れた（析出物が非常に微小なため、検出されたAl 成分は母材の影響の可能性がある） 
• 
T6、HIP＋T6 では、金属組織に多数の微小な空隙が確認された。ただ、破面観察ではボ
イドはほとんど確認されていなかったことから、金属組織観察での研磨作業にて一部が
脱落したものと推測する。

【OCR抽出】
2/14

HIP のみ、T6、HIP十T6 では多数の析出物が確認され、元素分析の結果、AlLSi が確認さ
れた (析出物が非常に微小なため、検出された AL 成分は母材の影響の可能性がある)
T6、HIP十T6 では、金属組織に多数の微小な空隙が確認された。ただ、破面観察ではボ
イドはほとんど確認されていなかったことから、金属組織観察での研磨作業にて一部が
脱落したものと推測する。
【PDF抽出】
3 / 14 
 
 
 
 
 
 
 
 
 
 
 
 
 
 
 
 
 
 
 
 
 
 
 
 
 
 
 
 
 
 
 
 
 
 
 
 
 
TPNo.AS-1 
左：破面概観 
左下：SEM による破面観察結果 
右下：左下の拡大観察 
TPNo.AS-3 
左：破面概観 
左下：SEM による破面観察結果 
右下：左下の拡大観察 
Fig.1 破面観察結果

【OCR抽出】
3/14

TPNo.AS-1

左 : 破面概観

左下 : SEM による破面観察結果
右下 : 左下の拡大観察

Ye     、

-      チ \
~ 6kV X2,000 AOdjim  te 17 60SEI

TPNo.AS-3

左 : 破面概観

左下 : SRM による破面観察結果
右下 : 左下の拡大観察

ASKV テX200Y 100yeT N23 60 SEEデ-。    15KV

と

回
loo}

トー
庄
=
2
ag

rai
【PDF抽出】
4 / 14 
 
 
 
 
 
 
 
 
 
 
 
 
 
 
 
 
 
 
 
 
 
 
 
 
 
 
 
 
 
 
 
 
 
 
 
 
 
 
 
TPNo.T6-4 
左：破面概観 
左下：SEM による破面観察結果 
右下：左下の拡大観察 
TPNo.T6-6 
左：破面概観 
左下：SEM による破面観察結果 
右下：左下の拡大観察 
Fig.2 破面観察結果

【OCR抽出】
4/14

TPNo.T6-4

左 : 破面概観

左下 : SEM による破面観察結果
AP : 左下の拡大観察

>45kV      X200~ 400Bm            18.60.SEI                  15kV  X1.000 10pm             18 60 SEI

TPNo.T6-6

左 : 破面概観

左下 : SEM による破
下 : 左下の拡大観察

a
Fi
ge
Sa

f5KV -”X200 100Hm      18 60 SEI        15kV  X1.000。 19hm      18.60 SEI

Fig.2 fk

a
8
z  a
ic
【PDF抽出】
5 / 14 
 
 
 
 
 
 
 
 
 
 
 
 
 
 
 
 
 
 
 
 
 
 
 
 
 
 
 
 
 
 
 
 
 
 
 
 
 
 
 
 
TPNo.HIP-4 
左：破面概観 
左下：SEM による破面観察結果 
右下：左下の拡大観察 
TPNo.HIP-7 
左：破面概観 
左下：SEM による破面観察結果 
右下：左下の拡大観察 
Fig.3 破面観察結果

【OCR抽出】
5/14

TPNo.HIP-4
左 : 破面概観
左下 : SEM による破
下 : 左下の拡大観察

宗結果

と

15kV > 200                   3 回         0       に Mi 1460,SEI

TPNo.HIP-7

左 : 破面概観

左下 : SEM による破面観察結果
AP : 左下の拡大観察

15kV      X200 100Hm             12 60 SEI                   15KkV  X1.000 10um              12 60 SEI

Fig.3 人破面観祭結果
【PDF抽出】
6 / 14 
 
 
 
 
 
 
 
 
 
 
 
 
 
 
 
 
 
 
 
 
 
 
 
 
 
 
 
 
 
 
 
 
 
 
 
 
 
 
 
TPNo.HIP-T6-5 
左：破面概観 
左下：SEM による破面観察結果 
右下：左下の拡大観察 
TPNo.HIP-T6-6 
左：破面概観 
左下：SEM による破面観察結果 
右下：左下の拡大観察 
Fig.4 破面観察結果

【OCR抽出】
6/14

TPNo.HIP-T6-5

左 : 破面概観

左下 : SRM による破面観察結果
右下 : 左下の拡大観察

X200 100pm          21 60 SEI               5KV 、xf600 "10Bm          2 60 SEL.

TPNo.HIP-T6-6

左 : 破面概観

左下 : SRM による破
右下 : 左下の拡大観察

る上
Fea AR

X200 。 100nn     SEI wae  15kV。 。X1.100 10pm   16 60 SEL
【PDF抽出】
7 / 14 
 
 
 
 
 
 
 
 
 
 
 
 
 
 
 
 
 
 
 
 
 
 
 
 
 
 
 
 
 
 
 
 
 
 
 
 
 
 
 
 
No.AS-1 
No.AS-3 
No.T6-4 
No.T6-6 
積層方向 
Fig.5 金属組織観察（エッチング前／×20） 
左：断面方向／右：長手方向

【OCR抽出】
7/14

Fig.5 金属組織観侍 (エッチング前ノメ20)

左 : 断面方向/右 : 長手方向
【PDF抽出】
8 / 14 
 
 
 
 
 
 
 
 
 
 
 
 
 
 
 
 
 
 
 
 
 
 
 
 
 
 
 
 
 
 
 
 
 
 
 
 
 
 
 
No.HIP-4 
No.HIP-7 
No.HIP-T6-5 
No.HIP-T6-6 
Fig.6 金属組織観察（エッチング前／×20） 
左：断面方向／右：長手方向

【OCR抽出】
8/14

No.HIP-T6-5

No.HIP-T6-6

Fig.6 金属組織観侍 (= » Fu TRI X20)
左 : 断面方向の右 : 長手方向
【PDF抽出】
9 / 14 
 
 
 
 
 
 
 
 
 
 
 
 
 
 
 
 
 
 
 
 
 
 
 
 
 
 
 
 
 
 
 
 
 
 
 
 
 
 
 
 
No.AS-1 
No.AS-3 
No.T6-4 
No.T6-6 
Fig.7 金属組織観察（HF によるエッチング後） 長手方向 
左：×200／右：×1,000

【OCR抽出】
9/14

で

=

aS

No.T6-6

Fig.7 人金属組織観察 (HF によるエッチング後) 長手方向
Fe: X200/右 : X1,000
【PDF抽出】
10 / 14 
 
 
 
 
 
 
 
 
 
 
 
 
 
 
 
 
 
 
 
 
 
 
 
 
 
 
 
 
 
 
 
 
 
 
 
 
 
 
 
 
No.HIP-4 
No.HIP-7 
No.HIP-T6-5 
No.HIP-T6-6 
Fig.8 金属組織観察（HF によるエッチング後） 長手方向 
左：×200／右：×1,000

【OCR抽出】
No.HIP-T6-5

= fey oY

Nas

Fig.8 人金属組織観察 (HF によるエッチング後) 長手方向
左 : X200/4 : X 1,000
【PDF抽出】
11 / 14 
 
 
 
 
 
 
 
 
 
 
 
 
 
 
 
 
 
 
 
 
 
 
 
 
 
 
 
 
 
 
 
 
 
 
 
 
 
 
 
 
No.AS-1 
No.AS-3 
No.T6-4 
No.T6-6 
Fig.9 金属組織観察（HF によるエッチング後） 断面方向 
左：×200／右：×1,000

【OCR抽出】
7/006 x

000‘T x
(A4A~£62%9 Ff >) JH)

6'StH

ee eg

ste
2%

(el ¢ TEL

PS

Sloe

a
SE

の

29

YT / IT
【PDF抽出】
12 / 14 
 
 
 
 
 
 
 
 
 
 
 
 
 
 
 
 
 
 
 
 
 
 
 
 
 
 
 
 
 
 
 
 
 
 
 
 
 
 
 
 
No.HIP-4 
No.HIP-7 
No.HIP-T6-5 
No.HIP-T6-6 
Fig.10 金属組織観察（HF によるエッチング後） 断面方向 
左：×200／右：×1,000

【OCR抽出】
YL

Y /006 x

000°T x
(A4A~£62U F >) JH)

OT sty

EAS ES

ste
2%

(el Tee

4
el

he
te

ti
aha a0

9-9L-dIH ON

SNe MUSE ie も

Sig TG

Re
の

v-dIH ON
【PDF抽出】
13 / 14 
 
 
 
 
 
 
 
 
 
 
 
 
 
 
 
 
 
 
 
 
 
 
 
 
 
 
 
 
 
 
 
 
 
 
 
 
 
 
 
 
析出物 
Fig.11 析出物のEDS 元素分析結果 
EDS は定性分析のため、測定数値は参考とする 
C,O 値は大気中や研磨作業で使用した樹脂の影響を受けている可能性があるので評価対象外とした

【OCR抽出】
Si

AOR 1

ロ    1     き     3     4     5     5     7     8    10    11    12
PLAT OIL 3735 Aub AS: -ロ271 CO                                        ke
EDS は定性分析のため、測定数値は参考とする
C,O 値は大気中や研磨作業で使用した樹脂の影響を受けている可能性があるので評価対象外と した

Fig.11 析出物の EDS 元素分析結果

13 / 14
【PDF抽出】
14 / 14 
 
 
 
 
 
 
 
 
 
 
 
 
 
 
 
 
 
 
 
 
 
 
 
 
 
 
 
 
 
 
 
 
 
 
 
 
 
別添資料1：供試体詳細

【OCR抽出】
Ege
SLAP H HBS Fel Sh HH
Lizser | 6bz        vere        OF6r1        /z〒gb | edw'SIn

LEE SMD TRV PoMUdBEEVILV BS

SOUMA TICES £7 LAR BE

DEGSHHBEIES APABSLOCEAWSON Cor | aam | am [am | mewl
ELL-SLOL      91+dIH          91           ロIH         pling SV

WySCHEL1-CLOL 王記91+dIH      Bt VG OL                      ping sy
00                                                                        0
(/95-V-OO: 4S) BBXSORYSEVILV:::                                                                                                          og
WyeEOe 1-SLOL 画          og
001
MEET OL ART dIHDET ---          001                                                                        x &
91+dIH 画                                                                                  =
st 09I                                                                        002 &
SH 6 xX O.LL) at — GS 7 x 9.625 FHM «++        に                                                                                                      \
mmol 画       =                                                                            092 ani
S 00z                                                                                           an
_          _                                                                                            008 gy
(BJ£4 | x gd €F86 x 0,01 F00S:= =    *                                                   Sd
SfiidiH 画          092                                                                        095 =
ALK OLLME:                                NNN                                         oo
Plnd SV my          008                 BHA 236 | om
                                          ;                                            OSb
BdA ‘CES Z Om
oge                                                                        00g

(HERO AC EY CO FLSPIS|S CO HEWISOLIVIL 1 BH RTOS

PEI + T th SAS

q

ae

VL / UT

【整形】
### 文書番号

本文部分が提供されていないため、このセクションは割愛します。

### 図表観察

- 図3 キャプション本文: "（以下表示）"
- /* 図4 キャプション本文：/*不明瞭箇所一覧があった場合のみこちらで出力します。*/  

本文部分:  
>（本文はOCRで読み取れた内容を列挙し、自然な日本語段落に整形して終了しますが、その具体的なテキストは提供されないため実際の文章は記載せず）

### 不明瞭箇所一覧

- /* 文章中に出現した不明瞭箇所のみを列挙：（具体例があればここに記載）。*/  

（もし本文部分が存在する場合、不明瞭箇所はこのセクションで列挙します）

=== チャンク一覧 ===
【PDF抽出】
1 / 14 
 
報告書番号 材化-H-3423 
日付 2023 年5 月26 日 
名称 
積層造形Al-10Si-Mg の 
破断及び金属組織観察 
 
研究部 材料·プロセスリサーチラボ 
 
認可 
審査 
作成 
製作番号 
 
 
 
 
 
Keywords 
AM 
HIP 
T6 
 
 
配布先：航熱設 ×1 
 
1. 
目的 
航空機用部品に積層造形アルミの適用を検討している。積層造形アルミの強度特性の改善検討のた
め、T6 処理およびHIP 処理を実施、強度試験にて評価を行った。強度試験で使用した試験片の観
察を行い、各処理の試験片の差異を確認することを目的とする。 
 
2. 
調査品詳細 
(1) 材質：Al-10Si-Mg 
(2) 供試体詳細：別添資料1 参照 
 
3. 
調査結果 
(1) 破断面観察 
造形まま（No.AS-1, AS-3）、造形後T6 処理（No.T6-4, T6-6）、造形後HIP（No.HIP-4, HIP-7）、
造形後HIP＋T6（No.HIP-T6-5, HIP-T6-6）の破面観察を行った。代表的な観察結果をFig.1～4
に示す。 
• 
HIP のサンプルは他のサンプルに比べ、破面全体に顕著な塑性変形（絞り）が確認され
た。 
• 
それぞれの破面を電子顕微鏡（SEM）にて詳細観察した。いずれの破面も破面全体から
ディンプルが確認されたが、造形ままとそれ以外のサンプルでディンプルの様相に差異
が確認された。 
• 
造形ままのサンプルのみ、破面に多数のボイドが確認された。 
(2) 金属組織観察 
各試験片の円筒サンプル（円筒高さ方向に積層）対して、円筒断面方向及び円筒長手方向の観
察を行った。観察結果をFig.5～11 に示す。 
① エッチング前 
• 
いずれのサンプルからもボイドが確認された。全体的なボイドの分布について、各条件
の間に顕著な差異は見られなかった 
② エッチング後 
• 
それぞれの処理で金属組織に差異が確認された。ただ、T6 とHIP＋T6 は同じ金属組織
であった。
【OCR抽出】
1/14

WEEE Ss 材化-H-3423
付 2023年$月 26

名称       積層造形 AL10Si-Mg の
破断及び金属組織稚察
製作番呈
Keywords                  AM                                                       T6
配布先 : 航熱設 メ1

目的

研究部 材料-プロセスリサ

チラボ

a A    審査

作成

航空機用部品に積層造形アルミの適用を検討している。 積層造形アルミの強度特性の改善検討のた

め、T6 処理および HIP 処理を実施、強度試験にて評

血を行った。 強度試験で使用した試験刻の観

察を行い、各処理の試験片の差異を確認することを

的とする。

調査品詳細
(1) 材質 : Al10Si-Mg
(2) 供試体詳細 : 別添資料 1 参照

T6-4, T6-6) 、造形後 HIP (No.HIP-4, HIP-7) 、

調査結果
T6-4, T6-6) 、造形後 HIP (No.HIP-4, HIP-7) 、

調査結果

(1) 破断面観察
造形まま (No.AS-1, AS-3) 、造形後 T6 処理 (No.
造形後 HIP十T6 (No.HIP-T6-5, HIP-T6-6) の破下

に示す。

HIP のサンプルは他のサンプルに比べ、破下

た
ーo

それぞれの破面を電子顕微鐵 (SEM) にて詳細観察した。いずれの破下
されたが、造形ままとそれ以外のサンプルでディンプルの様相に差異

ディンプルが確認

が確認された。

造形ままのサンプルのみ、破直
(2) 金属組織

のここ
BS
FR

観祭を行った。 (RMT AR Fig.1~4

EPS (CE TUBER (絞り) が確認され
も破面全体から

に多数のボイドが確認された。

ARR OA (fae SCA) 対して、円筒断面方向及び円筒長手方向の観
察を行った。和観察結果を Fig.?て11 に示す。
① エッチング前

いずれのサンプルからもボイドが確認された。 全体的なボイドの分布について、各条件
いずれのサンプルからもボイドが確認された。 全体的なボイドの分布について、各条件

の間に顕著な差異は見られなかった
② エッチング後

それぞれの処理で金

であった。

属組織に差異が確認された。ただ、T6 と HIP+T6 は同じ金属組織
【PDF抽出】
2 / 14 
 
• 
HIP のみ、T6、HIP＋T6 では多数の析出物が確認され、元素分析の結果、Al,Si が確認さ
れた（析出物が非常に微小なため、検出されたAl 成分は母材の影響の可能性がある） 
• 
T6、HIP＋T6 では、金属組織に多数の微小な空隙が確認された。ただ、破面観察ではボ
イドはほとんど確認されていなかったことから、金属組織観察での研磨作業にて一部が
脱落したものと推測する。

【OCR抽出】
2/14
【OCR抽出】
2/14

HIP のみ、T6、HIP十T6 では多数の析出物が確認され、元素分析の結果、AlLSi が確認さ
れた (析出物が非常に微小なため、検出された AL 成分は母材の影響の可能性がある)
T6、HIP十T6 では、金属組織に多数の微小な空隙が確認された。ただ、破面観察ではボ
イドはほとんど確認されていなかったことから、金属組織観察での研磨作業にて一部が
脱落したものと推測する。
【PDF抽出】
3 / 14 
 
 
 
 
 
 
 
 
 
 
 
 
 
 
 
 
 
 
 
 
 
 
 
 
 
 
 
 
 
 
 
 
 
 
 
 
 
TPNo.AS-1 
左：破面概観 
左下：SEM による破面観察結果 
右下：左下の拡大観察 
TPNo.AS-3 
左：破面概観 
左下：SEM による破面観察結果 
右下：左下の拡大観察 
Fig.1 破面観察結果

【OCR抽出】
3/14

TPNo.AS-1

左 : 破面概観

左下 : SEM による破面観察結果
右下 : 左下の拡大観察

Ye     、
左下 : SEM による破面観察結果
右下 : 左下の拡大観察

Ye     、

-      チ \
~ 6kV X2,000 AOdjim  te 17 60SEI

TPNo.AS-3

左 : 破面概観

左下 : SRM による破面観察結果
右下 : 左下の拡大観察

ASKV テX200Y 100yeT N23 60 SEEデ-。    15KV

と

回
loo}

トー
庄
=
2
ag

rai
【PDF抽出】
4 / 14 
 
 
 
 
 
 
 
 
 
 
 
 
 
 
 
 
 
 
 
 
 
 
 
 
 
 
 
 
 
 
 
 
 
 
 
 
 
 
 
TPNo.T6-4 
左：破面概観 
左下：SEM による破面観察結果 
右下：左下の拡大観察 
TPNo.T6-6 
左：破面概観 
左下：SEM による破面観察結果 
右下：左下の拡大観察 
Fig.2 破面観察結果

【OCR抽出】
4/14

TPNo.T6-4

左 : 破面概観

左下 : SEM による破面観察結果
AP : 左下の拡大観察
左 : 破面概観

左下 : SEM による破面観察結果
AP : 左下の拡大観察

>45kV      X200~ 400Bm            18.60.SEI                  15kV  X1.000 10pm             18 60 SEI

TPNo.T6-6

左 : 破面概観

左下 : SEM による破
下 : 左下の拡大観察

a
Fi
ge
Sa

f5KV -”X200 100Hm      18 60 SEI        15kV  X1.000。 19hm      18.60 SEI

Fig.2 fk
Fig.2 fk

a
8
z  a
ic
【PDF抽出】
5 / 14 
 
 
 
 
 
 
 
 
 
 
 
 
 
 
 
 
 
 
 
 
 
 
 
 
 
 
 
 
 
 
 
 
 
 
 
 
 
 
 
 
TPNo.HIP-4 
左：破面概観 
左下：SEM による破面観察結果 
右下：左下の拡大観察 
TPNo.HIP-7 
左：破面概観 
左下：SEM による破面観察結果 
右下：左下の拡大観察 
Fig.3 破面観察結果

【OCR抽出】
5/14

TPNo.HIP-4
左 : 破面概観
左下 : SEM による破
下 : 左下の拡大観察

宗結果

と

15kV > 200                   3 回         0       に Mi 1460,SEI

TPNo.HIP-7

左 : 破面概観

左下 : SEM による破面観察結果
AP : 左下の拡大観察
左 : 破面概観

左下 : SEM による破面観察結果
AP : 左下の拡大観察

15kV      X200 100Hm             12 60 SEI                   15KkV  X1.000 10um              12 60 SEI

Fig.3 人破面観祭結果
【PDF抽出】
6 / 14 
 
 
 
 
 
 
 
 
 
 
 
 
 
 
 
 
 
 
 
 
 
 
 
 
 
 
 
 
 
 
 
 
 
 
 
 
 
 
 
TPNo.HIP-T6-5 
左：破面概観 
左下：SEM による破面観察結果 
右下：左下の拡大観察 
TPNo.HIP-T6-6 
左：破面概観 
左下：SEM による破面観察結果 
右下：左下の拡大観察 
Fig.4 破面観察結果

【OCR抽出】
6/14

TPNo.HIP-T6-5

左 : 破面概観

左下 : SRM による破面観察結果
右下 : 左下の拡大観察
左 : 破面概観

左下 : SRM による破面観察結果
右下 : 左下の拡大観察

X200 100pm          21 60 SEI               5KV 、xf600 "10Bm          2 60 SEL.

TPNo.HIP-T6-6

左 : 破面概観

左下 : SRM による破
右下 : 左下の拡大観察

る上
Fea AR

X200 。 100nn     SEI wae  15kV。 。X1.100 10pm   16 60 SEL
【PDF抽出】
7 / 14 
 
 
 
 
 
 
 
 
 
 
 
 
 
 
 
 
 
 
 
 
 
 
 
 
 
 
 
 
 
 
 
 
 
 
 
 
 
 
 
 
No.AS-1 
No.AS-3 
No.T6-4 
No.T6-6 
積層方向 
Fig.5 金属組織観察（エッチング前／×20） 
左：断面方向／右：長手方向

【OCR抽出】
7/14

Fig.5 金属組織観侍 (エッチング前ノメ20)
【OCR抽出】
7/14

Fig.5 金属組織観侍 (エッチング前ノメ20)

左 : 断面方向/右 : 長手方向
【PDF抽出】
8 / 14 
 
 
 
 
 
 
 
 
 
 
 
 
 
 
 
 
 
 
 
 
 
 
 
 
 
 
 
 
 
 
 
 
 
 
 
 
 
 
 
No.HIP-4 
No.HIP-7 
No.HIP-T6-5 
No.HIP-T6-6 
Fig.6 金属組織観察（エッチング前／×20） 
左：断面方向／右：長手方向

【OCR抽出】
8/14

No.HIP-T6-5

No.HIP-T6-6
【OCR抽出】
8/14

No.HIP-T6-5

No.HIP-T6-6

Fig.6 金属組織観侍 (= » Fu TRI X20)
左 : 断面方向の右 : 長手方向
【PDF抽出】
9 / 14 
 
 
 
 
 
 
 
 
 
 
 
 
 
 
 
 
 
 
 
 
 
 
 
 
 
 
 
 
 
 
 
 
 
 
 
 
 
 
 
 
No.AS-1 
No.AS-3 
No.T6-4 
No.T6-6 
Fig.7 金属組織観察（HF によるエッチング後） 長手方向 
左：×200／右：×1,000

【OCR抽出】
9/14

で

=

aS

No.T6-6
【OCR抽出】
9/14

で

=

aS

No.T6-6

Fig.7 人金属組織観察 (HF によるエッチング後) 長手方向
Fe: X200/右 : X1,000
【PDF抽出】
10 / 14 
 
 
 
 
 
 
 
 
 
 
 
 
 
 
 
 
 
 
 
 
 
 
 
 
 
 
 
 
 
 
 
 
 
 
 
 
 
 
 
 
No.HIP-4 
No.HIP-7 
No.HIP-T6-5 
No.HIP-T6-6 
Fig.8 金属組織観察（HF によるエッチング後） 長手方向 
左：×200／右：×1,000

【OCR抽出】
No.HIP-T6-5

= fey oY

Nas
【OCR抽出】
No.HIP-T6-5

= fey oY

Nas

Fig.8 人金属組織観察 (HF によるエッチング後) 長手方向
左 : X200/4 : X 1,000
【PDF抽出】
11 / 14 
 
 
 
 
 
 
 
 
 
 
 
 
 
 
 
 
 
 
 
 
 
 
 
 
 
 
 
 
 
 
 
 
 
 
 
 
 
 
 
 
No.AS-1 
No.AS-3 
No.T6-4 
No.T6-6 
Fig.9 金属組織観察（HF によるエッチング後） 断面方向 
左：×200／右：×1,000

【OCR抽出】
7/006 x

000‘T x
(A4A~£62%9 Ff >) JH)

6'StH

ee eg

ste
2%

(el ¢ TEL

PS

Sloe

a
SE

の

29
ee eg

ste
2%

(el ¢ TEL

PS

Sloe

a
SE

の

29

YT / IT
【PDF抽出】
12 / 14 
 
 
 
 
 
 
 
 
 
 
 
 
 
 
 
 
 
 
 
 
 
 
 
 
 
 
 
 
 
 
 
 
 
 
 
 
 
 
 
 
No.HIP-4 
No.HIP-7 
No.HIP-T6-5 
No.HIP-T6-6 
Fig.10 金属組織観察（HF によるエッチング後） 断面方向 
左：×200／右：×1,000

【OCR抽出】
YL

Y /006 x

000°T x
(A4A~£62U F >) JH)

OT sty

EAS ES

ste
2%

(el Tee

4
el

he
te

ti
aha a0

9-9L-dIH ON

SNe MUSE ie も

Sig TG

Re
の
9-9L-dIH ON

SNe MUSE ie も

Sig TG

Re
の

v-dIH ON
【PDF抽出】
13 / 14 
 
 
 
 
 
 
 
 
 
 
 
 
 
 
 
 
 
 
 
 
 
 
 
 
 
 
 
 
 
 
 
 
 
 
 
 
 
 
 
 
析出物 
Fig.11 析出物のEDS 元素分析結果 
EDS は定性分析のため、測定数値は参考とする 
C,O 値は大気中や研磨作業で使用した樹脂の影響を受けている可能性があるので評価対象外とした

【OCR抽出】
Si

AOR 1

ロ    1     き     3     4     5     5     7     8    10    11    12
PLAT OIL 3735 Aub AS: -ロ271 CO                                        ke
EDS は定性分析のため、測定数値は参考とする
C,O 値は大気中や研磨作業で使用した樹脂の影響を受けている可能性があるので評価対象外と した
Fig.11 析出物の EDS 元素分析結果

13 / 14
【PDF抽出】
14 / 14 
 
 
 
 
 
 
 
 
 
 
 
 
 
 
 
 
 
 
 
 
 
 
 
 
 
 
 
 
 
 
 
 
 
 
 
 
 
別添資料1：供試体詳細

【OCR抽出】
Ege
SLAP H HBS Fel Sh HH
Lizser | 6bz        vere        OF6r1        /z〒gb | edw'SIn

LEE SMD TRV PoMUdBEEVILV BS

SOUMA TICES £7 LAR BE

DEGSHHBEIES APABSLOCEAWSON Cor | aam | am [am | mewl
ELL-SLOL      91+dIH          91           ロIH         pling SV
WySCHEL1-CLOL 王記91+dIH      Bt VG OL                      ping sy
00                                                                        0
(/95-V-OO: 4S) BBXSORYSEVILV:::                                                                                                          og
WyeEOe 1-SLOL 画          og
001
MEET OL ART dIHDET ---          001                                                                        x &
91+dIH 画                                                                                  =
st 09I                                                                        002 &
SH 6 xX O.LL) at — GS 7 x 9.625 FHM «++        に                                                                                                      \
mmol 画       =                                                                            092 ani
S 00z                                                                                           an
_          _                                                                                            008 gy
(BJ£4 | x gd €F86 x 0,01 F00S:= =    *                                                   Sd
SfiidiH 画          092                                                                        095 =
ALK OLLME:                                NNN                                         oo
Plnd SV my          008                 BHA 236 | om
                                          ;                                            OSb
BdA ‘CES Z Om
oge                                                                        00g
(HERO AC EY CO FLSPIS|S CO HEWISOLIVIL 1 BH RTOS

PEI + T th SAS

q

ae

VL / UT
### 文書番号

本文部分が提供されていないため、このセクションは割愛します。

### 図表観察

- 図3 キャプション本文: "（以下表示）"
- /* 図4 キャプション本文：/*不明瞭箇所一覧があった場合のみこちらで出力します。*/  

本文部分:  
>（本文はOCRで読み取れた内容を列挙し、自然な日本語段落に整形して終了しますが、その具体的なテキストは提供されないため実際の文章は記載せず）

### 不明瞭箇所一覧

- /* 文章中に出現した不明瞭箇所のみを列挙：（具体例があればここに記載）。*/  

（もし本文部分が存在する場合、不明瞭箇所はこのセクションで列挙します）
【PDF抽出】
1 / 14 
 
報告書番号 材化-H-3423 
日付 2023 年5 月26 日 
名称 
積層造形Al-10Si-Mg の 
破断及び金属組織観察 
 
研究部 材料·プロセスリサーチラボ 
 
認可 
審査 
作成 
製作番号 
 
 
 
 
 
Keywords 
AM 
HIP 
T6 
 
 
配布先：航熱設 ×1 
 
1. 
目的 
航空機用部品に積層造形アルミの適用を検討している。積層造形アルミの強度特性の改善検討のた
め、T6 処理およびHIP 処理を実施、強度試験にて評価を行った。強度試験で使用した試験片の観
察を行い、各処理の試験片の差異を確認することを目的とする。 
 
2. 
調査品詳細 
(1) 材質：Al-10Si-Mg 
(2) 供試体詳細：別添資料1 参照 
 
3. 
調査結果 
(1) 破断面観察 
造形まま（No.AS-1, AS-3）、造形後T6 処理（No.T6-4, T6-6）、造形後HIP（No.HIP-4, HIP-7）、
造形後HIP＋T6（No.HIP-T6-5, HIP-T6-6）の破面観察を行った。代表的な観察結果をFig.1～4
に示す。 
• 
HIP のサンプルは他のサンプルに比べ、破面全体に顕著な塑性変形（絞り）が確認され
た。 
• 
それぞれの破面を電子顕微鏡（SEM）にて詳細観察した。いずれの破面も破面全体から
ディンプルが確認されたが、造形ままとそれ以外のサンプルでディンプルの様相に差異
が確認された。 
• 
造形ままのサンプルのみ、破面に多数のボイドが確認された。 
(2) 金属組織観察 
各試験片の円筒サンプル（円筒高さ方向に積層）対して、円筒断面方向及び円筒長手方向の観
察を行った。観察結果をFig.5～11 に示す。 
① エッチング前 
• 
いずれのサンプルからもボイドが確認された。全体的なボイドの分布について、各条件
の間に顕著な差異は見られなかった 
② エッチング後 
• 
それぞれの処理で金属組織に差異が確認された。ただ、T6 とHIP＋T6 は同じ金属組織
であった。
【OCR抽出】
1/14

WEEE Ss 材化-H-3423
付 2023年$月 26

名称       積層造形 AL10Si-Mg の
破断及び金属組織稚察
製作番呈
Keywords                  AM                                                       T6
配布先 : 航熱設 メ1

目的

研究部 材料-プロセスリサ

チラボ

a A    審査

作成

航空機用部品に積層造形アルミの適用を検討している。 積層造形アルミの強度特性の改善検討のた

め、T6 処理および HIP 処理を実施、強度試験にて評

血を行った。 強度試験で使用した試験刻の観

察を行い、各処理の試験片の差異を確認することを

的とする。

調査品詳細
(1) 材質 : Al10Si-Mg
(2) 供試体詳細 : 別添資料 1 参照

T6-4, T6-6) 、造形後 HIP (No.HIP-4, HIP-7) 、

調査結果
T6-4, T6-6) 、造形後 HIP (No.HIP-4, HIP-7) 、

調査結果

(1) 破断面観察
造形まま (No.AS-1, AS-3) 、造形後 T6 処理 (No.
造形後 HIP十T6 (No.HIP-T6-5, HIP-T6-6) の破下

に示す。

HIP のサンプルは他のサンプルに比べ、破下

た
ーo

それぞれの破面を電子顕微鐵 (SEM) にて詳細観察した。いずれの破下
されたが、造形ままとそれ以外のサンプルでディンプルの様相に差異

ディンプルが確認

が確認された。

造形ままのサンプルのみ、破直
(2) 金属組織

のここ
BS
FR

観祭を行った。 (RMT AR Fig.1~4

EPS (CE TUBER (絞り) が確認され
も破面全体から

に多数のボイドが確認された。

ARR OA (fae SCA) 対して、円筒断面方向及び円筒長手方向の観
察を行った。和観察結果を Fig.?て11 に示す。
① エッチング前

いずれのサンプルからもボイドが確認された。 全体的なボイドの分布について、各条件
いずれのサンプルからもボイドが確認された。 全体的なボイドの分布について、各条件

の間に顕著な差異は見られなかった
② エッチング後

それぞれの処理で金

であった。

属組織に差異が確認された。ただ、T6 と HIP+T6 は同じ金属組織
【PDF抽出】
2 / 14 
 
• 
HIP のみ、T6、HIP＋T6 では多数の析出物が確認され、元素分析の結果、Al,Si が確認さ
れた（析出物が非常に微小なため、検出されたAl 成分は母材の影響の可能性がある） 
• 
T6、HIP＋T6 では、金属組織に多数の微小な空隙が確認された。ただ、破面観察ではボ
イドはほとんど確認されていなかったことから、金属組織観察での研磨作業にて一部が
脱落したものと推測する。

【OCR抽出】
2/14
【OCR抽出】
2/14

HIP のみ、T6、HIP十T6 では多数の析出物が確認され、元素分析の結果、AlLSi が確認さ
れた (析出物が非常に微小なため、検出された AL 成分は母材の影響の可能性がある)
T6、HIP十T6 では、金属組織に多数の微小な空隙が確認された。ただ、破面観察ではボ
イドはほとんど確認されていなかったことから、金属組織観察での研磨作業にて一部が
脱落したものと推測する。
【PDF抽出】
3 / 14 
 
 
 
 
 
 
 
 
 
 
 
 
 
 
 
 
 
 
 
 
 
 
 
 
 
 
 
 
 
 
 
 
 
 
 
 
 
TPNo.AS-1 
左：破面概観 
左下：SEM による破面観察結果 
右下：左下の拡大観察 
TPNo.AS-3 
左：破面概観 
左下：SEM による破面観察結果 
右下：左下の拡大観察 
Fig.1 破面観察結果

【OCR抽出】
3/14

TPNo.AS-1

左 : 破面概観

左下 : SEM による破面観察結果
右下 : 左下の拡大観察

Ye     、
左下 : SEM による破面観察結果
右下 : 左下の拡大観察

Ye     、

-      チ \
~ 6kV X2,000 AOdjim  te 17 60SEI

TPNo.AS-3

左 : 破面概観

左下 : SRM による破面観察結果
右下 : 左下の拡大観察

ASKV テX200Y 100yeT N23 60 SEEデ-。    15KV

と

回
loo}

トー
庄
=
2
ag

rai
【PDF抽出】
4 / 14 
 
 
 
 
 
 
 
 
 
 
 
 
 
 
 
 
 
 
 
 
 
 
 
 
 
 
 
 
 
 
 
 
 
 
 
 
 
 
 
TPNo.T6-4 
左：破面概観 
左下：SEM による破面観察結果 
右下：左下の拡大観察 
TPNo.T6-6 
左：破面概観 
左下：SEM による破面観察結果 
右下：左下の拡大観察 
Fig.2 破面観察結果

【OCR抽出】
4/14

TPNo.T6-4

左 : 破面概観

左下 : SEM による破面観察結果
AP : 左下の拡大観察
左 : 破面概観

左下 : SEM による破面観察結果
AP : 左下の拡大観察

>45kV      X200~ 400Bm            18.60.SEI                  15kV  X1.000 10pm             18 60 SEI

TPNo.T6-6

左 : 破面概観

左下 : SEM による破
下 : 左下の拡大観察

a
Fi
ge
Sa

f5KV -”X200 100Hm      18 60 SEI        15kV  X1.000。 19hm      18.60 SEI

Fig.2 fk
Fig.2 fk

a
8
z  a
ic
【PDF抽出】
5 / 14 
 
 
 
 
 
 
 
 
 
 
 
 
 
 
 
 
 
 
 
 
 
 
 
 
 
 
 
 
 
 
 
 
 
 
 
 
 
 
 
 
TPNo.HIP-4 
左：破面概観 
左下：SEM による破面観察結果 
右下：左下の拡大観察 
TPNo.HIP-7 
左：破面概観 
左下：SEM による破面観察結果 
右下：左下の拡大観察 
Fig.3 破面観察結果

【OCR抽出】
5/14

TPNo.HIP-4
左 : 破面概観
左下 : SEM による破
下 : 左下の拡大観察

宗結果

と

15kV > 200                   3 回         0       に Mi 1460,SEI

TPNo.HIP-7

左 : 破面概観

左下 : SEM による破面観察結果
AP : 左下の拡大観察
左 : 破面概観

左下 : SEM による破面観察結果
AP : 左下の拡大観察

15kV      X200 100Hm             12 60 SEI                   15KkV  X1.000 10um              12 60 SEI

Fig.3 人破面観祭結果
【PDF抽出】
6 / 14 
 
 
 
 
 
 
 
 
 
 
 
 
 
 
 
 
 
 
 
 
 
 
 
 
 
 
 
 
 
 
 
 
 
 
 
 
 
 
 
TPNo.HIP-T6-5 
左：破面概観 
左下：SEM による破面観察結果 
右下：左下の拡大観察 
TPNo.HIP-T6-6 
左：破面概観 
左下：SEM による破面観察結果 
右下：左下の拡大観察 
Fig.4 破面観察結果

【OCR抽出】
6/14

TPNo.HIP-T6-5

左 : 破面概観

左下 : SRM による破面観察結果
右下 : 左下の拡大観察
左 : 破面概観

左下 : SRM による破面観察結果
右下 : 左下の拡大観察

X200 100pm          21 60 SEI               5KV 、xf600 "10Bm          2 60 SEL.

TPNo.HIP-T6-6

左 : 破面概観

左下 : SRM による破
右下 : 左下の拡大観察

る上
Fea AR

X200 。 100nn     SEI wae  15kV。 。X1.100 10pm   16 60 SEL
【PDF抽出】
7 / 14 
 
 
 
 
 
 
 
 
 
 
 
 
 
 
 
 
 
 
 
 
 
 
 
 
 
 
 
 
 
 
 
 
 
 
 
 
 
 
 
 
No.AS-1 
No.AS-3 
No.T6-4 
No.T6-6 
積層方向 
Fig.5 金属組織観察（エッチング前／×20） 
左：断面方向／右：長手方向

【OCR抽出】
7/14

Fig.5 金属組織観侍 (エッチング前ノメ20)
【OCR抽出】
7/14

Fig.5 金属組織観侍 (エッチング前ノメ20)

左 : 断面方向/右 : 長手方向
【PDF抽出】
8 / 14 
 
 
 
 
 
 
 
 
 
 
 
 
 
 
 
 
 
 
 
 
 
 
 
 
 
 
 
 
 
 
 
 
 
 
 
 
 
 
 
No.HIP-4 
No.HIP-7 
No.HIP-T6-5 
No.HIP-T6-6 
Fig.6 金属組織観察（エッチング前／×20） 
左：断面方向／右：長手方向

【OCR抽出】
8/14

No.HIP-T6-5

No.HIP-T6-6
【OCR抽出】
8/14

No.HIP-T6-5

No.HIP-T6-6

Fig.6 金属組織観侍 (= » Fu TRI X20)
左 : 断面方向の右 : 長手方向
【PDF抽出】
9 / 14 
 
 
 
 
 
 
 
 
 
 
 
 
 
 
 
 
 
 
 
 
 
 
 
 
 
 
 
 
 
 
 
 
 
 
 
 
 
 
 
 
No.AS-1 
No.AS-3 
No.T6-4 
No.T6-6 
Fig.7 金属組織観察（HF によるエッチング後） 長手方向 
左：×200／右：×1,000

【OCR抽出】
9/14

で

=

aS

No.T6-6
【OCR抽出】
9/14

で

=

aS

No.T6-6

Fig.7 人金属組織観察 (HF によるエッチング後) 長手方向
Fe: X200/右 : X1,000
【PDF抽出】
10 / 14 
 
 
 
 
 
 
 
 
 
 
 
 
 
 
 
 
 
 
 
 
 
 
 
 
 
 
 
 
 
 
 
 
 
 
 
 
 
 
 
 
No.HIP-4 
No.HIP-7 
No.HIP-T6-5 
No.HIP-T6-6 
Fig.8 金属組織観察（HF によるエッチング後） 長手方向 
左：×200／右：×1,000

【OCR抽出】
No.HIP-T6-5

= fey oY

Nas
【OCR抽出】
No.HIP-T6-5

= fey oY

Nas

Fig.8 人金属組織観察 (HF によるエッチング後) 長手方向
左 : X200/4 : X 1,000
【PDF抽出】
11 / 14 
 
 
 
 
 
 
 
 
 
 
 
 
 
 
 
 
 
 
 
 
 
 
 
 
 
 
 
 
 
 
 
 
 
 
 
 
 
 
 
 
No.AS-1 
No.AS-3 
No.T6-4 
No.T6-6 
Fig.9 金属組織観察（HF によるエッチング後） 断面方向 
左：×200／右：×1,000

【OCR抽出】
7/006 x

000‘T x
(A4A~£62%9 Ff >) JH)

6'StH

ee eg

ste
2%

(el ¢ TEL

PS

Sloe

a
SE

の

29
ee eg

ste
2%

(el ¢ TEL

PS

Sloe

a
SE

の

29

YT / IT
【PDF抽出】
12 / 14 
 
 
 
 
 
 
 
 
 
 
 
 
 
 
 
 
 
 
 
 
 
 
 
 
 
 
 
 
 
 
 
 
 
 
 
 
 
 
 
 
No.HIP-4 
No.HIP-7 
No.HIP-T6-5 
No.HIP-T6-6 
Fig.10 金属組織観察（HF によるエッチング後） 断面方向 
左：×200／右：×1,000

【OCR抽出】
YL

Y /006 x

000°T x
(A4A~£62U F >) JH)

OT sty

EAS ES

ste
2%

(el Tee

4
el

he
te

ti
aha a0

9-9L-dIH ON

SNe MUSE ie も

Sig TG

Re
の
9-9L-dIH ON

SNe MUSE ie も

Sig TG

Re
の

v-dIH ON
【PDF抽出】
13 / 14 
 
 
 
 
 
 
 
 
 
 
 
 
 
 
 
 
 
 
 
 
 
 
 
 
 
 
 
 
 
 
 
 
 
 
 
 
 
 
 
 
析出物 
Fig.11 析出物のEDS 元素分析結果 
EDS は定性分析のため、測定数値は参考とする 
C,O 値は大気中や研磨作業で使用した樹脂の影響を受けている可能性があるので評価対象外とした

【OCR抽出】
Si

AOR 1

ロ    1     き     3     4     5     5     7     8    10    11    12
PLAT OIL 3735 Aub AS: -ロ271 CO                                        ke
EDS は定性分析のため、測定数値は参考とする
C,O 値は大気中や研磨作業で使用した樹脂の影響を受けている可能性があるので評価対象外と した
Fig.11 析出物の EDS 元素分析結果

13 / 14
【PDF抽出】
14 / 14 
 
 
 
 
 
 
 
 
 
 
 
 
 
 
 
 
 
 
 
 
 
 
 
 
 
 
 
 
 
 
 
 
 
 
 
 
 
別添資料1：供試体詳細

【OCR抽出】
Ege
SLAP H HBS Fel Sh HH
Lizser | 6bz        vere        OF6r1        /z〒gb | edw'SIn

LEE SMD TRV PoMUdBEEVILV BS

SOUMA TICES £7 LAR BE

DEGSHHBEIES APABSLOCEAWSON Cor | aam | am [am | mewl
ELL-SLOL      91+dIH          91           ロIH         pling SV
WySCHEL1-CLOL 王記91+dIH      Bt VG OL                      ping sy
00                                                                        0
(/95-V-OO: 4S) BBXSORYSEVILV:::                                                                                                          og
WyeEOe 1-SLOL 画          og
001
MEET OL ART dIHDET ---          001                                                                        x &
91+dIH 画                                                                                  =
st 09I                                                                        002 &
SH 6 xX O.LL) at — GS 7 x 9.625 FHM «++        に                                                                                                      \
mmol 画       =                                                                            092 ani
S 00z                                                                                           an
_          _                                                                                            008 gy
(BJ£4 | x gd €F86 x 0,01 F00S:= =    *                                                   Sd
SfiidiH 画          092                                                                        095 =
ALK OLLME:                                NNN                                         oo
Plnd SV my          008                 BHA 236 | om
                                          ;                                            OSb
BdA ‘CES Z Om
oge                                                                        00g
(HERO AC EY CO FLSPIS|S CO HEWISOLIVIL 1 BH RTOS

PEI + T th SAS

q

ae

VL / UT
### 文書番号

本文部分が提供されていないため、このセクションは割愛します。

### 図表観察

- 図3 キャプション本文: "（以下表示）"
- /* 図4 キャプション本文：/*不明瞭箇所一覧があった場合のみこちらで出力します。*/  

本文部分:  
>（本文はOCRで読み取れた内容を列挙し、自然な日本語段落に整形して終了しますが、その具体的なテキストは提供されないため実際の文章は記載せず）

### 不明瞭箇所一覧

- /* 文章中に出現した不明瞭箇所のみを列挙：（具体例があればここに記載）。*/  

（もし本文部分が存在する場合、不明瞭箇所はこのセクションで列挙します）