📝 整形後:
**スプリングの図面と使用状況**

**スプリングについて**

スプリングは、特定の産業における重要な機械要素です。それらは、高圧の fluid を適切に制御する重要な役割を果たします。

**図面**

図面は、スプリングの図面と使用状況を詳細に示しています。これは、スプリングの設計、組立、使用に関するすべての情報を提供します。

**使用状況**

スプリングは、以下のような産業で使用されます。

* 油田産業
* Petrochemical産業
* 水力エネルギー産業

**問題**

スプリングの破損は、生産のダウンタイムとコストの増加に関連します。したがって、スプリングの設計と製造に関する品質管理は重要です。

**解決策**

以下のような方法で、スプリングの破損を回避できます。

* 高品質の材料を使用する。
* 適切な設計と製造プロセスを実行する。
* 定期的な点検と保守を行う。

**結論**

スプリングの図面と使用状況の理解は、スプリングの設計、製造、使用に関する重要な情報です。この情報を使用して、スプリングの破損を回避し、生産の効率性を向上させることができます。


=== ✂️ チャンク ===
**スプリングの図面と使用状況**

**スプリングについて**

スプリングは、特定の産業における重要な機械要素です。それらは、高圧の fluid を適切に制御する重要な役割を果たします。

**図面**

図面は、スプリングの図面と使用状況を詳細に示しています。これは、スプリングの設計、組立、使用に関するすべての情報を提供します。

**使用状況**

スプリングは、以下のような産業で使用されます。

* 油田産業
* Petrochemical産業
* 水力エネルギー産業

**問題**

スプリングの破損は、生産のダウンタイムとコストの増加に関連します。したがって、スプリングの設計と製造に関する品質管理は重要です。

**解決策**

以下のような方法で、スプリングの破損を回避できます。

* 高品質の材料を使用する。
* 適切な設計と製造プロセスを実行する。
* 定期的な点検と保守を行う。

**結論**
**結論**

スプリングの図面と使用状況の理解は、スプリングの設計、製造、使用に関する重要な情報です。この情報を使用して、スプリングの破損を回避し、生産の効率性を向上させることができます。
**スプリングの図面と使用状況**

**スプリングについて**

スプリングは、特定の産業における重要な機械要素です。それらは、高圧の fluid を適切に制御する重要な役割を果たします。

**図面**

図面は、スプリングの図面と使用状況を詳細に示しています。これは、スプリングの設計、組立、使用に関するすべての情報を提供します。

**使用状況**

スプリングは、以下のような産業で使用されます。

* 油田産業
* Petrochemical産業
* 水力エネルギー産業

**問題**

スプリングの破損は、生産のダウンタイムとコストの増加に関連します。したがって、スプリングの設計と製造に関する品質管理は重要です。

**解決策**

以下のような方法で、スプリングの破損を回避できます。

* 高品質の材料を使用する。
* 適切な設計と製造プロセスを実行する。
* 定期的な点検と保守を行う。

**結論**
**結論**

スプリングの図面と使用状況の理解は、スプリングの設計、製造、使用に関する重要な情報です。この情報を使用して、スプリングの破損を回避し、生産の効率性を向上させることができます。