【OCR】
【PDF抽出】
報告書番号: 材化-H-3444 
日付: 2023 年7 月7 日 
名称 
ギアハウジング(QS5G-80) 
き裂調査報告書 
 
研究部 材料・プロセスリサーチラボ 
 
認可 
審査 
作成 
製作番号 
 
 
 
 
 
Keywords 
 
 
 
 
 
 
 
 
 
 
配布先: 油技×1 材ラボ×1 
 
1. 
目的 
開発品耐久試験にて当該品にき裂が確認された。き裂の様相を観察し、き裂発生から現在までに要
した期間や材料の健全性を確認することを目的とする。 
 
2. 
調査品 
名称：ギアハウジング 
型番：QS5449 
材質：FCD500 
  
3. 
観察結果 
(1) 破面観察 
① マクロ観察 
き裂を開口して得られた破面をFig.1～2 に示す。得られた知見は以下のとおり。 
• 
供試体A-1（以下、破面A-1）は、内側から深さ約5.5mm までき裂が確認されたもの
の、深さ1.0mm あたりを境に破面の色に変化が確認された。 
• 
供試体B-1（以下。破面B-1）は、内側から深さ0.6mm あたりまで破面が確認された。 
② ミクロ観察（SEM） 
破面A-1 とB-1 の観察結果は以下のとおり。 
〈破面A-1〉 
• 
内側の複数箇所を起点にき裂が進展していることが確認された。内側に起点の原因と
なるような顕著な変形は確認されなかった。起点部の代表的な破面をFig.3 に示す 
• 
破面全体から疲労破壊の様相が確認された。一部の領域（内側から約1.0mm 深さの領
域）の破面から疲労縞は確認されたものの、変色領域からは疲労縞は確認されなかっ
た。 
 
Proprietary Information of Sumitomo Precision Products 
本資料の内容に関わる全権利は住友精密工業株式会社に帰属する. 
配布目的以外の流用, 複製, 第3 者への掲示を禁ずる. 
用済み後はシュレッダー処分, 又は返却すること.

【OCR抽出】
Hh

告書番号: 材化-H-3444

日付: 2023 年7月7日

名称
a

Keywords

ギアハウジング(QSSG-80)

eR

Sul

nn

研究部 材料・プロセスリサーチラボ

20a
at 日

Proprietary Information of Sumitomo Precision Products

本資料の内容に
配布目的以外の流用,
用済み後はシュレッダー処分

複製, 第 3 者への掲示を禁ずる.

, 又は返却すること.

関わる全権利は住友精密工業株式会社に帰属する.

配布先: 油技x1 材ラボx1
1. 目的
開発品耐久試験に

2. 調査品

名称 : ギアハウジング
型番 : QS5449
材質 : FCDS00

aie

V7 Ages

& REA

供試体 A-1 (LAR. ARE
を境に破面の色(

ヽ

供試
27 ol

LC4$ 5 AV ICA

YES 1.0mm あたり

体 B-1 (LAR. fh

#2 (SEM)

破面 A-1 と B-1 の観察結果は以下のとおり。

(破面 A-

内側
なる

1)
の複数箇所を起点に

ような顕著な変形は

き像が進展していることが確認
されなかった。 起点部の代表的な破面を Fig.3 にボす

確認

破下

域)
た。

OD ABET D> BR TT es

THE 2y
Wo

全体から疲労破壊の様相が確認さ れた。

されたものの、

された。 内側に起点の原因と

審査              作成

て当該品にき謝が確認された。き仙の様相を観祭し、き像発生から現在までに要
した期間や材料の健全性 し  とを目的とする。

を Fig.1~2 に示す。得られた知見は以下のとおり。

A-1) は、内側から深さ約 5.5mm EC& RASH ESNE SO
に変化が確認された。
B-1) は、内側から深さ 0.6mm あたりまで破面が確認された。

一部の領域  a ら約 1.0mm 深さの領

変色領域から

縮 仙は確認されなかっ
【PDF抽出】
• 
確認することができた疲労縞のサイクル数から、き裂発生から現在の状態に至るまで
のサイクル数は約18,000 サイクルと推測される。 
• 
疲労縞が確認された領域と変色領域の破面表面の元素を比較した結果、変色領域の方
が、O（酸素）量が多く、S やZn も検出された。 
〈破面B-1〉 
• 
内径面の複数箇所を起点にき裂が進展していることが確認された。内径面に起点の原
因となるような局所的な変形は確認されなかった。代表的な破面をFig.5 に示す。 
• 
破面からは疲労縞が確認された。疲労縞間隔から、き裂発生から2,000 サイクル程度で
現在の状態に至ったと推測される。代表的な破面をFig.5 に示す。 
 
(2) 金属組織観察 
破面A-1 およびB-1 の破面近傍の金属組織を観察した（エッチングはナイタルを使用）。 
観察結果をFig.6～8 に示す。観察結果は以下のとおり。 
〈破面A-1〉 
• 
破面A-1 の近傍は芯部に比べて、フェライト組織が多く、パーライト組織が少ないうえ、
黒鉛形状も異なっていることが確認された（Fig.6 参照）。 
• 
芯部組織の一部で片状黒鉛が確認された（Fig.7 参照）。 
〈破面B-1〉 
• 
破面B-1 の近傍は芯部と同様の金属組織であることが確認された（Fig.8 参照）。 
破面A-1 およびB-1 近傍の金属組織に対して、球状黒鉛化率およびパーライト率の測定を行っ
た。 
球状黒鉛化率はJIS-G-5502 に従い、A-1, B-1 ともに2 視野ずつ測定を行った。 
パーライト率は、任意の金属組織観察面（×100）の黒鉛が占める面積を除いた面積に対して、
同観察面でパーライト組織が占める面積の割合を示す。それぞれ測定に使用した観察面をFig.9, 
10 に示す。 
球状黒鉛化率は、A-1 は68%, 83%、B-1 は77%, 78%であった。 
パーライト率は、A-1 は19%、B-1 は39%であった。 
 
4. 
まとめ 
破面A-1、B-1 ともに疲労破壊によってき裂が発生・進展したことが確認された。

【OCR抽出】
4.

確認することができた疲労貫のサイクル数から、き像発生から現在の状態に至るまで
のサイクル数は約 18.000 サイクルと推測される。

疲労連が確認された領域と変色領域の破面表面の元素を比較した結果、変色領域の方
が、O (酸素) 量が多く、S や Zn も検出された。

(破面 B-1)

内径面の複数箇所を起点にき像が進展していることが確認された。 内径面に起点の原
因となるような局所的な変形は確認されなかった。 代表的な破面を Fig.? に示す。
ARTEL © (LE ATG DS EGS SAUTE, PEAT ALA PAD® 5. & AEA D5 2,000 サイクル程度で
現在の状態に至ったと推測される。 代表的な破面を Fig.? にボす。

(2) 金属組織観宗
破面 A-1 およびB-1 の破面近傍の金属組織を観察した (エッチングはナイタルを使用
観察結果を Fig.6て8 に示す。和観察結果は以下のとおり。
(破面 A-1〉
破面 A-1 の近傍は芯部に比べて、フェライト組織が多く、パーライト組織が少ないうえ、
黒鉛形状も異なっていることが確認された (Fig.6 参照)。
忌部組織の一部で片状黒鉛が確認された (Fig.7 参照)。
(破面 B-1〉
破面 B-1 の近傍は芯部と同様の金属組織でめあることが確認された (Fig.8 参照)。
破面 A-1 および B-1 近傍の金属組織に対して、球状黒鉛化率およびパーライト率の測定を行っ
た。
球状黒鉛化率は JIS-G-5502 に従い、A-1, B-1 ともに 2 視野ずつ測定を行った。
パーライト率は、任意の金属組織観察面 (X100) の黒鉛が占める面積を除いた面積に対して、
同観察面でパーライト組織が占める面積の割合を示す。 それぞれ測定に使用した観察面を Fig.9,
10 に示す。
球状黒鉛化率は、A-1 は 68%, 83%、B-1 は 77%, 78%であった。
パーライト率は、A-1 は 19%、B-1 は 39%であった。

Ww
Oo

まとめ
破面 A-1、B-1 ともに疲労破壊によってき像が発生・進展したことが確認された。
【PDF抽出】
強制破壊領域 
（き裂開口時） 
ハウジング内側 
き裂進展方向 
変色領域 
Fig.1 破面概観（破面A-1） 
上：概観／下：疲労破壊領域の拡大 
疲労破壊領域

【OCR抽出】
> LA TEE

YT Op EL SB Fh 2

y TSIH

*

(T-V Hh) Hey

4 hath Pte
Larne js
【PDF抽出】
強制破壊領域（き裂開口時） 
ハウジング内側 
疲労破壊領域 
き裂進展方向 
Fig.2 破面概観（破面B-1）

【OCR抽出】
ン  Pie Thee

ハウジング内側

Fig.2 破面概観 (破面 B-1)
【PDF抽出】
起点部 
                            
 
 
 
 
 
 
 
 
 
 
 
                           疲労破壊領域（変色部） 
 
 
 
 
 
 
 
 
 
 
 
 
                               変色領域 
 
 
 
 
 
 
 
 
 
 
 
Fig.3 SEM による破面観察結果（破面A-1）

【OCR抽出】
疲労破壊領域 (変色部)

=        ーー <,
NVAO00 10kV Siro X3,00K'SE M

変色領域

26.0um

Fig.3 SEM による破面観祭結果 (破面A-1)
【PDF抽出】
元素
質量 %
C
31.78
O
15.03
Si
1.66
S
2.53
Fe
41.95
Zn
7.05
元素
質量 %
C
27.1
O
9.36
Al
4.04
Si
2.04
Fe
57.46
注：破面表面の酸素量の差異を分析するため、加速電圧5kV でEDS 分析を行った 
Fig.4 破面のEDS 元素分析結果 
上：変色領域／下：疲労破壊領域

【OCR抽出】
be

4                   5                   6                                        &                   9                 keV

be

TE : 破面表面の酸素量の差異を分析するため、加速電圧 5kV で EDS 分析を行った

fig.4 破面の EDS 元素分析結果
上 : 変色領域 下 : 疲労破壊領域
【PDF抽出】
起点部  
 
 
 
 
 
 
 
 
 
 
 
 
                               疲労破壊領域 
 
 
 
 
 
 
 
 
 
 
 
 
 
 
 
 
 
 
 
 
 
 
 
 
Fig.5 SEM による破面観察結果（破面B-1）

【OCR抽出】
疲労破壊領域

さき
—
ee

TM4000 10KV6stmni X1,

観宗結果 (破面 B-1)

Fig.5 SEM による破
【PDF抽出】
A-1 破面の断面 
                              （ナイタルにてエッチング） 
 
 
 
 
 
 
 
 
 
 
 
                              ⅰ：破面近傍の金属組織 
                              （端部の変色はオーバーエッチング 
                               による） 
 
 
 
 
 
 
 
 
 
 
                              ⅱ：芯部の金属組織 
 
 
 
 
 
 
 
 
 
 
 
Fig.6 破面A-1 の金属組織観察結果 
破面 
き裂進展方向 
ⅰ 
ⅱ 
ⅲ 
ⅳ

【OCR抽出】
A-1 破面の断面
(ナイタルにてエッチング)

i : 破面近傍の金属組織
*の変色はオーバーエッチング
による)

で
IE
Tk

Fig.6 破面A-1 の金属組織観察結果
【PDF抽出】
ⅲ 
 
 
 
 
 
 
 
 
 
 
 
                              ⅳ 
 
 
 
 
 
 
 
 
 
 
 
 
 
 
 
 
 
 
 
 
 
 
 
 
 
Fig.7 破面A-1 の金属組織観察結果

【OCR抽出】
IV

Fig.7 人破

A-1 の金属組織観察結果
【PDF抽出】
B-1 破面の断面 
                              （ナイタルでエッチング） 
 
 
 
 
 
 
 
 
 
 
 
                              ⅴ：破面近傍の金属組織 
 
 
 
 
 
 
 
 
 
 
 
 
                              ⅵ 
 
 
 
 
 
 
 
 
 
 
 
 
Fig.8 破面B-1 の金属組織観察結果 
き裂進展方向 
ⅴ 
破面 
ⅵ

【OCR抽出】
B-1 破面の断面
(ナイタルでエッチング)

<

e
Fi
=
ざ
sp
Hl
nd
#

1000.0um

Fig.8 破面 B-1 OA RRA
【PDF抽出】
Fig.9 球状黒鉛化率算出に使用した断面写真（×100）（エッチングなし） 
Fig.10 パーライト率算出に使用した断面写真（×100）（ナイタルにてエッチング） 
A-1／断面1：68% 
A-1／断面2：83% 
B-1／断面1：77％ 
B-1／断面2：78％ 
A-1 
B-1

【OCR抽出】
Fig.9 球状黒鉛化率算出に使用した断面写真 (X100) (エッチングなし)

dr

Fig.10 パーライト率算出に使用した断面写真 (X100) (ナイタルにてエッチング)
【PDF抽出】
参考：球状黒鉛鋳鉄の金属組織（ASM Handbook Vol.9 より抜粋）

【OCR抽出】
3% nital        |                   100x
703 Grade 80-55-06 pearlitic ductile iron,
as-cast, Graphite nodules (spherulites)

in envelopes of free ferrite (bull’s-eye struc-
ture), in a matrix of pearlite.

参考 : 球状黒鉛鋳鉄の金属組織 (ASM Handbook Vol.9 より抜粋)

【整形】
### 文書番号: ページ 5

本文（段落）:

このプロンプトに従って、5のページがあるため以下は「5.」を始めます。そして、正確な日本語内容を列挙します。（ここでは実際の内容を提供する場合にのみ）

不明瞭箇所一覧:

（ここに未出現する「/*…*/」文字列を記載します。もしなければ、なしと記載します。）

=== チャンク一覧 ===
【PDF抽出】
報告書番号: 材化-H-3444 
日付: 2023 年7 月7 日 
名称 
ギアハウジング(QS5G-80) 
き裂調査報告書 
 
研究部 材料・プロセスリサーチラボ 
 
認可 
審査 
作成 
製作番号 
 
 
 
 
 
Keywords 
 
 
 
 
 
 
 
 
 
 
配布先: 油技×1 材ラボ×1 
 
1. 
目的 
開発品耐久試験にて当該品にき裂が確認された。き裂の様相を観察し、き裂発生から現在までに要
した期間や材料の健全性を確認することを目的とする。 
 
2. 
調査品 
名称：ギアハウジング 
型番：QS5449 
材質：FCD500 
  
3. 
観察結果 
(1) 破面観察 
① マクロ観察 
き裂を開口して得られた破面をFig.1～2 に示す。得られた知見は以下のとおり。 
• 
供試体A-1（以下、破面A-1）は、内側から深さ約5.5mm までき裂が確認されたもの
の、深さ1.0mm あたりを境に破面の色に変化が確認された。 
•
の、深さ1.0mm あたりを境に破面の色に変化が確認された。 
• 
供試体B-1（以下。破面B-1）は、内側から深さ0.6mm あたりまで破面が確認された。 
② ミクロ観察（SEM） 
破面A-1 とB-1 の観察結果は以下のとおり。 
〈破面A-1〉 
• 
内側の複数箇所を起点にき裂が進展していることが確認された。内側に起点の原因と
なるような顕著な変形は確認されなかった。起点部の代表的な破面をFig.3 に示す 
• 
破面全体から疲労破壊の様相が確認された。一部の領域（内側から約1.0mm 深さの領
域）の破面から疲労縞は確認されたものの、変色領域からは疲労縞は確認されなかっ
た。 
 
Proprietary Information of Sumitomo Precision Products 
本資料の内容に関わる全権利は住友精密工業株式会社に帰属する. 
配布目的以外の流用, 複製, 第3 者への掲示を禁ずる. 
用済み後はシュレッダー処分, 又は返却すること.
【OCR抽出】
Hh

告書番号: 材化-H-3444

日付: 2023 年7月7日

名称
a

Keywords

ギアハウジング(QSSG-80)

eR

Sul

nn

研究部 材料・プロセスリサーチラボ

20a
at 日

Proprietary Information of Sumitomo Precision Products

本資料の内容に
配布目的以外の流用,
用済み後はシュレッダー処分

複製, 第 3 者への掲示を禁ずる.

, 又は返却すること.

関わる全権利は住友精密工業株式会社に帰属する.

配布先: 油技x1 材ラボx1
1. 目的
開発品耐久試験に

2. 調査品

名称 : ギアハウジング
型番 : QS5449
材質 : FCDS00

aie

V7 Ages

& REA

供試体 A-1 (LAR. ARE
を境に破面の色(

ヽ

供試
27 ol

LC4$ 5 AV ICA

YES 1.0mm あたり

体 B-1 (LAR. fh

#2 (SEM)

破面 A-1 と B-1 の観察結果は以下のとおり。
#2 (SEM)

破面 A-1 と B-1 の観察結果は以下のとおり。

(破面 A-

内側
なる

1)
の複数箇所を起点に

ような顕著な変形は

き像が進展していることが確認
されなかった。 起点部の代表的な破面を Fig.3 にボす

確認

破下

域)
た。

OD ABET D> BR TT es

THE 2y
Wo

全体から疲労破壊の様相が確認さ れた。

されたものの、

された。 内側に起点の原因と

審査              作成

て当該品にき謝が確認された。き仙の様相を観祭し、き像発生から現在までに要
した期間や材料の健全性 し  とを目的とする。

を Fig.1~2 に示す。得られた知見は以下のとおり。

A-1) は、内側から深さ約 5.5mm EC& RASH ESNE SO
に変化が確認された。
B-1) は、内側から深さ 0.6mm あたりまで破面が確認された。

一部の領域  a ら約 1.0mm 深さの領

変色領域から
縮 仙は確認されなかっ
【PDF抽出】
• 
確認することができた疲労縞のサイクル数から、き裂発生から現在の状態に至るまで
のサイクル数は約18,000 サイクルと推測される。 
• 
疲労縞が確認された領域と変色領域の破面表面の元素を比較した結果、変色領域の方
が、O（酸素）量が多く、S やZn も検出された。 
〈破面B-1〉 
• 
内径面の複数箇所を起点にき裂が進展していることが確認された。内径面に起点の原
因となるような局所的な変形は確認されなかった。代表的な破面をFig.5 に示す。 
• 
破面からは疲労縞が確認された。疲労縞間隔から、き裂発生から2,000 サイクル程度で
現在の状態に至ったと推測される。代表的な破面をFig.5 に示す。 
 
(2) 金属組織観察 
破面A-1 およびB-1 の破面近傍の金属組織を観察した（エッチングはナイタルを使用）。 
観察結果をFig.6～8 に示す。観察結果は以下のとおり。 
〈破面A-1〉 
• 
破面A-1 の近傍は芯部に比べて、フェライト組織が多く、パーライト組織が少ないうえ、
• 
破面A-1 の近傍は芯部に比べて、フェライト組織が多く、パーライト組織が少ないうえ、
黒鉛形状も異なっていることが確認された（Fig.6 参照）。 
• 
芯部組織の一部で片状黒鉛が確認された（Fig.7 参照）。 
〈破面B-1〉 
• 
破面B-1 の近傍は芯部と同様の金属組織であることが確認された（Fig.8 参照）。 
破面A-1 およびB-1 近傍の金属組織に対して、球状黒鉛化率およびパーライト率の測定を行っ
た。 
球状黒鉛化率はJIS-G-5502 に従い、A-1, B-1 ともに2 視野ずつ測定を行った。 
パーライト率は、任意の金属組織観察面（×100）の黒鉛が占める面積を除いた面積に対して、
同観察面でパーライト組織が占める面積の割合を示す。それぞれ測定に使用した観察面をFig.9, 
10 に示す。 
球状黒鉛化率は、A-1 は68%, 83%、B-1 は77%, 78%であった。 
パーライト率は、A-1 は19%、B-1 は39%であった。 
 
4. 
まとめ 
破面A-1、B-1 ともに疲労破壊によってき裂が発生・進展したことが確認された。
【OCR抽出】
4.

確認することができた疲労貫のサイクル数から、き像発生から現在の状態に至るまで
のサイクル数は約 18.000 サイクルと推測される。

疲労連が確認された領域と変色領域の破面表面の元素を比較した結果、変色領域の方
が、O (酸素) 量が多く、S や Zn も検出された。

(破面 B-1)

内径面の複数箇所を起点にき像が進展していることが確認された。 内径面に起点の原
因となるような局所的な変形は確認されなかった。 代表的な破面を Fig.? に示す。
ARTEL © (LE ATG DS EGS SAUTE, PEAT ALA PAD® 5. & AEA D5 2,000 サイクル程度で
現在の状態に至ったと推測される。 代表的な破面を Fig.? にボす。
(2) 金属組織観宗
破面 A-1 およびB-1 の破面近傍の金属組織を観察した (エッチングはナイタルを使用
観察結果を Fig.6て8 に示す。和観察結果は以下のとおり。
(破面 A-1〉
破面 A-1 の近傍は芯部に比べて、フェライト組織が多く、パーライト組織が少ないうえ、
黒鉛形状も異なっていることが確認された (Fig.6 参照)。
忌部組織の一部で片状黒鉛が確認された (Fig.7 参照)。
(破面 B-1〉
破面 B-1 の近傍は芯部と同様の金属組織でめあることが確認された (Fig.8 参照)。
破面 A-1 および B-1 近傍の金属組織に対して、球状黒鉛化率およびパーライト率の測定を行っ
た。
球状黒鉛化率は JIS-G-5502 に従い、A-1, B-1 ともに 2 視野ずつ測定を行った。
パーライト率は、任意の金属組織観察面 (X100) の黒鉛が占める面積を除いた面積に対して、
同観察面でパーライト組織が占める面積の割合を示す。 それぞれ測定に使用した観察面を Fig.9,
10 に示す。
10 に示す。
球状黒鉛化率は、A-1 は 68%, 83%、B-1 は 77%, 78%であった。
パーライト率は、A-1 は 19%、B-1 は 39%であった。
Ww
Oo

まとめ
破面 A-1、B-1 ともに疲労破壊によってき像が発生・進展したことが確認された。
【PDF抽出】
強制破壊領域 
（き裂開口時） 
ハウジング内側 
き裂進展方向 
変色領域 
Fig.1 破面概観（破面A-1） 
上：概観／下：疲労破壊領域の拡大 
疲労破壊領域

【OCR抽出】
> LA TEE

YT Op EL SB Fh 2

y TSIH

*

(T-V Hh) Hey

4 hath Pte
Larne js
【PDF抽出】
強制破壊領域（き裂開口時） 
ハウジング内側 
疲労破壊領域 
き裂進展方向 
Fig.2 破面概観（破面B-1）

【OCR抽出】
ン  Pie Thee

ハウジング内側
【OCR抽出】
ン  Pie Thee

ハウジング内側

Fig.2 破面概観 (破面 B-1)
【PDF抽出】
起点部 
                            
 
 
 
 
 
 
 
 
 
 
 
                           疲労破壊領域（変色部） 
 
 
 
 
 
 
 
 
 
 
 
 
                               変色領域 
 
 
 
 
 
 
 
 
 
 
 
Fig.3 SEM による破面観察結果（破面A-1）

【OCR抽出】
疲労破壊領域 (変色部)

=        ーー <,
NVAO00 10kV Siro X3,00K'SE M

変色領域

26.0um
変色領域

26.0um

Fig.3 SEM による破面観祭結果 (破面A-1)
【PDF抽出】
元素
質量 %
C
31.78
O
15.03
Si
1.66
S
2.53
Fe
41.95
Zn
7.05
元素
質量 %
C
27.1
O
9.36
Al
4.04
Si
2.04
Fe
57.46
注：破面表面の酸素量の差異を分析するため、加速電圧5kV でEDS 分析を行った 
Fig.4 破面のEDS 元素分析結果 
上：変色領域／下：疲労破壊領域

【OCR抽出】
be

4                   5                   6                                        &                   9                 keV

be

TE : 破面表面の酸素量の差異を分析するため、加速電圧 5kV で EDS 分析を行った
TE : 破面表面の酸素量の差異を分析するため、加速電圧 5kV で EDS 分析を行った

fig.4 破面の EDS 元素分析結果
上 : 変色領域 下 : 疲労破壊領域
【PDF抽出】
起点部  
 
 
 
 
 
 
 
 
 
 
 
 
                               疲労破壊領域 
 
 
 
 
 
 
 
 
 
 
 
 
 
 
 
 
 
 
 
 
 
 
 
 
Fig.5 SEM による破面観察結果（破面B-1）

【OCR抽出】
疲労破壊領域

さき
—
ee

TM4000 10KV6stmni X1,

観宗結果 (破面 B-1)
さき
—
ee

TM4000 10KV6stmni X1,

観宗結果 (破面 B-1)

Fig.5 SEM による破
【PDF抽出】
A-1 破面の断面 
                              （ナイタルにてエッチング） 
 
 
 
 
 
 
 
 
 
 
 
                              ⅰ：破面近傍の金属組織 
                              （端部の変色はオーバーエッチング 
                               による） 
 
 
 
 
 
 
 
 
 
 
                              ⅱ：芯部の金属組織 
 
 
 
 
 
 
 
 
 
 
 
Fig.6 破面A-1 の金属組織観察結果 
破面 
き裂進展方向 
ⅰ 
ⅱ 
ⅲ 
ⅳ

【OCR抽出】
A-1 破面の断面
(ナイタルにてエッチング)

i : 破面近傍の金属組織
*の変色はオーバーエッチング
による)

で
IE
Tk
i : 破面近傍の金属組織
*の変色はオーバーエッチング
による)

で
IE
Tk

Fig.6 破面A-1 の金属組織観察結果
【PDF抽出】
ⅲ 
 
 
 
 
 
 
 
 
 
 
 
                              ⅳ 
 
 
 
 
 
 
 
 
 
 
 
 
 
 
 
 
 
 
 
 
 
 
 
 
 
Fig.7 破面A-1 の金属組織観察結果

【OCR抽出】
IV

Fig.7 人破

A-1 の金属組織観察結果
【PDF抽出】
B-1 破面の断面 
                              （ナイタルでエッチング） 
 
 
 
 
 
 
 
 
 
 
 
                              ⅴ：破面近傍の金属組織 
 
 
 
 
 
 
 
 
 
 
 
 
                              ⅵ 
 
 
 
 
 
 
 
 
 
 
 
 
Fig.8 破面B-1 の金属組織観察結果 
き裂進展方向 
ⅴ 
破面 
ⅵ
【OCR抽出】
B-1 破面の断面
(ナイタルでエッチング)

<

e
Fi
=
ざ
sp
Hl
nd
#

1000.0um

Fig.8 破面 B-1 OA RRA
【PDF抽出】
Fig.9 球状黒鉛化率算出に使用した断面写真（×100）（エッチングなし） 
Fig.10 パーライト率算出に使用した断面写真（×100）（ナイタルにてエッチング） 
A-1／断面1：68% 
A-1／断面2：83% 
B-1／断面1：77％ 
B-1／断面2：78％ 
A-1 
B-1

【OCR抽出】
Fig.9 球状黒鉛化率算出に使用した断面写真 (X100) (エッチングなし)

dr

Fig.10 パーライト率算出に使用した断面写真 (X100) (ナイタルにてエッチング)
【PDF抽出】
参考：球状黒鉛鋳鉄の金属組織（ASM Handbook Vol.9 より抜粋）
【OCR抽出】
3% nital        |                   100x
703 Grade 80-55-06 pearlitic ductile iron,
as-cast, Graphite nodules (spherulites)

in envelopes of free ferrite (bull’s-eye struc-
ture), in a matrix of pearlite.

参考 : 球状黒鉛鋳鉄の金属組織 (ASM Handbook Vol.9 より抜粋)
### 文書番号: ページ 5

本文（段落）:

このプロンプトに従って、5のページがあるため以下は「5.」を始めます。そして、正確な日本語内容を列挙します。（ここでは実際の内容を提供する場合にのみ）

不明瞭箇所一覧:

（ここに未出現する「/*…*/」文字列を記載します。もしなければ、なしと記載します。）
【PDF抽出】
報告書番号: 材化-H-3444 
日付: 2023 年7 月7 日 
名称 
ギアハウジング(QS5G-80) 
き裂調査報告書 
 
研究部 材料・プロセスリサーチラボ 
 
認可 
審査 
作成 
製作番号 
 
 
 
 
 
Keywords 
 
 
 
 
 
 
 
 
 
 
配布先: 油技×1 材ラボ×1 
 
1. 
目的 
開発品耐久試験にて当該品にき裂が確認された。き裂の様相を観察し、き裂発生から現在までに要
した期間や材料の健全性を確認することを目的とする。 
 
2. 
調査品 
名称：ギアハウジング 
型番：QS5449 
材質：FCD500 
  
3. 
観察結果 
(1) 破面観察 
① マクロ観察 
き裂を開口して得られた破面をFig.1～2 に示す。得られた知見は以下のとおり。 
• 
供試体A-1（以下、破面A-1）は、内側から深さ約5.5mm までき裂が確認されたもの
の、深さ1.0mm あたりを境に破面の色に変化が確認された。 
•
の、深さ1.0mm あたりを境に破面の色に変化が確認された。 
• 
供試体B-1（以下。破面B-1）は、内側から深さ0.6mm あたりまで破面が確認された。 
② ミクロ観察（SEM） 
破面A-1 とB-1 の観察結果は以下のとおり。 
〈破面A-1〉 
• 
内側の複数箇所を起点にき裂が進展していることが確認された。内側に起点の原因と
なるような顕著な変形は確認されなかった。起点部の代表的な破面をFig.3 に示す 
• 
破面全体から疲労破壊の様相が確認された。一部の領域（内側から約1.0mm 深さの領
域）の破面から疲労縞は確認されたものの、変色領域からは疲労縞は確認されなかっ
た。 
 
Proprietary Information of Sumitomo Precision Products 
本資料の内容に関わる全権利は住友精密工業株式会社に帰属する. 
配布目的以外の流用, 複製, 第3 者への掲示を禁ずる. 
用済み後はシュレッダー処分, 又は返却すること.
【OCR抽出】
Hh

告書番号: 材化-H-3444

日付: 2023 年7月7日

名称
a

Keywords

ギアハウジング(QSSG-80)

eR

Sul

nn

研究部 材料・プロセスリサーチラボ

20a
at 日

Proprietary Information of Sumitomo Precision Products

本資料の内容に
配布目的以外の流用,
用済み後はシュレッダー処分

複製, 第 3 者への掲示を禁ずる.

, 又は返却すること.

関わる全権利は住友精密工業株式会社に帰属する.

配布先: 油技x1 材ラボx1
1. 目的
開発品耐久試験に

2. 調査品

名称 : ギアハウジング
型番 : QS5449
材質 : FCDS00

aie

V7 Ages

& REA

供試体 A-1 (LAR. ARE
を境に破面の色(

ヽ

供試
27 ol

LC4$ 5 AV ICA

YES 1.0mm あたり

体 B-1 (LAR. fh

#2 (SEM)

破面 A-1 と B-1 の観察結果は以下のとおり。
#2 (SEM)

破面 A-1 と B-1 の観察結果は以下のとおり。

(破面 A-

内側
なる

1)
の複数箇所を起点に

ような顕著な変形は

き像が進展していることが確認
されなかった。 起点部の代表的な破面を Fig.3 にボす

確認

破下

域)
た。

OD ABET D> BR TT es

THE 2y
Wo

全体から疲労破壊の様相が確認さ れた。

されたものの、

された。 内側に起点の原因と

審査              作成

て当該品にき謝が確認された。き仙の様相を観祭し、き像発生から現在までに要
した期間や材料の健全性 し  とを目的とする。

を Fig.1~2 に示す。得られた知見は以下のとおり。

A-1) は、内側から深さ約 5.5mm EC& RASH ESNE SO
に変化が確認された。
B-1) は、内側から深さ 0.6mm あたりまで破面が確認された。

一部の領域  a ら約 1.0mm 深さの領

変色領域から
縮 仙は確認されなかっ
【PDF抽出】
• 
確認することができた疲労縞のサイクル数から、き裂発生から現在の状態に至るまで
のサイクル数は約18,000 サイクルと推測される。 
• 
疲労縞が確認された領域と変色領域の破面表面の元素を比較した結果、変色領域の方
が、O（酸素）量が多く、S やZn も検出された。 
〈破面B-1〉 
• 
内径面の複数箇所を起点にき裂が進展していることが確認された。内径面に起点の原
因となるような局所的な変形は確認されなかった。代表的な破面をFig.5 に示す。 
• 
破面からは疲労縞が確認された。疲労縞間隔から、き裂発生から2,000 サイクル程度で
現在の状態に至ったと推測される。代表的な破面をFig.5 に示す。 
 
(2) 金属組織観察 
破面A-1 およびB-1 の破面近傍の金属組織を観察した（エッチングはナイタルを使用）。 
観察結果をFig.6～8 に示す。観察結果は以下のとおり。 
〈破面A-1〉 
• 
破面A-1 の近傍は芯部に比べて、フェライト組織が多く、パーライト組織が少ないうえ、
• 
破面A-1 の近傍は芯部に比べて、フェライト組織が多く、パーライト組織が少ないうえ、
黒鉛形状も異なっていることが確認された（Fig.6 参照）。 
• 
芯部組織の一部で片状黒鉛が確認された（Fig.7 参照）。 
〈破面B-1〉 
• 
破面B-1 の近傍は芯部と同様の金属組織であることが確認された（Fig.8 参照）。 
破面A-1 およびB-1 近傍の金属組織に対して、球状黒鉛化率およびパーライト率の測定を行っ
た。 
球状黒鉛化率はJIS-G-5502 に従い、A-1, B-1 ともに2 視野ずつ測定を行った。 
パーライト率は、任意の金属組織観察面（×100）の黒鉛が占める面積を除いた面積に対して、
同観察面でパーライト組織が占める面積の割合を示す。それぞれ測定に使用した観察面をFig.9, 
10 に示す。 
球状黒鉛化率は、A-1 は68%, 83%、B-1 は77%, 78%であった。 
パーライト率は、A-1 は19%、B-1 は39%であった。 
 
4. 
まとめ 
破面A-1、B-1 ともに疲労破壊によってき裂が発生・進展したことが確認された。
【OCR抽出】
4.

確認することができた疲労貫のサイクル数から、き像発生から現在の状態に至るまで
のサイクル数は約 18.000 サイクルと推測される。

疲労連が確認された領域と変色領域の破面表面の元素を比較した結果、変色領域の方
が、O (酸素) 量が多く、S や Zn も検出された。

(破面 B-1)

内径面の複数箇所を起点にき像が進展していることが確認された。 内径面に起点の原
因となるような局所的な変形は確認されなかった。 代表的な破面を Fig.? に示す。
ARTEL © (LE ATG DS EGS SAUTE, PEAT ALA PAD® 5. & AEA D5 2,000 サイクル程度で
現在の状態に至ったと推測される。 代表的な破面を Fig.? にボす。
(2) 金属組織観宗
破面 A-1 およびB-1 の破面近傍の金属組織を観察した (エッチングはナイタルを使用
観察結果を Fig.6て8 に示す。和観察結果は以下のとおり。
(破面 A-1〉
破面 A-1 の近傍は芯部に比べて、フェライト組織が多く、パーライト組織が少ないうえ、
黒鉛形状も異なっていることが確認された (Fig.6 参照)。
忌部組織の一部で片状黒鉛が確認された (Fig.7 参照)。
(破面 B-1〉
破面 B-1 の近傍は芯部と同様の金属組織でめあることが確認された (Fig.8 参照)。
破面 A-1 および B-1 近傍の金属組織に対して、球状黒鉛化率およびパーライト率の測定を行っ
た。
球状黒鉛化率は JIS-G-5502 に従い、A-1, B-1 ともに 2 視野ずつ測定を行った。
パーライト率は、任意の金属組織観察面 (X100) の黒鉛が占める面積を除いた面積に対して、
同観察面でパーライト組織が占める面積の割合を示す。 それぞれ測定に使用した観察面を Fig.9,
10 に示す。
10 に示す。
球状黒鉛化率は、A-1 は 68%, 83%、B-1 は 77%, 78%であった。
パーライト率は、A-1 は 19%、B-1 は 39%であった。
Ww
Oo

まとめ
破面 A-1、B-1 ともに疲労破壊によってき像が発生・進展したことが確認された。
【PDF抽出】
強制破壊領域 
（き裂開口時） 
ハウジング内側 
き裂進展方向 
変色領域 
Fig.1 破面概観（破面A-1） 
上：概観／下：疲労破壊領域の拡大 
疲労破壊領域

【OCR抽出】
> LA TEE

YT Op EL SB Fh 2

y TSIH

*

(T-V Hh) Hey

4 hath Pte
Larne js
【PDF抽出】
強制破壊領域（き裂開口時） 
ハウジング内側 
疲労破壊領域 
き裂進展方向 
Fig.2 破面概観（破面B-1）

【OCR抽出】
ン  Pie Thee

ハウジング内側
【OCR抽出】
ン  Pie Thee

ハウジング内側

Fig.2 破面概観 (破面 B-1)
【PDF抽出】
起点部 
                            
 
 
 
 
 
 
 
 
 
 
 
                           疲労破壊領域（変色部） 
 
 
 
 
 
 
 
 
 
 
 
 
                               変色領域 
 
 
 
 
 
 
 
 
 
 
 
Fig.3 SEM による破面観察結果（破面A-1）

【OCR抽出】
疲労破壊領域 (変色部)

=        ーー <,
NVAO00 10kV Siro X3,00K'SE M

変色領域

26.0um
変色領域

26.0um

Fig.3 SEM による破面観祭結果 (破面A-1)
【PDF抽出】
元素
質量 %
C
31.78
O
15.03
Si
1.66
S
2.53
Fe
41.95
Zn
7.05
元素
質量 %
C
27.1
O
9.36
Al
4.04
Si
2.04
Fe
57.46
注：破面表面の酸素量の差異を分析するため、加速電圧5kV でEDS 分析を行った 
Fig.4 破面のEDS 元素分析結果 
上：変色領域／下：疲労破壊領域

【OCR抽出】
be

4                   5                   6                                        &                   9                 keV

be

TE : 破面表面の酸素量の差異を分析するため、加速電圧 5kV で EDS 分析を行った
TE : 破面表面の酸素量の差異を分析するため、加速電圧 5kV で EDS 分析を行った

fig.4 破面の EDS 元素分析結果
上 : 変色領域 下 : 疲労破壊領域
【PDF抽出】
起点部  
 
 
 
 
 
 
 
 
 
 
 
 
                               疲労破壊領域 
 
 
 
 
 
 
 
 
 
 
 
 
 
 
 
 
 
 
 
 
 
 
 
 
Fig.5 SEM による破面観察結果（破面B-1）

【OCR抽出】
疲労破壊領域

さき
—
ee

TM4000 10KV6stmni X1,

観宗結果 (破面 B-1)
さき
—
ee

TM4000 10KV6stmni X1,

観宗結果 (破面 B-1)

Fig.5 SEM による破
【PDF抽出】
A-1 破面の断面 
                              （ナイタルにてエッチング） 
 
 
 
 
 
 
 
 
 
 
 
                              ⅰ：破面近傍の金属組織 
                              （端部の変色はオーバーエッチング 
                               による） 
 
 
 
 
 
 
 
 
 
 
                              ⅱ：芯部の金属組織 
 
 
 
 
 
 
 
 
 
 
 
Fig.6 破面A-1 の金属組織観察結果 
破面 
き裂進展方向 
ⅰ 
ⅱ 
ⅲ 
ⅳ

【OCR抽出】
A-1 破面の断面
(ナイタルにてエッチング)

i : 破面近傍の金属組織
*の変色はオーバーエッチング
による)

で
IE
Tk
i : 破面近傍の金属組織
*の変色はオーバーエッチング
による)

で
IE
Tk

Fig.6 破面A-1 の金属組織観察結果
【PDF抽出】
ⅲ 
 
 
 
 
 
 
 
 
 
 
 
                              ⅳ 
 
 
 
 
 
 
 
 
 
 
 
 
 
 
 
 
 
 
 
 
 
 
 
 
 
Fig.7 破面A-1 の金属組織観察結果

【OCR抽出】
IV

Fig.7 人破

A-1 の金属組織観察結果
【PDF抽出】
B-1 破面の断面 
                              （ナイタルでエッチング） 
 
 
 
 
 
 
 
 
 
 
 
                              ⅴ：破面近傍の金属組織 
 
 
 
 
 
 
 
 
 
 
 
 
                              ⅵ 
 
 
 
 
 
 
 
 
 
 
 
 
Fig.8 破面B-1 の金属組織観察結果 
き裂進展方向 
ⅴ 
破面 
ⅵ
【OCR抽出】
B-1 破面の断面
(ナイタルでエッチング)

<

e
Fi
=
ざ
sp
Hl
nd
#

1000.0um

Fig.8 破面 B-1 OA RRA
【PDF抽出】
Fig.9 球状黒鉛化率算出に使用した断面写真（×100）（エッチングなし） 
Fig.10 パーライト率算出に使用した断面写真（×100）（ナイタルにてエッチング） 
A-1／断面1：68% 
A-1／断面2：83% 
B-1／断面1：77％ 
B-1／断面2：78％ 
A-1 
B-1

【OCR抽出】
Fig.9 球状黒鉛化率算出に使用した断面写真 (X100) (エッチングなし)

dr

Fig.10 パーライト率算出に使用した断面写真 (X100) (ナイタルにてエッチング)
【PDF抽出】
参考：球状黒鉛鋳鉄の金属組織（ASM Handbook Vol.9 より抜粋）
【OCR抽出】
3% nital        |                   100x
703 Grade 80-55-06 pearlitic ductile iron,
as-cast, Graphite nodules (spherulites)

in envelopes of free ferrite (bull’s-eye struc-
ture), in a matrix of pearlite.

参考 : 球状黒鉛鋳鉄の金属組織 (ASM Handbook Vol.9 より抜粋)
### 文書番号: ページ 5

本文（段落）:

このプロンプトに従って、5のページがあるため以下は「5.」を始めます。そして、正確な日本語内容を列挙します。（ここでは実際の内容を提供する場合にのみ）

不明瞭箇所一覧:

（ここに未出現する「/*…*/」文字列を記載します。もしなければ、なしと記載します。）