📝 整形後:
## Summary of Development Report on Fatigue Cracks in Housing

This report investigates fatigue cracks found in a housing unit. Key findings are:

**1. Crack initiation:**
- Cracks appeared in both investigated housing units.
- The cracks originated from a specific area in each unit.

**2. Crack progression:**
- Cracks progressed in a consistent direction in both units.
- The cracks expanded into the housing interior.

**3. Damage area:**
- The cracks were primarily located in the housing interior.
- The affected area experienced discoloration, indicating fatigue damage.

**4. Elemental analysis:**
- Oxygen concentration variations were detected on the crack surface, suggesting the presence of oxygen during crack initiation and growth.
- Other elements like carbon, silicon, sulfur, iron, and zinc were also identified.

**5. Microstructural analysis:**
- The microstructure of the affected area revealed pearlite-based ductile iron with graphite nodules.
- The nodules appear in a free ferrite matrix with a "bull's-eye" structure.

**6. Fatigue characteristics:**
- Ballistic impact testing confirmed the fatigue nature of the cracks.
- The cracks displayed characteristics consistent with overload or impact loading.


**Recommendations:**

- Further investigations are needed to determine the exact cause of fatigue cracking.
- Structural reinforcement or design modifications may be necessary to prevent future cracks.
- Continuous monitoring of the housing units is recommended to detect any new cracks promptly.


## Key Findings:

- Fatigue cracks are a serious issue in housing units.
- Early detection and intervention are crucial for preventing structural collapse.
- Understanding the underlying cause and implementing appropriate measures is essential for ensuring housing safety.


=== ✂️ チャンク ===
## Summary of Development Report on Fatigue Cracks in Housing

This report investigates fatigue cracks found in a housing unit. Key findings are:

**1. Crack initiation:**
- Cracks appeared in both investigated housing units.
- The cracks originated from a specific area in each unit.

**2. Crack progression:**
- Cracks progressed in a consistent direction in both units.
- The cracks expanded into the housing interior.
**3. Damage area:**
- The cracks were primarily located in the housing interior.
- The affected area experienced discoloration, indicating fatigue damage.

**4. Elemental analysis:**
- Oxygen concentration variations were detected on the crack surface, suggesting the presence of oxygen during crack initiation and growth.
- Other elements like carbon, silicon, sulfur, iron, and zinc were also identified.
**5. Microstructural analysis:**
- The microstructure of the affected area revealed pearlite-based ductile iron with graphite nodules.
- The nodules appear in a free ferrite matrix with a "bull's-eye" structure.

**6. Fatigue characteristics:**
- Ballistic impact testing confirmed the fatigue nature of the cracks.
- The cracks displayed characteristics consistent with overload or impact loading.


**Recommendations:**
**Recommendations:**

- Further investigations are needed to determine the exact cause of fatigue cracking.
- Structural reinforcement or design modifications may be necessary to prevent future cracks.
- Continuous monitoring of the housing units is recommended to detect any new cracks promptly.


## Key Findings:
## Key Findings:

- Fatigue cracks are a serious issue in housing units.
- Early detection and intervention are crucial for preventing structural collapse.
- Understanding the underlying cause and implementing appropriate measures is essential for ensuring housing safety.
## Summary of Development Report on Fatigue Cracks in Housing

This report investigates fatigue cracks found in a housing unit. Key findings are:

**1. Crack initiation:**
- Cracks appeared in both investigated housing units.
- The cracks originated from a specific area in each unit.

**2. Crack progression:**
- Cracks progressed in a consistent direction in both units.
- The cracks expanded into the housing interior.
**3. Damage area:**
- The cracks were primarily located in the housing interior.
- The affected area experienced discoloration, indicating fatigue damage.

**4. Elemental analysis:**
- Oxygen concentration variations were detected on the crack surface, suggesting the presence of oxygen during crack initiation and growth.
- Other elements like carbon, silicon, sulfur, iron, and zinc were also identified.
**5. Microstructural analysis:**
- The microstructure of the affected area revealed pearlite-based ductile iron with graphite nodules.
- The nodules appear in a free ferrite matrix with a "bull's-eye" structure.

**6. Fatigue characteristics:**
- Ballistic impact testing confirmed the fatigue nature of the cracks.
- The cracks displayed characteristics consistent with overload or impact loading.


**Recommendations:**
**Recommendations:**

- Further investigations are needed to determine the exact cause of fatigue cracking.
- Structural reinforcement or design modifications may be necessary to prevent future cracks.
- Continuous monitoring of the housing units is recommended to detect any new cracks promptly.


## Key Findings:
## Key Findings:

- Fatigue cracks are a serious issue in housing units.
- Early detection and intervention are crucial for preventing structural collapse.
- Understanding the underlying cause and implementing appropriate measures is essential for ensuring housing safety.