📝 整形後:
**報告書概要**

報告書番号：材化-H-3481
日付：2023年11月23日

**目的**

拡散接合したSUS316Lの引張試験片の破断面を行うことを目的とする。

**観察結果**

* 破面全体が灰色で、引張破断による顕著な変形は見られなかった。
* 破面全体からディンプルが確認されたものの、浅いディンプルが多く、ディンプルの大きさが均一であった。
* EDSによる破面元素分析の結果、SUS316Lの含有成分が確認されたことに加え、Alが検出された。

**結論**

観察の結果得られた知見は以下のとおり。

* 拡散接合したSUS316Lの引張試験片の破断面は、予想通りraszラーの破断様式を示した。
* ディンプルの大きさが不均一であることが特徴的である。

**付録**

* Fig.1：破面概観
* Fig.2：破面観察結果（SEMによる観察）
* Fig.3：破面の元素分析結果


=== ✂️ チャンク ===
**報告書概要**

報告書番号：材化-H-3481
日付：2023年11月23日

**目的**

拡散接合したSUS316Lの引張試験片の破断面を行うことを目的とする。

**観察結果**

* 破面全体が灰色で、引張破断による顕著な変形は見られなかった。
* 破面全体からディンプルが確認されたものの、浅いディンプルが多く、ディンプルの大きさが均一であった。
* EDSによる破面元素分析の結果、SUS316Lの含有成分が確認されたことに加え、Alが検出された。

**結論**

観察の結果得られた知見は以下のとおり。

* 拡散接合したSUS316Lの引張試験片の破断面は、予想通りraszラーの破断様式を示した。
* ディンプルの大きさが不均一であることが特徴的である。

**付録**

* Fig.1：破面概観
* Fig.2：破面観察結果（SEMによる観察）
* Fig.3：破面の元素分析結果
**報告書概要**

報告書番号：材化-H-3481
日付：2023年11月23日

**目的**

拡散接合したSUS316Lの引張試験片の破断面を行うことを目的とする。

**観察結果**

* 破面全体が灰色で、引張破断による顕著な変形は見られなかった。
* 破面全体からディンプルが確認されたものの、浅いディンプルが多く、ディンプルの大きさが均一であった。
* EDSによる破面元素分析の結果、SUS316Lの含有成分が確認されたことに加え、Alが検出された。

**結論**

観察の結果得られた知見は以下のとおり。

* 拡散接合したSUS316Lの引張試験片の破断面は、予想通りraszラーの破断様式を示した。
* ディンプルの大きさが不均一であることが特徴的である。

**付録**

* Fig.1：破面概観
* Fig.2：破面観察結果（SEMによる観察）
* Fig.3：破面の元素分析結果