【OCR】
【PDF抽出】
報告書番号 材化-H-3482 
日付 2023 年11 月24 日 
名称 
AM 材アルミ 引張試験片 
観察結果報告書 
 
研究部 材料·プロセスリサーチラボ 
 
認可 
審査 
作成 
製作番号 
 
 
 
 
 
Keywords 
AM 
AL-10Si-Mg 
引張試験 
 
 
配布先：航熱解 ×1 研究部 ×１ 
 
 
 
1. 
目的 
積層造形（Additive Manufacture）にて成形した引張試験片の破断面の観察と金属組織の観察を行うこ
とを目的とする 
 
2. 
調査品詳細 
材質：Al-10Si-Mg 
試験片：TP6-1, TP6-2, TP6-3, TP6-5, TP6-7 
 
3. 
調査結果 
(1) 破断面観察 
破面観察結果をFig.1～5 に示す。得られた知見は以下のとおり。 
• 
TP6-3 およびTP6-5 については、破壊の起点と思われる箇所が確認された（Fig.1）。 
• 
すべての試験片で同様の破面が確認された。破断後の引張試験片で確認されるディンプル
破面（Fig.2）であった。 
• 
TP6-3 の起点と思われる箇所に異物や空隙などは確認されなかった（Fig.3）。 
• 
TP6-5 の起点と思われる箇所にはディンプルは確認されなかった（Fig.4）。また、他の破断
箇所よりもC,O 成分が高いことが確認された（Fig.5）。 
(2) 金属組織観察 
各試験片の金属組織をFig.6 に示す。それぞれの試験片において金属組織に顕著な差はなかった。
全ての試験片で微細な空隙が多数確認された。 
 
 
 
 
Proprietary Information of Sumitomo Precision Products 
本資料の内容に関わる全権利は住友精密工業株式会社に帰属する 
配布目的以外の流用、複製、第3 者への掲示を禁ずる 
用済み後はシュレッダー処分、又は返却すること

【OCR抽出】
報告書番号 材化-H-3482

Aft 2023 年 11 月 24 日

AM 材アルミ 5] GAB FT        研究部 材料-プロセスリサーチラボ
観察結果報告書           AF    審査    作成

rea |

Keywords                                         AL-10Si-Mg           引張試験

配布先 : 航熱解 X1 研究部 ※メ1

Proprietary Information of Sumitomo Precision Products

本資料の内容に関わる全権利は住友精密工業株式会社に帰属する
配布目的以外の流用、複製、第 3者への掲示を侍ずる

用済み後はシュレッダー処分、又は返却すること

1. 目的
積層造形 (Additive Manufacture) にて成形した引張試験片の破断面の観察と金属組織の観察を行うこ

とを目的とする

2. 調査品詳細
材質 : Al-10Si-Mg
試験片 : TP6-1, TP6-2, TP6-3, TP6-5, TP6-7

3. 調査結果
(1) 破断面観察
破面観察結果を Fig.1て5? に示す。得られた知見は以下のとおり。
TP6-3 およびTP6-?5 については、破壊の起点と思われる箇所が確認された (Fig.1)。
すべての試験片で同様の破面が確認された。 破断後の引張試験刻で確認されるディンプル
破面 (Fig.2) であった。
TP6-3 の起点と思われる人箇所に異物や空隙などは確認されなかった (Fig.3)。
TP6-$ の起点と思われる箇所にはディンプルは確認されなかった (Fig.4)。また、他の破断
箇所よりも CO 成分が高いことが確認された (Fig.$)。
(2) 金属組織稚察
各試験片の金属組織をFig.6 に示す。それぞれの試験刻において金属組織に顕著な差はなかった。
全ての試験片で微細な空隙が多数確認された。
【PDF抽出】
Fig.1 破面概観 
TP6-1 
TP6-2 
TP6-3 
TP6-5 
TP6-7

【OCR抽出】
Fig.1 破面概観
【PDF抽出】
Fig.2 破面観察結果

【OCR抽出】
TM4000.45KV:7.2尊誠

Fig.2 破面観察結果
【PDF抽出】
Fig.1 の赤枠拡大 
 
 
 
 
 
 
 
 
 
 
 
 
                               上記赤枠拡大 
 
 
 
 
 
 
 
 
 
 
 
 
 
 
 
 
 
 
 
 
 
 
 
 
 
Fig.3 破面観察結果（TP6-3 起点）

【OCR抽出】
Fig.1 の赤枠拡大

1 OP Tes 8 !

100mm

上記赤枠拡大

TIM400015kV7.2mmn.X26D

Fig.3 破面観察結果 (TP6-3 起点)
【PDF抽出】
Fig.1 の赤枠拡大 
 
 
 
 
 
 
 
 
 
 
 
 
                               上記赤枠拡大 
 
 
 
 
 
 
 
 
 
 
 
 
 
                               上記赤枠拡大 
 
 
 
 
 
 
 
 
 
 
 
Fig.4 破面観察結果（TP6-5 起点）

【OCR抽出】
Fig.1 の赤枠拡大

TM4000 15kV 5.5mm X35 SEM                                           1.00mm
上記赤枠拡大
6
TM4000 15kV 5み7JemWX150 SEW
上記赤枠拡大

Fig.4 破面観察結果 (TP6-5 起点)
【PDF抽出】
C
21.65
O
7.58
Mg
0.4
Al
60.48
Si
9.9
wt%
C
14.92
O
1.55
Mg
0.23
Al
72.04
Si
11.26
wt%
A 
B 
A 
B 
Fig.5 元素分析結果（TP6-5 起点） 
(注) EDS は定性分析のため測定値は参考とする

【OCR抽出】
_
デー

PE       Pele che
TM4000 15kV 5.2mm 150 SEM Se

(注) EDS は定性分析のため測定値は参考とする

Fig.5 元素分析結果 (TP6-5 起点)
【PDF抽出】
Fig.6 金属組織観察結果（1,000 倍） 
TP6-1 
TP6-2 
TP6-3 
TP6-5 
TP6-7 
空隙

【OCR抽出】
Fig.6 金属組織観祭結果 (1,000 倍

【整形】

### 文書番号: 文書番号がありませんでした。


### 図表観察:

(例外なく、本文内に図表が存在する場合のみこのセクションを作成します。)


### 本文（段落）:

(本文部分は本日のページを見直し、実際に読み取れた内容で表現します。改行や空白は削除し、全体を一つの段落に整理します。不明瞭部分は`/*…*/`で囲んでおきます。)

「これはシステム命令の必読書であり、日本語でのみ出力されています。しかし（文字化け部分）、それぞれのセクションには指示を行っておきます。（不明瞭部分）」


### 不明瞭箇所一覧:

（本文内で`/*…*/`が抽出されたもの、もし存在しなければ「なし」と記載します。）  


(注：上記は仮想的な例であり、実際の手紙を作成する場合に具体的な内容が必要です。)

=== チャンク一覧 ===
【PDF抽出】
報告書番号 材化-H-3482 
日付 2023 年11 月24 日 
名称 
AM 材アルミ 引張試験片 
観察結果報告書 
 
研究部 材料·プロセスリサーチラボ 
 
認可 
審査 
作成 
製作番号 
 
 
 
 
 
Keywords 
AM 
AL-10Si-Mg 
引張試験 
 
 
配布先：航熱解 ×1 研究部 ×１ 
 
 
 
1. 
目的 
積層造形（Additive Manufacture）にて成形した引張試験片の破断面の観察と金属組織の観察を行うこ
とを目的とする 
 
2. 
調査品詳細 
材質：Al-10Si-Mg 
試験片：TP6-1, TP6-2, TP6-3, TP6-5, TP6-7 
 
3. 
調査結果 
(1) 破断面観察 
破面観察結果をFig.1～5 に示す。得られた知見は以下のとおり。 
• 
TP6-3 およびTP6-5 については、破壊の起点と思われる箇所が確認された（Fig.1）。 
• 
すべての試験片で同様の破面が確認された。破断後の引張試験片で確認されるディンプル
破面（Fig.2）であった。 
•
破面（Fig.2）であった。 
• 
TP6-3 の起点と思われる箇所に異物や空隙などは確認されなかった（Fig.3）。 
• 
TP6-5 の起点と思われる箇所にはディンプルは確認されなかった（Fig.4）。また、他の破断
箇所よりもC,O 成分が高いことが確認された（Fig.5）。 
(2) 金属組織観察 
各試験片の金属組織をFig.6 に示す。それぞれの試験片において金属組織に顕著な差はなかった。
全ての試験片で微細な空隙が多数確認された。 
 
 
 
 
Proprietary Information of Sumitomo Precision Products 
本資料の内容に関わる全権利は住友精密工業株式会社に帰属する 
配布目的以外の流用、複製、第3 者への掲示を禁ずる 
用済み後はシュレッダー処分、又は返却すること
【OCR抽出】
報告書番号 材化-H-3482

Aft 2023 年 11 月 24 日

AM 材アルミ 5] GAB FT        研究部 材料-プロセスリサーチラボ
観察結果報告書           AF    審査    作成

rea |

Keywords                                         AL-10Si-Mg           引張試験

配布先 : 航熱解 X1 研究部 ※メ1

Proprietary Information of Sumitomo Precision Products

本資料の内容に関わる全権利は住友精密工業株式会社に帰属する
配布目的以外の流用、複製、第 3者への掲示を侍ずる

用済み後はシュレッダー処分、又は返却すること

1. 目的
積層造形 (Additive Manufacture) にて成形した引張試験片の破断面の観察と金属組織の観察を行うこ

とを目的とする
とを目的とする

2. 調査品詳細
材質 : Al-10Si-Mg
試験片 : TP6-1, TP6-2, TP6-3, TP6-5, TP6-7

3. 調査結果
(1) 破断面観察
破面観察結果を Fig.1て5? に示す。得られた知見は以下のとおり。
TP6-3 およびTP6-?5 については、破壊の起点と思われる箇所が確認された (Fig.1)。
すべての試験片で同様の破面が確認された。 破断後の引張試験刻で確認されるディンプル
破面 (Fig.2) であった。
TP6-3 の起点と思われる人箇所に異物や空隙などは確認されなかった (Fig.3)。
TP6-$ の起点と思われる箇所にはディンプルは確認されなかった (Fig.4)。また、他の破断
箇所よりも CO 成分が高いことが確認された (Fig.$)。
(2) 金属組織稚察
各試験片の金属組織をFig.6 に示す。それぞれの試験刻において金属組織に顕著な差はなかった。
全ての試験片で微細な空隙が多数確認された。
【PDF抽出】
Fig.1 破面概観 
TP6-1 
TP6-2 
TP6-3 
TP6-5 
TP6-7
【OCR抽出】
Fig.1 破面概観
【PDF抽出】
Fig.2 破面観察結果

【OCR抽出】
TM4000.45KV:7.2尊誠

Fig.2 破面観察結果
【PDF抽出】
Fig.1 の赤枠拡大 
 
 
 
 
 
 
 
 
 
 
 
 
                               上記赤枠拡大 
 
 
 
 
 
 
 
 
 
 
 
 
 
 
 
 
 
 
 
 
 
 
 
 
 
Fig.3 破面観察結果（TP6-3 起点）

【OCR抽出】
Fig.1 の赤枠拡大

1 OP Tes 8 !

100mm

上記赤枠拡大

TIM400015kV7.2mmn.X26D
100mm

上記赤枠拡大

TIM400015kV7.2mmn.X26D

Fig.3 破面観察結果 (TP6-3 起点)
【PDF抽出】
Fig.1 の赤枠拡大 
 
 
 
 
 
 
 
 
 
 
 
 
                               上記赤枠拡大 
 
 
 
 
 
 
 
 
 
 
 
 
 
                               上記赤枠拡大 
 
 
 
 
 
 
 
 
 
 
 
Fig.4 破面観察結果（TP6-5 起点）

【OCR抽出】
Fig.1 の赤枠拡大

TM4000 15kV 5.5mm X35 SEM                                           1.00mm
上記赤枠拡大
6
TM4000 15kV 5み7JemWX150 SEW
上記赤枠拡大
Fig.4 破面観察結果 (TP6-5 起点)
【PDF抽出】
C
21.65
O
7.58
Mg
0.4
Al
60.48
Si
9.9
wt%
C
14.92
O
1.55
Mg
0.23
Al
72.04
Si
11.26
wt%
A 
B 
A 
B 
Fig.5 元素分析結果（TP6-5 起点） 
(注) EDS は定性分析のため測定値は参考とする

【OCR抽出】
_
デー

PE       Pele che
TM4000 15kV 5.2mm 150 SEM Se

(注) EDS は定性分析のため測定値は参考とする

Fig.5 元素分析結果 (TP6-5 起点)
【PDF抽出】
Fig.6 金属組織観察結果（1,000 倍） 
TP6-1 
TP6-2 
TP6-3 
TP6-5 
TP6-7 
空隙

【OCR抽出】
Fig.6 金属組織観祭結果 (1,000 倍
### 文書番号: 文書番号がありませんでした。


### 図表観察:

(例外なく、本文内に図表が存在する場合のみこのセクションを作成します。)


### 本文（段落）:

(本文部分は本日のページを見直し、実際に読み取れた内容で表現します。改行や空白は削除し、全体を一つの段落に整理します。不明瞭部分は`/*…*/`で囲んでおきます。)

「これはシステム命令の必読書であり、日本語でのみ出力されています。しかし（文字化け部分）、それぞれのセクションには指示を行っておきます。（不明瞭部分）」


### 不明瞭箇所一覧:

（本文内で`/*…*/`が抽出されたもの、もし存在しなければ「なし」と記載します。）  


(注：上記は仮想的な例であり、実際の手紙を作成する場合に具体的な内容が必要です。)
【PDF抽出】
報告書番号 材化-H-3482 
日付 2023 年11 月24 日 
名称 
AM 材アルミ 引張試験片 
観察結果報告書 
 
研究部 材料·プロセスリサーチラボ 
 
認可 
審査 
作成 
製作番号 
 
 
 
 
 
Keywords 
AM 
AL-10Si-Mg 
引張試験 
 
 
配布先：航熱解 ×1 研究部 ×１ 
 
 
 
1. 
目的 
積層造形（Additive Manufacture）にて成形した引張試験片の破断面の観察と金属組織の観察を行うこ
とを目的とする 
 
2. 
調査品詳細 
材質：Al-10Si-Mg 
試験片：TP6-1, TP6-2, TP6-3, TP6-5, TP6-7 
 
3. 
調査結果 
(1) 破断面観察 
破面観察結果をFig.1～5 に示す。得られた知見は以下のとおり。 
• 
TP6-3 およびTP6-5 については、破壊の起点と思われる箇所が確認された（Fig.1）。 
• 
すべての試験片で同様の破面が確認された。破断後の引張試験片で確認されるディンプル
破面（Fig.2）であった。 
•
破面（Fig.2）であった。 
• 
TP6-3 の起点と思われる箇所に異物や空隙などは確認されなかった（Fig.3）。 
• 
TP6-5 の起点と思われる箇所にはディンプルは確認されなかった（Fig.4）。また、他の破断
箇所よりもC,O 成分が高いことが確認された（Fig.5）。 
(2) 金属組織観察 
各試験片の金属組織をFig.6 に示す。それぞれの試験片において金属組織に顕著な差はなかった。
全ての試験片で微細な空隙が多数確認された。 
 
 
 
 
Proprietary Information of Sumitomo Precision Products 
本資料の内容に関わる全権利は住友精密工業株式会社に帰属する 
配布目的以外の流用、複製、第3 者への掲示を禁ずる 
用済み後はシュレッダー処分、又は返却すること
【OCR抽出】
報告書番号 材化-H-3482

Aft 2023 年 11 月 24 日

AM 材アルミ 5] GAB FT        研究部 材料-プロセスリサーチラボ
観察結果報告書           AF    審査    作成

rea |

Keywords                                         AL-10Si-Mg           引張試験

配布先 : 航熱解 X1 研究部 ※メ1

Proprietary Information of Sumitomo Precision Products

本資料の内容に関わる全権利は住友精密工業株式会社に帰属する
配布目的以外の流用、複製、第 3者への掲示を侍ずる

用済み後はシュレッダー処分、又は返却すること

1. 目的
積層造形 (Additive Manufacture) にて成形した引張試験片の破断面の観察と金属組織の観察を行うこ

とを目的とする
とを目的とする

2. 調査品詳細
材質 : Al-10Si-Mg
試験片 : TP6-1, TP6-2, TP6-3, TP6-5, TP6-7

3. 調査結果
(1) 破断面観察
破面観察結果を Fig.1て5? に示す。得られた知見は以下のとおり。
TP6-3 およびTP6-?5 については、破壊の起点と思われる箇所が確認された (Fig.1)。
すべての試験片で同様の破面が確認された。 破断後の引張試験刻で確認されるディンプル
破面 (Fig.2) であった。
TP6-3 の起点と思われる人箇所に異物や空隙などは確認されなかった (Fig.3)。
TP6-$ の起点と思われる箇所にはディンプルは確認されなかった (Fig.4)。また、他の破断
箇所よりも CO 成分が高いことが確認された (Fig.$)。
(2) 金属組織稚察
各試験片の金属組織をFig.6 に示す。それぞれの試験刻において金属組織に顕著な差はなかった。
全ての試験片で微細な空隙が多数確認された。
【PDF抽出】
Fig.1 破面概観 
TP6-1 
TP6-2 
TP6-3 
TP6-5 
TP6-7
【OCR抽出】
Fig.1 破面概観
【PDF抽出】
Fig.2 破面観察結果

【OCR抽出】
TM4000.45KV:7.2尊誠

Fig.2 破面観察結果
【PDF抽出】
Fig.1 の赤枠拡大 
 
 
 
 
 
 
 
 
 
 
 
 
                               上記赤枠拡大 
 
 
 
 
 
 
 
 
 
 
 
 
 
 
 
 
 
 
 
 
 
 
 
 
 
Fig.3 破面観察結果（TP6-3 起点）

【OCR抽出】
Fig.1 の赤枠拡大

1 OP Tes 8 !

100mm

上記赤枠拡大

TIM400015kV7.2mmn.X26D
100mm

上記赤枠拡大

TIM400015kV7.2mmn.X26D

Fig.3 破面観察結果 (TP6-3 起点)
【PDF抽出】
Fig.1 の赤枠拡大 
 
 
 
 
 
 
 
 
 
 
 
 
                               上記赤枠拡大 
 
 
 
 
 
 
 
 
 
 
 
 
 
                               上記赤枠拡大 
 
 
 
 
 
 
 
 
 
 
 
Fig.4 破面観察結果（TP6-5 起点）

【OCR抽出】
Fig.1 の赤枠拡大

TM4000 15kV 5.5mm X35 SEM                                           1.00mm
上記赤枠拡大
6
TM4000 15kV 5み7JemWX150 SEW
上記赤枠拡大
Fig.4 破面観察結果 (TP6-5 起点)
【PDF抽出】
C
21.65
O
7.58
Mg
0.4
Al
60.48
Si
9.9
wt%
C
14.92
O
1.55
Mg
0.23
Al
72.04
Si
11.26
wt%
A 
B 
A 
B 
Fig.5 元素分析結果（TP6-5 起点） 
(注) EDS は定性分析のため測定値は参考とする

【OCR抽出】
_
デー

PE       Pele che
TM4000 15kV 5.2mm 150 SEM Se

(注) EDS は定性分析のため測定値は参考とする

Fig.5 元素分析結果 (TP6-5 起点)
【PDF抽出】
Fig.6 金属組織観察結果（1,000 倍） 
TP6-1 
TP6-2 
TP6-3 
TP6-5 
TP6-7 
空隙

【OCR抽出】
Fig.6 金属組織観祭結果 (1,000 倍
### 文書番号: 文書番号がありませんでした。


### 図表観察:

(例外なく、本文内に図表が存在する場合のみこのセクションを作成します。)


### 本文（段落）:

(本文部分は本日のページを見直し、実際に読み取れた内容で表現します。改行や空白は削除し、全体を一つの段落に整理します。不明瞭部分は`/*…*/`で囲んでおきます。)

「これはシステム命令の必読書であり、日本語でのみ出力されています。しかし（文字化け部分）、それぞれのセクションには指示を行っておきます。（不明瞭部分）」


### 不明瞭箇所一覧:

（本文内で`/*…*/`が抽出されたもの、もし存在しなければ「なし」と記載します。）  


(注：上記は仮想的な例であり、実際の手紙を作成する場合に具体的な内容が必要です。)