📝 整形後:
**報告書概要**

報告書番号：材化-H-3482
日付：2023年11月24日
タイトル：AM材アルミ引張試験片観察結果報告書

**目的**

積層造形（Additive Manufacture）にて成形した引張試験片の破断面の観察と金属組織の観察を行う。

**調査品詳細**

* 物質：Al-10Si-Mg
* テスト片：TP6-1, TP6-2, TP6-3, TP6-5, TP6-7

**調査結果**

**1. 破断面観察**
* すべての試験片で同様の破面が確認された。
* 破断後の引張試験片で確認されるディンプル破面であった。
* TP6-3 および TP6-5 については、破壊の起点と思われる箇所が確認された。

**2. 金属組織観察**
* 各試験片の金属組織に顕著な差はなかった。
* すべての試験片で微細な空隙が多数確認された。

**その他**

* C,O 成分は、TP6-5 の起点箇所において他の破断箇所よりも高いことが確認された。
* Fig.1～5 に破面観察結果が示されている。
* Fig.6 に金属組織観察結果が示されている。


=== ✂️ チャンク ===
**報告書概要**

報告書番号：材化-H-3482
日付：2023年11月24日
タイトル：AM材アルミ引張試験片観察結果報告書

**目的**

積層造形（Additive Manufacture）にて成形した引張試験片の破断面の観察と金属組織の観察を行う。

**調査品詳細**

* 物質：Al-10Si-Mg
* テスト片：TP6-1, TP6-2, TP6-3, TP6-5, TP6-7

**調査結果**

**1. 破断面観察**
* すべての試験片で同様の破面が確認された。
* 破断後の引張試験片で確認されるディンプル破面であった。
* TP6-3 および TP6-5 については、破壊の起点と思われる箇所が確認された。

**2. 金属組織観察**
* 各試験片の金属組織に顕著な差はなかった。
* すべての試験片で微細な空隙が多数確認された。

**その他**

* C,O 成分は、TP6-5 の起点箇所において他の破断箇所よりも高いことが確認された。
* Fig.1～5 に破面観察結果が示されている。
* Fig.6 に金属組織観察結果が示されている。
**報告書概要**

報告書番号：材化-H-3482
日付：2023年11月24日
タイトル：AM材アルミ引張試験片観察結果報告書

**目的**

積層造形（Additive Manufacture）にて成形した引張試験片の破断面の観察と金属組織の観察を行う。

**調査品詳細**

* 物質：Al-10Si-Mg
* テスト片：TP6-1, TP6-2, TP6-3, TP6-5, TP6-7

**調査結果**

**1. 破断面観察**
* すべての試験片で同様の破面が確認された。
* 破断後の引張試験片で確認されるディンプル破面であった。
* TP6-3 および TP6-5 については、破壊の起点と思われる箇所が確認された。

**2. 金属組織観察**
* 各試験片の金属組織に顕著な差はなかった。
* すべての試験片で微細な空隙が多数確認された。

**その他**

* C,O 成分は、TP6-5 の起点箇所において他の破断箇所よりも高いことが確認された。
* Fig.1～5 に破面観察結果が示されている。
* Fig.6 に金属組織観察結果が示されている。