【OCR】
【PDF抽出】
名称 
報告書番号 
訂符 
C-2 スタンドオフ電子戦機 
熱交換器 破損調査報告書 
材化-H-3491 
NC 
Keywords 
 
 
 
 
 
 
 
 
製作番号 
 
 
 
 
 
 
 
 
 
 
 
 
 
 
 
 
 
 
 
 
 
 
 
 
 
 
 
 
 
 
 
 
 
 
 
 
 
 
 
 
 
 
 
 
 
 
 
 
 
 
 
 
 
 
 
配布先 
航熱設 
×1 
 
 
 
 
 
 
材ラボ 
×1 
 
 
 
 
 
 
 
 
 
 
 
 
 
 
 
 
 
 
 
 
 
 
 
 
 
 
 
 
 
 
 
 
 
 
 
 
 
 
 
 
 
 
 
 
 
 
 
 
 
 
 
 
 
 
 
 
 
 
 
 
 
 
 
 
 
 
 
 
 
 
 
 
 
 
 
 
 
 
 
 
 
 
 
 
 
 
 
 
 
 
 
 
 
 
 
 
 
 
 
 
 
 
 
 
 
 
 
 
 
 
 
 
 
 
 
－ 
 
訂符 
日付 
改訂内容 
認可 
審査 
作成 
日付 
2024 年1 月19 日 
認可 
審査 
作成 
住友精密工業株式会社 
研究部 材料·プロセスリサーチラボ 
 
－ 
 
 
Proprietary Information of Sumitomo Precision Products 
本資料の内容に関わる全権利は住友精密工業株式会社に帰属する.  
配布目的以外の流用, 複製, 第3 者への掲示を禁ずる. 
用済み後はシュレッダー処分, 又は返却すること.

【OCR抽出】
名称

報告書番旋

C2 スタンドオフ電子戦機
材化-H-3491             NC
A

Keywords

a

Proprietary Information of Sumitomo Precision Products

本資料の内容に関わる全権利は住友精密工業株式会社に帰属する.
配布目的以外の流用, 複製, 第 3 者への掲示を禁ずる.
済み後はシュレッダー処分, 又は返却すること.

配布先 航熱設                        ※1

材ラボ                        x1
訂符                               付                                         改訂内容                        認』            審査          作成
日付                                2024 年1 月 19                                       eA                審査               作成

住友精客工業株式会社

研究部 材料-・プロセスリサーチラボ
【PDF抽出】
1. 
目的 
振動試験中に当該品から漏洩を確認した。漏洩箇所を観察し、漏洩原因を特定することを目的とする。 
 
2. 
調査品詳細 
(1) 型番：52032001-1 
(2) 材質：3003Al-O（フィン）、3003Al-O（チューブプレート） 
(3) 製造年月：2023 年8 月 
 
3. 
調査内容 
(1) 概観観察 
オイル側の広い範囲でフィンの破断が確認された。観察結果をFig.1 に示す。 
(2) 破面観察 
(1)で確認された破断したフィンの部分を開口した。得られた破面をFig.2 に示す。フィンの破面の多く
は損傷しており詳細を確認することはできなかったが、一部で疲労縞が確認された。疲労縞の様相から、
フィンの厚さ方向に疲労破壊が進んだことが確認された。また、Fig.3 に示すようにチューブプレート
にき裂が確認された。 
チューブプレートのき裂は空気側まで貫通していた。空気側のサイドバーとチューブプレートの境にき
裂が確認された。 
チューブプレートの破面を開口し観察を行った。観察結果をFig.4 に示す。破面全体が損傷しており、
破壊の詳細を確認することはできなかった。ただ、破面全体の様相から、空気側の複数の起点からオイ
ル側に向かって疲労破壊が進展したと推測される。 
(3) 金属組織観察 
破断したフィンの断面の金属組織観察を行った。観察結果をFig.5 に示す。フィンにエロージョンは確
認されなかった。 
 
4. 
まとめ 
漏洩箇所を観察した結果、チューブプレートにき裂が確認された。破面の様相から、チューブプレートの空
気側からオイル側に疲労破壊によってき裂が進展したと推測される。 
また、漏洩箇所近傍のオイル側のフィンに疲労破壊が確認された。フィンにエロージョンは確認されなかっ
た。

【OCR抽出】
1.

目的

振動試験中に当該品から漏洩を確認 した。漏洩箇所を観侍し、漏洩原因を特定することを目的とする。

調査品詳細
(1) 型番 : 52032001-1

(2) 材質 : 3003Al-O (フィン) 、3008Al-O0 (チューブプレート)

(3) 製造年月 : 2023 年 8 月

調査内容
(1) 概観観察

オイル側の広い範囲でフィンの破断が確認された。和観察結果を Fig.1 に示す。

(2) 破面観察

①)で確認された破断したフィンの部分を開口した。得られた破面を fig.2 に下す。フィンの破面の多く
は損傷しており詳細を確認することはできなかったが、一部で疲労縛が確認された。 疲労縛の様相から、
フィンの厚さ方向に疲労破壊が進んだことが確認された。また、rHig.3 に示すようにチューブプレート

(ce BMRB SHUI

Fa-TFFv—bOX Bitz CHIL TV 7, 空気側のサイドバーとチューブプレートの境にき

像が確認された。

チューブプレートの破面を開口し観察を行った。 観察

結果を Fig.4 に示す。破面全体が損傷しており、

破壊の詳細を確認することはできなかった。ただ、破

面全体の様相から、空気側の複数の起点からオイ

ル側に向かって疲労破壊が進戻したと推測される。
(3) 金属組織観察

破断したフィンの断面の金属組織観察を行った。和観祭

朗されなかっ た。

まとめ

結果を Hig.5 に示す。フィンにエロージョンは確

漏混箇所を観察した結果、チューブプレートにき像が確認された。破面の様相から、チューブプレートの空

気側からオイル側に疲労破壊によってき釣が進展したと推

また、 漏洩箇所近條のオイル側のフィンに疲労破壊が確認
た。

測される。
された。フィンにエロージョンは確認されなかっ
【PDF抽出】
Fig.1 フィン破損箇所概観（オイル側）

【OCR抽出】
Fig.l フィン人破損箇所概観 (オイル側)
【PDF抽出】
：破面 
き裂 
Fig.1観察方向 
き裂進展方向 
Fig.2 フィン破損箇所破面およびチューブプレートき裂概観（オイル側）

【OCR抽出】
IO記し中還

THD       TUTTE      :
£       =4d af     Sad KA (Ave                     イイオイ1 でナイイイイナオナイイイザサザアッアイず
ーーー・         ーーーーー ーーー            @        nf     ‘    ず    5     っ      ik >      ;
ん               .*        -          -          x       a

fmominm  TTT fe 2 ann Hitt |) HEN

pitti

TM4000 10kV 10.3mm.X2.d0k SEM                                    20:0um-

Fig.2 フィン破損人箇所破面およびチューブプレートき像概観 (オイル側)
【PDF抽出】
き裂 
Fig.3 チューブプレートき裂概観（空気側）

【OCR抽出】
ShOF Beau tlut lcteslonk

Fig.38 チューブプレートき條概観 (空気側)
【PDF抽出】
オイル側 
空気側 
Fig.4 チューププレート破面

【OCR抽出】
オイル側

aa 1   cx = me,

.

TM4000 10kV 7.6mm X50 SE M                     ーー "400mm

TM4000 40kV 7.4mm K2,00k SE M

Fig.4 チューププレート破面
【PDF抽出】
Fig.5 破断したフィン（Fig.2）の金属組織観察結果

【OCR抽出】
Fig.5 破断したフィン (Fig.2) の金属組織観察結果

【整形】
### 文書番号: [本文番号]

### 図表観察
- 図1 キャプション本文：[このセクションに含まれるテキスト]
- ...(他の図表があれば、同様にリスト化)。

### 本文（段落）

[日本語の段落]

### 不明瞭箇所一視列挙


ページ番号が必要です。  

- [文章中に出現した `/*…*/` 文字列リスト。](例：「/*固定の文字列1*/，/*固定の文字列2*/」)。  

- naし: 本文中に不明瞭箇所がない。

=== チャンク一覧 ===
【PDF抽出】
名称 
報告書番号 
訂符 
C-2 スタンドオフ電子戦機 
熱交換器 破損調査報告書 
材化-H-3491 
NC 
Keywords 
 
 
 
 
 
 
 
 
製作番号 
 
 
 
 
 
 
 
 
 
 
 
 
 
 
 
 
 
 
 
 
 
 
 
 
 
 
 
 
 
 
 
 
 
 
 
 
 
 
 
 
 
 
 
 
 
 
 
 
 
 
 
 
 
 
 
配布先 
航熱設 
×1 
 
 
 
 
 
 
材ラボ 
×1 
 
 
 
 
 
 
 
 
 
 
 
 
 
 
 
 
 
 
 
 
 
 
 
 
 
 
 
 
 
 
 
 
 
 
 
 
 
 
 
 
 
 
 
 
 
 
 
 
 
 
 
 
 
 
 
 
 
 
 
 
 
 
 
 
 
 
 
 
 
 
 
 
 
 
 
 
 
 
 
 
 
 
 
 
 
 
 
 
 
 
 
 
 
 
 
 
 
 
 
 
 
 
 
 
 
 
 
 
 
 
 
 
 
 
 
－ 
 
訂符 
日付 
改訂内容 
認可
－ 
 
訂符 
日付 
改訂内容 
認可 
審査 
作成 
日付 
2024 年1 月19 日 
認可 
審査 
作成 
住友精密工業株式会社 
研究部 材料·プロセスリサーチラボ 
 
－ 
 
 
Proprietary Information of Sumitomo Precision Products 
本資料の内容に関わる全権利は住友精密工業株式会社に帰属する.  
配布目的以外の流用, 複製, 第3 者への掲示を禁ずる. 
用済み後はシュレッダー処分, 又は返却すること.
【OCR抽出】
名称

報告書番旋

C2 スタンドオフ電子戦機
材化-H-3491             NC
A

Keywords

a

Proprietary Information of Sumitomo Precision Products

本資料の内容に関わる全権利は住友精密工業株式会社に帰属する.
配布目的以外の流用, 複製, 第 3 者への掲示を禁ずる.
済み後はシュレッダー処分, 又は返却すること.

配布先 航熱設                        ※1
配布先 航熱設                        ※1

材ラボ                        x1
訂符                               付                                         改訂内容                        認』            審査          作成
日付                                2024 年1 月 19                                       eA                審査               作成

住友精客工業株式会社
研究部 材料-・プロセスリサーチラボ
【PDF抽出】
1. 
目的 
振動試験中に当該品から漏洩を確認した。漏洩箇所を観察し、漏洩原因を特定することを目的とする。 
 
2. 
調査品詳細 
(1) 型番：52032001-1 
(2) 材質：3003Al-O（フィン）、3003Al-O（チューブプレート） 
(3) 製造年月：2023 年8 月 
 
3. 
調査内容 
(1) 概観観察 
オイル側の広い範囲でフィンの破断が確認された。観察結果をFig.1 に示す。 
(2) 破面観察 
(1)で確認された破断したフィンの部分を開口した。得られた破面をFig.2 に示す。フィンの破面の多く
は損傷しており詳細を確認することはできなかったが、一部で疲労縞が確認された。疲労縞の様相から、
フィンの厚さ方向に疲労破壊が進んだことが確認された。また、Fig.3 に示すようにチューブプレート
にき裂が確認された。 
チューブプレートのき裂は空気側まで貫通していた。空気側のサイドバーとチューブプレートの境にき
裂が確認された。
裂が確認された。 
チューブプレートの破面を開口し観察を行った。観察結果をFig.4 に示す。破面全体が損傷しており、
破壊の詳細を確認することはできなかった。ただ、破面全体の様相から、空気側の複数の起点からオイ
ル側に向かって疲労破壊が進展したと推測される。 
(3) 金属組織観察 
破断したフィンの断面の金属組織観察を行った。観察結果をFig.5 に示す。フィンにエロージョンは確
認されなかった。 
 
4. 
まとめ 
漏洩箇所を観察した結果、チューブプレートにき裂が確認された。破面の様相から、チューブプレートの空
気側からオイル側に疲労破壊によってき裂が進展したと推測される。 
また、漏洩箇所近傍のオイル側のフィンに疲労破壊が確認された。フィンにエロージョンは確認されなかっ
た。
【OCR抽出】
1.

目的

振動試験中に当該品から漏洩を確認 した。漏洩箇所を観侍し、漏洩原因を特定することを目的とする。

調査品詳細
(1) 型番 : 52032001-1

(2) 材質 : 3003Al-O (フィン) 、3008Al-O0 (チューブプレート)

(3) 製造年月 : 2023 年 8 月

調査内容
(1) 概観観察

オイル側の広い範囲でフィンの破断が確認された。和観察結果を Fig.1 に示す。

(2) 破面観察

①)で確認された破断したフィンの部分を開口した。得られた破面を fig.2 に下す。フィンの破面の多く
は損傷しており詳細を確認することはできなかったが、一部で疲労縛が確認された。 疲労縛の様相から、
フィンの厚さ方向に疲労破壊が進んだことが確認された。また、rHig.3 に示すようにチューブプレート

(ce BMRB SHUI

Fa-TFFv—bOX Bitz CHIL TV 7, 空気側のサイドバーとチューブプレートの境にき

像が確認された。

チューブプレートの破面を開口し観察を行った。 観察
像が確認された。

チューブプレートの破面を開口し観察を行った。 観察

結果を Fig.4 に示す。破面全体が損傷しており、

破壊の詳細を確認することはできなかった。ただ、破

面全体の様相から、空気側の複数の起点からオイ

ル側に向かって疲労破壊が進戻したと推測される。
(3) 金属組織観察

破断したフィンの断面の金属組織観察を行った。和観祭

朗されなかっ た。

まとめ

結果を Hig.5 に示す。フィンにエロージョンは確

漏混箇所を観察した結果、チューブプレートにき像が確認された。破面の様相から、チューブプレートの空

気側からオイル側に疲労破壊によってき釣が進展したと推

また、 漏洩箇所近條のオイル側のフィンに疲労破壊が確認
た。

測される。
された。フィンにエロージョンは確認されなかっ
【PDF抽出】
Fig.1 フィン破損箇所概観（オイル側）

【OCR抽出】
Fig.l フィン人破損箇所概観 (オイル側)
【PDF抽出】
：破面 
き裂 
Fig.1観察方向 
き裂進展方向 
Fig.2 フィン破損箇所破面およびチューブプレートき裂概観（オイル側）
【OCR抽出】
IO記し中還

THD       TUTTE      :
£       =4d af     Sad KA (Ave                     イイオイ1 でナイイイイナオナイイイザサザアッアイず
ーーー・         ーーーーー ーーー            @        nf     ‘    ず    5     っ      ik >      ;
ん               .*        -          -          x       a

fmominm  TTT fe 2 ann Hitt |) HEN

pitti

TM4000 10kV 10.3mm.X2.d0k SEM                                    20:0um-

Fig.2 フィン破損人箇所破面およびチューブプレートき像概観 (オイル側)
【PDF抽出】
き裂 
Fig.3 チューブプレートき裂概観（空気側）

【OCR抽出】
ShOF Beau tlut lcteslonk
【OCR抽出】
ShOF Beau tlut lcteslonk

Fig.38 チューブプレートき條概観 (空気側)
【PDF抽出】
オイル側 
空気側 
Fig.4 チューププレート破面

【OCR抽出】
オイル側

aa 1   cx = me,

.

TM4000 10kV 7.6mm X50 SE M                     ーー "400mm

TM4000 40kV 7.4mm K2,00k SE M

Fig.4 チューププレート破面
【PDF抽出】
Fig.5 破断したフィン（Fig.2）の金属組織観察結果

【OCR抽出】
Fig.5 破断したフィン (Fig.2) の金属組織観察結果
### 文書番号: [本文番号]

### 図表観察
- 図1 キャプション本文：[このセクションに含まれるテキスト]
- ...(他の図表があれば、同様にリスト化)。

### 本文（段落）

[日本語の段落]

### 不明瞭箇所一視列挙


ページ番号が必要です。  

- [文章中に出現した `/*…*/` 文字列リスト。](例：「/*固定の文字列1*/，/*固定の文字列2*/」)。  

- naし: 本文中に不明瞭箇所がない。
【PDF抽出】
名称 
報告書番号 
訂符 
C-2 スタンドオフ電子戦機 
熱交換器 破損調査報告書 
材化-H-3491 
NC 
Keywords 
 
 
 
 
 
 
 
 
製作番号 
 
 
 
 
 
 
 
 
 
 
 
 
 
 
 
 
 
 
 
 
 
 
 
 
 
 
 
 
 
 
 
 
 
 
 
 
 
 
 
 
 
 
 
 
 
 
 
 
 
 
 
 
 
 
 
配布先 
航熱設 
×1 
 
 
 
 
 
 
材ラボ 
×1 
 
 
 
 
 
 
 
 
 
 
 
 
 
 
 
 
 
 
 
 
 
 
 
 
 
 
 
 
 
 
 
 
 
 
 
 
 
 
 
 
 
 
 
 
 
 
 
 
 
 
 
 
 
 
 
 
 
 
 
 
 
 
 
 
 
 
 
 
 
 
 
 
 
 
 
 
 
 
 
 
 
 
 
 
 
 
 
 
 
 
 
 
 
 
 
 
 
 
 
 
 
 
 
 
 
 
 
 
 
 
 
 
 
 
 
－ 
 
訂符 
日付 
改訂内容 
認可
－ 
 
訂符 
日付 
改訂内容 
認可 
審査 
作成 
日付 
2024 年1 月19 日 
認可 
審査 
作成 
住友精密工業株式会社 
研究部 材料·プロセスリサーチラボ 
 
－ 
 
 
Proprietary Information of Sumitomo Precision Products 
本資料の内容に関わる全権利は住友精密工業株式会社に帰属する.  
配布目的以外の流用, 複製, 第3 者への掲示を禁ずる. 
用済み後はシュレッダー処分, 又は返却すること.
【OCR抽出】
名称

報告書番旋

C2 スタンドオフ電子戦機
材化-H-3491             NC
A

Keywords

a

Proprietary Information of Sumitomo Precision Products

本資料の内容に関わる全権利は住友精密工業株式会社に帰属する.
配布目的以外の流用, 複製, 第 3 者への掲示を禁ずる.
済み後はシュレッダー処分, 又は返却すること.

配布先 航熱設                        ※1
配布先 航熱設                        ※1

材ラボ                        x1
訂符                               付                                         改訂内容                        認』            審査          作成
日付                                2024 年1 月 19                                       eA                審査               作成

住友精客工業株式会社
研究部 材料-・プロセスリサーチラボ
【PDF抽出】
1. 
目的 
振動試験中に当該品から漏洩を確認した。漏洩箇所を観察し、漏洩原因を特定することを目的とする。 
 
2. 
調査品詳細 
(1) 型番：52032001-1 
(2) 材質：3003Al-O（フィン）、3003Al-O（チューブプレート） 
(3) 製造年月：2023 年8 月 
 
3. 
調査内容 
(1) 概観観察 
オイル側の広い範囲でフィンの破断が確認された。観察結果をFig.1 に示す。 
(2) 破面観察 
(1)で確認された破断したフィンの部分を開口した。得られた破面をFig.2 に示す。フィンの破面の多く
は損傷しており詳細を確認することはできなかったが、一部で疲労縞が確認された。疲労縞の様相から、
フィンの厚さ方向に疲労破壊が進んだことが確認された。また、Fig.3 に示すようにチューブプレート
にき裂が確認された。 
チューブプレートのき裂は空気側まで貫通していた。空気側のサイドバーとチューブプレートの境にき
裂が確認された。
裂が確認された。 
チューブプレートの破面を開口し観察を行った。観察結果をFig.4 に示す。破面全体が損傷しており、
破壊の詳細を確認することはできなかった。ただ、破面全体の様相から、空気側の複数の起点からオイ
ル側に向かって疲労破壊が進展したと推測される。 
(3) 金属組織観察 
破断したフィンの断面の金属組織観察を行った。観察結果をFig.5 に示す。フィンにエロージョンは確
認されなかった。 
 
4. 
まとめ 
漏洩箇所を観察した結果、チューブプレートにき裂が確認された。破面の様相から、チューブプレートの空
気側からオイル側に疲労破壊によってき裂が進展したと推測される。 
また、漏洩箇所近傍のオイル側のフィンに疲労破壊が確認された。フィンにエロージョンは確認されなかっ
た。
【OCR抽出】
1.

目的

振動試験中に当該品から漏洩を確認 した。漏洩箇所を観侍し、漏洩原因を特定することを目的とする。

調査品詳細
(1) 型番 : 52032001-1

(2) 材質 : 3003Al-O (フィン) 、3008Al-O0 (チューブプレート)

(3) 製造年月 : 2023 年 8 月

調査内容
(1) 概観観察

オイル側の広い範囲でフィンの破断が確認された。和観察結果を Fig.1 に示す。

(2) 破面観察

①)で確認された破断したフィンの部分を開口した。得られた破面を fig.2 に下す。フィンの破面の多く
は損傷しており詳細を確認することはできなかったが、一部で疲労縛が確認された。 疲労縛の様相から、
フィンの厚さ方向に疲労破壊が進んだことが確認された。また、rHig.3 に示すようにチューブプレート

(ce BMRB SHUI

Fa-TFFv—bOX Bitz CHIL TV 7, 空気側のサイドバーとチューブプレートの境にき

像が確認された。

チューブプレートの破面を開口し観察を行った。 観察
像が確認された。

チューブプレートの破面を開口し観察を行った。 観察

結果を Fig.4 に示す。破面全体が損傷しており、

破壊の詳細を確認することはできなかった。ただ、破

面全体の様相から、空気側の複数の起点からオイ

ル側に向かって疲労破壊が進戻したと推測される。
(3) 金属組織観察

破断したフィンの断面の金属組織観察を行った。和観祭

朗されなかっ た。

まとめ

結果を Hig.5 に示す。フィンにエロージョンは確

漏混箇所を観察した結果、チューブプレートにき像が確認された。破面の様相から、チューブプレートの空

気側からオイル側に疲労破壊によってき釣が進展したと推

また、 漏洩箇所近條のオイル側のフィンに疲労破壊が確認
た。

測される。
された。フィンにエロージョンは確認されなかっ
【PDF抽出】
Fig.1 フィン破損箇所概観（オイル側）

【OCR抽出】
Fig.l フィン人破損箇所概観 (オイル側)
【PDF抽出】
：破面 
き裂 
Fig.1観察方向 
き裂進展方向 
Fig.2 フィン破損箇所破面およびチューブプレートき裂概観（オイル側）
【OCR抽出】
IO記し中還

THD       TUTTE      :
£       =4d af     Sad KA (Ave                     イイオイ1 でナイイイイナオナイイイザサザアッアイず
ーーー・         ーーーーー ーーー            @        nf     ‘    ず    5     っ      ik >      ;
ん               .*        -          -          x       a

fmominm  TTT fe 2 ann Hitt |) HEN

pitti

TM4000 10kV 10.3mm.X2.d0k SEM                                    20:0um-

Fig.2 フィン破損人箇所破面およびチューブプレートき像概観 (オイル側)
【PDF抽出】
き裂 
Fig.3 チューブプレートき裂概観（空気側）

【OCR抽出】
ShOF Beau tlut lcteslonk
【OCR抽出】
ShOF Beau tlut lcteslonk

Fig.38 チューブプレートき條概観 (空気側)
【PDF抽出】
オイル側 
空気側 
Fig.4 チューププレート破面

【OCR抽出】
オイル側

aa 1   cx = me,

.

TM4000 10kV 7.6mm X50 SE M                     ーー "400mm

TM4000 40kV 7.4mm K2,00k SE M

Fig.4 チューププレート破面
【PDF抽出】
Fig.5 破断したフィン（Fig.2）の金属組織観察結果

【OCR抽出】
Fig.5 破断したフィン (Fig.2) の金属組織観察結果
### 文書番号: [本文番号]

### 図表観察
- 図1 キャプション本文：[このセクションに含まれるテキスト]
- ...(他の図表があれば、同様にリスト化)。

### 本文（段落）

[日本語の段落]

### 不明瞭箇所一視列挙


ページ番号が必要です。  

- [文章中に出現した `/*…*/` 文字列リスト。](例：「/*固定の文字列1*/，/*固定の文字列2*/」)。  

- naし: 本文中に不明瞭箇所がない。