📝 整形後:
## 【再構成された本文】

**報告書概要**

報告書番号：C-2 スタンドオフ電子戦機
報告者：住友精密工業株式会社 研究部 材料-プロセスリサーチラボ

**目的**

振動試験中に漏洩を確認した。漏洩箇所を観察し、漏洩原因を特定することを目的とする。

**調査品詳細**

* 型番：52032001-1
* 材質：3003Al-O（フィン）、38008Al-O（チューブプレート）
* 製造年月：2023 年8 月

**調査内容**

1. 概観観察：オイル側の広い範囲でフィンの破断が確認された。
2. 破面観察：フィンの破断した部分を開口し、疲労縞が確認された。チューブプレートにき裂も確認された。
3. 金属組織観察：破断したフィンの断面にはエロージョンは確認されなかった。

**まとめ**

チューブプレートにき裂が確認され、その破面から、チューブプレートの空気側からオイル側に疲労破壊によってき裂が進展したと推測される。また、漏洩箇所近傍のオイル側のフィンに疲労破壊が確認された。

**不明瞭箇所**

* フィンの破面について、詳細な観察結果は記載されていない。
* 疲労縞の発生場所について、詳細な情報は記載されていない。

**UNREADABLE セクション**

* UNREADABLE_1: 元文字列 … があれば列挙。無ければ「なし」と記載。


=== ✂️ チャンク ===
## 【再構成された本文】

**報告書概要**

報告書番号：C-2 スタンドオフ電子戦機
報告者：住友精密工業株式会社 研究部 材料-プロセスリサーチラボ

**目的**

振動試験中に漏洩を確認した。漏洩箇所を観察し、漏洩原因を特定することを目的とする。

**調査品詳細**

* 型番：52032001-1
* 材質：3003Al-O（フィン）、38008Al-O（チューブプレート）
* 製造年月：2023 年8 月

**調査内容**

1. 概観観察：オイル側の広い範囲でフィンの破断が確認された。
2. 破面観察：フィンの破断した部分を開口し、疲労縞が確認された。チューブプレートにき裂も確認された。
3. 金属組織観察：破断したフィンの断面にはエロージョンは確認されなかった。

**まとめ**

チューブプレートにき裂が確認され、その破面から、チューブプレートの空気側からオイル側に疲労破壊によってき裂が進展したと推測される。また、漏洩箇所近傍のオイル側のフィンに疲労破壊が確認された。

**不明瞭箇所**
**不明瞭箇所**

* フィンの破面について、詳細な観察結果は記載されていない。
* 疲労縞の発生場所について、詳細な情報は記載されていない。

**UNREADABLE セクション**

* UNREADABLE_1: 元文字列 … があれば列挙。無ければ「なし」と記載。