📝 整形後:
**報告書概要**

* 報告書番号：QS62-125
* 訂符：NC
* タイトル：き裂調査報告書

**調査目的**

* 耐久試験後、当該品のクリセント(仕切り板)に確認されたき裂の進展の様相を観察する。

**調査品詳細**

* 型番：QS62-125-K-BP-NS17-Z17-Z 高速化追加工
* 材質：FCD500
* 製造年月：2023 年

**調査内容**

* 概観観察
* 破面観察（マクロ観察、ミクロ観察）

**結果**

* き裂はクリセント内径側の端部から発生し、疲労破壊によってき裂が外径側に進展していた。
* クリセント内径には多数の起点が確認された。
* き裂の発生から発見に至るまでに40,000 サイクル以上と推測される。

**結論**

* き裂の進展は、外径側へのき裂の進展と並行して、内径側の端部から順に起点が発生・疲労によるき裂進展が起こった可能性があります。


=== ✂️ チャンク ===
**報告書概要**

* 報告書番号：QS62-125
* 訂符：NC
* タイトル：き裂調査報告書

**調査目的**

* 耐久試験後、当該品のクリセント(仕切り板)に確認されたき裂の進展の様相を観察する。

**調査品詳細**

* 型番：QS62-125-K-BP-NS17-Z17-Z 高速化追加工
* 材質：FCD500
* 製造年月：2023 年

**調査内容**

* 概観観察
* 破面観察（マクロ観察、ミクロ観察）

**結果**

* き裂はクリセント内径側の端部から発生し、疲労破壊によってき裂が外径側に進展していた。
* クリセント内径には多数の起点が確認された。
* き裂の発生から発見に至るまでに40,000 サイクル以上と推測される。

**結論**

* き裂の進展は、外径側へのき裂の進展と並行して、内径側の端部から順に起点が発生・疲労によるき裂進展が起こった可能性があります。
**報告書概要**

* 報告書番号：QS62-125
* 訂符：NC
* タイトル：き裂調査報告書

**調査目的**

* 耐久試験後、当該品のクリセント(仕切り板)に確認されたき裂の進展の様相を観察する。

**調査品詳細**

* 型番：QS62-125-K-BP-NS17-Z17-Z 高速化追加工
* 材質：FCD500
* 製造年月：2023 年

**調査内容**

* 概観観察
* 破面観察（マクロ観察、ミクロ観察）

**結果**

* き裂はクリセント内径側の端部から発生し、疲労破壊によってき裂が外径側に進展していた。
* クリセント内径には多数の起点が確認された。
* き裂の発生から発見に至るまでに40,000 サイクル以上と推測される。

**結論**

* き裂の進展は、外径側へのき裂の進展と並行して、内径側の端部から順に起点が発生・疲労によるき裂進展が起こった可能性があります。