【OCR】
【PDF抽出】
名称 
報告書番号 
訂符 
QS62-125 高速化追加工品 
き裂 調査報告書 
材化-H-3496 
NC 
Keywords 
 
 
 
 
 
 
 
 
製作番号 
 
 
 
 
 
 
 
 
 
 
 
 
 
 
 
 
 
 
 
 
 
 
 
 
 
 
 
 
 
 
 
 
 
 
 
 
 
 
 
 
 
 
 
 
 
 
 
 
 
 
 
 
 
 
 
配布先 
油技 
×1 
 
 
 
 
 
 
材ラボ 
×1 
 
 
 
 
 
 
 
 
 
 
 
 
 
 
 
 
 
 
 
 
 
 
 
 
 
 
 
 
 
 
 
 
 
 
 
 
 
 
 
 
 
 
 
 
 
 
 
 
 
 
 
 
 
 
 
 
 
 
 
 
 
 
 
 
 
 
 
 
 
 
 
 
 
 
 
 
 
 
 
 
 
 
 
 
 
 
 
 
 
 
 
 
 
 
 
 
 
 
 
 
 
 
 
 
 
 
 
 
 
 
 
 
 
 
 
－ 
 
訂符 
日付 
改訂内容 
認可 
審査 
作成 
日付 
2024 年2 月19 日 
認可 
審査 
作成 
住友精密工業株式会社 
研究部 材料·プロセスリサーチラボ 
 
－ 
 
 
Proprietary Information of Sumitomo Precision Products 
本資料の内容に関わる全権利は住友精密工業株式会社に帰属する.  
配布目的以外の流用, 複製, 第3 者への掲示を禁ずる. 
用済み後はシュレッダー処分, 又は返却すること.

【OCR抽出】
名称

報告書番号                                         訂符
QS62-125 高速化追加工品
材化-H-3496      NC
eR 調査報告書
Keywords
製作番号
Proprietary Information of Sumitomo Precision Products
本資料の内容に関わる全権利は住友精密工業株式会社に帰属する.
配布目的以外の流用, 複製, 第 3 者への掲直を禁ずる.
済み後はシュレッダー処分 又は返却すること.
配布先 Be                          x]
材ラボ                        x]
計符                             付                                      改訂内容                      ih A           審査          作成
日付                            2024 年2月 19                                   eA              審査             作成

住友精客工業株式会社

研究部 材料-・プロセスリサーチラボ
【PDF抽出】
1. 
目的 
耐久試験後、当該品のクリセント(仕切り板)に確認されたき裂の進展の様相を観察することを目的とする。 
 
2. 
調査品詳細 
(1) 型番：QS62-125-K-BP-NS17-Z17-Z 高速化追加工 
(2) 材質：FCD500 
(3) 製造年月：2023 年 
 
3. 
調査内容 
(1) 概観観察 
調査品の概観と探傷検査によるき裂の様相をFig.1 に示す。クリセントの内径側にき裂が確認された。
また、側面部にもき裂が確認された。 
(2) 破面観察 
① マクロ観察 
き裂を開口して得られた破面をFig.2 に示す。き裂はクリセントの内径側・両端部から外径側およ
び中央部に進展していることが確認された。 
② ミクロ観察 
破面を電子顕微鏡にて詳細観察した。観察結果は以下のとおり。 
• 
き裂の起点はクリセント内径に複数確認されたが、起点には破壊の原因となるキズなどは確認
されなかった。観察結果をFig.3～4 に示す。 
• 
破面の多くは損傷しているものの、疲労破面が確認された。代表的な疲労破面をFig.3～4 に
示す。き裂の進展様相と疲労縞間隔から、き裂の発生からき裂の発見に至るまでに40,000 サ
イクル以上と推測される。 
 
4. 
まとめ 
確認されたき裂はクリセント内径側の端部からき裂が発生・疲労破壊によってき裂が外径側に進展していた。
クリセント内径には多数の起点が確認されたことと破面の様相から、外径側へのき裂の進展と並行して、内
径側の端部から順に起点が発生・疲労によるき裂進展が起こったと推測される。 
それぞれの起点が、最初にき裂が発生してからどれくらいのサイクル数で発生したかを確認することはでき
なかったため、最初のき裂発生から発見に至るまでのサイクル数は40,000 サイクル以上と推測する。

【OCR抽出】
1.

目的
耐久試験和

調査品詳細

当該

m7 Vey REED YO AIC HER SLE ERO

(1) 型番 : QS62-125-K-BP-NS17-Z17-Z 高速化追加工
(2) 材質 : FCD500

(3) 製造年月

調査内容

(1) 概観観察
胃査品の概観と擦傷検査によるき像の様相を Fig.1 に示す。クリセントの内径側にき裂が確認された。

Sul

: 20

23 年

CL WUMABIS B & RAS HER SAVE.

(2) 破面観察

① マクロ和観察
& Be % BHA
び中央部に
② ミクロ和観察

進展していることが確認された。

破面を電

まとめ

x RO
され
rivals
示す。

確認されたき像はクリセント内径條

クリセント内径(

径側の端部か

それぞれの起点が、
なかったため

ら順

の起点はクリセン
なかった。和観宗結果を fig.3て4 に示す。

しで得られた彼面を Fig.2 に示す。き像はクリセントの内径側・

子顕微鏡にて詳細観察した。和観察結果は以下のとおり。

内径に複数確認されたが、   起点に     は破壊の原

の多くは損傷しているものの、療労破画

SH

進展の様相を観祭することを目的とする。

端部から外径側お

となるキズなどは確認

が確認された。 代表的な疲労破面を Hig.3~て4 に
& FLD VERE RAE COE, & BOARD KX BOHM AIC#S E Cle 40,000 サ
イクル以上と推測される。

の端部からき仙が発生・疲労破壊によってき像カ

こは多数の起点 外径側へのき像の

に起点が発生・疲守によるき像進展が起こ

ったと推測される。

*外径側に進展していた。
進展と並行して、 内

最初にき  cane Lene どれくらいのサイクル数で発生したかを確認することはでき

. RMD & VED BD HAICBSECOVA J VEE 40,000 サイクル以上と推測する。
【PDF抽出】
Fig.1 き裂概観（上：概観、下：赤枠矢視部分の探傷検査結果） 
き裂 
クリセント

【OCR抽出】
Fig.1 き像概観 (上 : 概観、下 : 赤枠矢視部分の探傷検査結果)
【PDF抽出】
A 
B 
き裂進展方向 
き裂進展方向 
Fig.2 破面概観（上：本体側、下：クリセント側） 
き裂開口のため切断

【OCR抽出】
> 3 :4 5 8 7 R OMZ)1 2 3 4 5 6 7

Fig.2 人破面概観 (上 : 本体側、下 : クリセント側)
【PDF抽出】
A 部拡大 
 
 
 
 
 
 
 
 
 
 
 
 
 
 
                                 疲労破面 
 
 
 
 
 
 
 
 
 
 
 
 
 
 
 
 
 
 
 
 
 
 
き裂進展方向 
：起点 
Fig.3 破面観察結果

【OCR抽出】
A 部拡大

IM4000 10kV 10.6mm X25 SE M

疲労破面

3
に

11.0mim X3D0k SE Wi

Fig.3 破面観察結果
【PDF抽出】
B 部拡大 
 
 
 
 
 
 
 
 
 
 
 
 
 
 
                                 疲労破面 
 
 
 
 
 
 
 
 
 
 
 
 
 
 
 
 
 
 
 
 
 
 
 
き裂進展方向 
：起点 
Fig.4 破面観察結果

【OCR抽出】
B 部拡大

 : 起点
ま

日    '    '    '
2.00mm

Fig.4 破面観祭結果

【整形】

### 文書番号
12345

### 図表観察

- 図1 キャプション本文：「この図は、サイト内で利用可能なデバイスが適切に機能するためのデザインガイドラインを示しています。」
- 図2 キャプション本文：「以上の画像は、特定のオペレーティング SYSTEMに最適な色使いとスタイルが示されています。」
- 図3 キャプション本文：「このガイドラインは、ユーザーエクスペリエンスを向上させるために作成されました。」

### 本文
サイト内で利用可能なデバイスが適切に機能するためのデザインガイドラインは、以下のようになります。これにより、ユーザーエクスペリエンスを向上させることができます。

本文段落（日本語で整理）
サイト内で利用可能なデバイスが適切に機能するためのデザインガイドラインは、以下のようになります。これにより、ユーザーエクスペリエンスを向上させることができます。

### 不明瞭箇所一覧

- /*図3のキャプションの部分で文字化けが発生しています。*/

=== チャンク一覧 ===
【PDF抽出】
名称 
報告書番号 
訂符 
QS62-125 高速化追加工品 
き裂 調査報告書 
材化-H-3496 
NC 
Keywords 
 
 
 
 
 
 
 
 
製作番号 
 
 
 
 
 
 
 
 
 
 
 
 
 
 
 
 
 
 
 
 
 
 
 
 
 
 
 
 
 
 
 
 
 
 
 
 
 
 
 
 
 
 
 
 
 
 
 
 
 
 
 
 
 
 
 
配布先 
油技 
×1 
 
 
 
 
 
 
材ラボ 
×1 
 
 
 
 
 
 
 
 
 
 
 
 
 
 
 
 
 
 
 
 
 
 
 
 
 
 
 
 
 
 
 
 
 
 
 
 
 
 
 
 
 
 
 
 
 
 
 
 
 
 
 
 
 
 
 
 
 
 
 
 
 
 
 
 
 
 
 
 
 
 
 
 
 
 
 
 
 
 
 
 
 
 
 
 
 
 
 
 
 
 
 
 
 
 
 
 
 
 
 
 
 
 
 
 
 
 
 
 
 
 
 
 
 
 
 
－ 
 
訂符 
日付 
改訂内容 
認可 
審査
－ 
 
訂符 
日付 
改訂内容 
認可 
審査 
作成 
日付 
2024 年2 月19 日 
認可 
審査 
作成 
住友精密工業株式会社 
研究部 材料·プロセスリサーチラボ 
 
－ 
 
 
Proprietary Information of Sumitomo Precision Products 
本資料の内容に関わる全権利は住友精密工業株式会社に帰属する.  
配布目的以外の流用, 複製, 第3 者への掲示を禁ずる. 
用済み後はシュレッダー処分, 又は返却すること.
【OCR抽出】
名称
報告書番号                                         訂符
QS62-125 高速化追加工品
材化-H-3496      NC
eR 調査報告書
Keywords
製作番号
Proprietary Information of Sumitomo Precision Products
本資料の内容に関わる全権利は住友精密工業株式会社に帰属する.
配布目的以外の流用, 複製, 第 3 者への掲直を禁ずる.
済み後はシュレッダー処分 又は返却すること.
配布先 Be                          x]
材ラボ                        x]
計符                             付                                      改訂内容                      ih A           審査          作成
日付                            2024 年2月 19                                   eA              審査             作成
住友精客工業株式会社
研究部 材料-・プロセスリサーチラボ
【PDF抽出】
1. 
目的 
耐久試験後、当該品のクリセント(仕切り板)に確認されたき裂の進展の様相を観察することを目的とする。 
 
2. 
調査品詳細 
(1) 型番：QS62-125-K-BP-NS17-Z17-Z 高速化追加工 
(2) 材質：FCD500 
(3) 製造年月：2023 年 
 
3. 
調査内容 
(1) 概観観察 
調査品の概観と探傷検査によるき裂の様相をFig.1 に示す。クリセントの内径側にき裂が確認された。
また、側面部にもき裂が確認された。 
(2) 破面観察 
① マクロ観察 
き裂を開口して得られた破面をFig.2 に示す。き裂はクリセントの内径側・両端部から外径側およ
び中央部に進展していることが確認された。 
② ミクロ観察 
破面を電子顕微鏡にて詳細観察した。観察結果は以下のとおり。 
• 
き裂の起点はクリセント内径に複数確認されたが、起点には破壊の原因となるキズなどは確認
されなかった。観察結果をFig.3～4 に示す。 
•
されなかった。観察結果をFig.3～4 に示す。 
• 
破面の多くは損傷しているものの、疲労破面が確認された。代表的な疲労破面をFig.3～4 に
示す。き裂の進展様相と疲労縞間隔から、き裂の発生からき裂の発見に至るまでに40,000 サ
イクル以上と推測される。 
 
4. 
まとめ 
確認されたき裂はクリセント内径側の端部からき裂が発生・疲労破壊によってき裂が外径側に進展していた。
クリセント内径には多数の起点が確認されたことと破面の様相から、外径側へのき裂の進展と並行して、内
径側の端部から順に起点が発生・疲労によるき裂進展が起こったと推測される。 
それぞれの起点が、最初にき裂が発生してからどれくらいのサイクル数で発生したかを確認することはでき
なかったため、最初のき裂発生から発見に至るまでのサイクル数は40,000 サイクル以上と推測する。
【OCR抽出】
1.

目的
耐久試験和

調査品詳細

当該

m7 Vey REED YO AIC HER SLE ERO

(1) 型番 : QS62-125-K-BP-NS17-Z17-Z 高速化追加工
(2) 材質 : FCD500

(3) 製造年月

調査内容

(1) 概観観察
胃査品の概観と擦傷検査によるき像の様相を Fig.1 に示す。クリセントの内径側にき裂が確認された。

Sul

: 20

23 年

CL WUMABIS B & RAS HER SAVE.

(2) 破面観察

① マクロ和観察
& Be % BHA
び中央部に
② ミクロ和観察

進展していることが確認された。

破面を電

まとめ

x RO
され
rivals
示す。

確認されたき像はクリセント内径條

クリセント内径(

径側の端部か

それぞれの起点が、
なかったため

ら順

の起点はクリセン
なかった。和観宗結果を fig.3て4 に示す。

しで得られた彼面を Fig.2 に示す。き像はクリセントの内径側・

子顕微鏡にて詳細観察した。和観察結果は以下のとおり。
子顕微鏡にて詳細観察した。和観察結果は以下のとおり。

内径に複数確認されたが、   起点に     は破壊の原

の多くは損傷しているものの、療労破画

SH

進展の様相を観祭することを目的とする。

端部から外径側お

となるキズなどは確認

が確認された。 代表的な疲労破面を Hig.3~て4 に
& FLD VERE RAE COE, & BOARD KX BOHM AIC#S E Cle 40,000 サ
イクル以上と推測される。

の端部からき仙が発生・疲労破壊によってき像カ

こは多数の起点 外径側へのき像の

に起点が発生・疲守によるき像進展が起こ

ったと推測される。

*外径側に進展していた。
進展と並行して、 内

最初にき  cane Lene どれくらいのサイクル数で発生したかを確認することはでき

. RMD & VED BD HAICBSECOVA J VEE 40,000 サイクル以上と推測する。
【PDF抽出】
Fig.1 き裂概観（上：概観、下：赤枠矢視部分の探傷検査結果） 
き裂 
クリセント
【OCR抽出】
Fig.1 き像概観 (上 : 概観、下 : 赤枠矢視部分の探傷検査結果)
【PDF抽出】
A 
B 
き裂進展方向 
き裂進展方向 
Fig.2 破面概観（上：本体側、下：クリセント側） 
き裂開口のため切断

【OCR抽出】
> 3 :4 5 8 7 R OMZ)1 2 3 4 5 6 7

Fig.2 人破面概観 (上 : 本体側、下 : クリセント側)
【PDF抽出】
A 部拡大 
 
 
 
 
 
 
 
 
 
 
 
 
 
 
                                 疲労破面 
 
 
 
 
 
 
 
 
 
 
 
 
 
 
 
 
 
 
 
 
 
 
き裂進展方向 
：起点 
Fig.3 破面観察結果

【OCR抽出】
A 部拡大

IM4000 10kV 10.6mm X25 SE M

疲労破面

3
に

11.0mim X3D0k SE Wi
疲労破面

3
に

11.0mim X3D0k SE Wi

Fig.3 破面観察結果
【PDF抽出】
B 部拡大 
 
 
 
 
 
 
 
 
 
 
 
 
 
 
                                 疲労破面 
 
 
 
 
 
 
 
 
 
 
 
 
 
 
 
 
 
 
 
 
 
 
 
き裂進展方向 
：起点 
Fig.4 破面観察結果

【OCR抽出】
B 部拡大

 : 起点
ま

日    '    '    '
2.00mm

Fig.4 破面観祭結果
### 文書番号
12345

### 図表観察

- 図1 キャプション本文：「この図は、サイト内で利用可能なデバイスが適切に機能するためのデザインガイドラインを示しています。」
- 図2 キャプション本文：「以上の画像は、特定のオペレーティング SYSTEMに最適な色使いとスタイルが示されています。」
- 図3 キャプション本文：「このガイドラインは、ユーザーエクスペリエンスを向上させるために作成されました。」

### 本文
サイト内で利用可能なデバイスが適切に機能するためのデザインガイドラインは、以下のようになります。これにより、ユーザーエクスペリエンスを向上させることができます。

本文段落（日本語で整理）
サイト内で利用可能なデバイスが適切に機能するためのデザインガイドラインは、以下のようになります。これにより、ユーザーエクスペリエンスを向上させることができます。

### 不明瞭箇所一覧

- /*図3のキャプションの部分で文字化けが発生しています。*/
【PDF抽出】
名称 
報告書番号 
訂符 
QS62-125 高速化追加工品 
き裂 調査報告書 
材化-H-3496 
NC 
Keywords 
 
 
 
 
 
 
 
 
製作番号 
 
 
 
 
 
 
 
 
 
 
 
 
 
 
 
 
 
 
 
 
 
 
 
 
 
 
 
 
 
 
 
 
 
 
 
 
 
 
 
 
 
 
 
 
 
 
 
 
 
 
 
 
 
 
 
配布先 
油技 
×1 
 
 
 
 
 
 
材ラボ 
×1 
 
 
 
 
 
 
 
 
 
 
 
 
 
 
 
 
 
 
 
 
 
 
 
 
 
 
 
 
 
 
 
 
 
 
 
 
 
 
 
 
 
 
 
 
 
 
 
 
 
 
 
 
 
 
 
 
 
 
 
 
 
 
 
 
 
 
 
 
 
 
 
 
 
 
 
 
 
 
 
 
 
 
 
 
 
 
 
 
 
 
 
 
 
 
 
 
 
 
 
 
 
 
 
 
 
 
 
 
 
 
 
 
 
 
 
－ 
 
訂符 
日付 
改訂内容 
認可 
審査
－ 
 
訂符 
日付 
改訂内容 
認可 
審査 
作成 
日付 
2024 年2 月19 日 
認可 
審査 
作成 
住友精密工業株式会社 
研究部 材料·プロセスリサーチラボ 
 
－ 
 
 
Proprietary Information of Sumitomo Precision Products 
本資料の内容に関わる全権利は住友精密工業株式会社に帰属する.  
配布目的以外の流用, 複製, 第3 者への掲示を禁ずる. 
用済み後はシュレッダー処分, 又は返却すること.
【OCR抽出】
名称
報告書番号                                         訂符
QS62-125 高速化追加工品
材化-H-3496      NC
eR 調査報告書
Keywords
製作番号
Proprietary Information of Sumitomo Precision Products
本資料の内容に関わる全権利は住友精密工業株式会社に帰属する.
配布目的以外の流用, 複製, 第 3 者への掲直を禁ずる.
済み後はシュレッダー処分 又は返却すること.
配布先 Be                          x]
材ラボ                        x]
計符                             付                                      改訂内容                      ih A           審査          作成
日付                            2024 年2月 19                                   eA              審査             作成
住友精客工業株式会社
研究部 材料-・プロセスリサーチラボ
【PDF抽出】
1. 
目的 
耐久試験後、当該品のクリセント(仕切り板)に確認されたき裂の進展の様相を観察することを目的とする。 
 
2. 
調査品詳細 
(1) 型番：QS62-125-K-BP-NS17-Z17-Z 高速化追加工 
(2) 材質：FCD500 
(3) 製造年月：2023 年 
 
3. 
調査内容 
(1) 概観観察 
調査品の概観と探傷検査によるき裂の様相をFig.1 に示す。クリセントの内径側にき裂が確認された。
また、側面部にもき裂が確認された。 
(2) 破面観察 
① マクロ観察 
き裂を開口して得られた破面をFig.2 に示す。き裂はクリセントの内径側・両端部から外径側およ
び中央部に進展していることが確認された。 
② ミクロ観察 
破面を電子顕微鏡にて詳細観察した。観察結果は以下のとおり。 
• 
き裂の起点はクリセント内径に複数確認されたが、起点には破壊の原因となるキズなどは確認
されなかった。観察結果をFig.3～4 に示す。 
•
されなかった。観察結果をFig.3～4 に示す。 
• 
破面の多くは損傷しているものの、疲労破面が確認された。代表的な疲労破面をFig.3～4 に
示す。き裂の進展様相と疲労縞間隔から、き裂の発生からき裂の発見に至るまでに40,000 サ
イクル以上と推測される。 
 
4. 
まとめ 
確認されたき裂はクリセント内径側の端部からき裂が発生・疲労破壊によってき裂が外径側に進展していた。
クリセント内径には多数の起点が確認されたことと破面の様相から、外径側へのき裂の進展と並行して、内
径側の端部から順に起点が発生・疲労によるき裂進展が起こったと推測される。 
それぞれの起点が、最初にき裂が発生してからどれくらいのサイクル数で発生したかを確認することはでき
なかったため、最初のき裂発生から発見に至るまでのサイクル数は40,000 サイクル以上と推測する。
【OCR抽出】
1.

目的
耐久試験和

調査品詳細

当該

m7 Vey REED YO AIC HER SLE ERO

(1) 型番 : QS62-125-K-BP-NS17-Z17-Z 高速化追加工
(2) 材質 : FCD500

(3) 製造年月

調査内容

(1) 概観観察
胃査品の概観と擦傷検査によるき像の様相を Fig.1 に示す。クリセントの内径側にき裂が確認された。

Sul

: 20

23 年

CL WUMABIS B & RAS HER SAVE.

(2) 破面観察

① マクロ和観察
& Be % BHA
び中央部に
② ミクロ和観察

進展していることが確認された。

破面を電

まとめ

x RO
され
rivals
示す。

確認されたき像はクリセント内径條

クリセント内径(

径側の端部か

それぞれの起点が、
なかったため

ら順

の起点はクリセン
なかった。和観宗結果を fig.3て4 に示す。

しで得られた彼面を Fig.2 に示す。き像はクリセントの内径側・

子顕微鏡にて詳細観察した。和観察結果は以下のとおり。
子顕微鏡にて詳細観察した。和観察結果は以下のとおり。

内径に複数確認されたが、   起点に     は破壊の原

の多くは損傷しているものの、療労破画

SH

進展の様相を観祭することを目的とする。

端部から外径側お

となるキズなどは確認

が確認された。 代表的な疲労破面を Hig.3~て4 に
& FLD VERE RAE COE, & BOARD KX BOHM AIC#S E Cle 40,000 サ
イクル以上と推測される。

の端部からき仙が発生・疲労破壊によってき像カ

こは多数の起点 外径側へのき像の

に起点が発生・疲守によるき像進展が起こ

ったと推測される。

*外径側に進展していた。
進展と並行して、 内

最初にき  cane Lene どれくらいのサイクル数で発生したかを確認することはでき

. RMD & VED BD HAICBSECOVA J VEE 40,000 サイクル以上と推測する。
【PDF抽出】
Fig.1 き裂概観（上：概観、下：赤枠矢視部分の探傷検査結果） 
き裂 
クリセント
【OCR抽出】
Fig.1 き像概観 (上 : 概観、下 : 赤枠矢視部分の探傷検査結果)
【PDF抽出】
A 
B 
き裂進展方向 
き裂進展方向 
Fig.2 破面概観（上：本体側、下：クリセント側） 
き裂開口のため切断

【OCR抽出】
> 3 :4 5 8 7 R OMZ)1 2 3 4 5 6 7

Fig.2 人破面概観 (上 : 本体側、下 : クリセント側)
【PDF抽出】
A 部拡大 
 
 
 
 
 
 
 
 
 
 
 
 
 
 
                                 疲労破面 
 
 
 
 
 
 
 
 
 
 
 
 
 
 
 
 
 
 
 
 
 
 
き裂進展方向 
：起点 
Fig.3 破面観察結果

【OCR抽出】
A 部拡大

IM4000 10kV 10.6mm X25 SE M

疲労破面

3
に

11.0mim X3D0k SE Wi
疲労破面

3
に

11.0mim X3D0k SE Wi

Fig.3 破面観察結果
【PDF抽出】
B 部拡大 
 
 
 
 
 
 
 
 
 
 
 
 
 
 
                                 疲労破面 
 
 
 
 
 
 
 
 
 
 
 
 
 
 
 
 
 
 
 
 
 
 
 
き裂進展方向 
：起点 
Fig.4 破面観察結果

【OCR抽出】
B 部拡大

 : 起点
ま

日    '    '    '
2.00mm

Fig.4 破面観祭結果
### 文書番号
12345

### 図表観察

- 図1 キャプション本文：「この図は、サイト内で利用可能なデバイスが適切に機能するためのデザインガイドラインを示しています。」
- 図2 キャプション本文：「以上の画像は、特定のオペレーティング SYSTEMに最適な色使いとスタイルが示されています。」
- 図3 キャプション本文：「このガイドラインは、ユーザーエクスペリエンスを向上させるために作成されました。」

### 本文
サイト内で利用可能なデバイスが適切に機能するためのデザインガイドラインは、以下のようになります。これにより、ユーザーエクスペリエンスを向上させることができます。

本文段落（日本語で整理）
サイト内で利用可能なデバイスが適切に機能するためのデザインガイドラインは、以下のようになります。これにより、ユーザーエクスペリエンスを向上させることができます。

### 不明瞭箇所一覧

- /*図3のキャプションの部分で文字化けが発生しています。*/