【OCR】
【PDF抽出】
名称 
報告書番号 
訂符 
QD4R40 破損調査報告書 
材化-H-3503 
NC 
Keywords 
 
 
 
 
 
 
 
 
製作番号 
 
 
 
 
 
 
 
 
 
 
 
 
 
 
 
 
 
 
 
 
 
 
 
 
 
 
 
 
 
 
 
 
 
 
 
 
 
 
 
 
 
 
 
 
 
 
 
 
 
 
 
 
 
 
 
配布先 
油技 
×1 
 
 
 
 
 
 
材ラボ 
×1 
 
 
 
 
 
 
 
 
 
 
 
 
 
 
 
 
 
 
 
 
 
 
 
 
 
 
 
 
 
 
 
 
 
 
 
 
 
 
 
 
 
 
 
 
 
 
 
 
 
 
 
 
 
 
 
 
 
 
 
 
 
 
 
 
 
 
 
 
 
 
 
 
 
 
 
 
 
 
 
 
 
 
 
 
 
 
 
 
 
 
 
 
 
 
 
 
 
 
 
 
 
 
 
 
 
 
 
 
 
 
 
 
 
 
 
 
 
－ 
 
訂符 
日付 
改訂内容 
認可 
審査 
作成 
日付 
2024 年4 月17 日 
認可 
審査 
作成 
住友精密工業株式会社 
研究部 材料·プロセスリサーチラボ 
 
－ 
 
 
Proprietary Information of Sumitomo Precision Products 
本資料の内容に関わる全権利は住友精密工業株式会社に帰属する.  
配布目的以外の流用, 複製, 第3 者への掲示を禁ずる. 
用済み後はシュレッダー処分, 又は返却すること.

【OCR抽出】
名称                                                                                           報告書番号                                                       訂符
QD4R40 破損調査報告書         材化-H-3503      NC
Keywords
製作番号
Proprietary Information of Sumitomo Precision Products
本資料の内容に関わる全権利は住友精密工業株式会社に帰属する.
配布目的以外の流用, 複製, 第 3 者への掲直を禁ずる.
]済み後はシュレッダー処分, 又は返却すること.
配布先 Be                        x]
材ラボ                        x]
計符                          日付                                      改訂内容                      ih A           審査          作成
日付                           2024 年4月 17 日                             eA             審査             作成

住友精客工業株式会社

研究部 材料-プロセスリサーチラボ
【PDF抽出】
1. 
目的 
耐久試験後に確認された当該品の破損について破損の様相を観察することを目的とする。 
 
2. 
調査品詳細 
(1) 品名： QD4R40 
(2) 型番： SA-28-1042-1（リングギア）、SA-28-1045（フィラー） 
(3) 材質： SCM 435H（リングギア）、KMS 9（フィラー） 
 
3. 
調査内容 
(1) 概観観察 
それぞれの破断箇所の概観観察結果は以下のとおり。 
① リングギア 
• 
2 か所の破断が確認された。破面概観をFig.1 に示す。破面全体が損傷しており、き裂進展の
方向を確認することができなかった。 
• 
リングギア内径側を中心に黄金色に変色している箇所が複数確認された。 
• 
リングギア内径側は破面の位置が一定である一方、リングギア外径側は破面の位置が一定では
ない上、破面以外のき裂が多数確認された（Fig.2 参照） 
② リングギア 
破断に至っていないき裂を開口させて、得られた破面の観察を行った。概観をFig.3 に示す。 
• 
内径からき裂が進展していることが確認された。 
③ フィラー 
• 
破面概観をFig.4 に示す。内径側と両端からき裂が進展していることが確認された。大半は内
径側から進展したき裂であった。 
(2) 破面観察 
それぞれの破面の詳細を確認した。得られた知見は以下のとおり。 
① リングギア 
• 
破面の大半が損傷しており、破壊の詳細を確認することができなかった。 
• 
破面の一部からはディンプルが確認された。代表的な破面をFig.5 に示す。 
• 
リングギアの材質成分に異常は確認されなかったが、リングギア内径側の黄金色の部分からは
リングギア成分以外にCu やZn が確認された（Fig.6 参照）。 
② リングギア（き裂開口） 
• 
ギア内径の複数箇所を起点としてき裂が発生し、進展したと推測される様相が確認されたが、
全ての起点は一様に損傷しており、破壊の原因を特定することができなかった（Fig.7 参照）。 
• 
破面からは疲労縞が確認され、疲労破壊領域が確認された。それ以外の箇所からはディンプル
が確認された（Fig.8 参照）。 
③ フィラー 
• 
破面全体から疲労破壊の様相が確認された。代表的な破面をFig.9 に示す。 
• 
き裂の起点となる箇所にはき裂発生の原因となる介在物やキズは見られなかった（Fig.10 参
照）。 
• 
フィラーの材質成分に異常は確認されなかった（Fig.11 参照）。

【OCR抽出】
1.

3.

目的

調査品詳細
1) 品名 :
(2) 型番 :

az

(3) 材質:

QD

調査内容
(1) 概観観察

耐久試験後に確認

された当該品の破損について破損の様相を観察することを

i

的とする。

4R40

SA-28-1042-1 (リングギア) 、8SA-28-1045 (フィラー)
SCM 435H (リングギア) 、KMS 9 (フィラー)

それぞれの破断箇所の概観観察結果は以下のとおり。
① リングギア
2 か所の破断が確認された。 破面概観を Fig.1 Cnt, ARMADA LUCKY, &RUEBO
方向を確認することができなかった。
リングギア内径側を中心に黄金色に変色している箇所が複数確認された。
リングギア内径側は破面の位置が一定である一方、リングギア外径側は破面の位置が一定では

なし

、上、破中

DID & RNB BME Savi (Fig.2 参照)

Q リングギア

破断に至っていないき像を開
AED © & BEB LU TWS = LASHER
③ フィラー

SEC, HOMECARE
された。

破下

概観を Fig.4 にボす。 内径側と両端からき像が進展していることが確認

径側から進展したき像であった。

(2) 破面観察
それぞれの破面の詳細を確認した。得られた知見は以下のとおり。
① リングギア
破面の大半が損傷しており、破壊の詳細を確認することができなかった。
破面の一部からはディンプルが確認された。 代表的な破面を Fig.5 に示す。

の観察を行った。 概観を Fig.8 にボす。

された。 大半は内

リングギアの材質成分に異常は確認されなかったが、リングギア内径側の黄金色の部分からは

リングギア成分以外にCu やZn が

認された (Tig.6 Sia).

② リングギア (& RA)

ギア
全て

破下

内径の複数筒所を起点としてき釣が発生し、進展したと推測される様相が確認

の起点は一様に損傷しており、破壊の原因を特定することができなかった
からは疲労縛が確認され、疲労破壊領域が確認

が確認された (Fig.8 BHA).

③ フィラー

破下

eR

照)。

全体から疲労破壊の様相が確認された。 代表的な破面を Fig.9 に示す。

の起点となる入所にはき像発生の原因となる介在物やキズは見られなかった

ラーの材資成分に異常は確認

されなかった (Hig.11 BFR),

された。それ以外の箇所から

されたが、
(fig.7 参照)。
はディンプル

(fig.10 &
【PDF抽出】
4. 
考察・まとめ 
以上の観察結果から、リングギアおよびフィラーの破損について以下のとおり考察する。 
(1) リングギア 
破断した箇所の破面は大半が損傷しており、破壊の詳細を確認することはできなかった。破面上にフィ
ラー成分と思われるCu やZn がリングギア内径側を中心に確認されたこと等からき裂はリングギア内
径から外径に向かって進展したと推測する。 
また、僅かに観察できた破面からはディンプルが確認されたものの、過大荷重による急進破壊のような
破面様相では無かったことやリングギア内径側を中心に破面上にフィラー成分が確認されたことから、
一定以上の負荷が段階的にリングギア内径に付与され、き裂がリングギア外径側に進展したと推測され
る。 
一方、破断に至っていないき裂を開口し、破面観察を行った結果、内径から疲労破壊によりき裂が進展
したことが確認された。起点はリングギア内径側に複数確認されたものの、損傷しており、き裂発生の
原因を特定することはできなかった。当該き裂と破断した箇所との関連が不明なため、開口したき裂の
き裂進展と破断した箇所のき裂進展が同じであると断言することはできないものの、破断箇所も疲労破
壊によって破断に至った可能性はあると考えられる。 
(2) フィラー 
破面観察の結果から、内径側を起点として疲労破壊によりき裂が進展したと推測される。起点には、破
壊の原因となる介在物やキズが無かったことから、疲労強度以上の負荷が発生した可能性が考えられる。
一般的には、疲労破壊は起点から放射線状にき裂が進展していくが、当該フィラーは偏った方向に進展
していることから、複数方向の負荷が当該品に付与されてき裂が進展した可能性がある。

【OCR抽出】
4. 考祭・まとめ
以上の観察結果から、リングギアおよびフィラーの破損について以下のとおり考祭する。
(1) リングギア

破断した箇所の破面は大半が損傷しており、破壊の詳細を確認することはできなかった。人破面上に

ラー成分と思われる Cu や Zn がリングギア内径側を中心に確認されたこと等からき仙はリング —

径から外径に向かって進展したと推測する。

また、僅かに観察できた破面からはディンプルが確認されたものの、過大荷重による急進破壊のような

破面様相では無かったことやリングギア内径側を中心に破面上にフィラー成分が確認されたことから、
一定以上の負荷が段階的にリングギア内径に付与され、き肌がリングギア外径側に進展したと推測され
る。
一方、破断に至っていないき釣を開口し、破面観察を行った結果、内径から疲労破壊によりき像が進展
したことが確認された。超点はリングギア内径側に複数確認されたものの、損傷しており、き像発生の
原因を特定することはできなかった。当該き像と破断した箇所との関連が不明なため、開口したき像の
き像進展と破断した箇所のき仙進展が同じであると断言することはできないものの、 破断箇所も疲労破
壊によって破断に至った可能性はあると考えられる。

(2) フィラー
破面観察の結果から、内径側を起点として疲労破壊によりき仙が進展したと推測される。 起点には、破
壊の原因となる介在物やキズが無かったことから、 疲労強度以上の負荷が発生した可能性が考えられる。
一般的には、 疲労破壊は起点から放射線状にき ROMER UCSD SIR7 47 は偏った方向に進
していることから、複数方向の負荷が当該品に付与されてき像が進展した可能性がある。
【PDF抽出】
リングギア内径側 
リングギア内径側 
：変色箇所(黄金色) 
破面1－1 
破面1－2 
Fig.1 破面概観（リングギヤ）

【OCR抽出】
維 TS

(AY 1) PH

ニー Se  =

ご
SS
マ
ロリ
Mf
ot
R
【PDF抽出】
破面1－1(内径側) 
破面1－1(外径側) 
破面の位置 
：き裂 
Fig.2 破面近傍（内径側および外径側）概観（リングギヤ）

【OCR抽出】
破面 ユ一1(内径側)

破面 ユ一1(外径側)

Fig.2 人破面近傍 (内径側および外径側) 概観 (リングギヤ)
【PDF抽出】
リングギア内径側 
破面2 
疲労破壊領域 
Fig.3 破面概観（リングギアのき裂開口した破面）

【OCR抽出】
リングギア内径側

Fig.3 破面概観 (リングギアのき像開口した破面)
【PDF抽出】
Fig.4 破面概観（フィラー） 
フィラー内径側

【OCR抽出】
フィラー内径側

Fig.4 破面概観 (フィラー)
【PDF抽出】
上記赤枠拡大 
 
 
 
 
 
 
 
 
 
 
 
 
 
 
 
 
 
 
 
 
 
 
 
 
Fig.5 SEM 観察結果（リングギア） 
ディンプル

【OCR抽出】
上記赤枠拡大

TM4000.15kV 11.6mm.X%4.00kK-SE M

Fig.5 SEM 観祭結果 (リングギア)
【PDF抽出】
破面変色部 
 
 
 
 
 
 
 
 
 
 
 
 
 
 
母材 
 
 
 
 
 
 
 
 
 
 
 
 
 
 
 
 
 
 
 
 
 
 
 
 
元素
質量 %
C
12.64
O
1.37
Al
0.53
Si
0.28
Cr
0.41
Mn
0.83
Fe
26.6
Ni
0.46
Cu
37.86
Zn
19.03
元素
質量 %
Si
0.34
Cr
1.23
Mn
0.79
Fe
97.51
Mo
0.12
Fig.6 元素成分分析結果（リングギア） 
含有元素と成分値
C
Si
Mn
Ni
Cr
Mo
Fe
0.32-0.39 0.15-0.35 0.55-0.95
<0.25
0.85-1.25 0.15-0.35
残り
注：EDS は定性分析のため測定数値は参考とする。C,O 成分の測定数値は大気環境等の影響を受けている可能性があるの
で、評価対象から除外した

【OCR抽出】
Hl
Mt

y
義則
トー
の  N
(1        (op)
WW        £

つ

ご

つ

PTFE LEE

mR }w

to | N                      oO};

〇|                      Co | &
| CO | O                      CO |

mm_

注 : EDS は定性分析のため測定数値は参考とする。 C,O 成分の測定数値は大気環境等の影響を受けている可能性があるの
で、評価対象から除外した

mt

含有元素と成分1

Fig.6 元素成分分析結果 (リングギア)
【PDF抽出】
Fig.3 / 赤枠拡大 
 
 
 
 
 
 
 
 
 
 
 
 
                               上記赤枠拡大 
 
 
 
 
 
 
 
 
 
 
 
 
 
                               疲労破壊領域の破面 
 
 
 
 
 
 
 
 
 
 
 
 
Fig.7 SEM 観察結果（き裂開口したリングギア） 
き裂進展方向 
：疲労縞、サブクラック

【OCR抽出】
Fig.3 / 赤枠拡大

100um

上記赤枠拡大

TM4000 SkV 8.8mm.X1.00k SE M

疲労破壊領域の破

ョー RK UTI FY

TM4000 SkV 8.8meyR400K SE M                                           10.0Hm

Fig.7 SEM 観察結果 (き像開口したリングギア)
【PDF抽出】
疲労破壊領域以外の破面 
 
 
 
 
 
 
 
 
 
 
 
 
                               上記赤枠拡大 
 
 
 
 
 
 
 
 
 
 
 
 
 
 
 
 
 
 
 
 
 
 
 
 
 
Fig.8 SEM 観察結果（き裂開口したリングギア）

【OCR抽出】
疲労破壊領域以外の破面

上記赤枠拡大

Fig.8 SEM 観宗結果 (き像開口したリングギア)
【PDF抽出】
起点部（内径側）近傍 
 
 
 
 
 
 
 
 
 
 
 
 
                               上記赤枠（起点部）拡大 
 
 
 
 
 
 
 
 
 
 
 
 
                               疲労破面（サブクラック） 
 
 
 
 
 
 
 
 
 
 
Fig.9 SEM 観察結果（フィラー） 
：疲労縞、サブクラック

【OCR抽出】
起点部 (AEB) 近傍

上記赤枠 (起点部) 拡大

TM4000 5kV 11.4mm X100 SE M

疲労破面 (サブクラック)

a "ーー   a

TM4000 5kV 11.0m本XX要00kSE M

デー

Fig.9 SEM 観察結果 (フィラー)
【PDF抽出】
Fig.10 起点部の面分析結果

【OCR抽出】
電子画像 1

やー

500hm

rs |  rs |

500um                                                                                     Um

Fig.10 起点部の面分析結果
【PDF抽出】
母材 
 
 
 
 
 
 
 
 
 
 
 
 
 
 
 
 
 
 
 
 
 
 
 
 
 
 
 
 
 
 
 
 
 
 
 
元素
質量 %
O
1.23
Al
1.24
Si
0.8
Mn
2.47
Ni
1.7
Cu
55.5
Zn
37.08
Fig.11 元素成分分析結果（フィラー） 
含有元素と成分値
Cu
Ni
Mn
Al
Si
Zn
54-58
1.5-2.5
2-3.5
0.5-2
0.5-1.5
残り

【OCR抽出】
母材

| 元素 | 質恒%

含有元素と成分値

Fig.11 元素成分分析結果 (フィラー)

【整形】
### 文書番号
- 文書番号: 本ページ123

### 図表観察
- 図1 キャプション本文  
  - **原文通り**: [図1の本文がここにある]

### 本文（段落）
本文が以下の日本語です。

【本文の日本語テキスト】

### 不明瞭箇所一覧
- /*ここに不明瞭箇所が記載される*/  

(注: 上記は確実にOCRで読み取れた文章を反映しています。「/*…*/」で表現された部分のみもしくみられない場合は、「なし」と記載します。不明瞭箇所一覧に出てきた文字列がある場合に限り、そのリストを提供します。)

(注: 上記は仮想的な内容です。実際のテキストと異なります。必要な読み取りが行われるべき手順に従って、指示されたセクションを完成させてください。)

=== チャンク一覧 ===
【PDF抽出】
名称 
報告書番号 
訂符 
QD4R40 破損調査報告書 
材化-H-3503 
NC 
Keywords 
 
 
 
 
 
 
 
 
製作番号 
 
 
 
 
 
 
 
 
 
 
 
 
 
 
 
 
 
 
 
 
 
 
 
 
 
 
 
 
 
 
 
 
 
 
 
 
 
 
 
 
 
 
 
 
 
 
 
 
 
 
 
 
 
 
 
配布先 
油技 
×1 
 
 
 
 
 
 
材ラボ 
×1 
 
 
 
 
 
 
 
 
 
 
 
 
 
 
 
 
 
 
 
 
 
 
 
 
 
 
 
 
 
 
 
 
 
 
 
 
 
 
 
 
 
 
 
 
 
 
 
 
 
 
 
 
 
 
 
 
 
 
 
 
 
 
 
 
 
 
 
 
 
 
 
 
 
 
 
 
 
 
 
 
 
 
 
 
 
 
 
 
 
 
 
 
 
 
 
 
 
 
 
 
 
 
 
 
 
 
 
 
 
 
 
 
 
 
 
 
 
－ 
 
訂符 
日付 
改訂内容 
認可 
審査 
作成 
日付
－ 
 
訂符 
日付 
改訂内容 
認可 
審査 
作成 
日付 
2024 年4 月17 日 
認可 
審査 
作成 
住友精密工業株式会社 
研究部 材料·プロセスリサーチラボ 
 
－ 
 
 
Proprietary Information of Sumitomo Precision Products 
本資料の内容に関わる全権利は住友精密工業株式会社に帰属する.  
配布目的以外の流用, 複製, 第3 者への掲示を禁ずる. 
用済み後はシュレッダー処分, 又は返却すること.
【OCR抽出】
名称                                                                                           報告書番号                                                       訂符
QD4R40 破損調査報告書         材化-H-3503      NC
Keywords
製作番号
Proprietary Information of Sumitomo Precision Products
本資料の内容に関わる全権利は住友精密工業株式会社に帰属する.
配布目的以外の流用, 複製, 第 3 者への掲直を禁ずる.
]済み後はシュレッダー処分, 又は返却すること.
配布先 Be                        x]
材ラボ                        x]
材ラボ                        x]
計符                          日付                                      改訂内容                      ih A           審査          作成
日付                           2024 年4月 17 日                             eA             審査             作成
住友精客工業株式会社
研究部 材料-プロセスリサーチラボ
【PDF抽出】
1. 
目的 
耐久試験後に確認された当該品の破損について破損の様相を観察することを目的とする。 
 
2. 
調査品詳細 
(1) 品名： QD4R40 
(2) 型番： SA-28-1042-1（リングギア）、SA-28-1045（フィラー） 
(3) 材質： SCM 435H（リングギア）、KMS 9（フィラー） 
 
3. 
調査内容 
(1) 概観観察 
それぞれの破断箇所の概観観察結果は以下のとおり。 
① リングギア 
• 
2 か所の破断が確認された。破面概観をFig.1 に示す。破面全体が損傷しており、き裂進展の
方向を確認することができなかった。 
• 
リングギア内径側を中心に黄金色に変色している箇所が複数確認された。 
• 
リングギア内径側は破面の位置が一定である一方、リングギア外径側は破面の位置が一定では
ない上、破面以外のき裂が多数確認された（Fig.2 参照） 
② リングギア 
破断に至っていないき裂を開口させて、得られた破面の観察を行った。概観をFig.3 に示す。 
•
破断に至っていないき裂を開口させて、得られた破面の観察を行った。概観をFig.3 に示す。 
• 
内径からき裂が進展していることが確認された。 
③ フィラー 
• 
破面概観をFig.4 に示す。内径側と両端からき裂が進展していることが確認された。大半は内
径側から進展したき裂であった。 
(2) 破面観察 
それぞれの破面の詳細を確認した。得られた知見は以下のとおり。 
① リングギア 
• 
破面の大半が損傷しており、破壊の詳細を確認することができなかった。 
• 
破面の一部からはディンプルが確認された。代表的な破面をFig.5 に示す。 
• 
リングギアの材質成分に異常は確認されなかったが、リングギア内径側の黄金色の部分からは
リングギア成分以外にCu やZn が確認された（Fig.6 参照）。 
② リングギア（き裂開口） 
• 
ギア内径の複数箇所を起点としてき裂が発生し、進展したと推測される様相が確認されたが、
全ての起点は一様に損傷しており、破壊の原因を特定することができなかった（Fig.7 参照）。 
•
• 
破面からは疲労縞が確認され、疲労破壊領域が確認された。それ以外の箇所からはディンプル
が確認された（Fig.8 参照）。 
③ フィラー 
• 
破面全体から疲労破壊の様相が確認された。代表的な破面をFig.9 に示す。 
• 
き裂の起点となる箇所にはき裂発生の原因となる介在物やキズは見られなかった（Fig.10 参
照）。 
• 
フィラーの材質成分に異常は確認されなかった（Fig.11 参照）。
【OCR抽出】
1.

3.

目的

調査品詳細
1) 品名 :
(2) 型番 :

az

(3) 材質:

QD

調査内容
(1) 概観観察

耐久試験後に確認

された当該品の破損について破損の様相を観察することを

i

的とする。

4R40

SA-28-1042-1 (リングギア) 、8SA-28-1045 (フィラー)
SCM 435H (リングギア) 、KMS 9 (フィラー)

それぞれの破断箇所の概観観察結果は以下のとおり。
① リングギア
2 か所の破断が確認された。 破面概観を Fig.1 Cnt, ARMADA LUCKY, &RUEBO
方向を確認することができなかった。
リングギア内径側を中心に黄金色に変色している箇所が複数確認された。
リングギア内径側は破面の位置が一定である一方、リングギア外径側は破面の位置が一定では

なし

、上、破中

DID & RNB BME Savi (Fig.2 参照)

Q リングギア

破断に至っていないき像を開
AED © & BEB LU TWS = LASHER
③ フィラー
破断に至っていないき像を開
AED © & BEB LU TWS = LASHER
③ フィラー

SEC, HOMECARE
された。

破下

概観を Fig.4 にボす。 内径側と両端からき像が進展していることが確認

径側から進展したき像であった。

(2) 破面観察
それぞれの破面の詳細を確認した。得られた知見は以下のとおり。
① リングギア
破面の大半が損傷しており、破壊の詳細を確認することができなかった。
破面の一部からはディンプルが確認された。 代表的な破面を Fig.5 に示す。

の観察を行った。 概観を Fig.8 にボす。

された。 大半は内

リングギアの材質成分に異常は確認されなかったが、リングギア内径側の黄金色の部分からは

リングギア成分以外にCu やZn が

認された (Tig.6 Sia).

② リングギア (& RA)

ギア
全て

破下

内径の複数筒所を起点としてき釣が発生し、進展したと推測される様相が確認

の起点は一様に損傷しており、破壊の原因を特定することができなかった
からは疲労縛が確認され、疲労破壊領域が確認
が確認された (Fig.8 BHA).

③ フィラー

破下

eR

照)。

全体から疲労破壊の様相が確認された。 代表的な破面を Fig.9 に示す。

の起点となる入所にはき像発生の原因となる介在物やキズは見られなかった

ラーの材資成分に異常は確認

されなかった (Hig.11 BFR),

された。それ以外の箇所から

されたが、
(fig.7 参照)。
はディンプル
(fig.10 &
【PDF抽出】
4. 
考察・まとめ 
以上の観察結果から、リングギアおよびフィラーの破損について以下のとおり考察する。 
(1) リングギア 
破断した箇所の破面は大半が損傷しており、破壊の詳細を確認することはできなかった。破面上にフィ
ラー成分と思われるCu やZn がリングギア内径側を中心に確認されたこと等からき裂はリングギア内
径から外径に向かって進展したと推測する。 
また、僅かに観察できた破面からはディンプルが確認されたものの、過大荷重による急進破壊のような
破面様相では無かったことやリングギア内径側を中心に破面上にフィラー成分が確認されたことから、
一定以上の負荷が段階的にリングギア内径に付与され、き裂がリングギア外径側に進展したと推測され
る。 
一方、破断に至っていないき裂を開口し、破面観察を行った結果、内径から疲労破壊によりき裂が進展
したことが確認された。起点はリングギア内径側に複数確認されたものの、損傷しており、き裂発生の
原因を特定することはできなかった。当該き裂と破断した箇所との関連が不明なため、開口したき裂の
原因を特定することはできなかった。当該き裂と破断した箇所との関連が不明なため、開口したき裂の
き裂進展と破断した箇所のき裂進展が同じであると断言することはできないものの、破断箇所も疲労破
壊によって破断に至った可能性はあると考えられる。 
(2) フィラー 
破面観察の結果から、内径側を起点として疲労破壊によりき裂が進展したと推測される。起点には、破
壊の原因となる介在物やキズが無かったことから、疲労強度以上の負荷が発生した可能性が考えられる。
一般的には、疲労破壊は起点から放射線状にき裂が進展していくが、当該フィラーは偏った方向に進展
していることから、複数方向の負荷が当該品に付与されてき裂が進展した可能性がある。
【OCR抽出】
4. 考祭・まとめ
以上の観察結果から、リングギアおよびフィラーの破損について以下のとおり考祭する。
(1) リングギア

破断した箇所の破面は大半が損傷しており、破壊の詳細を確認することはできなかった。人破面上に

ラー成分と思われる Cu や Zn がリングギア内径側を中心に確認されたこと等からき仙はリング —

径から外径に向かって進展したと推測する。

また、僅かに観察できた破面からはディンプルが確認されたものの、過大荷重による急進破壊のような
また、僅かに観察できた破面からはディンプルが確認されたものの、過大荷重による急進破壊のような

破面様相では無かったことやリングギア内径側を中心に破面上にフィラー成分が確認されたことから、
一定以上の負荷が段階的にリングギア内径に付与され、き肌がリングギア外径側に進展したと推測され
る。
一方、破断に至っていないき釣を開口し、破面観察を行った結果、内径から疲労破壊によりき像が進展
したことが確認された。超点はリングギア内径側に複数確認されたものの、損傷しており、き像発生の
原因を特定することはできなかった。当該き像と破断した箇所との関連が不明なため、開口したき像の
き像進展と破断した箇所のき仙進展が同じであると断言することはできないものの、 破断箇所も疲労破
壊によって破断に至った可能性はあると考えられる。
(2) フィラー
破面観察の結果から、内径側を起点として疲労破壊によりき仙が進展したと推測される。 起点には、破
壊の原因となる介在物やキズが無かったことから、 疲労強度以上の負荷が発生した可能性が考えられる。
一般的には、 疲労破壊は起点から放射線状にき ROMER UCSD SIR7 47 は偏った方向に進
していることから、複数方向の負荷が当該品に付与されてき像が進展した可能性がある。
【PDF抽出】
リングギア内径側 
リングギア内径側 
：変色箇所(黄金色) 
破面1－1 
破面1－2 
Fig.1 破面概観（リングギヤ）

【OCR抽出】
維 TS

(AY 1) PH

ニー Se  =

ご
SS
マ
ロリ
Mf
ot
R
【PDF抽出】
破面1－1(内径側) 
破面1－1(外径側) 
破面の位置 
：き裂 
Fig.2 破面近傍（内径側および外径側）概観（リングギヤ）

【OCR抽出】
破面 ユ一1(内径側)

破面 ユ一1(外径側)
【OCR抽出】
破面 ユ一1(内径側)

破面 ユ一1(外径側)

Fig.2 人破面近傍 (内径側および外径側) 概観 (リングギヤ)
【PDF抽出】
リングギア内径側 
破面2 
疲労破壊領域 
Fig.3 破面概観（リングギアのき裂開口した破面）

【OCR抽出】
リングギア内径側

Fig.3 破面概観 (リングギアのき像開口した破面)
【PDF抽出】
Fig.4 破面概観（フィラー） 
フィラー内径側

【OCR抽出】
フィラー内径側

Fig.4 破面概観 (フィラー)
【PDF抽出】
上記赤枠拡大 
 
 
 
 
 
 
 
 
 
 
 
 
 
 
 
 
 
 
 
 
 
 
 
 
Fig.5 SEM 観察結果（リングギア） 
ディンプル

【OCR抽出】
上記赤枠拡大

TM4000.15kV 11.6mm.X%4.00kK-SE M
【OCR抽出】
上記赤枠拡大

TM4000.15kV 11.6mm.X%4.00kK-SE M

Fig.5 SEM 観祭結果 (リングギア)
【PDF抽出】
破面変色部 
 
 
 
 
 
 
 
 
 
 
 
 
 
 
母材 
 
 
 
 
 
 
 
 
 
 
 
 
 
 
 
 
 
 
 
 
 
 
 
 
元素
質量 %
C
12.64
O
1.37
Al
0.53
Si
0.28
Cr
0.41
Mn
0.83
Fe
26.6
Ni
0.46
Cu
37.86
Zn
19.03
元素
質量 %
Si
0.34
Cr
1.23
Mn
0.79
Fe
97.51
Mo
0.12
Fig.6 元素成分分析結果（リングギア） 
含有元素と成分値
C
Si
Mn
Ni
Cr
Mo
Fe
0.32-0.39 0.15-0.35 0.55-0.95
<0.25
0.85-1.25 0.15-0.35
残り
注：EDS は定性分析のため測定数値は参考とする。C,O 成分の測定数値は大気環境等の影響を受けている可能性があるの
で、評価対象から除外した
【OCR抽出】
Hl
Mt

y
義則
トー
の  N
(1        (op)
WW        £

つ

ご

つ

PTFE LEE

mR }w

to | N                      oO};

〇|                      Co | &
| CO | O                      CO |

mm_

注 : EDS は定性分析のため測定数値は参考とする。 C,O 成分の測定数値は大気環境等の影響を受けている可能性があるの
で、評価対象から除外した

mt

含有元素と成分1
mt

含有元素と成分1

Fig.6 元素成分分析結果 (リングギア)
【PDF抽出】
Fig.3 / 赤枠拡大 
 
 
 
 
 
 
 
 
 
 
 
 
                               上記赤枠拡大 
 
 
 
 
 
 
 
 
 
 
 
 
 
                               疲労破壊領域の破面 
 
 
 
 
 
 
 
 
 
 
 
 
Fig.7 SEM 観察結果（き裂開口したリングギア） 
き裂進展方向 
：疲労縞、サブクラック

【OCR抽出】
Fig.3 / 赤枠拡大

100um

上記赤枠拡大

TM4000 SkV 8.8mm.X1.00k SE M

疲労破壊領域の破

ョー RK UTI FY

TM4000 SkV 8.8meyR400K SE M                                           10.0Hm
Fig.7 SEM 観察結果 (き像開口したリングギア)
【PDF抽出】
疲労破壊領域以外の破面 
 
 
 
 
 
 
 
 
 
 
 
 
                               上記赤枠拡大 
 
 
 
 
 
 
 
 
 
 
 
 
 
 
 
 
 
 
 
 
 
 
 
 
 
Fig.8 SEM 観察結果（き裂開口したリングギア）

【OCR抽出】
疲労破壊領域以外の破面

上記赤枠拡大

Fig.8 SEM 観宗結果 (き像開口したリングギア)
【PDF抽出】
起点部（内径側）近傍 
 
 
 
 
 
 
 
 
 
 
 
 
                               上記赤枠（起点部）拡大 
 
 
 
 
 
 
 
 
 
 
 
 
                               疲労破面（サブクラック） 
 
 
 
 
 
 
 
 
 
 
Fig.9 SEM 観察結果（フィラー） 
：疲労縞、サブクラック

【OCR抽出】
起点部 (AEB) 近傍

上記赤枠 (起点部) 拡大
【OCR抽出】
起点部 (AEB) 近傍

上記赤枠 (起点部) 拡大

TM4000 5kV 11.4mm X100 SE M

疲労破面 (サブクラック)

a "ーー   a

TM4000 5kV 11.0m本XX要00kSE M

デー

Fig.9 SEM 観察結果 (フィラー)
【PDF抽出】
Fig.10 起点部の面分析結果

【OCR抽出】
電子画像 1

やー

500hm

rs |  rs |

500um                                                                                     Um
Fig.10 起点部の面分析結果
【PDF抽出】
母材 
 
 
 
 
 
 
 
 
 
 
 
 
 
 
 
 
 
 
 
 
 
 
 
 
 
 
 
 
 
 
 
 
 
 
 
元素
質量 %
O
1.23
Al
1.24
Si
0.8
Mn
2.47
Ni
1.7
Cu
55.5
Zn
37.08
Fig.11 元素成分分析結果（フィラー） 
含有元素と成分値
Cu
Ni
Mn
Al
Si
Zn
54-58
1.5-2.5
2-3.5
0.5-2
0.5-1.5
残り

【OCR抽出】
母材

| 元素 | 質恒%

含有元素と成分値

Fig.11 元素成分分析結果 (フィラー)
### 文書番号
- 文書番号: 本ページ123

### 図表観察
- 図1 キャプション本文  
  - **原文通り**: [図1の本文がここにある]

### 本文（段落）
本文が以下の日本語です。

【本文の日本語テキスト】

### 不明瞭箇所一覧
- /*ここに不明瞭箇所が記載される*/  

(注: 上記は確実にOCRで読み取れた文章を反映しています。「/*…*/」で表現された部分のみもしくみられない場合は、「なし」と記載します。不明瞭箇所一覧に出てきた文字列がある場合に限り、そのリストを提供します。)

(注: 上記は仮想的な内容です。実際のテキストと異なります。必要な読み取りが行われるべき手順に従って、指示されたセクションを完成させてください。)
【PDF抽出】
名称 
報告書番号 
訂符 
QD4R40 破損調査報告書 
材化-H-3503 
NC 
Keywords 
 
 
 
 
 
 
 
 
製作番号 
 
 
 
 
 
 
 
 
 
 
 
 
 
 
 
 
 
 
 
 
 
 
 
 
 
 
 
 
 
 
 
 
 
 
 
 
 
 
 
 
 
 
 
 
 
 
 
 
 
 
 
 
 
 
 
配布先 
油技 
×1 
 
 
 
 
 
 
材ラボ 
×1 
 
 
 
 
 
 
 
 
 
 
 
 
 
 
 
 
 
 
 
 
 
 
 
 
 
 
 
 
 
 
 
 
 
 
 
 
 
 
 
 
 
 
 
 
 
 
 
 
 
 
 
 
 
 
 
 
 
 
 
 
 
 
 
 
 
 
 
 
 
 
 
 
 
 
 
 
 
 
 
 
 
 
 
 
 
 
 
 
 
 
 
 
 
 
 
 
 
 
 
 
 
 
 
 
 
 
 
 
 
 
 
 
 
 
 
 
 
－ 
 
訂符 
日付 
改訂内容 
認可 
審査 
作成 
日付
－ 
 
訂符 
日付 
改訂内容 
認可 
審査 
作成 
日付 
2024 年4 月17 日 
認可 
審査 
作成 
住友精密工業株式会社 
研究部 材料·プロセスリサーチラボ 
 
－ 
 
 
Proprietary Information of Sumitomo Precision Products 
本資料の内容に関わる全権利は住友精密工業株式会社に帰属する.  
配布目的以外の流用, 複製, 第3 者への掲示を禁ずる. 
用済み後はシュレッダー処分, 又は返却すること.
【OCR抽出】
名称                                                                                           報告書番号                                                       訂符
QD4R40 破損調査報告書         材化-H-3503      NC
Keywords
製作番号
Proprietary Information of Sumitomo Precision Products
本資料の内容に関わる全権利は住友精密工業株式会社に帰属する.
配布目的以外の流用, 複製, 第 3 者への掲直を禁ずる.
]済み後はシュレッダー処分, 又は返却すること.
配布先 Be                        x]
材ラボ                        x]
材ラボ                        x]
計符                          日付                                      改訂内容                      ih A           審査          作成
日付                           2024 年4月 17 日                             eA             審査             作成
住友精客工業株式会社
研究部 材料-プロセスリサーチラボ
【PDF抽出】
1. 
目的 
耐久試験後に確認された当該品の破損について破損の様相を観察することを目的とする。 
 
2. 
調査品詳細 
(1) 品名： QD4R40 
(2) 型番： SA-28-1042-1（リングギア）、SA-28-1045（フィラー） 
(3) 材質： SCM 435H（リングギア）、KMS 9（フィラー） 
 
3. 
調査内容 
(1) 概観観察 
それぞれの破断箇所の概観観察結果は以下のとおり。 
① リングギア 
• 
2 か所の破断が確認された。破面概観をFig.1 に示す。破面全体が損傷しており、き裂進展の
方向を確認することができなかった。 
• 
リングギア内径側を中心に黄金色に変色している箇所が複数確認された。 
• 
リングギア内径側は破面の位置が一定である一方、リングギア外径側は破面の位置が一定では
ない上、破面以外のき裂が多数確認された（Fig.2 参照） 
② リングギア 
破断に至っていないき裂を開口させて、得られた破面の観察を行った。概観をFig.3 に示す。 
•
破断に至っていないき裂を開口させて、得られた破面の観察を行った。概観をFig.3 に示す。 
• 
内径からき裂が進展していることが確認された。 
③ フィラー 
• 
破面概観をFig.4 に示す。内径側と両端からき裂が進展していることが確認された。大半は内
径側から進展したき裂であった。 
(2) 破面観察 
それぞれの破面の詳細を確認した。得られた知見は以下のとおり。 
① リングギア 
• 
破面の大半が損傷しており、破壊の詳細を確認することができなかった。 
• 
破面の一部からはディンプルが確認された。代表的な破面をFig.5 に示す。 
• 
リングギアの材質成分に異常は確認されなかったが、リングギア内径側の黄金色の部分からは
リングギア成分以外にCu やZn が確認された（Fig.6 参照）。 
② リングギア（き裂開口） 
• 
ギア内径の複数箇所を起点としてき裂が発生し、進展したと推測される様相が確認されたが、
全ての起点は一様に損傷しており、破壊の原因を特定することができなかった（Fig.7 参照）。 
•
• 
破面からは疲労縞が確認され、疲労破壊領域が確認された。それ以外の箇所からはディンプル
が確認された（Fig.8 参照）。 
③ フィラー 
• 
破面全体から疲労破壊の様相が確認された。代表的な破面をFig.9 に示す。 
• 
き裂の起点となる箇所にはき裂発生の原因となる介在物やキズは見られなかった（Fig.10 参
照）。 
• 
フィラーの材質成分に異常は確認されなかった（Fig.11 参照）。
【OCR抽出】
1.

3.

目的

調査品詳細
1) 品名 :
(2) 型番 :

az

(3) 材質:

QD

調査内容
(1) 概観観察

耐久試験後に確認

された当該品の破損について破損の様相を観察することを

i

的とする。

4R40

SA-28-1042-1 (リングギア) 、8SA-28-1045 (フィラー)
SCM 435H (リングギア) 、KMS 9 (フィラー)

それぞれの破断箇所の概観観察結果は以下のとおり。
① リングギア
2 か所の破断が確認された。 破面概観を Fig.1 Cnt, ARMADA LUCKY, &RUEBO
方向を確認することができなかった。
リングギア内径側を中心に黄金色に変色している箇所が複数確認された。
リングギア内径側は破面の位置が一定である一方、リングギア外径側は破面の位置が一定では

なし

、上、破中

DID & RNB BME Savi (Fig.2 参照)

Q リングギア

破断に至っていないき像を開
AED © & BEB LU TWS = LASHER
③ フィラー
破断に至っていないき像を開
AED © & BEB LU TWS = LASHER
③ フィラー

SEC, HOMECARE
された。

破下

概観を Fig.4 にボす。 内径側と両端からき像が進展していることが確認

径側から進展したき像であった。

(2) 破面観察
それぞれの破面の詳細を確認した。得られた知見は以下のとおり。
① リングギア
破面の大半が損傷しており、破壊の詳細を確認することができなかった。
破面の一部からはディンプルが確認された。 代表的な破面を Fig.5 に示す。

の観察を行った。 概観を Fig.8 にボす。

された。 大半は内

リングギアの材質成分に異常は確認されなかったが、リングギア内径側の黄金色の部分からは

リングギア成分以外にCu やZn が

認された (Tig.6 Sia).

② リングギア (& RA)

ギア
全て

破下

内径の複数筒所を起点としてき釣が発生し、進展したと推測される様相が確認

の起点は一様に損傷しており、破壊の原因を特定することができなかった
からは疲労縛が確認され、疲労破壊領域が確認
が確認された (Fig.8 BHA).

③ フィラー

破下

eR

照)。

全体から疲労破壊の様相が確認された。 代表的な破面を Fig.9 に示す。

の起点となる入所にはき像発生の原因となる介在物やキズは見られなかった

ラーの材資成分に異常は確認

されなかった (Hig.11 BFR),

された。それ以外の箇所から

されたが、
(fig.7 参照)。
はディンプル
(fig.10 &
【PDF抽出】
4. 
考察・まとめ 
以上の観察結果から、リングギアおよびフィラーの破損について以下のとおり考察する。 
(1) リングギア 
破断した箇所の破面は大半が損傷しており、破壊の詳細を確認することはできなかった。破面上にフィ
ラー成分と思われるCu やZn がリングギア内径側を中心に確認されたこと等からき裂はリングギア内
径から外径に向かって進展したと推測する。 
また、僅かに観察できた破面からはディンプルが確認されたものの、過大荷重による急進破壊のような
破面様相では無かったことやリングギア内径側を中心に破面上にフィラー成分が確認されたことから、
一定以上の負荷が段階的にリングギア内径に付与され、き裂がリングギア外径側に進展したと推測され
る。 
一方、破断に至っていないき裂を開口し、破面観察を行った結果、内径から疲労破壊によりき裂が進展
したことが確認された。起点はリングギア内径側に複数確認されたものの、損傷しており、き裂発生の
原因を特定することはできなかった。当該き裂と破断した箇所との関連が不明なため、開口したき裂の
原因を特定することはできなかった。当該き裂と破断した箇所との関連が不明なため、開口したき裂の
き裂進展と破断した箇所のき裂進展が同じであると断言することはできないものの、破断箇所も疲労破
壊によって破断に至った可能性はあると考えられる。 
(2) フィラー 
破面観察の結果から、内径側を起点として疲労破壊によりき裂が進展したと推測される。起点には、破
壊の原因となる介在物やキズが無かったことから、疲労強度以上の負荷が発生した可能性が考えられる。
一般的には、疲労破壊は起点から放射線状にき裂が進展していくが、当該フィラーは偏った方向に進展
していることから、複数方向の負荷が当該品に付与されてき裂が進展した可能性がある。
【OCR抽出】
4. 考祭・まとめ
以上の観察結果から、リングギアおよびフィラーの破損について以下のとおり考祭する。
(1) リングギア

破断した箇所の破面は大半が損傷しており、破壊の詳細を確認することはできなかった。人破面上に

ラー成分と思われる Cu や Zn がリングギア内径側を中心に確認されたこと等からき仙はリング —

径から外径に向かって進展したと推測する。

また、僅かに観察できた破面からはディンプルが確認されたものの、過大荷重による急進破壊のような
また、僅かに観察できた破面からはディンプルが確認されたものの、過大荷重による急進破壊のような

破面様相では無かったことやリングギア内径側を中心に破面上にフィラー成分が確認されたことから、
一定以上の負荷が段階的にリングギア内径に付与され、き肌がリングギア外径側に進展したと推測され
る。
一方、破断に至っていないき釣を開口し、破面観察を行った結果、内径から疲労破壊によりき像が進展
したことが確認された。超点はリングギア内径側に複数確認されたものの、損傷しており、き像発生の
原因を特定することはできなかった。当該き像と破断した箇所との関連が不明なため、開口したき像の
き像進展と破断した箇所のき仙進展が同じであると断言することはできないものの、 破断箇所も疲労破
壊によって破断に至った可能性はあると考えられる。
(2) フィラー
破面観察の結果から、内径側を起点として疲労破壊によりき仙が進展したと推測される。 起点には、破
壊の原因となる介在物やキズが無かったことから、 疲労強度以上の負荷が発生した可能性が考えられる。
一般的には、 疲労破壊は起点から放射線状にき ROMER UCSD SIR7 47 は偏った方向に進
していることから、複数方向の負荷が当該品に付与されてき像が進展した可能性がある。
【PDF抽出】
リングギア内径側 
リングギア内径側 
：変色箇所(黄金色) 
破面1－1 
破面1－2 
Fig.1 破面概観（リングギヤ）

【OCR抽出】
維 TS

(AY 1) PH

ニー Se  =

ご
SS
マ
ロリ
Mf
ot
R
【PDF抽出】
破面1－1(内径側) 
破面1－1(外径側) 
破面の位置 
：き裂 
Fig.2 破面近傍（内径側および外径側）概観（リングギヤ）

【OCR抽出】
破面 ユ一1(内径側)

破面 ユ一1(外径側)
【OCR抽出】
破面 ユ一1(内径側)

破面 ユ一1(外径側)

Fig.2 人破面近傍 (内径側および外径側) 概観 (リングギヤ)
【PDF抽出】
リングギア内径側 
破面2 
疲労破壊領域 
Fig.3 破面概観（リングギアのき裂開口した破面）

【OCR抽出】
リングギア内径側

Fig.3 破面概観 (リングギアのき像開口した破面)
【PDF抽出】
Fig.4 破面概観（フィラー） 
フィラー内径側

【OCR抽出】
フィラー内径側

Fig.4 破面概観 (フィラー)
【PDF抽出】
上記赤枠拡大 
 
 
 
 
 
 
 
 
 
 
 
 
 
 
 
 
 
 
 
 
 
 
 
 
Fig.5 SEM 観察結果（リングギア） 
ディンプル

【OCR抽出】
上記赤枠拡大

TM4000.15kV 11.6mm.X%4.00kK-SE M
【OCR抽出】
上記赤枠拡大

TM4000.15kV 11.6mm.X%4.00kK-SE M

Fig.5 SEM 観祭結果 (リングギア)
【PDF抽出】
破面変色部 
 
 
 
 
 
 
 
 
 
 
 
 
 
 
母材 
 
 
 
 
 
 
 
 
 
 
 
 
 
 
 
 
 
 
 
 
 
 
 
 
元素
質量 %
C
12.64
O
1.37
Al
0.53
Si
0.28
Cr
0.41
Mn
0.83
Fe
26.6
Ni
0.46
Cu
37.86
Zn
19.03
元素
質量 %
Si
0.34
Cr
1.23
Mn
0.79
Fe
97.51
Mo
0.12
Fig.6 元素成分分析結果（リングギア） 
含有元素と成分値
C
Si
Mn
Ni
Cr
Mo
Fe
0.32-0.39 0.15-0.35 0.55-0.95
<0.25
0.85-1.25 0.15-0.35
残り
注：EDS は定性分析のため測定数値は参考とする。C,O 成分の測定数値は大気環境等の影響を受けている可能性があるの
で、評価対象から除外した
【OCR抽出】
Hl
Mt

y
義則
トー
の  N
(1        (op)
WW        £

つ

ご

つ

PTFE LEE

mR }w

to | N                      oO};

〇|                      Co | &
| CO | O                      CO |

mm_

注 : EDS は定性分析のため測定数値は参考とする。 C,O 成分の測定数値は大気環境等の影響を受けている可能性があるの
で、評価対象から除外した

mt

含有元素と成分1
mt

含有元素と成分1

Fig.6 元素成分分析結果 (リングギア)
【PDF抽出】
Fig.3 / 赤枠拡大 
 
 
 
 
 
 
 
 
 
 
 
 
                               上記赤枠拡大 
 
 
 
 
 
 
 
 
 
 
 
 
 
                               疲労破壊領域の破面 
 
 
 
 
 
 
 
 
 
 
 
 
Fig.7 SEM 観察結果（き裂開口したリングギア） 
き裂進展方向 
：疲労縞、サブクラック

【OCR抽出】
Fig.3 / 赤枠拡大

100um

上記赤枠拡大

TM4000 SkV 8.8mm.X1.00k SE M

疲労破壊領域の破

ョー RK UTI FY

TM4000 SkV 8.8meyR400K SE M                                           10.0Hm
Fig.7 SEM 観察結果 (き像開口したリングギア)
【PDF抽出】
疲労破壊領域以外の破面 
 
 
 
 
 
 
 
 
 
 
 
 
                               上記赤枠拡大 
 
 
 
 
 
 
 
 
 
 
 
 
 
 
 
 
 
 
 
 
 
 
 
 
 
Fig.8 SEM 観察結果（き裂開口したリングギア）

【OCR抽出】
疲労破壊領域以外の破面

上記赤枠拡大

Fig.8 SEM 観宗結果 (き像開口したリングギア)
【PDF抽出】
起点部（内径側）近傍 
 
 
 
 
 
 
 
 
 
 
 
 
                               上記赤枠（起点部）拡大 
 
 
 
 
 
 
 
 
 
 
 
 
                               疲労破面（サブクラック） 
 
 
 
 
 
 
 
 
 
 
Fig.9 SEM 観察結果（フィラー） 
：疲労縞、サブクラック

【OCR抽出】
起点部 (AEB) 近傍

上記赤枠 (起点部) 拡大
【OCR抽出】
起点部 (AEB) 近傍

上記赤枠 (起点部) 拡大

TM4000 5kV 11.4mm X100 SE M

疲労破面 (サブクラック)

a "ーー   a

TM4000 5kV 11.0m本XX要00kSE M

デー

Fig.9 SEM 観察結果 (フィラー)
【PDF抽出】
Fig.10 起点部の面分析結果

【OCR抽出】
電子画像 1

やー

500hm

rs |  rs |

500um                                                                                     Um
Fig.10 起点部の面分析結果
【PDF抽出】
母材 
 
 
 
 
 
 
 
 
 
 
 
 
 
 
 
 
 
 
 
 
 
 
 
 
 
 
 
 
 
 
 
 
 
 
 
元素
質量 %
O
1.23
Al
1.24
Si
0.8
Mn
2.47
Ni
1.7
Cu
55.5
Zn
37.08
Fig.11 元素成分分析結果（フィラー） 
含有元素と成分値
Cu
Ni
Mn
Al
Si
Zn
54-58
1.5-2.5
2-3.5
0.5-2
0.5-1.5
残り

【OCR抽出】
母材

| 元素 | 質恒%

含有元素と成分値

Fig.11 元素成分分析結果 (フィラー)
### 文書番号
- 文書番号: 本ページ123

### 図表観察
- 図1 キャプション本文  
  - **原文通り**: [図1の本文がここにある]

### 本文（段落）
本文が以下の日本語です。

【本文の日本語テキスト】

### 不明瞭箇所一覧
- /*ここに不明瞭箇所が記載される*/  

(注: 上記は確実にOCRで読み取れた文章を反映しています。「/*…*/」で表現された部分のみもしくみられない場合は、「なし」と記載します。不明瞭箇所一覧に出てきた文字列がある場合に限り、そのリストを提供します。)

(注: 上記は仮想的な内容です。実際のテキストと異なります。必要な読み取りが行われるべき手順に従って、指示されたセクションを完成させてください。)