📝 整形後:
**リングギアとフィラーの破面分析**

リングギアとフィラーの破面分析の結果、以下のことが明らかになりました。

**リングギア:**

* 破面には疲労条状とサブクラックの痕跡が発見され、疲労破面であることが確認されました。
* SEM解析の結果、破面変色部にはCuの濃度が高まることが確認されました。
* 元素成分分析の結果、リングギアの母材にはCu、Ni、Mnなどが含まれていることがわかりました。

**フィラー:**

* SEM解析の結果、破面には疲労条状とサブクラックの痕跡が発見され、疲労破面であることが確認されました。
* 疲労破面はリングギアよりも深いことがわかりました。
* 元素成分分析の結果、フィラーの母材にはCu、Ni、Mnなどが含まれていることがわかりました。

**結論:**

*リングギアとフィラーの破面は、疲労によって発生したことがわかりました。
* フィラーの疲労破面は、リングギアのそれよりも深い傾向があります。

**今後:**

* 疲労の発生源を特定する必要があります。
* 疲労の防止策を検討する必要があります。

**関連する画像:**

* Fig.1-4: 破面概観
* Fig.5-8: SEM 観察結果
* Fig.9: フィラーの疲労破面
* Fig.10: 起点部の面分析結果
* Fig.11: 元素成分分析結果

**関連するデータ:**

* 元素成分分析結果


=== ✂️ チャンク ===
**リングギアとフィラーの破面分析**

リングギアとフィラーの破面分析の結果、以下のことが明らかになりました。

**リングギア:**

* 破面には疲労条状とサブクラックの痕跡が発見され、疲労破面であることが確認されました。
* SEM解析の結果、破面変色部にはCuの濃度が高まることが確認されました。
* 元素成分分析の結果、リングギアの母材にはCu、Ni、Mnなどが含まれていることがわかりました。

**フィラー:**

* SEM解析の結果、破面には疲労条状とサブクラックの痕跡が発見され、疲労破面であることが確認されました。
* 疲労破面はリングギアよりも深いことがわかりました。
* 元素成分分析の結果、フィラーの母材にはCu、Ni、Mnなどが含まれていることがわかりました。

**結論:**

*リングギアとフィラーの破面は、疲労によって発生したことがわかりました。
* フィラーの疲労破面は、リングギアのそれよりも深い傾向があります。

**今後:**

* 疲労の発生源を特定する必要があります。
* 疲労の防止策を検討する必要があります。

**関連する画像:**
**関連する画像:**

* Fig.1-4: 破面概観
* Fig.5-8: SEM 観察結果
* Fig.9: フィラーの疲労破面
* Fig.10: 起点部の面分析結果
* Fig.11: 元素成分分析結果

**関連するデータ:**

* 元素成分分析結果
**リングギアとフィラーの破面分析**

リングギアとフィラーの破面分析の結果、以下のことが明らかになりました。

**リングギア:**

* 破面には疲労条状とサブクラックの痕跡が発見され、疲労破面であることが確認されました。
* SEM解析の結果、破面変色部にはCuの濃度が高まることが確認されました。
* 元素成分分析の結果、リングギアの母材にはCu、Ni、Mnなどが含まれていることがわかりました。

**フィラー:**

* SEM解析の結果、破面には疲労条状とサブクラックの痕跡が発見され、疲労破面であることが確認されました。
* 疲労破面はリングギアよりも深いことがわかりました。
* 元素成分分析の結果、フィラーの母材にはCu、Ni、Mnなどが含まれていることがわかりました。

**結論:**

*リングギアとフィラーの破面は、疲労によって発生したことがわかりました。
* フィラーの疲労破面は、リングギアのそれよりも深い傾向があります。

**今後:**

* 疲労の発生源を特定する必要があります。
* 疲労の防止策を検討する必要があります。

**関連する画像:**
**関連する画像:**

* Fig.1-4: 破面概観
* Fig.5-8: SEM 観察結果
* Fig.9: フィラーの疲労破面
* Fig.10: 起点部の面分析結果
* Fig.11: 元素成分分析結果

**関連するデータ:**

* 元素成分分析結果