📝 整形後:
## 原文とOCR抽出結果の整形済み日本語：

**原文：**

【PDF抽出】
...
**目的**
圧力試験にて破壊した当該品の破損様相の確認を行うことを目的とする。

...

**調査品詳細**
(1) 品名： VCS Recuperator
(2) 型番： 5955001
(3) 材質： BAS231P（チューブプレート）、A3003（コルゲーションフィン）

...

**まとめ**
変形が確認された箇所は一様にフィンが破断していた。破面は一様にディンプルであった。以上から、過大な荷重を受けてフィンが破断し、チューブプレートが変形したと考えられる。

【PDF抽出】
...

**OCR抽出結果：**

**目的**
圧力試験によって当該品における破損様相を調べる。

**調査品詳細**
- 品名： VCS Recuperator
- 型番： 5955001
- 材質： BAS231P（チューブプレート）、A3003（コルゲーションフィン）

...

**まとめ**
- 変形が確認された部位において、フィンの破断が確認された。
- フィンの破面はディンプルであった。
- これより、過大な荷重がフィンの破断とチューブプレートの変形に関連している可能性がある。


**その他：**

- OCR抽出結果には、一部の文が文字化されていません。
- OCR抽出結果には、原文に含まれていない一部の文も含まれています。

**推奨：**

- OCR抽出結果を元にして、より正確な日本語に整える必要があります。
- 必要に応じて、原文から必要な情報を抽出し、整理する必要があります。


=== ✂️ チャンク ===
## 原文とOCR抽出結果の整形済み日本語：

**原文：**

【PDF抽出】
...
**目的**
圧力試験にて破壊した当該品の破損様相の確認を行うことを目的とする。

...

**調査品詳細**
(1) 品名： VCS Recuperator
(2) 型番： 5955001
(3) 材質： BAS231P（チューブプレート）、A3003（コルゲーションフィン）

...

**まとめ**
変形が確認された箇所は一様にフィンが破断していた。破面は一様にディンプルであった。以上から、過大な荷重を受けてフィンが破断し、チューブプレートが変形したと考えられる。

【PDF抽出】
...

**OCR抽出結果：**

**目的**
圧力試験によって当該品における破損様相を調べる。

**調査品詳細**
- 品名： VCS Recuperator
- 型番： 5955001
- 材質： BAS231P（チューブプレート）、A3003（コルゲーションフィン）

...
...

**まとめ**
- 変形が確認された部位において、フィンの破断が確認された。
- フィンの破面はディンプルであった。
- これより、過大な荷重がフィンの破断とチューブプレートの変形に関連している可能性がある。


**その他：**

- OCR抽出結果には、一部の文が文字化されていません。
- OCR抽出結果には、原文に含まれていない一部の文も含まれています。

**推奨：**

- OCR抽出結果を元にして、より正確な日本語に整える必要があります。
- 必要に応じて、原文から必要な情報を抽出し、整理する必要があります。
## 原文とOCR抽出結果の整形済み日本語：

**原文：**

【PDF抽出】
...
**目的**
圧力試験にて破壊した当該品の破損様相の確認を行うことを目的とする。

...

**調査品詳細**
(1) 品名： VCS Recuperator
(2) 型番： 5955001
(3) 材質： BAS231P（チューブプレート）、A3003（コルゲーションフィン）

...

**まとめ**
変形が確認された箇所は一様にフィンが破断していた。破面は一様にディンプルであった。以上から、過大な荷重を受けてフィンが破断し、チューブプレートが変形したと考えられる。

【PDF抽出】
...

**OCR抽出結果：**

**目的**
圧力試験によって当該品における破損様相を調べる。

**調査品詳細**
- 品名： VCS Recuperator
- 型番： 5955001
- 材質： BAS231P（チューブプレート）、A3003（コルゲーションフィン）

...
...

**まとめ**
- 変形が確認された部位において、フィンの破断が確認された。
- フィンの破面はディンプルであった。
- これより、過大な荷重がフィンの破断とチューブプレートの変形に関連している可能性がある。


**その他：**

- OCR抽出結果には、一部の文が文字化されていません。
- OCR抽出結果には、原文に含まれていない一部の文も含まれています。

**推奨：**

- OCR抽出結果を元にして、より正確な日本語に整える必要があります。
- 必要に応じて、原文から必要な情報を抽出し、整理する必要があります。