📝 整形後:
## rapport 報告書要約

**報告書番号:** 材化-H-3506

**日付:** 2024年5月1日

**タイトル:** アルミ疲労試験片破面観察結果報告書

**概要:**

この報告書は、疲労試験中に評価部以外で破断した試験片の破断面を確認することを目的として、その破断面を観察した結果を報告しています。

**調査対象:**

* 疲労試験片：No.6、No.13

**調査結果:**

* 疲労試験片外周の複数箇所を起点としてき裂が進展していた。
* 起点は全て粒内破壊であった。
* 破面からの疲労縞が確認され、疲労破壊によりき裂が進展し、最終的に試験荷重に耐えることができず、延性破壊にて破断したことが確認された。
* 含有成分に顕著な異常は確認されなかった。

**図表:**

* Fig.1：破面概観（上：No.6 下：No.13）
* Fig.2：No.6の破面 SEM 観察結果
* Fig.3：No.13の破面 SEM 観察結果
* Fig.4：EDSによる元素分析結果

**結論:**

疲労試験片の破断は、疲労破壊によるものであり、延性破壊によって発生しました。


=== ✂️ チャンク ===
## rapport 報告書要約

**報告書番号:** 材化-H-3506

**日付:** 2024年5月1日

**タイトル:** アルミ疲労試験片破面観察結果報告書

**概要:**

この報告書は、疲労試験中に評価部以外で破断した試験片の破断面を確認することを目的として、その破断面を観察した結果を報告しています。

**調査対象:**

* 疲労試験片：No.6、No.13

**調査結果:**

* 疲労試験片外周の複数箇所を起点としてき裂が進展していた。
* 起点は全て粒内破壊であった。
* 破面からの疲労縞が確認され、疲労破壊によりき裂が進展し、最終的に試験荷重に耐えることができず、延性破壊にて破断したことが確認された。
* 含有成分に顕著な異常は確認されなかった。

**図表:**

* Fig.1：破面概観（上：No.6 下：No.13）
* Fig.2：No.6の破面 SEM 観察結果
* Fig.3：No.13の破面 SEM 観察結果
* Fig.4：EDSによる元素分析結果

**結論:**
**結論:**

疲労試験片の破断は、疲労破壊によるものであり、延性破壊によって発生しました。
## rapport 報告書要約

**報告書番号:** 材化-H-3506

**日付:** 2024年5月1日

**タイトル:** アルミ疲労試験片破面観察結果報告書

**概要:**

この報告書は、疲労試験中に評価部以外で破断した試験片の破断面を確認することを目的として、その破断面を観察した結果を報告しています。

**調査対象:**

* 疲労試験片：No.6、No.13

**調査結果:**

* 疲労試験片外周の複数箇所を起点としてき裂が進展していた。
* 起点は全て粒内破壊であった。
* 破面からの疲労縞が確認され、疲労破壊によりき裂が進展し、最終的に試験荷重に耐えることができず、延性破壊にて破断したことが確認された。
* 含有成分に顕著な異常は確認されなかった。

**図表:**

* Fig.1：破面概観（上：No.6 下：No.13）
* Fig.2：No.6の破面 SEM 観察結果
* Fig.3：No.13の破面 SEM 観察結果
* Fig.4：EDSによる元素分析結果

**結論:**
**結論:**

疲労試験片の破断は、疲労破壊によるものであり、延性破壊によって発生しました。