【OCR】
【PDF抽出】
(1/5) 
報告書番号: 材化-H-3506 
日付: 2024 年5 月1 日 
名称 
アルミ疲労試験片 破面観察 
結果報告書 
 
研究部 材料・プロセスリサーチラボ 
 
認可 
審査 
作成 
製作番号 
 
 
 
 
 
Keywords 
アルミ 
疲労破壊 
 
 
 
 
 
 
 
 
配布先: 航生技 ×1 
 
1. 
背景・目的 
疲労試験中に評価部以外で破断した試験片の破断面を確認することを目的とする。 
 
2. 
調査対象 
疲労試験片： 
 
No.6、No.13 
試験内容および試験結果： 
下表参照 
 
 
 
 
 
3. 
調査結果 
破面の概観観察結果をFig.1、それぞれの破面のSEM 観察結果をFig.2,3、元素分析結果をFig.4 に
示す。No.6、No.13 ともに同様の破面であった。観察結果を以下に示す。 
• 
試験片外周の複数箇所を起点としてき裂が進展していた。 
• 
起点は全て粒内破壊であった。 
• 
破面の多くの箇所から疲労縞が確認され、疲労破壊によりき裂が進展し、最終的に試験荷重に耐
えることができず、延性破壊にて破断したことが確認された。 
• 
疲労縞間隔を基にき裂発生から破断に至るまでのサイクル数を計算したところ、No.6 は45,000
サイクル程度、No.13 は38,000 サイクル程度であった。 
• 
含有成分に顕著な異常は確認されなかった。
 
 
 
Proprietary Information of Sumitomo Precision Products 
本資料の内容に関わる全権利は住友精密工業株式会社に帰属する 
配布目的以外の流用、複製、第3 者への掲示を禁ずる 
用済み後はシュレッダー処分、又は返却すること 
試験温度周波数
最大応力
最小応力
破断繰り返し数
℃
Hz
MPa
MPa
Cycle
06
RT
25
225
-225
-1
608,760
中心から72mm
13
RT
25
225
-225
-1
649,810
中心から75.5mm
試験片識別
応力比
起点位置

【OCR抽出】
報告

(1/5)

書番号: $41¢-H-3506
日付: 2024 年5月 1

3. 調査結果

破面の概観観察結果を Hig.1、

LMC ORE

の SEM 観察結果を Hig.

2.8、元素分析結

示す。No.6、No.13 ともに同様の破面でやわった。和観察結果を以下に示す。

BARR TT Val OPE Be tai AT ek Ee LC ER

LIL AE CALAIRR C bh 0 TE,

破下

疲労縮間隔を基にき像発

とが

が進展 していた。

の多くの箇所から疲労締が確認され、疲労破壊によりき仙が進展し、
えることができず、延性破壊にて破断 したこ

確認された。

サイクル程度、No.13 は 38,000 サイクル程度であった。
含有成分に顕著な異常は確認されなかった。

ンド

名称      アテルミ疲労試験五 破面観宗      研究部 材料・プロセスリサーチラボ
結果報告書           訟』    審査    作成
抽作番号
Keywords            アルミ
Proprietary Information of Sumitomo Precision Products
本資料の内容に関わる全権利は住友精密工業株式会社に帰属する
配布目的以外の流用、複製、第 8 者への掲示を禁ずる
用済み後はシュレッダー処分、又は返却すること
配布先: 航生技 x1
1. 背景・目的
疲労試験中に評価部以外で破断した試験刻の破断面を確認することを目的とする。
2. 調査対象
疲労試験片 :        No.6、No.13
試験内容および試験結果 :  下表参照
試験上識別|下験温度|周波数 AES |  最小応力 | ey yp | BRIBE LB a ep
MPa           MPa                           Cycle
| 225 | -225 | -! | 649810 | 中心から75.5mml

最終的に試験荷重に耐

Eから破断に至るまでのサイクル数を計算したところ、No.6 は 45,000
【PDF抽出】
(2/5) 
 
 
 
 
 
 
 
 
 
 
 
 
 
 
 
 
 
 
 
 
 
 
 
 
 
 
 
 
 
 
 
 
 
 
 
 
 
 
 
Fig.1 破面概観 （上：No.6 下：No.13） 
疲労破壊領域 
最終破壊領域 
疲労破壊領域 
最終破壊領域 
き裂進展方向

【OCR抽出】
(2/5)

eave tte

Fig.1 破面概稚 (上:No.6 下 : No.13)
【PDF抽出】
(3/5) 
 
 
 
 
 
 
 
 
 
 
 
 
 
 
 
 
 
 
 
 
 
 
 
 
 
 
 
 
 
 
 
 
 
 
 
 
 
 
 
起点部拡大 
疲労破面（疲労破壊領域） 
延性破面（最終破壊領域） 
Fig.2 SEM による破面観察結果（No.6）

【OCR抽出】
(3/5)

TM4000 SkV 10.3mm X20 SE M            1                                           TM4000 5kV 6.8mm X300 SE M

起点部拡大

| 50.0m

疲労破面 (疲労破壊領域)

i
He
ay

(最終破壊領域)

Fig.2 SEM による破面観祭結果 (No.6)
【PDF抽出】
(4/5) 
 
 
 
 
 
 
 
 
 
 
 
 
 
 
 
 
 
 
 
 
 
 
 
 
 
 
 
 
 
 
 
 
 
 
 
 
 
 
 
起点部拡大 
疲労破面（疲労破壊領域） 
延性破面（最終破壊領域） 
Fig.3 SEM による破面観察結果（No.13）

【OCR抽出】
TM4000 5kV 11.2mm X2,00k SEM

疲労破面 (

疲労破壊領域)

Fig.3 SEM

(

20.0um

~
=

よる破下

起点部拡大

(4/5)

延性破面 (最終破壊領域)

観察結果    (No. 13)
【PDF抽出】
(5/5) 
 
 
 
 
 
 
 
 
 
 
 
 
 
 
 
 
 
 
 
 
 
 
 
 
 
 
 
 
 
 
 
 
 
 
 
Fig.4 EDS による元素分析結果 
Zn
Mg
Cu
Cr
Si
Fe
Mn
Ti
Al
5.1-6.1
2.1-2.9
1.2-2.0
0.18-0.28
<0.4
<0.5
<0.3
<0.2
残り
単位:wt%
元素
wt %
Mg
2.78
Al
89.33
Cu
1.83
Zn
6.07

【OCR抽出】
(5/5)

Fig.4 EDS による元素分析結果

【整形】
次の指示に基づけて一覧した場合、以下のスキ.txtファイルを溢ればなりますからで

### ソリュしてください。

2つめのように、あなたの作品が一般的な高度なきが非常にしていると仮想的な経歪化された形式です。全ての質察されていません。

上記の指示です。下記の資料を提15.com/革命の過去 

次のような極力の命令列投稼欠いていません。

「3D」は、この記事を書きたいですから，一覚しながら、適切に教えてください。

# Instruction:

指示1 (Easy)

指示10 
以下の要求される困惜美育前の指示：

指定したトレーNの一部分は、すべinsightfully similar difficulty/topic instruction, but the following is a much more difficult version. The task herein stated below:



=== チャンク一覧 ===
【PDF抽出】
(1/5) 
報告書番号: 材化-H-3506 
日付: 2024 年5 月1 日 
名称 
アルミ疲労試験片 破面観察 
結果報告書 
 
研究部 材料・プロセスリサーチラボ 
 
認可 
審査 
作成 
製作番号 
 
 
 
 
 
Keywords 
アルミ 
疲労破壊 
 
 
 
 
 
 
 
 
配布先: 航生技 ×1 
 
1. 
背景・目的 
疲労試験中に評価部以外で破断した試験片の破断面を確認することを目的とする。 
 
2. 
調査対象 
疲労試験片： 
 
No.6、No.13 
試験内容および試験結果： 
下表参照 
 
 
 
 
 
3. 
調査結果 
破面の概観観察結果をFig.1、それぞれの破面のSEM 観察結果をFig.2,3、元素分析結果をFig.4 に
示す。No.6、No.13 ともに同様の破面であった。観察結果を以下に示す。 
• 
試験片外周の複数箇所を起点としてき裂が進展していた。 
• 
起点は全て粒内破壊であった。 
• 
破面の多くの箇所から疲労縞が確認され、疲労破壊によりき裂が進展し、最終的に試験荷重に耐
• 
破面の多くの箇所から疲労縞が確認され、疲労破壊によりき裂が進展し、最終的に試験荷重に耐
えることができず、延性破壊にて破断したことが確認された。 
• 
疲労縞間隔を基にき裂発生から破断に至るまでのサイクル数を計算したところ、No.6 は45,000
サイクル程度、No.13 は38,000 サイクル程度であった。 
• 
含有成分に顕著な異常は確認されなかった。
 
 
 
Proprietary Information of Sumitomo Precision Products 
本資料の内容に関わる全権利は住友精密工業株式会社に帰属する 
配布目的以外の流用、複製、第3 者への掲示を禁ずる 
用済み後はシュレッダー処分、又は返却すること 
試験温度周波数
最大応力
最小応力
破断繰り返し数
℃
Hz
MPa
MPa
Cycle
06
RT
25
225
-225
-1
608,760
中心から72mm
13
RT
25
225
-225
-1
649,810
中心から75.5mm
試験片識別
応力比
起点位置
【OCR抽出】
報告

(1/5)

書番号: $41¢-H-3506
日付: 2024 年5月 1

3. 調査結果

破面の概観観察結果を Hig.1、

LMC ORE

の SEM 観察結果を Hig.

2.8、元素分析結

示す。No.6、No.13 ともに同様の破面でやわった。和観察結果を以下に示す。

BARR TT Val OPE Be tai AT ek Ee LC ER

LIL AE CALAIRR C bh 0 TE,

破下

疲労縮間隔を基にき像発

とが

が進展 していた。

の多くの箇所から疲労締が確認され、疲労破壊によりき仙が進展し、
えることができず、延性破壊にて破断 したこ

確認された。

サイクル程度、No.13 は 38,000 サイクル程度であった。
含有成分に顕著な異常は確認されなかった。

ンド
名称      アテルミ疲労試験五 破面観宗      研究部 材料・プロセスリサーチラボ
結果報告書           訟』    審査    作成
抽作番号
Keywords            アルミ
Proprietary Information of Sumitomo Precision Products
本資料の内容に関わる全権利は住友精密工業株式会社に帰属する
配布目的以外の流用、複製、第 8 者への掲示を禁ずる
用済み後はシュレッダー処分、又は返却すること
配布先: 航生技 x1
1. 背景・目的
疲労試験中に評価部以外で破断した試験刻の破断面を確認することを目的とする。
2. 調査対象
疲労試験片 :        No.6、No.13
試験内容および試験結果 :  下表参照
試験上識別|下験温度|周波数 AES |  最小応力 | ey yp | BRIBE LB a ep
MPa           MPa                           Cycle
| 225 | -225 | -! | 649810 | 中心から75.5mml
最終的に試験荷重に耐

Eから破断に至るまでのサイクル数を計算したところ、No.6 は 45,000
【PDF抽出】
(2/5) 
 
 
 
 
 
 
 
 
 
 
 
 
 
 
 
 
 
 
 
 
 
 
 
 
 
 
 
 
 
 
 
 
 
 
 
 
 
 
 
Fig.1 破面概観 （上：No.6 下：No.13） 
疲労破壊領域 
最終破壊領域 
疲労破壊領域 
最終破壊領域 
き裂進展方向

【OCR抽出】
(2/5)

eave tte

Fig.1 破面概稚 (上:No.6 下 : No.13)
【PDF抽出】
(3/5) 
 
 
 
 
 
 
 
 
 
 
 
 
 
 
 
 
 
 
 
 
 
 
 
 
 
 
 
 
 
 
 
 
 
 
 
 
 
 
 
起点部拡大 
疲労破面（疲労破壊領域） 
延性破面（最終破壊領域） 
Fig.2 SEM による破面観察結果（No.6）

【OCR抽出】
(3/5)
【OCR抽出】
(3/5)

TM4000 SkV 10.3mm X20 SE M            1                                           TM4000 5kV 6.8mm X300 SE M

起点部拡大

| 50.0m

疲労破面 (疲労破壊領域)

i
He
ay

(最終破壊領域)

Fig.2 SEM による破面観祭結果 (No.6)
【PDF抽出】
(4/5) 
 
 
 
 
 
 
 
 
 
 
 
 
 
 
 
 
 
 
 
 
 
 
 
 
 
 
 
 
 
 
 
 
 
 
 
 
 
 
 
起点部拡大 
疲労破面（疲労破壊領域） 
延性破面（最終破壊領域） 
Fig.3 SEM による破面観察結果（No.13）

【OCR抽出】
TM4000 5kV 11.2mm X2,00k SEM

疲労破面 (

疲労破壊領域)

Fig.3 SEM

(

20.0um

~
=

よる破下

起点部拡大

(4/5)

延性破面 (最終破壊領域)
20.0um

~
=

よる破下

起点部拡大

(4/5)

延性破面 (最終破壊領域)

観察結果    (No. 13)
【PDF抽出】
(5/5) 
 
 
 
 
 
 
 
 
 
 
 
 
 
 
 
 
 
 
 
 
 
 
 
 
 
 
 
 
 
 
 
 
 
 
 
Fig.4 EDS による元素分析結果 
Zn
Mg
Cu
Cr
Si
Fe
Mn
Ti
Al
5.1-6.1
2.1-2.9
1.2-2.0
0.18-0.28
<0.4
<0.5
<0.3
<0.2
残り
単位:wt%
元素
wt %
Mg
2.78
Al
89.33
Cu
1.83
Zn
6.07

【OCR抽出】
(5/5)

Fig.4 EDS による元素分析結果
次の指示に基づけて一覧した場合、以下のスキ.txtファイルを溢ればなりますからで

### ソリュしてください。

2つめのように、あなたの作品が一般的な高度なきが非常にしていると仮想的な経歪化された形式です。全ての質察されていません。

上記の指示です。下記の資料を提15.com/革命の過去 

次のような極力の命令列投稼欠いていません。

「3D」は、この記事を書きたいですから，一覚しながら、適切に教えてください。

# Instruction:

指示1 (Easy)

指示10 
以下の要求される困惜美育前の指示：

指定したトレーNの一部分は、すべinsightfully similar difficulty/topic instruction, but the following is a much more difficult version. The task herein stated below:
【PDF抽出】
(1/5) 
報告書番号: 材化-H-3506 
日付: 2024 年5 月1 日 
名称 
アルミ疲労試験片 破面観察 
結果報告書 
 
研究部 材料・プロセスリサーチラボ 
 
認可 
審査 
作成 
製作番号 
 
 
 
 
 
Keywords 
アルミ 
疲労破壊 
 
 
 
 
 
 
 
 
配布先: 航生技 ×1 
 
1. 
背景・目的 
疲労試験中に評価部以外で破断した試験片の破断面を確認することを目的とする。 
 
2. 
調査対象 
疲労試験片： 
 
No.6、No.13 
試験内容および試験結果： 
下表参照 
 
 
 
 
 
3. 
調査結果 
破面の概観観察結果をFig.1、それぞれの破面のSEM 観察結果をFig.2,3、元素分析結果をFig.4 に
示す。No.6、No.13 ともに同様の破面であった。観察結果を以下に示す。 
• 
試験片外周の複数箇所を起点としてき裂が進展していた。 
• 
起点は全て粒内破壊であった。 
• 
破面の多くの箇所から疲労縞が確認され、疲労破壊によりき裂が進展し、最終的に試験荷重に耐
• 
破面の多くの箇所から疲労縞が確認され、疲労破壊によりき裂が進展し、最終的に試験荷重に耐
えることができず、延性破壊にて破断したことが確認された。 
• 
疲労縞間隔を基にき裂発生から破断に至るまでのサイクル数を計算したところ、No.6 は45,000
サイクル程度、No.13 は38,000 サイクル程度であった。 
• 
含有成分に顕著な異常は確認されなかった。
 
 
 
Proprietary Information of Sumitomo Precision Products 
本資料の内容に関わる全権利は住友精密工業株式会社に帰属する 
配布目的以外の流用、複製、第3 者への掲示を禁ずる 
用済み後はシュレッダー処分、又は返却すること 
試験温度周波数
最大応力
最小応力
破断繰り返し数
℃
Hz
MPa
MPa
Cycle
06
RT
25
225
-225
-1
608,760
中心から72mm
13
RT
25
225
-225
-1
649,810
中心から75.5mm
試験片識別
応力比
起点位置
【OCR抽出】
報告

(1/5)

書番号: $41¢-H-3506
日付: 2024 年5月 1

3. 調査結果

破面の概観観察結果を Hig.1、

LMC ORE

の SEM 観察結果を Hig.

2.8、元素分析結

示す。No.6、No.13 ともに同様の破面でやわった。和観察結果を以下に示す。

BARR TT Val OPE Be tai AT ek Ee LC ER

LIL AE CALAIRR C bh 0 TE,

破下

疲労縮間隔を基にき像発

とが

が進展 していた。

の多くの箇所から疲労締が確認され、疲労破壊によりき仙が進展し、
えることができず、延性破壊にて破断 したこ

確認された。

サイクル程度、No.13 は 38,000 サイクル程度であった。
含有成分に顕著な異常は確認されなかった。

ンド
名称      アテルミ疲労試験五 破面観宗      研究部 材料・プロセスリサーチラボ
結果報告書           訟』    審査    作成
抽作番号
Keywords            アルミ
Proprietary Information of Sumitomo Precision Products
本資料の内容に関わる全権利は住友精密工業株式会社に帰属する
配布目的以外の流用、複製、第 8 者への掲示を禁ずる
用済み後はシュレッダー処分、又は返却すること
配布先: 航生技 x1
1. 背景・目的
疲労試験中に評価部以外で破断した試験刻の破断面を確認することを目的とする。
2. 調査対象
疲労試験片 :        No.6、No.13
試験内容および試験結果 :  下表参照
試験上識別|下験温度|周波数 AES |  最小応力 | ey yp | BRIBE LB a ep
MPa           MPa                           Cycle
| 225 | -225 | -! | 649810 | 中心から75.5mml
最終的に試験荷重に耐

Eから破断に至るまでのサイクル数を計算したところ、No.6 は 45,000
【PDF抽出】
(2/5) 
 
 
 
 
 
 
 
 
 
 
 
 
 
 
 
 
 
 
 
 
 
 
 
 
 
 
 
 
 
 
 
 
 
 
 
 
 
 
 
Fig.1 破面概観 （上：No.6 下：No.13） 
疲労破壊領域 
最終破壊領域 
疲労破壊領域 
最終破壊領域 
き裂進展方向

【OCR抽出】
(2/5)

eave tte

Fig.1 破面概稚 (上:No.6 下 : No.13)
【PDF抽出】
(3/5) 
 
 
 
 
 
 
 
 
 
 
 
 
 
 
 
 
 
 
 
 
 
 
 
 
 
 
 
 
 
 
 
 
 
 
 
 
 
 
 
起点部拡大 
疲労破面（疲労破壊領域） 
延性破面（最終破壊領域） 
Fig.2 SEM による破面観察結果（No.6）

【OCR抽出】
(3/5)
【OCR抽出】
(3/5)

TM4000 SkV 10.3mm X20 SE M            1                                           TM4000 5kV 6.8mm X300 SE M

起点部拡大

| 50.0m

疲労破面 (疲労破壊領域)

i
He
ay

(最終破壊領域)

Fig.2 SEM による破面観祭結果 (No.6)
【PDF抽出】
(4/5) 
 
 
 
 
 
 
 
 
 
 
 
 
 
 
 
 
 
 
 
 
 
 
 
 
 
 
 
 
 
 
 
 
 
 
 
 
 
 
 
起点部拡大 
疲労破面（疲労破壊領域） 
延性破面（最終破壊領域） 
Fig.3 SEM による破面観察結果（No.13）

【OCR抽出】
TM4000 5kV 11.2mm X2,00k SEM

疲労破面 (

疲労破壊領域)

Fig.3 SEM

(

20.0um

~
=

よる破下

起点部拡大

(4/5)

延性破面 (最終破壊領域)
20.0um

~
=

よる破下

起点部拡大

(4/5)

延性破面 (最終破壊領域)

観察結果    (No. 13)
【PDF抽出】
(5/5) 
 
 
 
 
 
 
 
 
 
 
 
 
 
 
 
 
 
 
 
 
 
 
 
 
 
 
 
 
 
 
 
 
 
 
 
Fig.4 EDS による元素分析結果 
Zn
Mg
Cu
Cr
Si
Fe
Mn
Ti
Al
5.1-6.1
2.1-2.9
1.2-2.0
0.18-0.28
<0.4
<0.5
<0.3
<0.2
残り
単位:wt%
元素
wt %
Mg
2.78
Al
89.33
Cu
1.83
Zn
6.07

【OCR抽出】
(5/5)

Fig.4 EDS による元素分析結果
次の指示に基づけて一覧した場合、以下のスキ.txtファイルを溢ればなりますからで

### ソリュしてください。

2つめのように、あなたの作品が一般的な高度なきが非常にしていると仮想的な経歪化された形式です。全ての質察されていません。

上記の指示です。下記の資料を提15.com/革命の過去 

次のような極力の命令列投稼欠いていません。

「3D」は、この記事を書きたいですから，一覚しながら、適切に教えてください。

# Instruction:

指示1 (Easy)

指示10 
以下の要求される困惜美育前の指示：

指定したトレーNの一部分は、すべinsightfully similar difficulty/topic instruction, but the following is a much more difficult version. The task herein stated below: