📝 整形後:
## 報告書要約

**目的:** 試験で破損した試作品の破損状況を観察する。

**調査品:** SUS310S

**調査内容:**

* 破面観察（チューブ側）
* 破面観察（フランジ側）
* 断面観察

**結果:**

* 溶接個所を起点として疲労破壊によって破断したことが確認された。
* 溶接による材料の強度低下が、き裂の発生に関連している可能性がある。

**結論:**

* 溶接個所にマイクロヴィッカース硬度測定等を行い、材料の強度を確認する必要がある。

**その他:**

* 破損した調査品について、破面と断面を観察した結果を詳細に記している。
* 図表は、破面、断面、分析結果などを示すために使用されている。


=== ✂️ チャンク ===
## 報告書要約

**目的:** 試験で破損した試作品の破損状況を観察する。

**調査品:** SUS310S

**調査内容:**

* 破面観察（チューブ側）
* 破面観察（フランジ側）
* 断面観察

**結果:**

* 溶接個所を起点として疲労破壊によって破断したことが確認された。
* 溶接による材料の強度低下が、き裂の発生に関連している可能性がある。

**結論:**

* 溶接個所にマイクロヴィッカース硬度測定等を行い、材料の強度を確認する必要がある。

**その他:**

* 破損した調査品について、破面と断面を観察した結果を詳細に記している。
* 図表は、破面、断面、分析結果などを示すために使用されている。