📝 整形後:
# 原文：

**報告書番号：** P-1 BMV 破損調査報告書

**材化：**材化-H-3521

**Keywords：** 

**製作番号：** 


**配布先：**
航油設 ×1
材ラボ ×1


**調査結果：**

- P-1 BMV(VALVE ASSY-METERING BRAKE CONTROL L/G)の内部部品が破断し、不具合が発生。
- 破面観察の結果、フランジ根元の複数箇所から粒界破断によりき裂が進展し、破断したことが確認された。
- 破面近傍の断面観察の結果、サブクラックが確認された。
- サブクラック近傍とそれ以外の箇所の元素成分を確認したところ、サブクラック近傍とそれ以外の箇所のCr量に大きな差異が確認された。


**考察とまとめ：**

- P-1 BMVの破損は、材料の粒界脆性と温度条件の影響で発生した可能性があります。
- 材料の粒界脆性と温度条件の解析が重要です。


**参考：** 440C 粒界破面（Intergranular fracture）
SEM/TEM FRACTOGRAPHY HANDBOOK／Metal and Ceramic Information Center 刊よりNSUserDefaults。


=== ✂️ チャンク ===
# 原文：

**報告書番号：** P-1 BMV 破損調査報告書

**材化：**材化-H-3521

**Keywords：** 

**製作番号：** 


**配布先：**
航油設 ×1
材ラボ ×1


**調査結果：**

- P-1 BMV(VALVE ASSY-METERING BRAKE CONTROL L/G)の内部部品が破断し、不具合が発生。
- 破面観察の結果、フランジ根元の複数箇所から粒界破断によりき裂が進展し、破断したことが確認された。
- 破面近傍の断面観察の結果、サブクラックが確認された。
- サブクラック近傍とそれ以外の箇所の元素成分を確認したところ、サブクラック近傍とそれ以外の箇所のCr量に大きな差異が確認された。


**考察とまとめ：**

- P-1 BMVの破損は、材料の粒界脆性と温度条件の影響で発生した可能性があります。
- 材料の粒界脆性と温度条件の解析が重要です。
**参考：** 440C 粒界破面（Intergranular fracture）
SEM/TEM FRACTOGRAPHY HANDBOOK／Metal and Ceramic Information Center 刊よりNSUserDefaults。
# 原文：

**報告書番号：** P-1 BMV 破損調査報告書

**材化：**材化-H-3521

**Keywords：** 

**製作番号：** 


**配布先：**
航油設 ×1
材ラボ ×1


**調査結果：**

- P-1 BMV(VALVE ASSY-METERING BRAKE CONTROL L/G)の内部部品が破断し、不具合が発生。
- 破面観察の結果、フランジ根元の複数箇所から粒界破断によりき裂が進展し、破断したことが確認された。
- 破面近傍の断面観察の結果、サブクラックが確認された。
- サブクラック近傍とそれ以外の箇所の元素成分を確認したところ、サブクラック近傍とそれ以外の箇所のCr量に大きな差異が確認された。


**考察とまとめ：**

- P-1 BMVの破損は、材料の粒界脆性と温度条件の影響で発生した可能性があります。
- 材料の粒界脆性と温度条件の解析が重要です。
**参考：** 440C 粒界破面（Intergranular fracture）
SEM/TEM FRACTOGRAPHY HANDBOOK／Metal and Ceramic Information Center 刊よりNSUserDefaults。