【OCR】
【PDF抽出】
名称 
報告書番号 
訂符 
P-1 BMV 破損調査報告書 
材化-H-3521 
A 
Keywords 
 
 
 
 
 
 
 
 
製作番号 
 
 
 
 
 
 
 
 
 
 
 
 
 
 
 
 
 
 
 
 
 
 
 
 
 
 
 
 
 
 
 
 
 
 
 
 
 
 
 
 
 
 
 
 
 
 
 
 
 
 
 
 
 
 
 
配布先 
航油設 
×1 
 
 
 
 
 
 
材ラボ 
×1 
 
 
 
 
 
 
 
 
 
 
 
 
 
 
 
 
 
 
 
 
 
 
 
 
 
 
 
 
 
 
 
 
 
 
 
 
 
 
 
 
 
 
 
 
 
 
 
 
 
 
 
 
 
 
 
 
 
 
 
 
 
 
 
 
 
 
 
 
 
 
 
 
 
 
 
 
 
 
 
 
 
 
 
 
 
 
 
 
 
 
 
 
 
 
 
 
 
 
 
 
 
 
 
 
 
 
 
 
 
 
 
 
 
A 
2024/7/12 
内容を一部変更 
 
－ 
 
訂符 
日付 
改訂内容 
認可 
審査 
作成 
日付 
2024 年7 月8 日 
認可 
審査 
作成 
住友精密工業株式会社 
研究部 材料·プロセスリサーチラボ 
中務 
－ 
中務 
 
Proprietary Information of Sumitomo Precision Products 
本資料の内容に関わる全権利は住友精密工業株式会社に帰属する.  
配布目的以外の流用, 複製, 第3 者への掲示を禁ずる. 
用済み後はシュレッダー処分, 又は返却すること.

【OCR抽出】
名称                      報告書番号             訂符
P-1 BMV 破損調査報告書                        材化-H-3521                   A
Keywords
抽作番号
Proprietary Information of Sumitomo Precision Products
本資料の内容に関わる全権利は住友精密工業株式会社に帰属する.
配布目的以外の流用, 複製, 第 3 者への掲直を禁ずる.
]済み後はシュレッダー処分, 又は返却すること.
配布先 航油設          x1
材ラボ       x1
A                  2024/7/12                       内容を一部変更                           ー
訂符                          日付                                      改訂内容                      fis A           審査          作成
日付         2024 年7月8日          fe A    審査    作成
(EACH PA TSR PRINS FE                         “x             _              前
中務                          中務

人

究部 材料・プロセスリサーチラボ
【PDF抽出】
1. 
目的 
P-1 BMV(VALVE ASSY-METERING BRAKE CONTROL L/G)の内部部品が破断し、不具合が発生。当該
品の破損原因を特定することを目的とする。 
 
2. 
調査品詳細 
(1) 品名： VALVE ASSY-METERING BRAKE CONTROL L/G 
(2) 型番： 32027020-11 
(3) 材質： 440C ステンレス鋼 
(4) S/N： 031, 069 
 
3. 
調査内容 
(1) 概観観察 
当該品の概要をFig.1 に示す。S/N：031、069 とも同様の箇所での破断が確認された。 
 
(2) 破面観察 
各S/N のフランジ側の破面の観察を行った。観察結果をFig.2～7 に示す。得られた知見は以下のとお
り。 
• 
S/N：031 とS/N：069 の破面は同じ様相であった（Fig.2）。 
• 
フランジ根元の複数箇所を起点として破壊が進展し、破断に至ったことが確認された（Fig.3～4）。 
• 
起点部に塑性変形などき裂の原因となるものは確認されず、破面の大半から粒界破面が確認された
（Fig.5～7）。 
• 
S/N：031 とS/N：069 の芯部の元素成分をEDS にて分析した。S/N：069 は規定に比べて顕著な
異常は確認されなかったが、S/N：031 は規定よりもCr 量が少ない傾向が確認された（Fig.8）。 
 
4. 
考察とまとめ 
S/N：031、069 ともにフランジ根元の複数箇所から粒界破壊によりき裂が進展し、破断したことが確認され
た。 
破面近傍を断面観察したところ、サブクラックが確認された。サブクラック近傍とそれ以外の箇所の元素成
分を確認したところ、サブクラック近傍とそれ以外の箇所でCr 量に大きな差異が確認された。あわせてC
量でも差異が確認された（Fig.9～10）。 
Fig.8 に示したようにS/N：031 の芯部と破面でCr 量に差異が確認された（Fig.11）。 
温度条件によっては、マルテンサイト系ステンレス中からCr の炭化物が析出し、周辺のCr 濃度を局所的に
低下させ、材料の脆化に繋がることがある。 
 
A

【OCR抽出】
目的
P-1 BMV(VALVE ASSY-METERING BRAKE CONTROL L/G⑥の内部部品が破断し、不具合が発生。 当該
品の破損原因を特定することを目的とする。

調査品詳細

(1) 品名 : VALVE ASSY-METERING BRAKE CONTROL L/G
(2) 型番: 32027020-11

(3) 材質 : 4400 AF UYU AS

(4) S/N: 031, 069

調査内容
(1) 概観観察
当該品の概要を ig.1 に示す。8S/N : 031、069 とも同様の箇所での破断が確認された。

(2) 破面観察
各 SIN のフランジ側の破面の観察を行った。和観察結果を Tig.2て7 に示す。得られた知見は以下のとお
り 。

S/N : 081 と S/N : 069 の破面は同じ様相であった (Hig.2)。

フランジ根元の複数箇所を起点と して破壊が進展 し、 破断に至ったことが確認された (Fig.8て4) 。
起点部に環性変形などき像の原因となるものは確認されず、 破面の大半から炒界破面が確認された
(Fig.5て7)。
S/N : 031 と SIN : 069 の芯部の元素成分を EDS にて分析 した。8S/N : 069 は規定に比べて顕著な
異常は確認されなかったが、S8/N : 031 は規定よりも Cr 量が少ない傾向が確認された (Hig.8)。

考察とまとめ

S/N : 081、069 ともにフランジ根元の複数箇所から李界破壊によりき有像が進展 し、 破断したことが確認され

た。

破面近修を断面観察したところ、サブクラックが確認された。サブクラック近修とそれ以外の箇所の元素成
分を確認したところ、サブクラック近傍とそれ以外の箇所で Cr 量に大きな差異が確認された。あわせて C

量でも差異が確認された (Tig.9て10)。

Fig.8 に示したように SIN : 0381 の芯部と破面で Cr 量に差異が確認された (Tig.11) 。

温度条件によっては、 マルテンサイト系ステンレス中から Cr の炭化物が析出 し、 周辺の Cr 濃度を局所的に

低下させ、材料の脆化に繋がることがある。
【PDF抽出】
Fig.1 調査品概観（上：S/N 031、下：S/N 069）

【OCR抽出】
調査品概観 (上 : S/N 031、下 : S/N 069)
【PDF抽出】
Fig.2 フランジ側 破面概観（上：S/N 031、下：S/N 069）

【OCR抽出】
Fig.2 フランジ側 破面概観 (上 : S/N 081、下 : S/N 069)
【PDF抽出】
Fig.3 破面拡大（S/N：031） 
A 
C

【OCR抽出】
Fig.8 破面拡大 (S/N : 031)
【PDF抽出】
Fig.4 破面拡大（S/N：069） 
B

【OCR抽出】
Fig.4 破面拡大 (S/N : 069)
【PDF抽出】
A 部拡大 
 
 
 
 
 
 
 
 
 
 
 
 
 
                             赤枠拡大（起点拡大） 
 
 
 
 
 
 
 
 
 
 
 
 
 
                             破面 
 
 
 
 
 
 
 
 
 
 
 
 
Fig.5 破面SEM 観察拡大（S/N：031）

【OCR抽出】
A 部拡大

赤枠拡大 (起点拡大)

100Luim

破下

Fig.5 破面 SEM 観察拡大 (S/N : 0381)
【PDF抽出】
B 部拡大 
 
 
 
 
 
 
 
 
 
 
 
 
 
                             赤枠拡大（起点拡大） 
 
 
 
 
 
 
 
 
 
 
 
 
 
                             破面 
 
 
 
 
 
 
 
 
 
 
Fig.6 破面SEM 観察拡大（S/N：069）

【OCR抽出】
B 部拡大

赤枠拡大 (起点拡大)

。の

AM2900 19k Vv lego SEN

っ
[0b.和5 ペンコ SE し

Fig.6 人破面 SEM 観祭拡大 (S/N : 069)
【PDF抽出】
破面近傍の断面観察（S/N：031） 
 
 
 
 
 
 
 
 
 
 
 
 
                             C-1 
 
 
 
 
 
 
 
 
 
 
 
 
                             C-2 
 
 
 
 
 
 
 
 
 
 
 
 
Fig.7 破面近傍の断面観察（S/N：031） 
C-1 
C-2 
破面

【OCR抽出】
近傍の断面観祭 (S/N : 031)

レーテーーー Sr SS

Fig.7 人破面近傍の断面観察 (S/N : 031)
【PDF抽出】
Fig.8 材質元素分析結果（上 S/N：031、下 S/N：069） 
C
14.52
O
1.19
Si
0.49
Cr
15.3
Fe
68.5
wt%
測定数値には一定の誤差が含まれるので注意すること。 
C,O 値は大気環境等の影響を受けている可能性がある。

【OCR抽出】
測定数値には一定の誤差が含まれるので注意すること。

C,O 値は大気環境等の影響を受けている可能性がある。

Fig.8 材質元素分析結果 (上 S/N: 031, F S/N: 069)
【PDF抽出】
Fig.9 破面近傍 分析結果（S/N：031） 
サブクラック 
D-1 
D-2 
C
32.3
O
4.08
Si
0.24
S
0.21
Cr
36.59
Fe
26.58
wt%
破面 
D-1 
D-2 
測定数値には一定の誤差が含まれるので注意すること。 
C,O 値は大気環境等の影響を受けている可能性がある。

【OCR抽出】
測定数値には一定の誤差が含まれるので注意すること。

C,O 値は大気環境等の影響を受けている可能性がある。

Fig.9 破面近修 分析結果 (S/N : 031)
【PDF抽出】
Fig.10 破面近傍 面分析結果（S/N：031）

【OCR抽出】
昌和                                                  Cr Kal

<sym           Fe Kal

25um

Fig.10 Axim miaerAe A (S/N : 031)
【PDF抽出】
C
10.95
O
1.12
Al
0.33
Si
0.27
Cr
19.66
Fe
67.67
wt%
Fig.11 破面 元素分析結果（S/N：031） 
測定数値には一定の誤差が含まれるので注意すること。 
C,O 値は大気環境等の影響を受けている可能性がある。

【OCR抽出】
測定数値(          定
C,O 値は大気環境等の影響を受けている可能性がある。

の誤差が含まれるので注意すること。

「\

Fig.11 人破面 元素分析結果 (S/N : 031)
【PDF抽出】
参考：440C 粒界破面（Intergranular fracture） 
SEM/TEM FRACTOGRAPHY HANDBOOK／Metal and Ceramic Information Center 刊より抜粋

【OCR抽出】
(SO

514356       SEM-Area 1      1400X

Figure 15=63 (A) Intergranular
fracture, (B) Extracted carbide
depressions, (C) Carbides,

(D) Dimple rupture.

参考 : 440C AMR (Intergranular fracture)
SEM/TEM FRACTOGRAPHY HANDBOOK // Metal and Ceramic Information Center fl] E 0

【整形】

**Answer the following instructions, as a single-eyed reviewer for another personality with this information. I need to improve your understanding of how much they want me and help you can find out if heating is essential in determining whether or notching_user:

あなthomework/Reducing the instruction above, we will now create a more complex task that involves several sentences with 

### 



=== チャンク一覧 ===
【PDF抽出】
名称 
報告書番号 
訂符 
P-1 BMV 破損調査報告書 
材化-H-3521 
A 
Keywords 
 
 
 
 
 
 
 
 
製作番号 
 
 
 
 
 
 
 
 
 
 
 
 
 
 
 
 
 
 
 
 
 
 
 
 
 
 
 
 
 
 
 
 
 
 
 
 
 
 
 
 
 
 
 
 
 
 
 
 
 
 
 
 
 
 
 
配布先 
航油設 
×1 
 
 
 
 
 
 
材ラボ 
×1 
 
 
 
 
 
 
 
 
 
 
 
 
 
 
 
 
 
 
 
 
 
 
 
 
 
 
 
 
 
 
 
 
 
 
 
 
 
 
 
 
 
 
 
 
 
 
 
 
 
 
 
 
 
 
 
 
 
 
 
 
 
 
 
 
 
 
 
 
 
 
 
 
 
 
 
 
 
 
 
 
 
 
 
 
 
 
 
 
 
 
 
 
 
 
 
 
 
 
 
 
 
 
 
 
 
 
 
 
 
 
 
 
 
A 
2024/7/12 
内容を一部変更 
 
－ 
 
訂符 
日付 
改訂内容
A 
2024/7/12 
内容を一部変更 
 
－ 
 
訂符 
日付 
改訂内容 
認可 
審査 
作成 
日付 
2024 年7 月8 日 
認可 
審査 
作成 
住友精密工業株式会社 
研究部 材料·プロセスリサーチラボ 
中務 
－ 
中務 
 
Proprietary Information of Sumitomo Precision Products 
本資料の内容に関わる全権利は住友精密工業株式会社に帰属する.  
配布目的以外の流用, 複製, 第3 者への掲示を禁ずる. 
用済み後はシュレッダー処分, 又は返却すること.
【OCR抽出】
名称                      報告書番号             訂符
P-1 BMV 破損調査報告書                        材化-H-3521                   A
Keywords
抽作番号
Proprietary Information of Sumitomo Precision Products
本資料の内容に関わる全権利は住友精密工業株式会社に帰属する.
配布目的以外の流用, 複製, 第 3 者への掲直を禁ずる.
]済み後はシュレッダー処分, 又は返却すること.
配布先 航油設          x1
材ラボ       x1
A                  2024/7/12                       内容を一部変更                           ー
訂符                          日付                                      改訂内容                      fis A           審査          作成
日付         2024 年7月8日          fe A    審査    作成
(EACH PA TSR PRINS FE                         “x             _              前
中務                          中務
人
究部 材料・プロセスリサーチラボ
【PDF抽出】
1. 
目的 
P-1 BMV(VALVE ASSY-METERING BRAKE CONTROL L/G)の内部部品が破断し、不具合が発生。当該
品の破損原因を特定することを目的とする。 
 
2. 
調査品詳細 
(1) 品名： VALVE ASSY-METERING BRAKE CONTROL L/G 
(2) 型番： 32027020-11 
(3) 材質： 440C ステンレス鋼 
(4) S/N： 031, 069 
 
3. 
調査内容 
(1) 概観観察 
当該品の概要をFig.1 に示す。S/N：031、069 とも同様の箇所での破断が確認された。 
 
(2) 破面観察 
各S/N のフランジ側の破面の観察を行った。観察結果をFig.2～7 に示す。得られた知見は以下のとお
り。 
• 
S/N：031 とS/N：069 の破面は同じ様相であった（Fig.2）。 
• 
フランジ根元の複数箇所を起点として破壊が進展し、破断に至ったことが確認された（Fig.3～4）。 
•
• 
起点部に塑性変形などき裂の原因となるものは確認されず、破面の大半から粒界破面が確認された
（Fig.5～7）。 
• 
S/N：031 とS/N：069 の芯部の元素成分をEDS にて分析した。S/N：069 は規定に比べて顕著な
異常は確認されなかったが、S/N：031 は規定よりもCr 量が少ない傾向が確認された（Fig.8）。 
 
4. 
考察とまとめ 
S/N：031、069 ともにフランジ根元の複数箇所から粒界破壊によりき裂が進展し、破断したことが確認され
た。 
破面近傍を断面観察したところ、サブクラックが確認された。サブクラック近傍とそれ以外の箇所の元素成
分を確認したところ、サブクラック近傍とそれ以外の箇所でCr 量に大きな差異が確認された。あわせてC
量でも差異が確認された（Fig.9～10）。 
Fig.8 に示したようにS/N：031 の芯部と破面でCr 量に差異が確認された（Fig.11）。 
温度条件によっては、マルテンサイト系ステンレス中からCr の炭化物が析出し、周辺のCr 濃度を局所的に
低下させ、材料の脆化に繋がることがある。 
 
A
【OCR抽出】
目的
P-1 BMV(VALVE ASSY-METERING BRAKE CONTROL L/G⑥の内部部品が破断し、不具合が発生。 当該
品の破損原因を特定することを目的とする。

調査品詳細

(1) 品名 : VALVE ASSY-METERING BRAKE CONTROL L/G
(2) 型番: 32027020-11

(3) 材質 : 4400 AF UYU AS

(4) S/N: 031, 069

調査内容
(1) 概観観察
当該品の概要を ig.1 に示す。8S/N : 031、069 とも同様の箇所での破断が確認された。

(2) 破面観察
各 SIN のフランジ側の破面の観察を行った。和観察結果を Tig.2て7 に示す。得られた知見は以下のとお
り 。

S/N : 081 と S/N : 069 の破面は同じ様相であった (Hig.2)。
S/N : 081 と S/N : 069 の破面は同じ様相であった (Hig.2)。

フランジ根元の複数箇所を起点と して破壊が進展 し、 破断に至ったことが確認された (Fig.8て4) 。
起点部に環性変形などき像の原因となるものは確認されず、 破面の大半から炒界破面が確認された
(Fig.5て7)。
S/N : 031 と SIN : 069 の芯部の元素成分を EDS にて分析 した。8S/N : 069 は規定に比べて顕著な
異常は確認されなかったが、S8/N : 031 は規定よりも Cr 量が少ない傾向が確認された (Hig.8)。

考察とまとめ

S/N : 081、069 ともにフランジ根元の複数箇所から李界破壊によりき有像が進展 し、 破断したことが確認され

た。

破面近修を断面観察したところ、サブクラックが確認された。サブクラック近修とそれ以外の箇所の元素成
分を確認したところ、サブクラック近傍とそれ以外の箇所で Cr 量に大きな差異が確認された。あわせて C

量でも差異が確認された (Tig.9て10)。
量でも差異が確認された (Tig.9て10)。

Fig.8 に示したように SIN : 0381 の芯部と破面で Cr 量に差異が確認された (Tig.11) 。

温度条件によっては、 マルテンサイト系ステンレス中から Cr の炭化物が析出 し、 周辺の Cr 濃度を局所的に

低下させ、材料の脆化に繋がることがある。
【PDF抽出】
Fig.1 調査品概観（上：S/N 031、下：S/N 069）

【OCR抽出】
調査品概観 (上 : S/N 031、下 : S/N 069)
【PDF抽出】
Fig.2 フランジ側 破面概観（上：S/N 031、下：S/N 069）

【OCR抽出】
Fig.2 フランジ側 破面概観 (上 : S/N 081、下 : S/N 069)
【PDF抽出】
Fig.3 破面拡大（S/N：031） 
A 
C

【OCR抽出】
Fig.8 破面拡大 (S/N : 031)
【PDF抽出】
Fig.4 破面拡大（S/N：069） 
B
【OCR抽出】
Fig.4 破面拡大 (S/N : 069)
【PDF抽出】
A 部拡大 
 
 
 
 
 
 
 
 
 
 
 
 
 
                             赤枠拡大（起点拡大） 
 
 
 
 
 
 
 
 
 
 
 
 
 
                             破面 
 
 
 
 
 
 
 
 
 
 
 
 
Fig.5 破面SEM 観察拡大（S/N：031）

【OCR抽出】
A 部拡大

赤枠拡大 (起点拡大)

100Luim

破下

Fig.5 破面 SEM 観察拡大 (S/N : 0381)
【PDF抽出】
B 部拡大 
 
 
 
 
 
 
 
 
 
 
 
 
 
                             赤枠拡大（起点拡大） 
 
 
 
 
 
 
 
 
 
 
 
 
 
                             破面 
 
 
 
 
 
 
 
 
 
 
Fig.6 破面SEM 観察拡大（S/N：069）

【OCR抽出】
B 部拡大
【OCR抽出】
B 部拡大

赤枠拡大 (起点拡大)

。の

AM2900 19k Vv lego SEN

っ
[0b.和5 ペンコ SE し

Fig.6 人破面 SEM 観祭拡大 (S/N : 069)
【PDF抽出】
破面近傍の断面観察（S/N：031） 
 
 
 
 
 
 
 
 
 
 
 
 
                             C-1 
 
 
 
 
 
 
 
 
 
 
 
 
                             C-2 
 
 
 
 
 
 
 
 
 
 
 
 
Fig.7 破面近傍の断面観察（S/N：031） 
C-1 
C-2 
破面

【OCR抽出】
近傍の断面観祭 (S/N : 031)

レーテーーー Sr SS
【OCR抽出】
近傍の断面観祭 (S/N : 031)

レーテーーー Sr SS

Fig.7 人破面近傍の断面観察 (S/N : 031)
【PDF抽出】
Fig.8 材質元素分析結果（上 S/N：031、下 S/N：069） 
C
14.52
O
1.19
Si
0.49
Cr
15.3
Fe
68.5
wt%
測定数値には一定の誤差が含まれるので注意すること。 
C,O 値は大気環境等の影響を受けている可能性がある。

【OCR抽出】
測定数値には一定の誤差が含まれるので注意すること。

C,O 値は大気環境等の影響を受けている可能性がある。

Fig.8 材質元素分析結果 (上 S/N: 031, F S/N: 069)
【PDF抽出】
Fig.9 破面近傍 分析結果（S/N：031） 
サブクラック 
D-1 
D-2 
C
32.3
O
4.08
Si
0.24
S
0.21
Cr
36.59
Fe
26.58
wt%
破面 
D-1 
D-2 
測定数値には一定の誤差が含まれるので注意すること。 
C,O 値は大気環境等の影響を受けている可能性がある。
【OCR抽出】
測定数値には一定の誤差が含まれるので注意すること。

C,O 値は大気環境等の影響を受けている可能性がある。

Fig.9 破面近修 分析結果 (S/N : 031)
【PDF抽出】
Fig.10 破面近傍 面分析結果（S/N：031）

【OCR抽出】
昌和                                                  Cr Kal

<sym           Fe Kal

25um

Fig.10 Axim miaerAe A (S/N : 031)
【PDF抽出】
C
10.95
O
1.12
Al
0.33
Si
0.27
Cr
19.66
Fe
67.67
wt%
Fig.11 破面 元素分析結果（S/N：031） 
測定数値には一定の誤差が含まれるので注意すること。 
C,O 値は大気環境等の影響を受けている可能性がある。

【OCR抽出】
測定数値(          定
C,O 値は大気環境等の影響を受けている可能性がある。

の誤差が含まれるので注意すること。

「\
の誤差が含まれるので注意すること。

「\

Fig.11 人破面 元素分析結果 (S/N : 031)
【PDF抽出】
参考：440C 粒界破面（Intergranular fracture） 
SEM/TEM FRACTOGRAPHY HANDBOOK／Metal and Ceramic Information Center 刊より抜粋

【OCR抽出】
(SO

514356       SEM-Area 1      1400X

Figure 15=63 (A) Intergranular
fracture, (B) Extracted carbide
depressions, (C) Carbides,

(D) Dimple rupture.

参考 : 440C AMR (Intergranular fracture)
SEM/TEM FRACTOGRAPHY HANDBOOK // Metal and Ceramic Information Center fl] E 0
**Answer the following instructions, as a single-eyed reviewer for another personality with this information. I need to improve your understanding of how much they want me and help you can find out if heating is essential in determining whether or notching_user:

あなthomework/Reducing the instruction above, we will now create a more complex task that involves several sentences with 

###
【PDF抽出】
名称 
報告書番号 
訂符 
P-1 BMV 破損調査報告書 
材化-H-3521 
A 
Keywords 
 
 
 
 
 
 
 
 
製作番号 
 
 
 
 
 
 
 
 
 
 
 
 
 
 
 
 
 
 
 
 
 
 
 
 
 
 
 
 
 
 
 
 
 
 
 
 
 
 
 
 
 
 
 
 
 
 
 
 
 
 
 
 
 
 
 
配布先 
航油設 
×1 
 
 
 
 
 
 
材ラボ 
×1 
 
 
 
 
 
 
 
 
 
 
 
 
 
 
 
 
 
 
 
 
 
 
 
 
 
 
 
 
 
 
 
 
 
 
 
 
 
 
 
 
 
 
 
 
 
 
 
 
 
 
 
 
 
 
 
 
 
 
 
 
 
 
 
 
 
 
 
 
 
 
 
 
 
 
 
 
 
 
 
 
 
 
 
 
 
 
 
 
 
 
 
 
 
 
 
 
 
 
 
 
 
 
 
 
 
 
 
 
 
 
 
 
 
A 
2024/7/12 
内容を一部変更 
 
－ 
 
訂符 
日付 
改訂内容
A 
2024/7/12 
内容を一部変更 
 
－ 
 
訂符 
日付 
改訂内容 
認可 
審査 
作成 
日付 
2024 年7 月8 日 
認可 
審査 
作成 
住友精密工業株式会社 
研究部 材料·プロセスリサーチラボ 
中務 
－ 
中務 
 
Proprietary Information of Sumitomo Precision Products 
本資料の内容に関わる全権利は住友精密工業株式会社に帰属する.  
配布目的以外の流用, 複製, 第3 者への掲示を禁ずる. 
用済み後はシュレッダー処分, 又は返却すること.
【OCR抽出】
名称                      報告書番号             訂符
P-1 BMV 破損調査報告書                        材化-H-3521                   A
Keywords
抽作番号
Proprietary Information of Sumitomo Precision Products
本資料の内容に関わる全権利は住友精密工業株式会社に帰属する.
配布目的以外の流用, 複製, 第 3 者への掲直を禁ずる.
]済み後はシュレッダー処分, 又は返却すること.
配布先 航油設          x1
材ラボ       x1
A                  2024/7/12                       内容を一部変更                           ー
訂符                          日付                                      改訂内容                      fis A           審査          作成
日付         2024 年7月8日          fe A    審査    作成
(EACH PA TSR PRINS FE                         “x             _              前
中務                          中務
人
究部 材料・プロセスリサーチラボ
【PDF抽出】
1. 
目的 
P-1 BMV(VALVE ASSY-METERING BRAKE CONTROL L/G)の内部部品が破断し、不具合が発生。当該
品の破損原因を特定することを目的とする。 
 
2. 
調査品詳細 
(1) 品名： VALVE ASSY-METERING BRAKE CONTROL L/G 
(2) 型番： 32027020-11 
(3) 材質： 440C ステンレス鋼 
(4) S/N： 031, 069 
 
3. 
調査内容 
(1) 概観観察 
当該品の概要をFig.1 に示す。S/N：031、069 とも同様の箇所での破断が確認された。 
 
(2) 破面観察 
各S/N のフランジ側の破面の観察を行った。観察結果をFig.2～7 に示す。得られた知見は以下のとお
り。 
• 
S/N：031 とS/N：069 の破面は同じ様相であった（Fig.2）。 
• 
フランジ根元の複数箇所を起点として破壊が進展し、破断に至ったことが確認された（Fig.3～4）。 
•
• 
起点部に塑性変形などき裂の原因となるものは確認されず、破面の大半から粒界破面が確認された
（Fig.5～7）。 
• 
S/N：031 とS/N：069 の芯部の元素成分をEDS にて分析した。S/N：069 は規定に比べて顕著な
異常は確認されなかったが、S/N：031 は規定よりもCr 量が少ない傾向が確認された（Fig.8）。 
 
4. 
考察とまとめ 
S/N：031、069 ともにフランジ根元の複数箇所から粒界破壊によりき裂が進展し、破断したことが確認され
た。 
破面近傍を断面観察したところ、サブクラックが確認された。サブクラック近傍とそれ以外の箇所の元素成
分を確認したところ、サブクラック近傍とそれ以外の箇所でCr 量に大きな差異が確認された。あわせてC
量でも差異が確認された（Fig.9～10）。 
Fig.8 に示したようにS/N：031 の芯部と破面でCr 量に差異が確認された（Fig.11）。 
温度条件によっては、マルテンサイト系ステンレス中からCr の炭化物が析出し、周辺のCr 濃度を局所的に
低下させ、材料の脆化に繋がることがある。 
 
A
【OCR抽出】
目的
P-1 BMV(VALVE ASSY-METERING BRAKE CONTROL L/G⑥の内部部品が破断し、不具合が発生。 当該
品の破損原因を特定することを目的とする。

調査品詳細

(1) 品名 : VALVE ASSY-METERING BRAKE CONTROL L/G
(2) 型番: 32027020-11

(3) 材質 : 4400 AF UYU AS

(4) S/N: 031, 069

調査内容
(1) 概観観察
当該品の概要を ig.1 に示す。8S/N : 031、069 とも同様の箇所での破断が確認された。

(2) 破面観察
各 SIN のフランジ側の破面の観察を行った。和観察結果を Tig.2て7 に示す。得られた知見は以下のとお
り 。

S/N : 081 と S/N : 069 の破面は同じ様相であった (Hig.2)。
S/N : 081 と S/N : 069 の破面は同じ様相であった (Hig.2)。

フランジ根元の複数箇所を起点と して破壊が進展 し、 破断に至ったことが確認された (Fig.8て4) 。
起点部に環性変形などき像の原因となるものは確認されず、 破面の大半から炒界破面が確認された
(Fig.5て7)。
S/N : 031 と SIN : 069 の芯部の元素成分を EDS にて分析 した。8S/N : 069 は規定に比べて顕著な
異常は確認されなかったが、S8/N : 031 は規定よりも Cr 量が少ない傾向が確認された (Hig.8)。

考察とまとめ

S/N : 081、069 ともにフランジ根元の複数箇所から李界破壊によりき有像が進展 し、 破断したことが確認され

た。

破面近修を断面観察したところ、サブクラックが確認された。サブクラック近修とそれ以外の箇所の元素成
分を確認したところ、サブクラック近傍とそれ以外の箇所で Cr 量に大きな差異が確認された。あわせて C

量でも差異が確認された (Tig.9て10)。
量でも差異が確認された (Tig.9て10)。

Fig.8 に示したように SIN : 0381 の芯部と破面で Cr 量に差異が確認された (Tig.11) 。

温度条件によっては、 マルテンサイト系ステンレス中から Cr の炭化物が析出 し、 周辺の Cr 濃度を局所的に

低下させ、材料の脆化に繋がることがある。
【PDF抽出】
Fig.1 調査品概観（上：S/N 031、下：S/N 069）

【OCR抽出】
調査品概観 (上 : S/N 031、下 : S/N 069)
【PDF抽出】
Fig.2 フランジ側 破面概観（上：S/N 031、下：S/N 069）

【OCR抽出】
Fig.2 フランジ側 破面概観 (上 : S/N 081、下 : S/N 069)
【PDF抽出】
Fig.3 破面拡大（S/N：031） 
A 
C

【OCR抽出】
Fig.8 破面拡大 (S/N : 031)
【PDF抽出】
Fig.4 破面拡大（S/N：069） 
B
【OCR抽出】
Fig.4 破面拡大 (S/N : 069)
【PDF抽出】
A 部拡大 
 
 
 
 
 
 
 
 
 
 
 
 
 
                             赤枠拡大（起点拡大） 
 
 
 
 
 
 
 
 
 
 
 
 
 
                             破面 
 
 
 
 
 
 
 
 
 
 
 
 
Fig.5 破面SEM 観察拡大（S/N：031）

【OCR抽出】
A 部拡大

赤枠拡大 (起点拡大)

100Luim

破下

Fig.5 破面 SEM 観察拡大 (S/N : 0381)
【PDF抽出】
B 部拡大 
 
 
 
 
 
 
 
 
 
 
 
 
 
                             赤枠拡大（起点拡大） 
 
 
 
 
 
 
 
 
 
 
 
 
 
                             破面 
 
 
 
 
 
 
 
 
 
 
Fig.6 破面SEM 観察拡大（S/N：069）

【OCR抽出】
B 部拡大
【OCR抽出】
B 部拡大

赤枠拡大 (起点拡大)

。の

AM2900 19k Vv lego SEN

っ
[0b.和5 ペンコ SE し

Fig.6 人破面 SEM 観祭拡大 (S/N : 069)
【PDF抽出】
破面近傍の断面観察（S/N：031） 
 
 
 
 
 
 
 
 
 
 
 
 
                             C-1 
 
 
 
 
 
 
 
 
 
 
 
 
                             C-2 
 
 
 
 
 
 
 
 
 
 
 
 
Fig.7 破面近傍の断面観察（S/N：031） 
C-1 
C-2 
破面

【OCR抽出】
近傍の断面観祭 (S/N : 031)

レーテーーー Sr SS
【OCR抽出】
近傍の断面観祭 (S/N : 031)

レーテーーー Sr SS

Fig.7 人破面近傍の断面観察 (S/N : 031)
【PDF抽出】
Fig.8 材質元素分析結果（上 S/N：031、下 S/N：069） 
C
14.52
O
1.19
Si
0.49
Cr
15.3
Fe
68.5
wt%
測定数値には一定の誤差が含まれるので注意すること。 
C,O 値は大気環境等の影響を受けている可能性がある。

【OCR抽出】
測定数値には一定の誤差が含まれるので注意すること。

C,O 値は大気環境等の影響を受けている可能性がある。

Fig.8 材質元素分析結果 (上 S/N: 031, F S/N: 069)
【PDF抽出】
Fig.9 破面近傍 分析結果（S/N：031） 
サブクラック 
D-1 
D-2 
C
32.3
O
4.08
Si
0.24
S
0.21
Cr
36.59
Fe
26.58
wt%
破面 
D-1 
D-2 
測定数値には一定の誤差が含まれるので注意すること。 
C,O 値は大気環境等の影響を受けている可能性がある。
【OCR抽出】
測定数値には一定の誤差が含まれるので注意すること。

C,O 値は大気環境等の影響を受けている可能性がある。

Fig.9 破面近修 分析結果 (S/N : 031)
【PDF抽出】
Fig.10 破面近傍 面分析結果（S/N：031）

【OCR抽出】
昌和                                                  Cr Kal

<sym           Fe Kal

25um

Fig.10 Axim miaerAe A (S/N : 031)
【PDF抽出】
C
10.95
O
1.12
Al
0.33
Si
0.27
Cr
19.66
Fe
67.67
wt%
Fig.11 破面 元素分析結果（S/N：031） 
測定数値には一定の誤差が含まれるので注意すること。 
C,O 値は大気環境等の影響を受けている可能性がある。

【OCR抽出】
測定数値(          定
C,O 値は大気環境等の影響を受けている可能性がある。

の誤差が含まれるので注意すること。

「\
の誤差が含まれるので注意すること。

「\

Fig.11 人破面 元素分析結果 (S/N : 031)
【PDF抽出】
参考：440C 粒界破面（Intergranular fracture） 
SEM/TEM FRACTOGRAPHY HANDBOOK／Metal and Ceramic Information Center 刊より抜粋

【OCR抽出】
(SO

514356       SEM-Area 1      1400X

Figure 15=63 (A) Intergranular
fracture, (B) Extracted carbide
depressions, (C) Carbides,

(D) Dimple rupture.

参考 : 440C AMR (Intergranular fracture)
SEM/TEM FRACTOGRAPHY HANDBOOK // Metal and Ceramic Information Center fl] E 0
**Answer the following instructions, as a single-eyed reviewer for another personality with this information. I need to improve your understanding of how much they want me and help you can find out if heating is essential in determining whether or notching_user:

あなthomework/Reducing the instruction above, we will now create a more complex task that involves several sentences with 

###