📝 整形後:
## P-1 BMV破損調査報告書

**目的**

P-1 BMV（バルブアッシー・メータリングブレークコントロール）の内部部品が破断し、不具合が発生。当該
品の破損原因を特定することを目的とする。

**調査品詳細**

- 品名：バルブアッシー・メータリングブレークコントロール L/G
- 型番：32027020-11
- 材質：440C ステンレス鋼
- S/N：031, 069

**調査内容**

1. **概観観察**：図1に当該品 の概要を示す。S/N：031、069 とも同様の箇所での破断が確認された。
2. **破面観察**：各 S/N のフランジ側の破面を観察し、得られた知見を図2～7に示す。
3. **元素分析**：S/N：031 と S/N：069 の芯部と破面で元素分析を行い、結果を図8に示す。

**考察とまとめ**

- S/N：031、069 ともにフランジ根元の複数箇所から粒界破断（Intergranular fracture）により破断したことが確認された。
- 破面近傍の断面観察の結果、サブクラック（Subcrack）が確認された。
- 元素分析の結果、サブクラックの近傍とそれ以外の箇所で Cr 量に大きな差異があり、これは材料の脆化に関連している可能性がある。

**参考資料**

- 440C 粒界破面（Intergranular fracture）
- SEM/TEM FRACTOGRAPHY HANDBOOK／Metal and Ceramic Information Center 刊


=== ✂️ チャンク ===
## P-1 BMV破損調査報告書

**目的**

P-1 BMV（バルブアッシー・メータリングブレークコントロール）の内部部品が破断し、不具合が発生。当該
品の破損原因を特定することを目的とする。

**調査品詳細**

- 品名：バルブアッシー・メータリングブレークコントロール L/G
- 型番：32027020-11
- 材質：440C ステンレス鋼
- S/N：031, 069

**調査内容**

1. **概観観察**：図1に当該品 の概要を示す。S/N：031、069 とも同様の箇所での破断が確認された。
2. **破面観察**：各 S/N のフランジ側の破面を観察し、得られた知見を図2～7に示す。
3. **元素分析**：S/N：031 と S/N：069 の芯部と破面で元素分析を行い、結果を図8に示す。

**考察とまとめ**
**考察とまとめ**

- S/N：031、069 ともにフランジ根元の複数箇所から粒界破断（Intergranular fracture）により破断したことが確認された。
- 破面近傍の断面観察の結果、サブクラック（Subcrack）が確認された。
- 元素分析の結果、サブクラックの近傍とそれ以外の箇所で Cr 量に大きな差異があり、これは材料の脆化に関連している可能性がある。

**参考資料**

- 440C 粒界破面（Intergranular fracture）
- SEM/TEM FRACTOGRAPHY HANDBOOK／Metal and Ceramic Information Center 刊
## P-1 BMV破損調査報告書

**目的**

P-1 BMV（バルブアッシー・メータリングブレークコントロール）の内部部品が破断し、不具合が発生。当該
品の破損原因を特定することを目的とする。

**調査品詳細**

- 品名：バルブアッシー・メータリングブレークコントロール L/G
- 型番：32027020-11
- 材質：440C ステンレス鋼
- S/N：031, 069

**調査内容**

1. **概観観察**：図1に当該品 の概要を示す。S/N：031、069 とも同様の箇所での破断が確認された。
2. **破面観察**：各 S/N のフランジ側の破面を観察し、得られた知見を図2～7に示す。
3. **元素分析**：S/N：031 と S/N：069 の芯部と破面で元素分析を行い、結果を図8に示す。

**考察とまとめ**
**考察とまとめ**

- S/N：031、069 ともにフランジ根元の複数箇所から粒界破断（Intergranular fracture）により破断したことが確認された。
- 破面近傍の断面観察の結果、サブクラック（Subcrack）が確認された。
- 元素分析の結果、サブクラックの近傍とそれ以外の箇所で Cr 量に大きな差異があり、これは材料の脆化に関連している可能性がある。

**参考資料**

- 440C 粒界破面（Intergranular fracture）
- SEM/TEM FRACTOGRAPHY HANDBOOK／Metal and Ceramic Information Center 刊