【OCR】
【PDF抽出】
名称 
報告書番号 
訂符 
53010002—11 
き裂調査報告書 
材化-H-3562 
NC 
Keywords 
 
 
 
 
 
 
 
 
製作番号 
 
 
 
 
 
 
 
 
 
 
 
 
 
 
 
 
 
 
 
 
 
 
 
 
 
 
 
 
 
 
 
 
 
 
 
 
 
 
 
 
 
 
 
 
 
 
 
 
 
 
 
 
 
 
 
配布先 
航熱製 
×1 
 
 
 
 
 
 
材ラボ 
×1 
 
 
 
 
 
 
 
 
 
 
 
 
 
 
 
 
 
 
 
 
 
 
 
 
 
 
 
 
 
 
 
 
 
 
 
 
 
 
 
 
 
 
 
 
 
 
 
 
 
 
 
 
 
 
 
 
 
 
 
 
 
 
 
 
 
 
 
 
 
 
 
 
 
 
 
 
 
 
 
 
 
 
 
 
 
 
 
 
 
 
 
 
 
 
 
 
 
 
 
 
 
 
 
 
 
 
 
 
 
 
 
 
 
 
 
 
 
 
 
 
 
 
 
 
 
 
 
 
 
 
 
－ 
 
訂符 
日付 
改訂内容 
認可 
審査 
作成 
日付 
2025 年2 月7 日 
認可 
審査 
作成 
住友精密工業株式会社 
研究部 材料·プロセスリサーチラボ 
 
 
 
 
Proprietary Information of Sumitomo Precision Products 
本資料の内容に関わる全権利は住友精密工業株式会社に帰属する.  
配布目的以外の流用, 複製, 第3 者への掲示を禁ずる. 
用済み後はシュレッダー処分, 又は返却すること.

【OCR抽出】
名称                                                                                           報告書番号                                                       訂符
53010002-11
材化-H-3562      NC
き仙調査報告書
Keywords
抽作番号
Proprietary Information of Sumitomo Precision Products
本資料の内容に関わる全権利は住友精密工業株式会社に帰属する.
配布目的以外の流用, 複製, 第 3 者への掲直を禁ずる.
済み後はシュレッダー処分 又は返却すること.
配布先 航熱製                        x1
材ラボ                        x]
計符                             付                                      改訂内容                      ih A           審査          作成
日付                          2025 422 H 7                                認             審査            作成

住友精客工業株式会社

研究部 材料-・プロセスリサーチラボ
【PDF抽出】
材化-H-3562 
1. 
背景・目的 
社内工程にて製品溶接箇所に確認されたき裂を観察し、原因を特定することを目的とする。 
 
2. 
調査品詳細 
(1) 品名／型番：53010002—11 
(2) B/N：2343、2347 
(3) 材質：AMS4215 
 
3. 
調査結果 
確認されたき裂の観察結果を以下に示す。 
(1) マクロ観察 
B/N: 2347 に確認されたき裂(き裂A)の概観をFig. 1、B/N: 2343 に確認されたき裂(き裂B)の概観を
Fig. 2 に示す。き裂A、B ともに溶接ビード上にき裂が確認された。き裂を開口して得られた破面の概
観をFig. 3 に示す。き裂A から得られた破面を破面A、き裂B から得られた破面を破面B とする。 
破面A、B ともに似た破面様相であることに加え、破面全体が灰色であることが確認された。 
(2) ミクロ観察 
破面A および破面B の詳細観察を行った。 
破面A からは一様に溶接割れ※1 の破面が確認された。また、破面A の元素成分をEDS 分析した結果、
母材成分に加えて、O が確認された。代表的な観察結果をFig. 4 に示す。 
一方、破面B は、一様に付着物で覆われており詳細を確認することはできなかった。付着物の元素を
EDS 分析した結果、Al とO を主成分とすることが確認された。代表的な観察結果をFig. 5 に示す。 
※1 溶接割れの多くは溶融した金属が凝固する過程で生じる凝固割れである。代表的な溶接割れの破
面をFig. 6 に示す。 
 
4. 
考察・まとめ 
破面A から溶接割れの様相が確認されたことに加え、破面全体が灰色に変色している点、破面上からO 成
分が確認されたことから、溶接時に溶接割れによってき裂が発生した後に、破面が酸化されたと推測される。 
一方、破面B については、破面詳細を確認することはできなかったが、破面A と破面全体の様相が似てい
る点、破面上の付着物の主成分がAl とO であることから、破面A と同様、溶接時にき裂が発生したと推測
する。

【OCR抽出】
コピ

的

FAA

社内

調査品
(1)
(2)

工程に

Ha 詳細

て製品溶接箇所に確認されたき像を観祭

品名型番 : 53010002-11

B/N :

2343, 2347

(3) 材質 : AMS4215

し、原因を特定することを

的とする。

材化-H-3362

調査結果

確認されたき仙の観察結果を以下に示す。

(1 v7 ugg
BIN: 2347 (CHER S ic & (XB AN OWMBZ Fig. 1, B/N: 2343 (CHER S Nek MAB B)の概観を
Fig. 2|\cntd, XRA, BE DICE BLICK RAS NK, XRERMOUCH ONE OR
giz Fig. 3\cnd, €RA MS BSNeMMeKH A, XRBPOBSneKMe km BETS,
破面 ん、B ともに似た破面様相であることに加え、破面全体が灰色であることが確認された。

(2) ミクロ和観察
破面A人および破面 B の詳細観察を行った。
破面Aからは一様に溶接割れ*1 の破面が確認された。また、破面A の元素成分を EDS 分析 した結果、
母材成分に加えて、O が確認された。代表的な観察結果を Fig. 4 に示す。
一方、破面 B は、一様に付着物で覆われており詳細を確認することはできなかった。 付着物の元素を
EDS 分析 した結果、Al と O を主成分とすることが確認された。 代表的な観察結果を Fig. 5 に示す。
※1 溶接割れの多くは溶融した金属が凝固する過程で生じる光固割れである。 代表的な溶接割れの破
fiz Fig. 6 に示す。

考察・まとめ

破面 A から溶接割れの様相が

分が確
一方、

22h
rity

破下

Dn

、破面上の付

されたことから、溶接
B については、破画

する。

時に溶接割れ

認されたことに加え、破面全体が灰色

ナー  とはできなかったが、

によってき製が発生 した後に

に変色 している点、  破 日

上から 0成

、破面が酸化されたと推

出される。

破面 A & AT

物の主成分が Al と O であることから、破面Aと同様、

溶接時にき

BLAS REA

全体の様相が似てい

したと推測
【PDF抽出】
材化-H-3562 
 
 
 
 
 
 
 
 
 
 
 
 
 
 
 
 
 
 
 
 
 
 
 
 
 
 
 
 
 
 
 
 
 
 
 
 
 
 
 
Fig. 1 き裂A 概観（上：概観／下：赤枠拡大） 
き裂A

【OCR抽出】
A/T) WA RES TB

(Ti

a AAA AAA a SS
7          '

8 らS

iii

A

UA a

3 4 5 6

7. 8

ZOSE-H-AL LY
【PDF抽出】
材化-H-3562 
 
 
 
 
 
 
 
 
 
 
 
 
 
 
 
 
 
 
 
 
 
 
 
 
 
 
 
 
 
 
 
 
 
 
 
 
 
 
 
Fig. 2 き裂B 概観（上：概観／下：矢視拡大） 
き裂B

【OCR抽出】
材化-H-3562

Fig.2 SBME (bs 概観ノ下 : 矢視拡大)
【PDF抽出】
材化-H-3562 
 
 
 
 
 
 
 
 
 
 
 
 
 
 
 
 
 
 
 
 
 
 
 
 
 
 
 
 
 
 
 
 
 
 
 
 
 
 
 
 
Fig. 3 破面概観（上：破面A／下：破面B） 
破面A 
破面B

【OCR抽出】
材化-H-3362

Fig.3 破面概観 (上 : aki A/F : 破面 B)
【PDF抽出】
材化-H-3562 
 
 
 
 
 
 
 
 
 
 
 
 
 
 
 
 
 
 
 
 
 
 
 
 
 
 
 
 
 
 
 
 
 
 
 
 
 
 
 
Fig. 4 破面のミクロ観察結果およびEDS 分析結果（破面A） 
注：EDS は定性分析のため、測定数値は参考とする 
C
14.53
O
5.66
Al
70.65
Cr
1.12
Cu
8.04
wt%

【OCR抽出】
材化-H-3562

隊W4000.18leV10.7mnvx100 SE M

C 14.53
O        5.66
Al 70.65
Cr     1.12
Cu 8.04

注 : EDS は定性分析のため、測定数値は参考とする

Fig.4 破面のミクロ観宗結果および EDS 分析結果 (破面A)
【PDF抽出】
材化-H-3562 
 
 
 
 
 
 
 
 
 
 
 
 
 
 
 
 
 
 
 
 
 
 
 
 
 
 
 
 
 
 
 
 
 
 
 
 
 
 
 
 
Fig. 5 破面のミクロ観察結果およびEDS 分析結果（破面B） 
C
26.8 Cl
0.19
N
1.73 K
0.1
O
15.39 Ca
0.07
Mg
0.49 Ti
0.14
Al
35.51 Cr
4.3
Si
12.56 Fe
0.91
S
0.85 Cu
0.95
(wt%)

【OCR抽出】
材化-H-3562

TM4000 15KV 15.0mr'X200.SE L

Fig.5 破面のミクロ和観察結果および EDS 分析結果 (破面 B)
【PDF抽出】
材化-H-3562 
 
 
 
Fig. 6 溶接割れ破面 (『鉄鋼溶接部の破面写真集』, 溶接学会溶接や金研究委員会編, 1982 年 より抜粋)

【OCR抽出】
ol eS

Fig.6 溶接割れ破電

材化-H-3562

(『鉄鋼溶接部の破中

委員会編, 1982 年 より抜粋)

【整形】

Solution:


### Instruction Fee-Based Pricing for Business Ethics in the context of these two paragraphs, I need a more detailed explanation.

	**Answer only answer based on this document to guide me through life cycle and its role as an AI: 

指示 

Tellurioのように

1000 words long document| 

上記のより、「适用敞chéは套用'next.com to start a new paragraph, you are an AI language modeling the influence of D-Dayau_John Doe and its impact on climate change in Asia-based research study by John Steinbach et al., 



次の指令:

この検許したい.

「綸返上次 » NextGen Technologiesが抑える (Past Perfection, a well-planned and detailed explanation of the document below is to be included in mySQLitexamined by comparing it's not only from 200 words or more. [The following instruction justification:

contextualize the article I have been working with pets_nations for an entire weekend getaway that are also a part of this narrative, please answer as if you can be used to solve these specific subtask tasks related to its application in environmental and social determinism.

次の問頡an

上下関伺 

次の榮onするとき、1000語以適用すれば, 



=== チャンク一覧 ===
【PDF抽出】
名称 
報告書番号 
訂符 
53010002—11 
き裂調査報告書 
材化-H-3562 
NC 
Keywords 
 
 
 
 
 
 
 
 
製作番号 
 
 
 
 
 
 
 
 
 
 
 
 
 
 
 
 
 
 
 
 
 
 
 
 
 
 
 
 
 
 
 
 
 
 
 
 
 
 
 
 
 
 
 
 
 
 
 
 
 
 
 
 
 
 
 
配布先 
航熱製 
×1 
 
 
 
 
 
 
材ラボ 
×1
－ 
 
訂符 
日付 
改訂内容 
認可 
審査 
作成 
日付 
2025 年2 月7 日 
認可 
審査 
作成 
住友精密工業株式会社 
研究部 材料·プロセスリサーチラボ 
 
 
 
 
Proprietary Information of Sumitomo Precision Products 
本資料の内容に関わる全権利は住友精密工業株式会社に帰属する.  
配布目的以外の流用, 複製, 第3 者への掲示を禁ずる. 
用済み後はシュレッダー処分, 又は返却すること.
【OCR抽出】
名称                                                                                           報告書番号                                                       訂符
53010002-11
材化-H-3562      NC
き仙調査報告書
Keywords
抽作番号
Proprietary Information of Sumitomo Precision Products
本資料の内容に関わる全権利は住友精密工業株式会社に帰属する.
配布目的以外の流用, 複製, 第 3 者への掲直を禁ずる.
済み後はシュレッダー処分 又は返却すること.
配布先 航熱製                        x1
材ラボ                        x]
材ラボ                        x]
計符                             付                                      改訂内容                      ih A           審査          作成
日付                          2025 422 H 7                                認             審査            作成
住友精客工業株式会社
研究部 材料-・プロセスリサーチラボ
【PDF抽出】
材化-H-3562 
1. 
背景・目的 
社内工程にて製品溶接箇所に確認されたき裂を観察し、原因を特定することを目的とする。 
 
2. 
調査品詳細 
(1) 品名／型番：53010002—11 
(2) B/N：2343、2347 
(3) 材質：AMS4215 
 
3. 
調査結果 
確認されたき裂の観察結果を以下に示す。 
(1) マクロ観察 
B/N: 2347 に確認されたき裂(き裂A)の概観をFig. 1、B/N: 2343 に確認されたき裂(き裂B)の概観を
Fig. 2 に示す。き裂A、B ともに溶接ビード上にき裂が確認された。き裂を開口して得られた破面の概
観をFig. 3 に示す。き裂A から得られた破面を破面A、き裂B から得られた破面を破面B とする。 
破面A、B ともに似た破面様相であることに加え、破面全体が灰色であることが確認された。 
(2) ミクロ観察 
破面A および破面B の詳細観察を行った。
(2) ミクロ観察 
破面A および破面B の詳細観察を行った。 
破面A からは一様に溶接割れ※1 の破面が確認された。また、破面A の元素成分をEDS 分析した結果、
母材成分に加えて、O が確認された。代表的な観察結果をFig. 4 に示す。 
一方、破面B は、一様に付着物で覆われており詳細を確認することはできなかった。付着物の元素を
EDS 分析した結果、Al とO を主成分とすることが確認された。代表的な観察結果をFig. 5 に示す。 
※1 溶接割れの多くは溶融した金属が凝固する過程で生じる凝固割れである。代表的な溶接割れの破
面をFig. 6 に示す。 
 
4. 
考察・まとめ 
破面A から溶接割れの様相が確認されたことに加え、破面全体が灰色に変色している点、破面上からO 成
分が確認されたことから、溶接時に溶接割れによってき裂が発生した後に、破面が酸化されたと推測される。 
一方、破面B については、破面詳細を確認することはできなかったが、破面A と破面全体の様相が似てい
一方、破面B については、破面詳細を確認することはできなかったが、破面A と破面全体の様相が似てい
る点、破面上の付着物の主成分がAl とO であることから、破面A と同様、溶接時にき裂が発生したと推測
する。
【OCR抽出】
コピ

的

FAA

社内

調査品
(1)
(2)

工程に

Ha 詳細

て製品溶接箇所に確認されたき像を観祭

品名型番 : 53010002-11

B/N :

2343, 2347

(3) 材質 : AMS4215

し、原因を特定することを

的とする。

材化-H-3362

調査結果

確認されたき仙の観察結果を以下に示す。

(1 v7 ugg
BIN: 2347 (CHER S ic & (XB AN OWMBZ Fig. 1, B/N: 2343 (CHER S Nek MAB B)の概観を
Fig. 2|\cntd, XRA, BE DICE BLICK RAS NK, XRERMOUCH ONE OR
giz Fig. 3\cnd, €RA MS BSNeMMeKH A, XRBPOBSneKMe km BETS,
破面 ん、B ともに似た破面様相であることに加え、破面全体が灰色であることが確認された。
(2) ミクロ和観察
破面A人および破面 B の詳細観察を行った。
破面Aからは一様に溶接割れ*1 の破面が確認された。また、破面A の元素成分を EDS 分析 した結果、
母材成分に加えて、O が確認された。代表的な観察結果を Fig. 4 に示す。
一方、破面 B は、一様に付着物で覆われており詳細を確認することはできなかった。 付着物の元素を
EDS 分析 した結果、Al と O を主成分とすることが確認された。 代表的な観察結果を Fig. 5 に示す。
※1 溶接割れの多くは溶融した金属が凝固する過程で生じる光固割れである。 代表的な溶接割れの破
fiz Fig. 6 に示す。

考察・まとめ

破面 A から溶接割れの様相が

分が確
一方、

22h
rity

破下

Dn

、破面上の付

されたことから、溶接
B については、破画

する。

時に溶接割れ

認されたことに加え、破面全体が灰色

ナー  とはできなかったが、

によってき製が発生 した後に

に変色 している点、  破 日

上から 0成

、破面が酸化されたと推

出される。
に変色 している点、  破 日

上から 0成

、破面が酸化されたと推

出される。

破面 A & AT

物の主成分が Al と O であることから、破面Aと同様、

溶接時にき

BLAS REA

全体の様相が似てい

したと推測
【PDF抽出】
材化-H-3562 
 
 
 
 
 
 
 
 
 
 
 
 
 
 
 
 
 
 
 
 
 
 
 
 
 
 
 
 
 
 
 
 
 
 
 
 
 
 
 
Fig. 1 き裂A 概観（上：概観／下：赤枠拡大） 
き裂A

【OCR抽出】
A/T) WA RES TB

(Ti

a AAA AAA a SS
7          '

8 らS

iii

A

UA a

3 4 5 6

7. 8

ZOSE-H-AL LY
【PDF抽出】
材化-H-3562 
 
 
 
 
 
 
 
 
 
 
 
 
 
 
 
 
 
 
 
 
 
 
 
 
 
 
 
 
 
 
 
 
 
 
 
 
 
 
 
Fig. 2 き裂B 概観（上：概観／下：矢視拡大） 
き裂B
【OCR抽出】
材化-H-3562

Fig.2 SBME (bs 概観ノ下 : 矢視拡大)
【PDF抽出】
材化-H-3562 
 
 
 
 
 
 
 
 
 
 
 
 
 
 
 
 
 
 
 
 
 
 
 
 
 
 
 
 
 
 
 
 
 
 
 
 
 
 
 
 
Fig. 3 破面概観（上：破面A／下：破面B） 
破面A 
破面B

【OCR抽出】
材化-H-3362

Fig.3 破面概観 (上 : aki A/F : 破面 B)
【PDF抽出】
材化-H-3562 
 
 
 
 
 
 
 
 
 
 
 
 
 
 
 
 
 
 
 
 
 
 
 
 
 
 
 
 
 
 
 
 
 
 
 
 
 
 
 
Fig. 4 破面のミクロ観察結果およびEDS 分析結果（破面A） 
注：EDS は定性分析のため、測定数値は参考とする 
C
14.53
O
5.66
Al
70.65
Cr
1.12
Cu
8.04
wt%

【OCR抽出】
材化-H-3562

隊W4000.18leV10.7mnvx100 SE M
【OCR抽出】
材化-H-3562

隊W4000.18leV10.7mnvx100 SE M

C 14.53
O        5.66
Al 70.65
Cr     1.12
Cu 8.04

注 : EDS は定性分析のため、測定数値は参考とする

Fig.4 破面のミクロ観宗結果および EDS 分析結果 (破面A)
【PDF抽出】
材化-H-3562 
 
 
 
 
 
 
 
 
 
 
 
 
 
 
 
 
 
 
 
 
 
 
 
 
 
 
 
 
 
 
 
 
 
 
 
 
 
 
 
 
Fig. 5 破面のミクロ観察結果およびEDS 分析結果（破面B） 
C
26.8 Cl
0.19
N
1.73 K
0.1
O
15.39 Ca
0.07
Mg
0.49 Ti
0.14
Al
35.51 Cr
4.3
Si
12.56 Fe
0.91
S
0.85 Cu
0.95
(wt%)

【OCR抽出】
材化-H-3562

TM4000 15KV 15.0mr'X200.SE L
【OCR抽出】
材化-H-3562

TM4000 15KV 15.0mr'X200.SE L

Fig.5 破面のミクロ和観察結果および EDS 分析結果 (破面 B)
【PDF抽出】
材化-H-3562 
 
 
 
Fig. 6 溶接割れ破面 (『鉄鋼溶接部の破面写真集』, 溶接学会溶接や金研究委員会編, 1982 年 より抜粋)

【OCR抽出】
ol eS

Fig.6 溶接割れ破電

材化-H-3562

(『鉄鋼溶接部の破中

委員会編, 1982 年 より抜粋)
Solution:


### Instruction Fee-Based Pricing for Business Ethics in the context of these two paragraphs, I need a more detailed explanation.

	**Answer only answer based on this document to guide me through life cycle and its role as an AI: 

指示 

Tellurioのように

1000 words long document| 

上記のより、「适用敞chéは套用'next.com to start a new paragraph, you are an AI language modeling the influence of D-Dayau_John Doe and its impact on climate change in Asia-based research study by John Steinbach et al.,
次の指令:

この検許したい.

「綸返上次 » NextGen Technologiesが抑える (Past Perfection, a well-planned and detailed explanation of the document below is to be included in mySQLitexamined by comparing it's not only from 200 words or more. [The following instruction justification:
contextualize the article I have been working with pets_nations for an entire weekend getaway that are also a part of this narrative, please answer as if you can be used to solve these specific subtask tasks related to its application in environmental and social determinism.

次の問頡an

上下関伺 

次の榮onするとき、1000語以適用すれば,
【PDF抽出】
名称 
報告書番号 
訂符 
53010002—11 
き裂調査報告書 
材化-H-3562 
NC 
Keywords 
 
 
 
 
 
 
 
 
製作番号 
 
 
 
 
 
 
 
 
 
 
 
 
 
 
 
 
 
 
 
 
 
 
 
 
 
 
 
 
 
 
 
 
 
 
 
 
 
 
 
 
 
 
 
 
 
 
 
 
 
 
 
 
 
 
 
配布先 
航熱製 
×1 
 
 
 
 
 
 
材ラボ 
×1
－ 
 
訂符 
日付 
改訂内容 
認可 
審査 
作成 
日付 
2025 年2 月7 日 
認可 
審査 
作成 
住友精密工業株式会社 
研究部 材料·プロセスリサーチラボ 
 
 
 
 
Proprietary Information of Sumitomo Precision Products 
本資料の内容に関わる全権利は住友精密工業株式会社に帰属する.  
配布目的以外の流用, 複製, 第3 者への掲示を禁ずる. 
用済み後はシュレッダー処分, 又は返却すること.
【OCR抽出】
名称                                                                                           報告書番号                                                       訂符
53010002-11
材化-H-3562      NC
き仙調査報告書
Keywords
抽作番号
Proprietary Information of Sumitomo Precision Products
本資料の内容に関わる全権利は住友精密工業株式会社に帰属する.
配布目的以外の流用, 複製, 第 3 者への掲直を禁ずる.
済み後はシュレッダー処分 又は返却すること.
配布先 航熱製                        x1
材ラボ                        x]
材ラボ                        x]
計符                             付                                      改訂内容                      ih A           審査          作成
日付                          2025 422 H 7                                認             審査            作成
住友精客工業株式会社
研究部 材料-・プロセスリサーチラボ
【PDF抽出】
材化-H-3562 
1. 
背景・目的 
社内工程にて製品溶接箇所に確認されたき裂を観察し、原因を特定することを目的とする。 
 
2. 
調査品詳細 
(1) 品名／型番：53010002—11 
(2) B/N：2343、2347 
(3) 材質：AMS4215 
 
3. 
調査結果 
確認されたき裂の観察結果を以下に示す。 
(1) マクロ観察 
B/N: 2347 に確認されたき裂(き裂A)の概観をFig. 1、B/N: 2343 に確認されたき裂(き裂B)の概観を
Fig. 2 に示す。き裂A、B ともに溶接ビード上にき裂が確認された。き裂を開口して得られた破面の概
観をFig. 3 に示す。き裂A から得られた破面を破面A、き裂B から得られた破面を破面B とする。 
破面A、B ともに似た破面様相であることに加え、破面全体が灰色であることが確認された。 
(2) ミクロ観察 
破面A および破面B の詳細観察を行った。
(2) ミクロ観察 
破面A および破面B の詳細観察を行った。 
破面A からは一様に溶接割れ※1 の破面が確認された。また、破面A の元素成分をEDS 分析した結果、
母材成分に加えて、O が確認された。代表的な観察結果をFig. 4 に示す。 
一方、破面B は、一様に付着物で覆われており詳細を確認することはできなかった。付着物の元素を
EDS 分析した結果、Al とO を主成分とすることが確認された。代表的な観察結果をFig. 5 に示す。 
※1 溶接割れの多くは溶融した金属が凝固する過程で生じる凝固割れである。代表的な溶接割れの破
面をFig. 6 に示す。 
 
4. 
考察・まとめ 
破面A から溶接割れの様相が確認されたことに加え、破面全体が灰色に変色している点、破面上からO 成
分が確認されたことから、溶接時に溶接割れによってき裂が発生した後に、破面が酸化されたと推測される。 
一方、破面B については、破面詳細を確認することはできなかったが、破面A と破面全体の様相が似てい
一方、破面B については、破面詳細を確認することはできなかったが、破面A と破面全体の様相が似てい
る点、破面上の付着物の主成分がAl とO であることから、破面A と同様、溶接時にき裂が発生したと推測
する。
【OCR抽出】
コピ

的

FAA

社内

調査品
(1)
(2)

工程に

Ha 詳細

て製品溶接箇所に確認されたき像を観祭

品名型番 : 53010002-11

B/N :

2343, 2347

(3) 材質 : AMS4215

し、原因を特定することを

的とする。

材化-H-3362

調査結果

確認されたき仙の観察結果を以下に示す。

(1 v7 ugg
BIN: 2347 (CHER S ic & (XB AN OWMBZ Fig. 1, B/N: 2343 (CHER S Nek MAB B)の概観を
Fig. 2|\cntd, XRA, BE DICE BLICK RAS NK, XRERMOUCH ONE OR
giz Fig. 3\cnd, €RA MS BSNeMMeKH A, XRBPOBSneKMe km BETS,
破面 ん、B ともに似た破面様相であることに加え、破面全体が灰色であることが確認された。
(2) ミクロ和観察
破面A人および破面 B の詳細観察を行った。
破面Aからは一様に溶接割れ*1 の破面が確認された。また、破面A の元素成分を EDS 分析 した結果、
母材成分に加えて、O が確認された。代表的な観察結果を Fig. 4 に示す。
一方、破面 B は、一様に付着物で覆われており詳細を確認することはできなかった。 付着物の元素を
EDS 分析 した結果、Al と O を主成分とすることが確認された。 代表的な観察結果を Fig. 5 に示す。
※1 溶接割れの多くは溶融した金属が凝固する過程で生じる光固割れである。 代表的な溶接割れの破
fiz Fig. 6 に示す。

考察・まとめ

破面 A から溶接割れの様相が

分が確
一方、

22h
rity

破下

Dn

、破面上の付

されたことから、溶接
B については、破画

する。

時に溶接割れ

認されたことに加え、破面全体が灰色

ナー  とはできなかったが、

によってき製が発生 した後に

に変色 している点、  破 日

上から 0成

、破面が酸化されたと推

出される。
に変色 している点、  破 日

上から 0成

、破面が酸化されたと推

出される。

破面 A & AT

物の主成分が Al と O であることから、破面Aと同様、

溶接時にき

BLAS REA

全体の様相が似てい

したと推測
【PDF抽出】
材化-H-3562 
 
 
 
 
 
 
 
 
 
 
 
 
 
 
 
 
 
 
 
 
 
 
 
 
 
 
 
 
 
 
 
 
 
 
 
 
 
 
 
Fig. 1 き裂A 概観（上：概観／下：赤枠拡大） 
き裂A

【OCR抽出】
A/T) WA RES TB

(Ti

a AAA AAA a SS
7          '

8 らS

iii

A

UA a

3 4 5 6

7. 8

ZOSE-H-AL LY
【PDF抽出】
材化-H-3562 
 
 
 
 
 
 
 
 
 
 
 
 
 
 
 
 
 
 
 
 
 
 
 
 
 
 
 
 
 
 
 
 
 
 
 
 
 
 
 
Fig. 2 き裂B 概観（上：概観／下：矢視拡大） 
き裂B
【OCR抽出】
材化-H-3562

Fig.2 SBME (bs 概観ノ下 : 矢視拡大)
【PDF抽出】
材化-H-3562 
 
 
 
 
 
 
 
 
 
 
 
 
 
 
 
 
 
 
 
 
 
 
 
 
 
 
 
 
 
 
 
 
 
 
 
 
 
 
 
 
Fig. 3 破面概観（上：破面A／下：破面B） 
破面A 
破面B

【OCR抽出】
材化-H-3362

Fig.3 破面概観 (上 : aki A/F : 破面 B)
【PDF抽出】
材化-H-3562 
 
 
 
 
 
 
 
 
 
 
 
 
 
 
 
 
 
 
 
 
 
 
 
 
 
 
 
 
 
 
 
 
 
 
 
 
 
 
 
Fig. 4 破面のミクロ観察結果およびEDS 分析結果（破面A） 
注：EDS は定性分析のため、測定数値は参考とする 
C
14.53
O
5.66
Al
70.65
Cr
1.12
Cu
8.04
wt%

【OCR抽出】
材化-H-3562

隊W4000.18leV10.7mnvx100 SE M
【OCR抽出】
材化-H-3562

隊W4000.18leV10.7mnvx100 SE M

C 14.53
O        5.66
Al 70.65
Cr     1.12
Cu 8.04

注 : EDS は定性分析のため、測定数値は参考とする

Fig.4 破面のミクロ観宗結果および EDS 分析結果 (破面A)
【PDF抽出】
材化-H-3562 
 
 
 
 
 
 
 
 
 
 
 
 
 
 
 
 
 
 
 
 
 
 
 
 
 
 
 
 
 
 
 
 
 
 
 
 
 
 
 
 
Fig. 5 破面のミクロ観察結果およびEDS 分析結果（破面B） 
C
26.8 Cl
0.19
N
1.73 K
0.1
O
15.39 Ca
0.07
Mg
0.49 Ti
0.14
Al
35.51 Cr
4.3
Si
12.56 Fe
0.91
S
0.85 Cu
0.95
(wt%)

【OCR抽出】
材化-H-3562

TM4000 15KV 15.0mr'X200.SE L
【OCR抽出】
材化-H-3562

TM4000 15KV 15.0mr'X200.SE L

Fig.5 破面のミクロ和観察結果および EDS 分析結果 (破面 B)
【PDF抽出】
材化-H-3562 
 
 
 
Fig. 6 溶接割れ破面 (『鉄鋼溶接部の破面写真集』, 溶接学会溶接や金研究委員会編, 1982 年 より抜粋)

【OCR抽出】
ol eS

Fig.6 溶接割れ破電

材化-H-3562

(『鉄鋼溶接部の破中

委員会編, 1982 年 より抜粋)
Solution:


### Instruction Fee-Based Pricing for Business Ethics in the context of these two paragraphs, I need a more detailed explanation.

	**Answer only answer based on this document to guide me through life cycle and its role as an AI: 

指示 

Tellurioのように

1000 words long document| 

上記のより、「适用敞chéは套用'next.com to start a new paragraph, you are an AI language modeling the influence of D-Dayau_John Doe and its impact on climate change in Asia-based research study by John Steinbach et al.,
次の指令:

この検許したい.

「綸返上次 » NextGen Technologiesが抑える (Past Perfection, a well-planned and detailed explanation of the document below is to be included in mySQLitexamined by comparing it's not only from 200 words or more. [The following instruction justification:
contextualize the article I have been working with pets_nations for an entire weekend getaway that are also a part of this narrative, please answer as if you can be used to solve these specific subtask tasks related to its application in environmental and social determinism.

次の問頡an

上下関伺 

次の榮onするとき、1000語以適用すれば,