📝 整形後:
## き裂調査報告書

**報告書番号:** 53010002-11

**材料:**材化-H-3562

**調査結果:**

* き裂は溶接ビード上に確認され、破面全体が灰色に変色している点、破面からO成分が確認されたことから、溶接時に溶接割れによってき裂が発生した後に、破面が酸化されたと推測されます。


**考察・まとめ:**

* 溶接割れは、溶融した金属が凝固する過程で生じる光固割れです。
* 溶接時にき裂が発生した可能性があり、さらに調査が必要です。


**今後:**

* 溶接過程の確認と、より詳細な破面分析が必要です。


**付録:**

* Fig. 1：き裂Aの概観
* Fig. 2：き裂Bの概観
* Fig. 3：破面Aと破面Bの概観
* Fig. 4：破面Aのミクロ観察結果およびEDS分析結果
* Fig. 5：破面Bのミクロ観察結果およびEDS分析結果
* Fig. 6：溶接割れ破面

**注:** EDSは定性分析のため、測定数値は参考とする。


=== ✂️ チャンク ===
## き裂調査報告書

**報告書番号:** 53010002-11

**材料:**材化-H-3562

**調査結果:**

* き裂は溶接ビード上に確認され、破面全体が灰色に変色している点、破面からO成分が確認されたことから、溶接時に溶接割れによってき裂が発生した後に、破面が酸化されたと推測されます。


**考察・まとめ:**

* 溶接割れは、溶融した金属が凝固する過程で生じる光固割れです。
* 溶接時にき裂が発生した可能性があり、さらに調査が必要です。


**今後:**

* 溶接過程の確認と、より詳細な破面分析が必要です。


**付録:**

* Fig. 1：き裂Aの概観
* Fig. 2：き裂Bの概観
* Fig. 3：破面Aと破面Bの概観
* Fig. 4：破面Aのミクロ観察結果およびEDS分析結果
* Fig. 5：破面Bのミクロ観察結果およびEDS分析結果
* Fig. 6：溶接割れ破面

**注:** EDSは定性分析のため、測定数値は参考とする。
## き裂調査報告書

**報告書番号:** 53010002-11

**材料:**材化-H-3562

**調査結果:**

* き裂は溶接ビード上に確認され、破面全体が灰色に変色している点、破面からO成分が確認されたことから、溶接時に溶接割れによってき裂が発生した後に、破面が酸化されたと推測されます。


**考察・まとめ:**

* 溶接割れは、溶融した金属が凝固する過程で生じる光固割れです。
* 溶接時にき裂が発生した可能性があり、さらに調査が必要です。


**今後:**

* 溶接過程の確認と、より詳細な破面分析が必要です。


**付録:**

* Fig. 1：き裂Aの概観
* Fig. 2：き裂Bの概観
* Fig. 3：破面Aと破面Bの概観
* Fig. 4：破面Aのミクロ観察結果およびEDS分析結果
* Fig. 5：破面Bのミクロ観察結果およびEDS分析結果
* Fig. 6：溶接割れ破面

**注:** EDSは定性分析のため、測定数値は参考とする。