📝 整形後:
## ワイヤ破損調査報告書

**報告書番号:** [報告書番号]

**訂符:** [訂符]

**対象：** F-2 Engine Driven Pump ワイヤ破損

**調査目的:**

ユーザーにて当該ワイヤの破損が発生しており、社内にて原因調査を進めている。原因調査で実施した再現試験にて破断したワイヤを観察し、破壊様相を確認することを目的とする。

**調査品詳細:**

* 型番：MS2095C20
* 材質：CRES302 もしくは304 ASTM A580/580M Condition.A


**調査結果:**

* 再現試験供試体と破損した部位の概観を Fig.1 に示す。部位1 と部位3 に破断が確認された。
* 部位1 と部位3 の概観を Fig.2 に示す。2 本のワイヤを捻って使用しており、それぞれワイヤ2本とも破断していることが確認された。
* 各ワイヤの破面を観察した。各破面は疲労破壊の様相を示しており、起点は粒内破壊を示していることが確認された。

**まとめ:**

以上の結果から、部位1、部位3 ともに疲労破壊によって破断したものと考える。起点には当てキズや腐食などき裂発生の原因となる因子は確認されなかったことから、一般的な疲労破壊によって破断したものと考える。


**図表:**

* Fig.1: 試験供試体と破断部位
* Fig.2: 破断部位概観 (上：部位1、下：部位3)
* Fig.3: 人破面観察結果 (部位1)
* Fig.4: 人破面観察結果 (部位 3)


=== ✂️ チャンク ===
## ワイヤ破損調査報告書

**報告書番号:** [報告書番号]

**訂符:** [訂符]

**対象：** F-2 Engine Driven Pump ワイヤ破損

**調査目的:**

ユーザーにて当該ワイヤの破損が発生しており、社内にて原因調査を進めている。原因調査で実施した再現試験にて破断したワイヤを観察し、破壊様相を確認することを目的とする。

**調査品詳細:**

* 型番：MS2095C20
* 材質：CRES302 もしくは304 ASTM A580/580M Condition.A


**調査結果:**

* 再現試験供試体と破損した部位の概観を Fig.1 に示す。部位1 と部位3 に破断が確認された。
* 部位1 と部位3 の概観を Fig.2 に示す。2 本のワイヤを捻って使用しており、それぞれワイヤ2本とも破断していることが確認された。
* 各ワイヤの破面を観察した。各破面は疲労破壊の様相を示しており、起点は粒内破壊を示していることが確認された。

**まとめ:**
**まとめ:**

以上の結果から、部位1、部位3 ともに疲労破壊によって破断したものと考える。起点には当てキズや腐食などき裂発生の原因となる因子は確認されなかったことから、一般的な疲労破壊によって破断したものと考える。


**図表:**

* Fig.1: 試験供試体と破断部位
* Fig.2: 破断部位概観 (上：部位1、下：部位3)
* Fig.3: 人破面観察結果 (部位1)
* Fig.4: 人破面観察結果 (部位 3)
## ワイヤ破損調査報告書

**報告書番号:** [報告書番号]

**訂符:** [訂符]

**対象：** F-2 Engine Driven Pump ワイヤ破損

**調査目的:**

ユーザーにて当該ワイヤの破損が発生しており、社内にて原因調査を進めている。原因調査で実施した再現試験にて破断したワイヤを観察し、破壊様相を確認することを目的とする。

**調査品詳細:**

* 型番：MS2095C20
* 材質：CRES302 もしくは304 ASTM A580/580M Condition.A


**調査結果:**

* 再現試験供試体と破損した部位の概観を Fig.1 に示す。部位1 と部位3 に破断が確認された。
* 部位1 と部位3 の概観を Fig.2 に示す。2 本のワイヤを捻って使用しており、それぞれワイヤ2本とも破断していることが確認された。
* 各ワイヤの破面を観察した。各破面は疲労破壊の様相を示しており、起点は粒内破壊を示していることが確認された。

**まとめ:**
**まとめ:**

以上の結果から、部位1、部位3 ともに疲労破壊によって破断したものと考える。起点には当てキズや腐食などき裂発生の原因となる因子は確認されなかったことから、一般的な疲労破壊によって破断したものと考える。


**図表:**

* Fig.1: 試験供試体と破断部位
* Fig.2: 破断部位概観 (上：部位1、下：部位3)
* Fig.3: 人破面観察結果 (部位1)
* Fig.4: 人破面観察結果 (部位 3)