【OCR】
【PDF抽出】
名称 
報告書番号 
訂符 
ラプチャー試験片 破面観察報告書 
材化-H-3577 
A 
Keywords 
 
 
 
 
 
 
 
 
製作番号 
 
 
 
 
 
 
 
 
 
 
 
 
 
 
 
 
 
 
 
 
 
 
 
 
 
 
 
 
 
 
 
 
 
 
 
 
 
 
 
 
 
 
 
 
 
 
 
 
 
 
 
 
 
 
 
配布先 
航生技 
×1 
 
 
 
 
 
 
材ラボ 
×1 
 
 
 
 
 
 
 
 
 
 
 
 
 
 
 
 
 
 
 
 
 
 
 
 
 
 
 
 
 
 
 
 
 
 
 
 
 
 
 
 
 
 
 
 
 
 
 
 
 
 
 
 
 
 
 
 
 
 
 
 
 
 
 
 
 
 
 
 
 
 
 
 
 
 
 
 
 
 
 
 
 
 
 
 
 
 
 
 
 
 
 
 
 
 
 
 
 
 
 
 
 
 
 
 
 
 
 
 
 
 
 
 
 
 
 
 
 
 
 
 
 
 
 
 
 
 
 
A 
2025/6/9 
全面改訂 
 
－ 
 
訂符 
日付 
改訂内容 
認可 
審査 
作成 
日付 
2025 年5 月27 日 
認可 
審査 
作成 
住友精密工業株式会社 
研究部 材料·プロセスリサーチラボ 
中務 
‐ 
中務 
 
Proprietary Information of Sumitomo Precision Products 
本資料の内容に関わる全権利は住友精密工業株式会社に帰属する.  
配布目的以外の流用, 複製, 第3 者への掲示を禁ずる. 
用済み後はシュレッダー処分, 又は返却すること.

【OCR抽出】
名称

報告書番旋

ラブプチャー試験片 破面観察報告書           材化-H-3377

Keywords

ea

Proprietary Information of Sumitomo Precision Products

本資料の内容に関わる全権利は住友精密工業株式会社に帰属する.
配布目的以外の流用, 複製, 第 3 者への掲示を禁ずる.
済み後はシュレッダー処分 又は返却すること.

配布先 航生技                   x]
材ラボ                   x1

A                2025/6/9                      全面改訂

計符                               付

作成

日付                   2025 年3 月 27                        fis A

wo                                               Bc AE

作成

住友精客工業株式会社

研究部 材料-・プロセスリサーチラボ

中務

中務
【PDF抽出】
材化-H-3577A 
1. 
目的 
工程管理試験中に破断したラプチャー試験片2 本の破面観察を行うことを目的とする。 
 
2. 
材質等 
4340 鋼 
 
3. 
観察結果 
破断した破面（破面Ⅰ、破面Ⅱ）の観察結果は以下のとおり。 
(1) マクロ観察 
破面Ⅰおよび破面Ⅱの概観をFig.1～2 に示す。破面Ⅰ、Ⅱとも同様の様相であることが確認された。 
破面端部に赤茶色の変色箇所が複数確認され、そこからき裂が進展し、破断に至ったことが確認された。 
(2) ミクロ観察 
様相が同じであることから破面Ⅰを電子顕微鏡（SEM）およびEDS にてミクロ観察・分析を行った。
得られた知見は以下のとおり。 
 
き裂の起点となった赤茶色の領域からは、共通して粒界破壊が確認された。また、面分析の結果、
周囲よりも高い酸素成分が検出された。代表的な観察結果をFig.3～6 に示す。 
 
それ以外の箇所からは一様にディンプルが確認され、延性破壊であることが確認された。代表的な
観察結果をFig.7 に示す。

【OCR抽出】
材化-H-3577A

工程管理試験中に破断したラプチャー試験片 2 本の破面観祭を行うことを目的とする。

4340 鋼

観察結果
破断した破面 (破面 I 、破面) の観察結果は以下のとおり。
(1) マクロ和観察
破面 1 #5 Oe OMe Fig1~2 に示す。破面 T 、ILとも同様の様相であることが確認された。
破面端部に赤茶色の変色箇所が複数確認され、そこからき像が進展 し、破断に至ったことが確認された。
(2) ミ   ae
様相が同じであることから破面 I を電子顕微鏡 (SEM) および EDS (CCI 7 BBR + DHT OR.
得られた知見は以下のとおり。
・ 。き像の起点となった赤茶色の領域からは、共通して粒界破壊が確認された。また、面分析の結果、
周囲よりも高い酸素成分が検出された。代表的な観察結果を Fig.3~6 に示す。
・ 。 それ以外の箇所からは一様にディンプルが確認され、 延性破壊でやることが確認された。代表的な
観察結果を Fig.7 に示す。
【PDF抽出】
材化-H-3577A 
 
 
 
 
 
 
 
 
 
 
 
 
 
 
 
 
 
 
 
 
・・ 
 
 
 
 
 
 
 
 
 
Fig.1 破面Ⅰ概観（赤マル：変色箇所） 
 
 
 
き裂進展方向 
A 
B 
C

【OCR抽出】
[Sly

ACS) TBH TEL

(1B a) Si

VLLSE-H-AV Ky
【PDF抽出】
材化-H-3577A 
 
 
 
 
 
 
 
 
 
 
 
 
 
 
 
 
 
 
 
 
 
 
 
 
 
 
 
 
 
 
 
 
 
 
 
Fig.2 破面Ⅱ概観

【OCR抽出】
Te 7ST

にいい
mi
2

Pa

dp  .

dy

—*%

fy
A

:
”

し

:       AS
SASSER
ES RES でい

VLLSE-H-AV Ky
【PDF抽出】
材化-H-3577A 
 
 
 
 
 
 
 
 
 
 
 
 
 
 
 
 
 
 
 
 
 
 
 
 
 
 
 
 
 
 
 
 
 
 
 
 
 
 
 
Fig.3 A 部分観察結果 
（上：SEM 観察結果、下：面分析結果）

【OCR抽出】
材化-H-3577A

TN400o.15RMZ9rhm

el

O Kal

Pa             Cr Kal

250um

Fig.3 A部分観察結果
(上 : SEM 観察結果、 : 面分析結果)
【PDF抽出】
材化-H-3577A 
 
 
 
 
 
 
 
 
 
 
 
 
 
 
 
 
 
 
 
 
 
 
 
 
 
 
 
 
 
 
 
 
 
 
 
 
 
Fig.4 EDS 分析結果
質量 %
C
10.21
O
11.07
Si
0.32
Cr
1.18
Mn
0.63
Fe
75.36
Ni
1.24
分析箇所

【OCR抽出】
材化-H-3577A

Ce eee we PR MF scotan'

el

Fig.4 EDS 分析結果
【PDF抽出】
材化-H-3577A 
 
 
 
 
 
 
 
 
 
 
 
 
 
 
 
 
 
 
 
 
 
 
 
 
 
 
 
 
 
 
 
 
 
 
 
 
 
 
 
 
Fig.5 B 部分観察結果 
（上：SEM 観察結果、下：面分析結果）

【OCR抽出】
材化-H-3577A

FM4000 35kV7.9mm X30                      100um

電子画像 12

Fig.5 B部分観
(上 : SEM 観察結果、下 : 面分析結果)
【PDF抽出】
材化-H-3577A 
 
 
 
 
 
 
 
 
 
 
 
 
 
 
 
 
 
 
質量 %
C
13.19
O
31.45
Si
0.3
Cr
2.87
Mn
0.5
Fe
50.77
Ni
0.91
 
 
 
 
 
Fig.6 EDS 分析結果
分析箇所

【OCR抽出】
材化-H-3577A

Fig.6 EDS 分析結果
【PDF抽出】
材化-H-3577A 
 
 
 
 
 
 
 
 
 
 
 
 
 
 
 
 
 
 
 
 
 
 
 
 
 
 
 
 
 
 
 
 
Fig.7 C 部分観察結果（SEM 観察結果）

【OCR抽出】
材化-H-3577A

Fig.7 C 部分観察結果 (SEM 観祭結果)

【整形】

**Solution:**

> 
次のプロJOUR - Instruction 

指令1を検词を用いてくだ__|end of instruction.py



次に関数, how do I need to use a Python code snippet that could be done in the contextually corrects for youtuberize an article on myelinated_dna sequences between 

**Solution:** Yes/Noise Reduction Strategy Beta-lazy?",

「Sherlock.ai

=== チャンク一覧 ===
【PDF抽出】
名称 
報告書番号 
訂符 
ラプチャー試験片 破面観察報告書 
材化-H-3577 
A 
Keywords 
 
 
 
 
 
 
 
 
製作番号 
 
 
 
 
 
 
 
 
 
 
 
 
 
 
 
 
 
 
 
 
 
 
 
 
 
 
 
 
 
 
 
 
 
 
 
 
 
 
 
 
 
 
 
 
 
 
 
 
 
 
 
 
 
 
 
配布先 
航生技 
×1 
 
 
 
 
 
 
材ラボ 
×1 
 
 
 
 
 
 
 
 
 
 
 
 
 
 
 
 
 
 
 
 
 
 
 
 
 
 
 
 
 
 
 
 
 
 
 
 
 
 
 
 
 
 
 
 
 
 
 
 
 
 
 
 
 
 
 
 
 
 
 
 
 
 
 
 
 
 
 
 
 
 
 
 
 
 
 
 
 
 
 
 
 
 
 
 
 
 
 
 
 
 
 
 
 
 
 
 
 
 
 
 
 
 
 
 
 
 
 
 
 
 
 
 
 
 
 
 
 
 
 
 
 
 
 
 
 
 
 
A 
2025/6/9
A 
2025/6/9 
全面改訂 
 
－ 
 
訂符 
日付 
改訂内容 
認可 
審査 
作成 
日付 
2025 年5 月27 日 
認可 
審査 
作成 
住友精密工業株式会社 
研究部 材料·プロセスリサーチラボ 
中務 
‐ 
中務 
 
Proprietary Information of Sumitomo Precision Products 
本資料の内容に関わる全権利は住友精密工業株式会社に帰属する.  
配布目的以外の流用, 複製, 第3 者への掲示を禁ずる. 
用済み後はシュレッダー処分, 又は返却すること.
【OCR抽出】
名称

報告書番旋

ラブプチャー試験片 破面観察報告書           材化-H-3377

Keywords

ea

Proprietary Information of Sumitomo Precision Products

本資料の内容に関わる全権利は住友精密工業株式会社に帰属する.
配布目的以外の流用, 複製, 第 3 者への掲示を禁ずる.
済み後はシュレッダー処分 又は返却すること.

配布先 航生技                   x]
材ラボ                   x1

A                2025/6/9                      全面改訂

計符                               付

作成

日付                   2025 年3 月 27                        fis A

wo                                               Bc AE

作成

住友精客工業株式会社
作成

住友精客工業株式会社

研究部 材料-・プロセスリサーチラボ

中務
研究部 材料-・プロセスリサーチラボ

中務

中務
【PDF抽出】
材化-H-3577A 
1. 
目的 
工程管理試験中に破断したラプチャー試験片2 本の破面観察を行うことを目的とする。 
 
2. 
材質等 
4340 鋼 
 
3. 
観察結果 
破断した破面（破面Ⅰ、破面Ⅱ）の観察結果は以下のとおり。 
(1) マクロ観察 
破面Ⅰおよび破面Ⅱの概観をFig.1～2 に示す。破面Ⅰ、Ⅱとも同様の様相であることが確認された。 
破面端部に赤茶色の変色箇所が複数確認され、そこからき裂が進展し、破断に至ったことが確認された。 
(2) ミクロ観察 
様相が同じであることから破面Ⅰを電子顕微鏡（SEM）およびEDS にてミクロ観察・分析を行った。
得られた知見は以下のとおり。 
 
き裂の起点となった赤茶色の領域からは、共通して粒界破壊が確認された。また、面分析の結果、
周囲よりも高い酸素成分が検出された。代表的な観察結果をFig.3～6 に示す。 
 
それ以外の箇所からは一様にディンプルが確認され、延性破壊であることが確認された。代表的な
観察結果をFig.7 に示す。
【OCR抽出】
材化-H-3577A

工程管理試験中に破断したラプチャー試験片 2 本の破面観祭を行うことを目的とする。

4340 鋼
観察結果
破断した破面 (破面 I 、破面) の観察結果は以下のとおり。
(1) マクロ和観察
破面 1 #5 Oe OMe Fig1~2 に示す。破面 T 、ILとも同様の様相であることが確認された。
破面端部に赤茶色の変色箇所が複数確認され、そこからき像が進展 し、破断に至ったことが確認された。
(2) ミ   ae
様相が同じであることから破面 I を電子顕微鏡 (SEM) および EDS (CCI 7 BBR + DHT OR.
得られた知見は以下のとおり。
・ 。き像の起点となった赤茶色の領域からは、共通して粒界破壊が確認された。また、面分析の結果、
周囲よりも高い酸素成分が検出された。代表的な観察結果を Fig.3~6 に示す。
・ 。 それ以外の箇所からは一様にディンプルが確認され、 延性破壊でやることが確認された。代表的な
観察結果を Fig.7 に示す。
【PDF抽出】
材化-H-3577A 
 
 
 
 
 
 
 
 
 
 
 
 
 
 
 
 
 
 
 
 
・・ 
 
 
 
 
 
 
 
 
 
Fig.1 破面Ⅰ概観（赤マル：変色箇所）
・・ 
 
 
 
 
 
 
 
 
 
Fig.1 破面Ⅰ概観（赤マル：変色箇所） 
 
 
 
き裂進展方向 
A 
B 
C
【OCR抽出】
[Sly

ACS) TBH TEL

(1B a) Si

VLLSE-H-AV Ky
【PDF抽出】
材化-H-3577A 
 
 
 
 
 
 
 
 
 
 
 
 
 
 
 
 
 
 
 
 
 
 
 
 
 
 
 
 
 
 
 
 
 
 
 
Fig.2 破面Ⅱ概観

【OCR抽出】
Te 7ST

にいい
mi
2

Pa

dp  .

dy

—*%

fy
A

:
”

し

:       AS
SASSER
ES RES でい

VLLSE-H-AV Ky
【PDF抽出】
材化-H-3577A 
 
 
 
 
 
 
 
 
 
 
 
 
 
 
 
 
 
 
 
 
 
 
 
 
 
 
 
 
 
 
 
 
 
 
 
 
 
 
 
Fig.3 A 部分観察結果 
（上：SEM 観察結果、下：面分析結果）

【OCR抽出】
材化-H-3577A

TN400o.15RMZ9rhm

el

O Kal

Pa             Cr Kal

250um
el

O Kal

Pa             Cr Kal

250um

Fig.3 A部分観察結果
(上 : SEM 観察結果、 : 面分析結果)
【PDF抽出】
材化-H-3577A 
 
 
 
 
 
 
 
 
 
 
 
 
 
 
 
 
 
 
 
 
 
 
 
 
 
 
 
 
 
 
 
 
 
 
 
 
 
Fig.4 EDS 分析結果
質量 %
C
10.21
O
11.07
Si
0.32
Cr
1.18
Mn
0.63
Fe
75.36
Ni
1.24
分析箇所

【OCR抽出】
材化-H-3577A

Ce eee we PR MF scotan'

el

Fig.4 EDS 分析結果
【PDF抽出】
材化-H-3577A 
 
 
 
 
 
 
 
 
 
 
 
 
 
 
 
 
 
 
 
 
 
 
 
 
 
 
 
 
 
 
 
 
 
 
 
 
 
 
 
 
Fig.5 B 部分観察結果 
（上：SEM 観察結果、下：面分析結果）

【OCR抽出】
材化-H-3577A
【OCR抽出】
材化-H-3577A

FM4000 35kV7.9mm X30                      100um

電子画像 12

Fig.5 B部分観
(上 : SEM 観察結果、下 : 面分析結果)
【PDF抽出】
材化-H-3577A 
 
 
 
 
 
 
 
 
 
 
 
 
 
 
 
 
 
 
質量 %
C
13.19
O
31.45
Si
0.3
Cr
2.87
Mn
0.5
Fe
50.77
Ni
0.91
 
 
 
 
 
Fig.6 EDS 分析結果
分析箇所

【OCR抽出】
材化-H-3577A

Fig.6 EDS 分析結果
【PDF抽出】
材化-H-3577A 
 
 
 
 
 
 
 
 
 
 
 
 
 
 
 
 
 
 
 
 
 
 
 
 
 
 
 
 
 
 
 
 
Fig.7 C 部分観察結果（SEM 観察結果）

【OCR抽出】
材化-H-3577A

Fig.7 C 部分観察結果 (SEM 観祭結果)
**Solution:**

> 
次のプロJOUR - Instruction 

指令1を検词を用いてくだ__|end of instruction.py



次に関数, how do I need to use a Python code snippet that could be done in the contextually corrects for youtuberize an article on myelinated_dna sequences between 

**Solution:** Yes/Noise Reduction Strategy Beta-lazy?",

「Sherlock.ai
【PDF抽出】
名称 
報告書番号 
訂符 
ラプチャー試験片 破面観察報告書 
材化-H-3577 
A 
Keywords 
 
 
 
 
 
 
 
 
製作番号 
 
 
 
 
 
 
 
 
 
 
 
 
 
 
 
 
 
 
 
 
 
 
 
 
 
 
 
 
 
 
 
 
 
 
 
 
 
 
 
 
 
 
 
 
 
 
 
 
 
 
 
 
 
 
 
配布先 
航生技 
×1 
 
 
 
 
 
 
材ラボ 
×1 
 
 
 
 
 
 
 
 
 
 
 
 
 
 
 
 
 
 
 
 
 
 
 
 
 
 
 
 
 
 
 
 
 
 
 
 
 
 
 
 
 
 
 
 
 
 
 
 
 
 
 
 
 
 
 
 
 
 
 
 
 
 
 
 
 
 
 
 
 
 
 
 
 
 
 
 
 
 
 
 
 
 
 
 
 
 
 
 
 
 
 
 
 
 
 
 
 
 
 
 
 
 
 
 
 
 
 
 
 
 
 
 
 
 
 
 
 
 
 
 
 
 
 
 
 
 
 
A 
2025/6/9
A 
2025/6/9 
全面改訂 
 
－ 
 
訂符 
日付 
改訂内容 
認可 
審査 
作成 
日付 
2025 年5 月27 日 
認可 
審査 
作成 
住友精密工業株式会社 
研究部 材料·プロセスリサーチラボ 
中務 
‐ 
中務 
 
Proprietary Information of Sumitomo Precision Products 
本資料の内容に関わる全権利は住友精密工業株式会社に帰属する.  
配布目的以外の流用, 複製, 第3 者への掲示を禁ずる. 
用済み後はシュレッダー処分, 又は返却すること.
【OCR抽出】
名称

報告書番旋

ラブプチャー試験片 破面観察報告書           材化-H-3377

Keywords

ea

Proprietary Information of Sumitomo Precision Products

本資料の内容に関わる全権利は住友精密工業株式会社に帰属する.
配布目的以外の流用, 複製, 第 3 者への掲示を禁ずる.
済み後はシュレッダー処分 又は返却すること.

配布先 航生技                   x]
材ラボ                   x1

A                2025/6/9                      全面改訂

計符                               付

作成

日付                   2025 年3 月 27                        fis A

wo                                               Bc AE

作成

住友精客工業株式会社
作成

住友精客工業株式会社

研究部 材料-・プロセスリサーチラボ

中務
研究部 材料-・プロセスリサーチラボ

中務

中務
【PDF抽出】
材化-H-3577A 
1. 
目的 
工程管理試験中に破断したラプチャー試験片2 本の破面観察を行うことを目的とする。 
 
2. 
材質等 
4340 鋼 
 
3. 
観察結果 
破断した破面（破面Ⅰ、破面Ⅱ）の観察結果は以下のとおり。 
(1) マクロ観察 
破面Ⅰおよび破面Ⅱの概観をFig.1～2 に示す。破面Ⅰ、Ⅱとも同様の様相であることが確認された。 
破面端部に赤茶色の変色箇所が複数確認され、そこからき裂が進展し、破断に至ったことが確認された。 
(2) ミクロ観察 
様相が同じであることから破面Ⅰを電子顕微鏡（SEM）およびEDS にてミクロ観察・分析を行った。
得られた知見は以下のとおり。 
 
き裂の起点となった赤茶色の領域からは、共通して粒界破壊が確認された。また、面分析の結果、
周囲よりも高い酸素成分が検出された。代表的な観察結果をFig.3～6 に示す。 
 
それ以外の箇所からは一様にディンプルが確認され、延性破壊であることが確認された。代表的な
観察結果をFig.7 に示す。
【OCR抽出】
材化-H-3577A

工程管理試験中に破断したラプチャー試験片 2 本の破面観祭を行うことを目的とする。

4340 鋼
観察結果
破断した破面 (破面 I 、破面) の観察結果は以下のとおり。
(1) マクロ和観察
破面 1 #5 Oe OMe Fig1~2 に示す。破面 T 、ILとも同様の様相であることが確認された。
破面端部に赤茶色の変色箇所が複数確認され、そこからき像が進展 し、破断に至ったことが確認された。
(2) ミ   ae
様相が同じであることから破面 I を電子顕微鏡 (SEM) および EDS (CCI 7 BBR + DHT OR.
得られた知見は以下のとおり。
・ 。き像の起点となった赤茶色の領域からは、共通して粒界破壊が確認された。また、面分析の結果、
周囲よりも高い酸素成分が検出された。代表的な観察結果を Fig.3~6 に示す。
・ 。 それ以外の箇所からは一様にディンプルが確認され、 延性破壊でやることが確認された。代表的な
観察結果を Fig.7 に示す。
【PDF抽出】
材化-H-3577A 
 
 
 
 
 
 
 
 
 
 
 
 
 
 
 
 
 
 
 
 
・・ 
 
 
 
 
 
 
 
 
 
Fig.1 破面Ⅰ概観（赤マル：変色箇所）
・・ 
 
 
 
 
 
 
 
 
 
Fig.1 破面Ⅰ概観（赤マル：変色箇所） 
 
 
 
き裂進展方向 
A 
B 
C
【OCR抽出】
[Sly

ACS) TBH TEL

(1B a) Si

VLLSE-H-AV Ky
【PDF抽出】
材化-H-3577A 
 
 
 
 
 
 
 
 
 
 
 
 
 
 
 
 
 
 
 
 
 
 
 
 
 
 
 
 
 
 
 
 
 
 
 
Fig.2 破面Ⅱ概観

【OCR抽出】
Te 7ST

にいい
mi
2

Pa

dp  .

dy

—*%

fy
A

:
”

し

:       AS
SASSER
ES RES でい

VLLSE-H-AV Ky
【PDF抽出】
材化-H-3577A 
 
 
 
 
 
 
 
 
 
 
 
 
 
 
 
 
 
 
 
 
 
 
 
 
 
 
 
 
 
 
 
 
 
 
 
 
 
 
 
Fig.3 A 部分観察結果 
（上：SEM 観察結果、下：面分析結果）

【OCR抽出】
材化-H-3577A

TN400o.15RMZ9rhm

el

O Kal

Pa             Cr Kal

250um
el

O Kal

Pa             Cr Kal

250um

Fig.3 A部分観察結果
(上 : SEM 観察結果、 : 面分析結果)
【PDF抽出】
材化-H-3577A 
 
 
 
 
 
 
 
 
 
 
 
 
 
 
 
 
 
 
 
 
 
 
 
 
 
 
 
 
 
 
 
 
 
 
 
 
 
Fig.4 EDS 分析結果
質量 %
C
10.21
O
11.07
Si
0.32
Cr
1.18
Mn
0.63
Fe
75.36
Ni
1.24
分析箇所

【OCR抽出】
材化-H-3577A

Ce eee we PR MF scotan'

el

Fig.4 EDS 分析結果
【PDF抽出】
材化-H-3577A 
 
 
 
 
 
 
 
 
 
 
 
 
 
 
 
 
 
 
 
 
 
 
 
 
 
 
 
 
 
 
 
 
 
 
 
 
 
 
 
 
Fig.5 B 部分観察結果 
（上：SEM 観察結果、下：面分析結果）

【OCR抽出】
材化-H-3577A
【OCR抽出】
材化-H-3577A

FM4000 35kV7.9mm X30                      100um

電子画像 12

Fig.5 B部分観
(上 : SEM 観察結果、下 : 面分析結果)
【PDF抽出】
材化-H-3577A 
 
 
 
 
 
 
 
 
 
 
 
 
 
 
 
 
 
 
質量 %
C
13.19
O
31.45
Si
0.3
Cr
2.87
Mn
0.5
Fe
50.77
Ni
0.91
 
 
 
 
 
Fig.6 EDS 分析結果
分析箇所

【OCR抽出】
材化-H-3577A

Fig.6 EDS 分析結果
【PDF抽出】
材化-H-3577A 
 
 
 
 
 
 
 
 
 
 
 
 
 
 
 
 
 
 
 
 
 
 
 
 
 
 
 
 
 
 
 
 
Fig.7 C 部分観察結果（SEM 観察結果）

【OCR抽出】
材化-H-3577A

Fig.7 C 部分観察結果 (SEM 観祭結果)
**Solution:**

> 
次のプロJOUR - Instruction 

指令1を検词を用いてくだ__|end of instruction.py



次に関数, how do I need to use a Python code snippet that could be done in the contextually corrects for youtuberize an article on myelinated_dna sequences between 

**Solution:** Yes/Noise Reduction Strategy Beta-lazy?",

「Sherlock.ai