📝 整形後:
## ラプチャー試験片破面観察報告書

**目的**

ラプチャー試験片2本を工程管理試験中に破断し、破面を観察する。

**材質等**

* Materiel: 4340 鋼

**観察結果**

**1. マクロ観察**

* 破面Ⅰ、Ⅱとも同様の様相であることが確認。
* 破面端部に赤茶色の変色箇所が複数確認され、そこからき裂が進展し、破断に至ったことが確認。

**2. ミクロ観察**

* SEMおよびEDSを使用して、破面Ⅰの観察・分析を行った。
* き裂の起点となった赤茶色の領域からは、共通して粒界破壊が確認された。また、面分析の結果、周囲よりも高い酸素成分が検出された。

**得られた知見**

* き裂の起点となった赤茶色の領域は、粒界破壊の発生と関連していることが確認された。
* それ以外の箇所からは一様にディンプルが確認され、延性破壊であることが確認された。

**その他**

* 図1～6は、それぞれ破面Ⅰ、Ⅱ、C部分の観察結果を掲載。


=== ✂️ チャンク ===
## ラプチャー試験片破面観察報告書

**目的**

ラプチャー試験片2本を工程管理試験中に破断し、破面を観察する。

**材質等**

* Materiel: 4340 鋼

**観察結果**

**1. マクロ観察**

* 破面Ⅰ、Ⅱとも同様の様相であることが確認。
* 破面端部に赤茶色の変色箇所が複数確認され、そこからき裂が進展し、破断に至ったことが確認。

**2. ミクロ観察**

* SEMおよびEDSを使用して、破面Ⅰの観察・分析を行った。
* き裂の起点となった赤茶色の領域からは、共通して粒界破壊が確認された。また、面分析の結果、周囲よりも高い酸素成分が検出された。

**得られた知見**

* き裂の起点となった赤茶色の領域は、粒界破壊の発生と関連していることが確認された。
* それ以外の箇所からは一様にディンプルが確認され、延性破壊であることが確認された。

**その他**

* 図1～6は、それぞれ破面Ⅰ、Ⅱ、C部分の観察結果を掲載。
## ラプチャー試験片破面観察報告書

**目的**

ラプチャー試験片2本を工程管理試験中に破断し、破面を観察する。

**材質等**

* Materiel: 4340 鋼

**観察結果**

**1. マクロ観察**

* 破面Ⅰ、Ⅱとも同様の様相であることが確認。
* 破面端部に赤茶色の変色箇所が複数確認され、そこからき裂が進展し、破断に至ったことが確認。

**2. ミクロ観察**

* SEMおよびEDSを使用して、破面Ⅰの観察・分析を行った。
* き裂の起点となった赤茶色の領域からは、共通して粒界破壊が確認された。また、面分析の結果、周囲よりも高い酸素成分が検出された。

**得られた知見**

* き裂の起点となった赤茶色の領域は、粒界破壊の発生と関連していることが確認された。
* それ以外の箇所からは一様にディンプルが確認され、延性破壊であることが確認された。

**その他**

* 図1～6は、それぞれ破面Ⅰ、Ⅱ、C部分の観察結果を掲載。