【OCR】
【PDF抽出】
報告書番号: 材化-H-3577 
日付: 2025 年5 月27 日 
名称 
ラプチャー試験片破面観察報告書 
 
研究部 材料・プロセスリサーチラボ 
 
認可 
審査 
作成 
製作番号 
 
 
 
 
 
Keywords 
水素脆化 
4340 
 
 
 
 
 
 
 
 
配布先: 材ラボ×1 航生技×1 
 
1. 
目的 
工程管理試験中に破断したラプチャー試験片の破面観察することを目的とする。 
 
2. 
材質等 
材質：ASTM F519 TYPE 1a.1（4340 鋼） 
 
3. 
観察結果 
観察結果をFig.1～2 に示す。粒界破壊を起点として破壊の進展が確認された。破面の様相や試験
環境から、当該破壊は水素脆化破壊をきっかけとするものと考える。 
 
 
 
 
 
Proprietary Information of Sumitomo Precision Products 
本資料の内容に関わる全権利は住友精密工業株式会社に帰属する. 
配布目的以外の流用, 複製, 第3 者への掲示を禁ずる. 
用済み後はシュレッダー処分, 又は返却すること.

【OCR抽出】
報告書番号: 材化-H-3377
日付: 2025 年 $ 月 27 日

研究部 材料・プロセスリサーチラボ

名称      ラプチャー試験片破面観祭報告書

ar     審査     作成
a

Keywords                   水素脆化                          4340

Proprietary Information of Sumitomo Precision Products

本資料の内容に関わる全権利は住友精密工業株式会社に帰属する.
配布目的以外の流用, 複製 第 3 者への掲示を禁ずる.

用済み後はシュレッダー処分, 又は返電すること.

配布先. 材ラボ※1 航生技メ1

1.  的
工程管理試験中に破断したラブプチャー試験片の破面観察することを目的とする。

2. 材質等
材質 : ASTM F519 TYPE 1a.1 (4340 iil)

3. 観察結果
観宗結果を Tig.1て2 に示す。粒界破壊を起点として破壊の進展が確認された。破面の様相や試験
環境から、当該破壊は水素脆化破壊をきっかけとするものと考える。
【PDF抽出】
破面概観 
 
 
 
 
 
 
 
 
 
 
 
 
 
 
                               上記赤枠拡大 
 
 
 
 
 
 
 
 
 
 
 
 
 
 
 
 
 
 
 
 
Fig.1 破面観察結果 
 
 
き裂進展方向 
B 
A 
A

【OCR抽出】
破面概観

上記赤枠拡大

TM4000 15kV.7.9mm x50 SE M                                         - 1.00mm

Fig.1 Weim eles ii
【PDF抽出】
A 部拡大 
 
 
 
 
 
 
 
 
 
 
 
 
 
 
                                B 部拡大 
                         
 
 
 
 
 
 
 
 
 
 
 
 
 
 
 
 
 
 
 
Fig.2 破面観察結果

【OCR抽出】
A 部拡大

Twa000 #5kV-7.9mrmx500 SE M

B 部拡大

TM4000 15kV 7.9mm x250'SE M

Fig.2 破面観察結果

【整形】

- 著作用的にお目択 submitted by the other three mainstream media out of these two articles. The given text provided, I've noticed that when a person named "EcoVision" and its anatomy (i.deeprobability=True|enduser

あえるとい

=== チャンク一覧 ===
【PDF抽出】
報告書番号: 材化-H-3577 
日付: 2025 年5 月27 日 
名称 
ラプチャー試験片破面観察報告書 
 
研究部 材料・プロセスリサーチラボ 
 
認可 
審査 
作成 
製作番号 
 
 
 
 
 
Keywords 
水素脆化 
4340 
 
 
 
 
 
 
 
 
配布先: 材ラボ×1 航生技×1 
 
1. 
目的 
工程管理試験中に破断したラプチャー試験片の破面観察することを目的とする。 
 
2. 
材質等 
材質：ASTM F519 TYPE 1a.1（4340 鋼） 
 
3. 
観察結果 
観察結果をFig.1～2 に示す。粒界破壊を起点として破壊の進展が確認された。破面の様相や試験
環境から、当該破壊は水素脆化破壊をきっかけとするものと考える。 
 
 
 
 
 
Proprietary Information of Sumitomo Precision Products 
本資料の内容に関わる全権利は住友精密工業株式会社に帰属する. 
配布目的以外の流用, 複製, 第3 者への掲示を禁ずる.
配布目的以外の流用, 複製, 第3 者への掲示を禁ずる. 
用済み後はシュレッダー処分, 又は返却すること.
【OCR抽出】
報告書番号: 材化-H-3377
日付: 2025 年 $ 月 27 日

研究部 材料・プロセスリサーチラボ

名称      ラプチャー試験片破面観祭報告書

ar     審査     作成
a

Keywords                   水素脆化                          4340

Proprietary Information of Sumitomo Precision Products

本資料の内容に関わる全権利は住友精密工業株式会社に帰属する.
配布目的以外の流用, 複製 第 3 者への掲示を禁ずる.

用済み後はシュレッダー処分, 又は返電すること.

配布先. 材ラボ※1 航生技メ1

1.  的
工程管理試験中に破断したラブプチャー試験片の破面観察することを目的とする。

2. 材質等
材質 : ASTM F519 TYPE 1a.1 (4340 iil)
2. 材質等
材質 : ASTM F519 TYPE 1a.1 (4340 iil)

3. 観察結果
観宗結果を Tig.1て2 に示す。粒界破壊を起点として破壊の進展が確認された。破面の様相や試験
環境から、当該破壊は水素脆化破壊をきっかけとするものと考える。
【PDF抽出】
破面概観 
 
 
 
 
 
 
 
 
 
 
 
 
 
 
                               上記赤枠拡大 
 
 
 
 
 
 
 
 
 
 
 
 
 
 
 
 
 
 
 
 
Fig.1 破面観察結果 
 
 
き裂進展方向 
B 
A 
A

【OCR抽出】
破面概観

上記赤枠拡大

TM4000 15kV.7.9mm x50 SE M                                         - 1.00mm
Fig.1 Weim eles ii
【PDF抽出】
A 部拡大 
 
 
 
 
 
 
 
 
 
 
 
 
 
 
                                B 部拡大 
                         
 
 
 
 
 
 
 
 
 
 
 
 
 
 
 
 
 
 
 
Fig.2 破面観察結果

【OCR抽出】
A 部拡大

Twa000 #5kV-7.9mrmx500 SE M

B 部拡大

TM4000 15kV 7.9mm x250'SE M

Fig.2 破面観察結果
- 著作用的にお目択 submitted by the other three mainstream media out of these two articles. The given text provided, I've noticed that when a person named "EcoVision" and its anatomy (i.deeprobability=True|enduser

あえるとい
【PDF抽出】
報告書番号: 材化-H-3577 
日付: 2025 年5 月27 日 
名称 
ラプチャー試験片破面観察報告書 
 
研究部 材料・プロセスリサーチラボ 
 
認可 
審査 
作成 
製作番号 
 
 
 
 
 
Keywords 
水素脆化 
4340 
 
 
 
 
 
 
 
 
配布先: 材ラボ×1 航生技×1 
 
1. 
目的 
工程管理試験中に破断したラプチャー試験片の破面観察することを目的とする。 
 
2. 
材質等 
材質：ASTM F519 TYPE 1a.1（4340 鋼） 
 
3. 
観察結果 
観察結果をFig.1～2 に示す。粒界破壊を起点として破壊の進展が確認された。破面の様相や試験
環境から、当該破壊は水素脆化破壊をきっかけとするものと考える。 
 
 
 
 
 
Proprietary Information of Sumitomo Precision Products 
本資料の内容に関わる全権利は住友精密工業株式会社に帰属する. 
配布目的以外の流用, 複製, 第3 者への掲示を禁ずる.
配布目的以外の流用, 複製, 第3 者への掲示を禁ずる. 
用済み後はシュレッダー処分, 又は返却すること.
【OCR抽出】
報告書番号: 材化-H-3377
日付: 2025 年 $ 月 27 日

研究部 材料・プロセスリサーチラボ

名称      ラプチャー試験片破面観祭報告書

ar     審査     作成
a

Keywords                   水素脆化                          4340

Proprietary Information of Sumitomo Precision Products

本資料の内容に関わる全権利は住友精密工業株式会社に帰属する.
配布目的以外の流用, 複製 第 3 者への掲示を禁ずる.

用済み後はシュレッダー処分, 又は返電すること.

配布先. 材ラボ※1 航生技メ1

1.  的
工程管理試験中に破断したラブプチャー試験片の破面観察することを目的とする。

2. 材質等
材質 : ASTM F519 TYPE 1a.1 (4340 iil)
2. 材質等
材質 : ASTM F519 TYPE 1a.1 (4340 iil)

3. 観察結果
観宗結果を Tig.1て2 に示す。粒界破壊を起点として破壊の進展が確認された。破面の様相や試験
環境から、当該破壊は水素脆化破壊をきっかけとするものと考える。
【PDF抽出】
破面概観 
 
 
 
 
 
 
 
 
 
 
 
 
 
 
                               上記赤枠拡大 
 
 
 
 
 
 
 
 
 
 
 
 
 
 
 
 
 
 
 
 
Fig.1 破面観察結果 
 
 
き裂進展方向 
B 
A 
A

【OCR抽出】
破面概観

上記赤枠拡大

TM4000 15kV.7.9mm x50 SE M                                         - 1.00mm
Fig.1 Weim eles ii
【PDF抽出】
A 部拡大 
 
 
 
 
 
 
 
 
 
 
 
 
 
 
                                B 部拡大 
                         
 
 
 
 
 
 
 
 
 
 
 
 
 
 
 
 
 
 
 
Fig.2 破面観察結果

【OCR抽出】
A 部拡大

Twa000 #5kV-7.9mrmx500 SE M

B 部拡大

TM4000 15kV 7.9mm x250'SE M

Fig.2 破面観察結果
- 著作用的にお目択 submitted by the other three mainstream media out of these two articles. The given text provided, I've noticed that when a person named "EcoVision" and its anatomy (i.deeprobability=True|enduser

あえるとい