📝 整形後:
**報告書情報**

* 報告書番号: 材化-H-3583
* 日付: 2025年6月13日

**報告書名:** ラプチャー試験片破面観察報告書

**作成者:** 研究部 材料・プロセスリサーチラボ

**審査者:** 審査

**目的**

工程管理試験中に破断したラプチャー試験片の破面観察することを目的とする。

**材質**

* ASTM F519 TYPE 1a.2（4340 鋼）

**観察結果**

* 粒界破壊を起点として延性破壊にて破断に至ったことが確認された。
* 粒界破壊の領域からCdが検出された。

**主要知見**

* 粒界破壊が破断の主因となった。
* Cdは粒界破壊の領域に存在した。

**その他**

* rapportの所有権は住友精密工業株式会社に帰属する。
* rapportの流用、複製、第3者への掲示は禁止されている。


=== ✂️ チャンク ===
**報告書情報**

* 報告書番号: 材化-H-3583
* 日付: 2025年6月13日

**報告書名:** ラプチャー試験片破面観察報告書

**作成者:** 研究部 材料・プロセスリサーチラボ

**審査者:** 審査

**目的**

工程管理試験中に破断したラプチャー試験片の破面観察することを目的とする。

**材質**

* ASTM F519 TYPE 1a.2（4340 鋼）

**観察結果**

* 粒界破壊を起点として延性破壊にて破断に至ったことが確認された。
* 粒界破壊の領域からCdが検出された。

**主要知見**

* 粒界破壊が破断の主因となった。
* Cdは粒界破壊の領域に存在した。

**その他**

* rapportの所有権は住友精密工業株式会社に帰属する。
* rapportの流用、複製、第3者への掲示は禁止されている。
**報告書情報**

* 報告書番号: 材化-H-3583
* 日付: 2025年6月13日

**報告書名:** ラプチャー試験片破面観察報告書

**作成者:** 研究部 材料・プロセスリサーチラボ

**審査者:** 審査

**目的**

工程管理試験中に破断したラプチャー試験片の破面観察することを目的とする。

**材質**

* ASTM F519 TYPE 1a.2（4340 鋼）

**観察結果**

* 粒界破壊を起点として延性破壊にて破断に至ったことが確認された。
* 粒界破壊の領域からCdが検出された。

**主要知見**

* 粒界破壊が破断の主因となった。
* Cdは粒界破壊の領域に存在した。

**その他**

* rapportの所有権は住友精密工業株式会社に帰属する。
* rapportの流用、複製、第3者への掲示は禁止されている。