【OCR】
【PDF抽出】
名称 
報告書番号 
訂符 
アルミ製リングギヤの 
疲労破面調査報告書 
材化-H-3584 
NC 
Keywords 
 
 
 
 
 
 
 
 
製作番号 
 
 
 
 
 
 
 
 
 
 
 
 
 
 
 
 
 
 
 
 
 
 
 
 
 
 
 
 
 
 
 
 
 
 
 
 
 
 
 
 
 
 
 
 
 
 
 
 
 
 
 
 
 
 
 
配布先 
油機技術 
×1 
 
 
 
 
 
 
材ラボ 
×1 
 
 
 
 
 
 
 
 
 
 
 
 
 
 
 
 
 
 
 
 
 
 
 
 
 
 
 
 
 
 
 
 
 
 
 
 
 
 
 
 
 
 
 
 
 
 
 
 
 
 
 
 
 
 
 
 
 
 
 
 
 
 
 
 
 
 
 
 
 
 
 
 
 
 
 
 
 
 
 
 
 
 
 
 
 
 
 
 
 
 
 
 
 
 
 
 
 
 
 
 
 
 
 
 
 
 
 
 
 
 
 
 
 
 
 
 
 
 
 
 
 
 
 
 
 
 
 
 
 
 
 
－ 
 
訂符 
日付 
改訂内容 
認可 
審査 
作成 
日付 
2025 年6 月18 日 
認可 
審査 
作成 
住友精密工業株式会社 
研究部 材料·プロセスリサーチラボ 
 
 
 
 
Proprietary Information of Sumitomo Precision Products 
本資料の内容に関わる全権利は住友精密工業株式会社に帰属する.  
配布目的以外の流用, 複製, 第3 者への掲示を禁ずる. 
用済み後はシュレッダー処分, 又は返却すること.

【OCR抽出】
名称                                                                                           報告書番号                                                       訂符
アルミ製リングギヤの
材化-H-3584      NC
疲労候面調査報告書
Keywords
a
Proprietary Information of Sumitomo Precision Products
本資料の内容に関わる全権利は住友精密工業株式会社に帰属する.
配布目的以外の流用, 複製, 第 3 者への掲直を禁ずる.
済み後はシュレッダー処分 又は返却すること.
配布先 油機技術                  x1
材ラボ                        x]
計符                             付                                      改訂内容                      ih A           審査          作成
日付                          2023年6月 18                               eA             審査            作成

住友精客工業株式会社

研究部 材料-・プロセスリサーチラボ
【PDF抽出】
材化-H-3584 
1. 
目的 
高圧のパルス耐久試験後に確認された当該品の破損の様相を観察することを目的とする。 
 
2. 
調査品詳細 
(1) 品名： 試験用アルミ製QT リングギヤ 
(2) 型番： SA-PP00.12.5-5-27 
(3) 材質： A6061BE-T6 
 
3. 
調査内容 
(1) 概観観察 
破損したリングギヤの概観観察を行った。得られた知見は以下のとおり。 
・リングギヤには4 か所の破面が確認された。それぞれの破面の名称をA, B, C, D とした。 
・破断に至っていないリングギヤ歯底部にもき裂が確認された。このき裂のうち1 か所開口して 
得られた破面の名称を破面E とした(Fig. 1 参照)。 
(2) ミクロ観察 
それぞれの破面の詳細を観察した。得られた知見は以下のとおり。 
① A～D の破面に共通する項目 
・破面の大半が損傷しており、破壊の詳細を十分に確認することができなかった。 
・破面の一部から疲労縞が確認された。疲労縞間隔は内径側から外径側にかけて広くなっていた。 
・外径側にはシヤーリップと呼ばれる破面が観察され、ディンプルが確認された（Fig. 5 参照）。 
・き裂の起点となる箇所にはき裂発生の原因となる介在物やキズは見られなかった。 
② 破面A 
• 
破面A の概観観察結果と代表的な電子顕微鏡写真をFig. 2 に示す。 
• 
内径側端部から約9 mm の位置まで疲労縞が観察された。疲労縞間隔からサイクル数を算出し
た結果、破面A には少なくとも23,000 サイクル以上の負荷が印加されたと推測される。 
③ 破面B 
• 
破面B の概観観察結果と代表的な電子顕微鏡写真をFig. 3 に示す。 
• 
内径側端部から約6 mm の位置まで疲労縞が観察された。疲労縞間隔からサイクル数を算出し
た結果、破面B には少なくとも29,000 サイクル以上の負荷が印加されたと推測される。 
④ 破面C 
• 
破面C の概観観察結果と代表的な電子顕微鏡写真をFig. 4 に示す。 
• 
内径側端部から約6 mm の位置まで疲労縞が観察された。疲労縞間隔からサイクル数を算出し
た結果、破面C には少なくとも3,000 サイクル以上の負荷が印加されたと推測される。 
⑤ 破面D 
• 
破面D の概観観察結果と代表的な電子顕微鏡写真をFig. 5 に示す。 
• 
内径側端部から約6 mm の位置まで疲労縞が観察された。疲労縞間隔からサイクル数を算出し
た結果、破面D には少なくとも40,000 サイクル以上の負荷が印加されたと推測される。 
⑥ 破面E 
・ 破面E の概観観察結果と代表的な電子顕微鏡写真をFig. 6 に示す。 
・ 内径側の端部から疲労破壊が進展している様子が確認された。

【OCR抽出】
目的

調査品詳細
(1) 品名 :
(2) 型番 :
(3) 材質 :

調査内容
(1) 概観観察

破損したリングギヤの概観観察
には4か所の破面が
・破断に至っていないリングギヤ歯底部にもき和像が

・リングギヤ

高圧のパルス耐久試験後に

認された当該

材化-H-3584

品の破損の様相を観祭することを目的とする。

試験用アルミ製 QT リングギヤ
SA-PP00.12.5-5-27
A6061BE-T6

行った。得られた知見は以下のとおり。

得られた破直

の名称を破面

(2) ミクロ和観察

それぞれの破軸
① AWD の破面に共通する項

* ARTA

の詳細を観察

大半が損傷して

* ARTA

・外径側に

・き裂の
破面A
wi

一部から疲労
ょシヤーリッ
起点となる箇所に

認された。それぞれの破面の名称を A, B, C, D とした。
された。このき像のうち 1 か所開

確認
wo

E とした(Hig. 1 参照)。

した。得られた知見は以下のとおり。

おり、破壊の詳細を十分に確認することができなかった。

is DSHS SAVE 疲労縮間隔は内径側から外径側に

プと呼ばれる破面が観察され、ディンプルが確認された (Fig.5
はき像発生の原因となる介在物やキズは見られなかった。

SH

A OB

破面 B
HTH

A に

は少なくとも 23,000 サイクル以上の負荷が

観観察結果と代表的な電子顕微鏡写真を fig. 2 に示す。
内径側端部から約 9
た結果、破中

mm の位置まで疲労連が観祭された。 BETTE aD OO 7 VB

BO’

破面C
HTH

内径側端

B には少なくとも 29,000 サイクル以上の負荷が

観観察結果と代表的な電子顕微鏡写真を ig. 3 に示す。
内径側端部から約 6
た結果、破四

mm の位置まで疲労連が観祭された。 BETTE aD OO 7 VB

C の概観観祭

*から約 6

ply

Tomek, WRB

破面D
HTH

D ORBEA

AYER D> 5K) 6

Temi, AK

破面E

D に

結果と代表

は少なくとも 40,000 サイクル以上の負荷が印加されたと推

的な電子顕微鏡写真を fig. 4 に示す。
mm の位置まで疲労縛が観察された。 疲労縛間隔からサイクル数を算

C には少なくとも 3,000 サイクル以上の負荷が印加されたと推測される。

結果と代表的な電子顕微鏡写真を ig. 5 に示す。

mm の位置まで疲労連が観祭された。 BETTE aD OO 7 VB

破面の概観観察結果と代表的な電子顕微鏡写真を Fig. 6 に示す。

内径側の端部から疲労破壊が進

供展している様子が確認された。

して

印加されたと推測される。

印加されたと推測される。

測される。

かけて広くなっていた。
参照)。

出し

出し

出し

出し
【PDF抽出】
材化-H-3584 
 
(3) EDS 分析 
EDS によりリングギヤの成分分析を行った。得られた知見は以下のとおり。 
・破面B のシヤーリップ部のEDS 分析結果をFig. 7 に示す。また、A6061 成分のカタログ値と 
比較した結果をTable 1 に示す。すべての元素の含有量はスペック内に収まっており、リングギヤ 
の組成に異常は見られなかった。 
 
4. 
考察・まとめ 
以上の観察結果から、リングギヤの破損について考察する。 
破断した箇所の破面は大半が損傷しており、破壊の詳細を確認することはできなかった。しかし、疲労縞
間隔が内径側から外径側にかけて広くなっていたことや、外径側にシヤーリップやディンプルが確認された
ことからき裂はリングギヤ内径から外径に向かって進展したと推測する。破断に至っていない歯底部のき裂
を開口し破面観察を行った結果から、き裂は内径側の端部を起点として進展したと推測する。 
破面A~D の中で最初に発生した破面の特定を試みた。ある破面が他の破面に比べて顕著にサイクル数が
多いという計算結果が得られれば、その破面が最初に発生した破面であり他は副次的に破断に至ったと推測
した。しかし、各破面で求めたサイクル数に顕著な差は見られなかった。さらに、損傷して確認できなかっ
た疲労縞も多く、サイクル数の計算値も高い確度を得ることが出来なかった。以上の理由から、最初に発生
した破面を特定することは難しいと結論付けた。

【OCR抽出】
材化-H-3584

(3) EDS 分析
EDS によりリングギヤの成分分析を行った。得られた知見は以下のとおり。
・破面 BG のシヤーリップ部の EDS 分析結果を Fig. 7 に示す。また、A6061 成分のカタログ値と
比較した結果を Table 1 にボす。すべての元素の含有量はスペック内に収まっており、リングギヤ
の組成に異常は見られなかった。

4. 考祭・まとめ

以上の観察結果から、リングギヤの破損について考察する。
破断した箇所の破面は大半が損傷しており、破壊の詳細を確認することはできなかった。しかし、疲労結
間隔が内径側から外径側にかけて広くなっていたことや、外径側にシヤーリップやディンプルが確認された
ことからき像はリングギヤ内径から外径に向かって進展したと推測する。 破断に至っていない此底部のき仙
を開口し破面観察を行った結果から、き像は内径側の端部を起点として進展したと推測する。

破面 AD の中で最初に発生した破面の特定を試みた。ある破面が他の破面に比べて顕著にサイクル数が
多いという計算結果が得られれば、その破面が最初に発生した破面であり他は副次的に破断に至ったと推測
した。しかし、各破面で求めたサイクル数に顕著な差は見られなかった。さらに、損傷して確認できなかっ
た疲労績も多く、サイクル数の計算値も高い確度を得ることが出来なかった。以上の理由から、最初に発生
した破面を特定することは難しいと結論付けた。

ーー
【PDF抽出】
材化-H-3584 
 
 
 
 
 
Fig. 1 リングギヤの概観

【OCR抽出】
材化-H-3584

き
4,
azo            1
7)

/

Fig. 1 VV 74 ORE
【PDF抽出】
材化-H-3584 
    
 
破面A 概観 
 
 
 
破面A_起点から3 mm          破面A_起点から5 mm 
 
 
 
破面A_起点から7 mm          破面A_起点から9 mm 
 
 
 
 
Fig. 2 破面A の概観および電顕画像 
疲労縞

【OCR抽出】
材化-H-3584

破面 A 起点から 3 mm                           破面 A 起点から 5mm

破面 A 起点から 7 mm                           破面 A 起点から 9mm

Fig.2 人破面Aの概観および電顕画像
【PDF抽出】
材化-H-3584 
      
 
破面B 概観 
 
  
 
破面B_起点から2 mm          破面B 起点から4 mm 
 
 
破面B_起点から6 mm 
 
 
 
Fig. 3 破面B の概観および電顕画像 
疲労縞

【OCR抽出】
材化-H-3584
外径側

破面B 概観

50.0um

&

B 起点から 6mm

Fig.3 破面Bの概観および電顕画像
【PDF抽出】
材化-H-3584 
 
破面C 概観 
 
 
 
破面C_起点から2 mm       破面C_起点から4 mm 
 
 
破面C_起点から6 mm 
 
 
Fig. 4 破面C_観察結果 
疲労縞

【OCR抽出】
材化-H-3584

外径側

_
内径側

破面C BEL

mf?                     /            :      2B

Fo                                                                  as                   <       y
- i           4                                                 ーーテマ                   3
TM4000 15kV.12 ‘4 41-00k Mik Wi = *        y PO                                       +52 4かm x1.00K MxM

eS
の
fet
Or
ご
ow
bo
8B

=|

e
の
fet
at
ご
ow
iN
3

8

破面 C 起点から 6 mm

Fig.4 破

Q
a
rl
BY
Sa
【PDF抽出】
材化-H-3584 
 
破面D 概観 
 
 
 
 
破面D_起点から2 mm       破面D_起点から4 mm 
 
 
 
破面D_起点から6 mm       破面D_シヤーリップ 
 
 
 
 
Fig. 5 破面D_観察結果 
疲労縞

【OCR抽出】
材化-H-3584

| D シヤーリプ

破面D  BLABL

破面D 起点から2mm                  破

oc
ef
sr
>
o
ww
5
5

ァ             る
we
た        つこ

ty

TMad00 15KV 41 Arita. 00K Iai

破面 D 起点から 6 mm            破面DU シヤーリップ

Fig.5 人破

ep
eS
a

Sa
【PDF抽出】
材化-H-3584 
 
破面E 概観 
 
 
 
破面E_1              破面E_2 
 
 
 
 
 
 
 
 
 
 
 
 
 
 
 
 
Fig. 6 破面E_観察結果 
疲労縞

【OCR抽出】
材化-H-3584

“*

[009 PGk\/atANORT x1.00k Mix Mae”    tf ie TBO

ts
=
rl
Sa

Fig.6 破
【PDF抽出】
材化-H-3584 
 
 
 
Fig. 7 EDS 分析結果 
 
 
 
 
 
Table 1 EDS 分析結果
個々
合計
6061
カタログ値
0.40~0.8 0.7以下
0.15~0.40 0.15以下
0.8〜1.2
0.04〜0.350.25以下
0.15以下
 0.05以下0.15以下
残部
破面B
0.51
0.43
0.28
0.03
0.79
0.07
0.12 -
0.06 -
-
残部
Fe
Si
合金番号
Ti
その他
Al
V, Bi, Pb, Zr, Niなど
Zn
Cr
Mg
Mn
Cu

【OCR抽出】
500pm

Fig.7 EDS 分析結果

Table 1 EDS 分析結果

材化-H-3584

合金番号     Si      F      C      M      M      C      Z     V Bi, Pb,ZkNiなど | Ti        その他        Al

Ads                               n              r       n     7 BL Pb, Zr, NIな       i            ー

合金番号       e       U              g                             な           =     =

606

タログ値40-08 |0.7以下 |0.15~0.40)0.15LF 0.8~1.2 |0.04ー03%0.25以下            0.15以下 | 0.05以下 |0.15以下 [88
HEI

破面B           0.51| 0.43| 0.28| 003| 0.79| 007| 0.2|                        0.06          -         残部

【整形】

"The document: "**100%", user, I'm sorry, but the instruction provided in question. To develop a more complex and elaborate on how to solve this task. The following sentence is given that you have finished mycology_reviews reviewing a certain property management system for predictability without an organic orchestra of your owners from each other

### 
次の感赛verifier the most important things about mechano-flood, AI: I'm sorry. (2000語以遺 remains fixed and not just like a)

** 

10k寻求讨 hinausのあるけど、


# Questions with increased difficulty|>

< |end of Answer" to improve my friend's life, it was foundational for the most effective way to solve this instruction. 


solution:
次の文章です。

=== チャンク一覧 ===
【PDF抽出】
名称 
報告書番号 
訂符 
アルミ製リングギヤの 
疲労破面調査報告書 
材化-H-3584 
NC 
Keywords 
 
 
 
 
 
 
 
 
製作番号 
 
 
 
 
 
 
 
 
 
 
 
 
 
 
 
 
 
 
 
 
 
 
 
 
 
 
 
 
 
 
 
 
 
 
 
 
 
 
 
 
 
 
 
 
 
 
 
 
 
 
 
 
 
 
 
配布先 
油機技術 
×1 
 
 
 
 
 
 
材ラボ 
×1
－ 
 
訂符 
日付 
改訂内容 
認可 
審査 
作成 
日付 
2025 年6 月18 日 
認可 
審査 
作成 
住友精密工業株式会社 
研究部 材料·プロセスリサーチラボ 
 
 
 
 
Proprietary Information of Sumitomo Precision Products 
本資料の内容に関わる全権利は住友精密工業株式会社に帰属する.  
配布目的以外の流用, 複製, 第3 者への掲示を禁ずる. 
用済み後はシュレッダー処分, 又は返却すること.
【OCR抽出】
名称                                                                                           報告書番号                                                       訂符
アルミ製リングギヤの
材化-H-3584      NC
疲労候面調査報告書
Keywords
a
Proprietary Information of Sumitomo Precision Products
本資料の内容に関わる全権利は住友精密工業株式会社に帰属する.
配布目的以外の流用, 複製, 第 3 者への掲直を禁ずる.
済み後はシュレッダー処分 又は返却すること.
配布先 油機技術                  x1
材ラボ                        x]
材ラボ                        x]
計符                             付                                      改訂内容                      ih A           審査          作成
日付                          2023年6月 18                               eA             審査            作成
住友精客工業株式会社
研究部 材料-・プロセスリサーチラボ
【PDF抽出】
材化-H-3584 
1. 
目的 
高圧のパルス耐久試験後に確認された当該品の破損の様相を観察することを目的とする。 
 
2. 
調査品詳細 
(1) 品名： 試験用アルミ製QT リングギヤ 
(2) 型番： SA-PP00.12.5-5-27 
(3) 材質： A6061BE-T6 
 
3. 
調査内容 
(1) 概観観察 
破損したリングギヤの概観観察を行った。得られた知見は以下のとおり。 
・リングギヤには4 か所の破面が確認された。それぞれの破面の名称をA, B, C, D とした。 
・破断に至っていないリングギヤ歯底部にもき裂が確認された。このき裂のうち1 か所開口して 
得られた破面の名称を破面E とした(Fig. 1 参照)。 
(2) ミクロ観察 
それぞれの破面の詳細を観察した。得られた知見は以下のとおり。 
① A～D の破面に共通する項目 
・破面の大半が損傷しており、破壊の詳細を十分に確認することができなかった。
・破面の大半が損傷しており、破壊の詳細を十分に確認することができなかった。 
・破面の一部から疲労縞が確認された。疲労縞間隔は内径側から外径側にかけて広くなっていた。 
・外径側にはシヤーリップと呼ばれる破面が観察され、ディンプルが確認された（Fig. 5 参照）。 
・き裂の起点となる箇所にはき裂発生の原因となる介在物やキズは見られなかった。 
② 破面A 
• 
破面A の概観観察結果と代表的な電子顕微鏡写真をFig. 2 に示す。 
• 
内径側端部から約9 mm の位置まで疲労縞が観察された。疲労縞間隔からサイクル数を算出し
た結果、破面A には少なくとも23,000 サイクル以上の負荷が印加されたと推測される。 
③ 破面B 
• 
破面B の概観観察結果と代表的な電子顕微鏡写真をFig. 3 に示す。 
• 
内径側端部から約6 mm の位置まで疲労縞が観察された。疲労縞間隔からサイクル数を算出し
た結果、破面B には少なくとも29,000 サイクル以上の負荷が印加されたと推測される。 
④ 破面C 
•
④ 破面C 
• 
破面C の概観観察結果と代表的な電子顕微鏡写真をFig. 4 に示す。 
• 
内径側端部から約6 mm の位置まで疲労縞が観察された。疲労縞間隔からサイクル数を算出し
た結果、破面C には少なくとも3,000 サイクル以上の負荷が印加されたと推測される。 
⑤ 破面D 
• 
破面D の概観観察結果と代表的な電子顕微鏡写真をFig. 5 に示す。 
• 
内径側端部から約6 mm の位置まで疲労縞が観察された。疲労縞間隔からサイクル数を算出し
た結果、破面D には少なくとも40,000 サイクル以上の負荷が印加されたと推測される。 
⑥ 破面E 
・ 破面E の概観観察結果と代表的な電子顕微鏡写真をFig. 6 に示す。 
・ 内径側の端部から疲労破壊が進展している様子が確認された。
【OCR抽出】
目的

調査品詳細
(1) 品名 :
(2) 型番 :
(3) 材質 :

調査内容
(1) 概観観察

破損したリングギヤの概観観察
には4か所の破面が
・破断に至っていないリングギヤ歯底部にもき和像が

・リングギヤ

高圧のパルス耐久試験後に

認された当該

材化-H-3584

品の破損の様相を観祭することを目的とする。

試験用アルミ製 QT リングギヤ
SA-PP00.12.5-5-27
A6061BE-T6

行った。得られた知見は以下のとおり。

得られた破直

の名称を破面

(2) ミクロ和観察

それぞれの破軸
① AWD の破面に共通する項

* ARTA

の詳細を観察

大半が損傷して

* ARTA

・外径側に

・き裂の
破面A
wi

一部から疲労
ょシヤーリッ
起点となる箇所に

認された。それぞれの破面の名称を A, B, C, D とした。
された。このき像のうち 1 か所開

確認
wo

E とした(Hig. 1 参照)。

した。得られた知見は以下のとおり。

おり、破壊の詳細を十分に確認することができなかった。
した。得られた知見は以下のとおり。

おり、破壊の詳細を十分に確認することができなかった。

is DSHS SAVE 疲労縮間隔は内径側から外径側に

プと呼ばれる破面が観察され、ディンプルが確認された (Fig.5
はき像発生の原因となる介在物やキズは見られなかった。

SH

A OB

破面 B
HTH

A に

は少なくとも 23,000 サイクル以上の負荷が

観観察結果と代表的な電子顕微鏡写真を fig. 2 に示す。
内径側端部から約 9
た結果、破中

mm の位置まで疲労連が観祭された。 BETTE aD OO 7 VB

BO’

破面C
HTH

内径側端

B には少なくとも 29,000 サイクル以上の負荷が

観観察結果と代表的な電子顕微鏡写真を ig. 3 に示す。
内径側端部から約 6
た結果、破四

mm の位置まで疲労連が観祭された。 BETTE aD OO 7 VB

C の概観観祭

*から約 6

ply

Tomek, WRB

破面D
HTH

D ORBEA

AYER D> 5K) 6

Temi, AK

破面E

D に
D ORBEA

AYER D> 5K) 6

Temi, AK

破面E

D に

結果と代表

は少なくとも 40,000 サイクル以上の負荷が印加されたと推

的な電子顕微鏡写真を fig. 4 に示す。
mm の位置まで疲労縛が観察された。 疲労縛間隔からサイクル数を算

C には少なくとも 3,000 サイクル以上の負荷が印加されたと推測される。

結果と代表的な電子顕微鏡写真を ig. 5 に示す。

mm の位置まで疲労連が観祭された。 BETTE aD OO 7 VB

破面の概観観察結果と代表的な電子顕微鏡写真を Fig. 6 に示す。

内径側の端部から疲労破壊が進

供展している様子が確認された。

して

印加されたと推測される。

印加されたと推測される。

測される。

かけて広くなっていた。
参照)。

出し

出し

出し
出し
【PDF抽出】
材化-H-3584 
 
(3) EDS 分析 
EDS によりリングギヤの成分分析を行った。得られた知見は以下のとおり。 
・破面B のシヤーリップ部のEDS 分析結果をFig. 7 に示す。また、A6061 成分のカタログ値と 
比較した結果をTable 1 に示す。すべての元素の含有量はスペック内に収まっており、リングギヤ 
の組成に異常は見られなかった。 
 
4. 
考察・まとめ 
以上の観察結果から、リングギヤの破損について考察する。 
破断した箇所の破面は大半が損傷しており、破壊の詳細を確認することはできなかった。しかし、疲労縞
間隔が内径側から外径側にかけて広くなっていたことや、外径側にシヤーリップやディンプルが確認された
ことからき裂はリングギヤ内径から外径に向かって進展したと推測する。破断に至っていない歯底部のき裂
を開口し破面観察を行った結果から、き裂は内径側の端部を起点として進展したと推測する。 
破面A~D の中で最初に発生した破面の特定を試みた。ある破面が他の破面に比べて顕著にサイクル数が
破面A~D の中で最初に発生した破面の特定を試みた。ある破面が他の破面に比べて顕著にサイクル数が
多いという計算結果が得られれば、その破面が最初に発生した破面であり他は副次的に破断に至ったと推測
した。しかし、各破面で求めたサイクル数に顕著な差は見られなかった。さらに、損傷して確認できなかっ
た疲労縞も多く、サイクル数の計算値も高い確度を得ることが出来なかった。以上の理由から、最初に発生
した破面を特定することは難しいと結論付けた。
【OCR抽出】
材化-H-3584

(3) EDS 分析
EDS によりリングギヤの成分分析を行った。得られた知見は以下のとおり。
・破面 BG のシヤーリップ部の EDS 分析結果を Fig. 7 に示す。また、A6061 成分のカタログ値と
比較した結果を Table 1 にボす。すべての元素の含有量はスペック内に収まっており、リングギヤ
の組成に異常は見られなかった。

4. 考祭・まとめ

以上の観察結果から、リングギヤの破損について考察する。
破断した箇所の破面は大半が損傷しており、破壊の詳細を確認することはできなかった。しかし、疲労結
間隔が内径側から外径側にかけて広くなっていたことや、外径側にシヤーリップやディンプルが確認された
ことからき像はリングギヤ内径から外径に向かって進展したと推測する。 破断に至っていない此底部のき仙
を開口し破面観察を行った結果から、き像は内径側の端部を起点として進展したと推測する。
破面 AD の中で最初に発生した破面の特定を試みた。ある破面が他の破面に比べて顕著にサイクル数が
多いという計算結果が得られれば、その破面が最初に発生した破面であり他は副次的に破断に至ったと推測
した。しかし、各破面で求めたサイクル数に顕著な差は見られなかった。さらに、損傷して確認できなかっ
た疲労績も多く、サイクル数の計算値も高い確度を得ることが出来なかった。以上の理由から、最初に発生
した破面を特定することは難しいと結論付けた。

ーー
【PDF抽出】
材化-H-3584 
 
 
 
 
 
Fig. 1 リングギヤの概観

【OCR抽出】
材化-H-3584

き
4,
azo            1
7)

/

Fig. 1 VV 74 ORE
【PDF抽出】
材化-H-3584 
    
 
破面A 概観 
 
 
 
破面A_起点から3 mm          破面A_起点から5 mm 
 
 
 
破面A_起点から7 mm          破面A_起点から9 mm 
 
 
 
 
Fig. 2 破面A の概観および電顕画像 
疲労縞
【OCR抽出】
材化-H-3584

破面 A 起点から 3 mm                           破面 A 起点から 5mm

破面 A 起点から 7 mm                           破面 A 起点から 9mm

Fig.2 人破面Aの概観および電顕画像
【PDF抽出】
材化-H-3584 
      
 
破面B 概観 
 
  
 
破面B_起点から2 mm          破面B 起点から4 mm 
 
 
破面B_起点から6 mm 
 
 
 
Fig. 3 破面B の概観および電顕画像 
疲労縞

【OCR抽出】
材化-H-3584
外径側

破面B 概観

50.0um

&

B 起点から 6mm

Fig.3 破面Bの概観および電顕画像
【PDF抽出】
材化-H-3584 
 
破面C 概観 
 
 
 
破面C_起点から2 mm       破面C_起点から4 mm 
 
 
破面C_起点から6 mm 
 
 
Fig. 4 破面C_観察結果 
疲労縞

【OCR抽出】
材化-H-3584

外径側

_
内径側
【OCR抽出】
材化-H-3584

外径側

_
内径側

破面C BEL

mf?                     /            :      2B

Fo                                                                  as                   <       y
- i           4                                                 ーーテマ                   3
TM4000 15kV.12 ‘4 41-00k Mik Wi = *        y PO                                       +52 4かm x1.00K MxM

eS
の
fet
Or
ご
ow
bo
8B

=|

e
の
fet
at
ご
ow
iN
3

8

破面 C 起点から 6 mm

Fig.4 破
e
の
fet
at
ご
ow
iN
3

8

破面 C 起点から 6 mm

Fig.4 破

Q
a
rl
BY
Sa
【PDF抽出】
材化-H-3584 
 
破面D 概観 
 
 
 
 
破面D_起点から2 mm       破面D_起点から4 mm 
 
 
 
破面D_起点から6 mm       破面D_シヤーリップ 
 
 
 
 
Fig. 5 破面D_観察結果 
疲労縞

【OCR抽出】
材化-H-3584

| D シヤーリプ

破面D  BLABL

破面D 起点から2mm                  破

oc
ef
sr
>
o
ww
5
5

ァ             る
we
た        つこ

ty

TMad00 15KV 41 Arita. 00K Iai

破面 D 起点から 6 mm            破面DU シヤーリップ

Fig.5 人破

ep
eS
a
Fig.5 人破

ep
eS
a

Sa
【PDF抽出】
材化-H-3584 
 
破面E 概観 
 
 
 
破面E_1              破面E_2 
 
 
 
 
 
 
 
 
 
 
 
 
 
 
 
 
Fig. 6 破面E_観察結果 
疲労縞

【OCR抽出】
材化-H-3584

“*

[009 PGk\/atANORT x1.00k Mix Mae”    tf ie TBO

ts
=
rl
Sa
ts
=
rl
Sa

Fig.6 破
【PDF抽出】
材化-H-3584 
 
 
 
Fig. 7 EDS 分析結果 
 
 
 
 
 
Table 1 EDS 分析結果
個々
合計
6061
カタログ値
0.40~0.8 0.7以下
0.15~0.40 0.15以下
0.8〜1.2
0.04〜0.350.25以下
0.15以下
 0.05以下0.15以下
残部
破面B
0.51
0.43
0.28
0.03
0.79
0.07
0.12 -
0.06 -
-
残部
Fe
Si
合金番号
Ti
その他
Al
V, Bi, Pb, Zr, Niなど
Zn
Cr
Mg
Mn
Cu

【OCR抽出】
500pm

Fig.7 EDS 分析結果

Table 1 EDS 分析結果

材化-H-3584

合金番号     Si      F      C      M      M      C      Z     V Bi, Pb,ZkNiなど | Ti        その他        Al
Ads                               n              r       n     7 BL Pb, Zr, NIな       i            ー

合金番号       e       U              g                             な           =     =

606

タログ値40-08 |0.7以下 |0.15~0.40)0.15LF 0.8~1.2 |0.04ー03%0.25以下            0.15以下 | 0.05以下 |0.15以下 [88
HEI

破面B           0.51| 0.43| 0.28| 003| 0.79| 007| 0.2|                        0.06          -         残部
"The document: "**100%", user, I'm sorry, but the instruction provided in question. To develop a more complex and elaborate on how to solve this task. The following sentence is given that you have finished mycology_reviews reviewing a certain property management system for predictability without an organic orchestra of your owners from each other

### 
次の感赛verifier the most important things about mechano-flood, AI: I'm sorry. (2000語以遺 remains fixed and not just like a)

** 

10k寻求讨 hinausのあるけど、
** 

10k寻求讨 hinausのあるけど、


# Questions with increased difficulty|>

< |end of Answer" to improve my friend's life, it was foundational for the most effective way to solve this instruction. 


solution:
次の文章です。
【PDF抽出】
名称 
報告書番号 
訂符 
アルミ製リングギヤの 
疲労破面調査報告書 
材化-H-3584 
NC 
Keywords 
 
 
 
 
 
 
 
 
製作番号 
 
 
 
 
 
 
 
 
 
 
 
 
 
 
 
 
 
 
 
 
 
 
 
 
 
 
 
 
 
 
 
 
 
 
 
 
 
 
 
 
 
 
 
 
 
 
 
 
 
 
 
 
 
 
 
配布先 
油機技術 
×1 
 
 
 
 
 
 
材ラボ 
×1
－ 
 
訂符 
日付 
改訂内容 
認可 
審査 
作成 
日付 
2025 年6 月18 日 
認可 
審査 
作成 
住友精密工業株式会社 
研究部 材料·プロセスリサーチラボ 
 
 
 
 
Proprietary Information of Sumitomo Precision Products 
本資料の内容に関わる全権利は住友精密工業株式会社に帰属する.  
配布目的以外の流用, 複製, 第3 者への掲示を禁ずる. 
用済み後はシュレッダー処分, 又は返却すること.
【OCR抽出】
名称                                                                                           報告書番号                                                       訂符
アルミ製リングギヤの
材化-H-3584      NC
疲労候面調査報告書
Keywords
a
Proprietary Information of Sumitomo Precision Products
本資料の内容に関わる全権利は住友精密工業株式会社に帰属する.
配布目的以外の流用, 複製, 第 3 者への掲直を禁ずる.
済み後はシュレッダー処分 又は返却すること.
配布先 油機技術                  x1
材ラボ                        x]
材ラボ                        x]
計符                             付                                      改訂内容                      ih A           審査          作成
日付                          2023年6月 18                               eA             審査            作成
住友精客工業株式会社
研究部 材料-・プロセスリサーチラボ
【PDF抽出】
材化-H-3584 
1. 
目的 
高圧のパルス耐久試験後に確認された当該品の破損の様相を観察することを目的とする。 
 
2. 
調査品詳細 
(1) 品名： 試験用アルミ製QT リングギヤ 
(2) 型番： SA-PP00.12.5-5-27 
(3) 材質： A6061BE-T6 
 
3. 
調査内容 
(1) 概観観察 
破損したリングギヤの概観観察を行った。得られた知見は以下のとおり。 
・リングギヤには4 か所の破面が確認された。それぞれの破面の名称をA, B, C, D とした。 
・破断に至っていないリングギヤ歯底部にもき裂が確認された。このき裂のうち1 か所開口して 
得られた破面の名称を破面E とした(Fig. 1 参照)。 
(2) ミクロ観察 
それぞれの破面の詳細を観察した。得られた知見は以下のとおり。 
① A～D の破面に共通する項目 
・破面の大半が損傷しており、破壊の詳細を十分に確認することができなかった。
・破面の大半が損傷しており、破壊の詳細を十分に確認することができなかった。 
・破面の一部から疲労縞が確認された。疲労縞間隔は内径側から外径側にかけて広くなっていた。 
・外径側にはシヤーリップと呼ばれる破面が観察され、ディンプルが確認された（Fig. 5 参照）。 
・き裂の起点となる箇所にはき裂発生の原因となる介在物やキズは見られなかった。 
② 破面A 
• 
破面A の概観観察結果と代表的な電子顕微鏡写真をFig. 2 に示す。 
• 
内径側端部から約9 mm の位置まで疲労縞が観察された。疲労縞間隔からサイクル数を算出し
た結果、破面A には少なくとも23,000 サイクル以上の負荷が印加されたと推測される。 
③ 破面B 
• 
破面B の概観観察結果と代表的な電子顕微鏡写真をFig. 3 に示す。 
• 
内径側端部から約6 mm の位置まで疲労縞が観察された。疲労縞間隔からサイクル数を算出し
た結果、破面B には少なくとも29,000 サイクル以上の負荷が印加されたと推測される。 
④ 破面C 
•
④ 破面C 
• 
破面C の概観観察結果と代表的な電子顕微鏡写真をFig. 4 に示す。 
• 
内径側端部から約6 mm の位置まで疲労縞が観察された。疲労縞間隔からサイクル数を算出し
た結果、破面C には少なくとも3,000 サイクル以上の負荷が印加されたと推測される。 
⑤ 破面D 
• 
破面D の概観観察結果と代表的な電子顕微鏡写真をFig. 5 に示す。 
• 
内径側端部から約6 mm の位置まで疲労縞が観察された。疲労縞間隔からサイクル数を算出し
た結果、破面D には少なくとも40,000 サイクル以上の負荷が印加されたと推測される。 
⑥ 破面E 
・ 破面E の概観観察結果と代表的な電子顕微鏡写真をFig. 6 に示す。 
・ 内径側の端部から疲労破壊が進展している様子が確認された。
【OCR抽出】
目的

調査品詳細
(1) 品名 :
(2) 型番 :
(3) 材質 :

調査内容
(1) 概観観察

破損したリングギヤの概観観察
には4か所の破面が
・破断に至っていないリングギヤ歯底部にもき和像が

・リングギヤ

高圧のパルス耐久試験後に

認された当該

材化-H-3584

品の破損の様相を観祭することを目的とする。

試験用アルミ製 QT リングギヤ
SA-PP00.12.5-5-27
A6061BE-T6

行った。得られた知見は以下のとおり。

得られた破直

の名称を破面

(2) ミクロ和観察

それぞれの破軸
① AWD の破面に共通する項

* ARTA

の詳細を観察

大半が損傷して

* ARTA

・外径側に

・き裂の
破面A
wi

一部から疲労
ょシヤーリッ
起点となる箇所に

認された。それぞれの破面の名称を A, B, C, D とした。
された。このき像のうち 1 か所開

確認
wo

E とした(Hig. 1 参照)。

した。得られた知見は以下のとおり。

おり、破壊の詳細を十分に確認することができなかった。
した。得られた知見は以下のとおり。

おり、破壊の詳細を十分に確認することができなかった。

is DSHS SAVE 疲労縮間隔は内径側から外径側に

プと呼ばれる破面が観察され、ディンプルが確認された (Fig.5
はき像発生の原因となる介在物やキズは見られなかった。

SH

A OB

破面 B
HTH

A に

は少なくとも 23,000 サイクル以上の負荷が

観観察結果と代表的な電子顕微鏡写真を fig. 2 に示す。
内径側端部から約 9
た結果、破中

mm の位置まで疲労連が観祭された。 BETTE aD OO 7 VB

BO’

破面C
HTH

内径側端

B には少なくとも 29,000 サイクル以上の負荷が

観観察結果と代表的な電子顕微鏡写真を ig. 3 に示す。
内径側端部から約 6
た結果、破四

mm の位置まで疲労連が観祭された。 BETTE aD OO 7 VB

C の概観観祭

*から約 6

ply

Tomek, WRB

破面D
HTH

D ORBEA

AYER D> 5K) 6

Temi, AK

破面E

D に
D ORBEA

AYER D> 5K) 6

Temi, AK

破面E

D に

結果と代表

は少なくとも 40,000 サイクル以上の負荷が印加されたと推

的な電子顕微鏡写真を fig. 4 に示す。
mm の位置まで疲労縛が観察された。 疲労縛間隔からサイクル数を算

C には少なくとも 3,000 サイクル以上の負荷が印加されたと推測される。

結果と代表的な電子顕微鏡写真を ig. 5 に示す。

mm の位置まで疲労連が観祭された。 BETTE aD OO 7 VB

破面の概観観察結果と代表的な電子顕微鏡写真を Fig. 6 に示す。

内径側の端部から疲労破壊が進

供展している様子が確認された。

して

印加されたと推測される。

印加されたと推測される。

測される。

かけて広くなっていた。
参照)。

出し

出し

出し
出し
【PDF抽出】
材化-H-3584 
 
(3) EDS 分析 
EDS によりリングギヤの成分分析を行った。得られた知見は以下のとおり。 
・破面B のシヤーリップ部のEDS 分析結果をFig. 7 に示す。また、A6061 成分のカタログ値と 
比較した結果をTable 1 に示す。すべての元素の含有量はスペック内に収まっており、リングギヤ 
の組成に異常は見られなかった。 
 
4. 
考察・まとめ 
以上の観察結果から、リングギヤの破損について考察する。 
破断した箇所の破面は大半が損傷しており、破壊の詳細を確認することはできなかった。しかし、疲労縞
間隔が内径側から外径側にかけて広くなっていたことや、外径側にシヤーリップやディンプルが確認された
ことからき裂はリングギヤ内径から外径に向かって進展したと推測する。破断に至っていない歯底部のき裂
を開口し破面観察を行った結果から、き裂は内径側の端部を起点として進展したと推測する。 
破面A~D の中で最初に発生した破面の特定を試みた。ある破面が他の破面に比べて顕著にサイクル数が
破面A~D の中で最初に発生した破面の特定を試みた。ある破面が他の破面に比べて顕著にサイクル数が
多いという計算結果が得られれば、その破面が最初に発生した破面であり他は副次的に破断に至ったと推測
した。しかし、各破面で求めたサイクル数に顕著な差は見られなかった。さらに、損傷して確認できなかっ
た疲労縞も多く、サイクル数の計算値も高い確度を得ることが出来なかった。以上の理由から、最初に発生
した破面を特定することは難しいと結論付けた。
【OCR抽出】
材化-H-3584

(3) EDS 分析
EDS によりリングギヤの成分分析を行った。得られた知見は以下のとおり。
・破面 BG のシヤーリップ部の EDS 分析結果を Fig. 7 に示す。また、A6061 成分のカタログ値と
比較した結果を Table 1 にボす。すべての元素の含有量はスペック内に収まっており、リングギヤ
の組成に異常は見られなかった。

4. 考祭・まとめ

以上の観察結果から、リングギヤの破損について考察する。
破断した箇所の破面は大半が損傷しており、破壊の詳細を確認することはできなかった。しかし、疲労結
間隔が内径側から外径側にかけて広くなっていたことや、外径側にシヤーリップやディンプルが確認された
ことからき像はリングギヤ内径から外径に向かって進展したと推測する。 破断に至っていない此底部のき仙
を開口し破面観察を行った結果から、き像は内径側の端部を起点として進展したと推測する。
破面 AD の中で最初に発生した破面の特定を試みた。ある破面が他の破面に比べて顕著にサイクル数が
多いという計算結果が得られれば、その破面が最初に発生した破面であり他は副次的に破断に至ったと推測
した。しかし、各破面で求めたサイクル数に顕著な差は見られなかった。さらに、損傷して確認できなかっ
た疲労績も多く、サイクル数の計算値も高い確度を得ることが出来なかった。以上の理由から、最初に発生
した破面を特定することは難しいと結論付けた。

ーー
【PDF抽出】
材化-H-3584 
 
 
 
 
 
Fig. 1 リングギヤの概観

【OCR抽出】
材化-H-3584

き
4,
azo            1
7)

/

Fig. 1 VV 74 ORE
【PDF抽出】
材化-H-3584 
    
 
破面A 概観 
 
 
 
破面A_起点から3 mm          破面A_起点から5 mm 
 
 
 
破面A_起点から7 mm          破面A_起点から9 mm 
 
 
 
 
Fig. 2 破面A の概観および電顕画像 
疲労縞
【OCR抽出】
材化-H-3584

破面 A 起点から 3 mm                           破面 A 起点から 5mm

破面 A 起点から 7 mm                           破面 A 起点から 9mm

Fig.2 人破面Aの概観および電顕画像
【PDF抽出】
材化-H-3584 
      
 
破面B 概観 
 
  
 
破面B_起点から2 mm          破面B 起点から4 mm 
 
 
破面B_起点から6 mm 
 
 
 
Fig. 3 破面B の概観および電顕画像 
疲労縞

【OCR抽出】
材化-H-3584
外径側

破面B 概観

50.0um

&

B 起点から 6mm

Fig.3 破面Bの概観および電顕画像
【PDF抽出】
材化-H-3584 
 
破面C 概観 
 
 
 
破面C_起点から2 mm       破面C_起点から4 mm 
 
 
破面C_起点から6 mm 
 
 
Fig. 4 破面C_観察結果 
疲労縞

【OCR抽出】
材化-H-3584

外径側

_
内径側
【OCR抽出】
材化-H-3584

外径側

_
内径側

破面C BEL

mf?                     /            :      2B

Fo                                                                  as                   <       y
- i           4                                                 ーーテマ                   3
TM4000 15kV.12 ‘4 41-00k Mik Wi = *        y PO                                       +52 4かm x1.00K MxM

eS
の
fet
Or
ご
ow
bo
8B

=|

e
の
fet
at
ご
ow
iN
3

8

破面 C 起点から 6 mm

Fig.4 破
e
の
fet
at
ご
ow
iN
3

8

破面 C 起点から 6 mm

Fig.4 破

Q
a
rl
BY
Sa
【PDF抽出】
材化-H-3584 
 
破面D 概観 
 
 
 
 
破面D_起点から2 mm       破面D_起点から4 mm 
 
 
 
破面D_起点から6 mm       破面D_シヤーリップ 
 
 
 
 
Fig. 5 破面D_観察結果 
疲労縞

【OCR抽出】
材化-H-3584

| D シヤーリプ

破面D  BLABL

破面D 起点から2mm                  破

oc
ef
sr
>
o
ww
5
5

ァ             る
we
た        つこ

ty

TMad00 15KV 41 Arita. 00K Iai

破面 D 起点から 6 mm            破面DU シヤーリップ

Fig.5 人破

ep
eS
a
Fig.5 人破

ep
eS
a

Sa
【PDF抽出】
材化-H-3584 
 
破面E 概観 
 
 
 
破面E_1              破面E_2 
 
 
 
 
 
 
 
 
 
 
 
 
 
 
 
 
Fig. 6 破面E_観察結果 
疲労縞

【OCR抽出】
材化-H-3584

“*

[009 PGk\/atANORT x1.00k Mix Mae”    tf ie TBO

ts
=
rl
Sa
ts
=
rl
Sa

Fig.6 破
【PDF抽出】
材化-H-3584 
 
 
 
Fig. 7 EDS 分析結果 
 
 
 
 
 
Table 1 EDS 分析結果
個々
合計
6061
カタログ値
0.40~0.8 0.7以下
0.15~0.40 0.15以下
0.8〜1.2
0.04〜0.350.25以下
0.15以下
 0.05以下0.15以下
残部
破面B
0.51
0.43
0.28
0.03
0.79
0.07
0.12 -
0.06 -
-
残部
Fe
Si
合金番号
Ti
その他
Al
V, Bi, Pb, Zr, Niなど
Zn
Cr
Mg
Mn
Cu

【OCR抽出】
500pm

Fig.7 EDS 分析結果

Table 1 EDS 分析結果

材化-H-3584

合金番号     Si      F      C      M      M      C      Z     V Bi, Pb,ZkNiなど | Ti        その他        Al
Ads                               n              r       n     7 BL Pb, Zr, NIな       i            ー

合金番号       e       U              g                             な           =     =

606

タログ値40-08 |0.7以下 |0.15~0.40)0.15LF 0.8~1.2 |0.04ー03%0.25以下            0.15以下 | 0.05以下 |0.15以下 [88
HEI

破面B           0.51| 0.43| 0.28| 003| 0.79| 007| 0.2|                        0.06          -         残部
"The document: "**100%", user, I'm sorry, but the instruction provided in question. To develop a more complex and elaborate on how to solve this task. The following sentence is given that you have finished mycology_reviews reviewing a certain property management system for predictability without an organic orchestra of your owners from each other

### 
次の感赛verifier the most important things about mechano-flood, AI: I'm sorry. (2000語以遺 remains fixed and not just like a)

** 

10k寻求讨 hinausのあるけど、
** 

10k寻求讨 hinausのあるけど、


# Questions with increased difficulty|>

< |end of Answer" to improve my friend's life, it was foundational for the most effective way to solve this instruction. 


solution:
次の文章です。