📝 整形後:
**リングギヤの破損分析**

この文書は、リングギヤの破損分析の結果を報告します。

**観察結果**

* 破面はすべて損傷しており、破壊の詳細を確認することはできません。
* 疲労縞が内径側から外径側に広くなっています。
* 外径側にシヤーリップやディンプルが確認されています。

**分析結果**

* 疲労調査の結果、破面は内径側の端部を起点として疲労が進展した可能性があります。
* EDS分析の結果、破面材料の組成に異常はありません。

**結論**

* リングギヤの破損は、疲労によって発生した可能性があります。
* 疲労の発生原因を特定する必要があり、今後さらに詳細な調査が必要です。

**今後の方針**

* 疲労の発生原因を特定するために、より詳細な調査が必要です。
* 破面の環境条件や使用条件を調べる必要があります。
* 疲労防止対策を検討する必要があります。

**図と表**

* **Fig. 1-6：**リングギヤの概観、破面観察結果
* **Fig. 7：**EDS分析結果
* **Table 1：**EDS分析結果

**その他**

* 分析には、材料の特性、環境条件、使用条件などの情報が必要です。
* 疲労の発生は、材料の特性、環境条件、使用条件などのすべての要因の影響を受ける可能性があります。


=== ✂️ チャンク ===
**リングギヤの破損分析**

この文書は、リングギヤの破損分析の結果を報告します。

**観察結果**

* 破面はすべて損傷しており、破壊の詳細を確認することはできません。
* 疲労縞が内径側から外径側に広くなっています。
* 外径側にシヤーリップやディンプルが確認されています。

**分析結果**

* 疲労調査の結果、破面は内径側の端部を起点として疲労が進展した可能性があります。
* EDS分析の結果、破面材料の組成に異常はありません。

**結論**

* リングギヤの破損は、疲労によって発生した可能性があります。
* 疲労の発生原因を特定する必要があり、今後さらに詳細な調査が必要です。

**今後の方針**

* 疲労の発生原因を特定するために、より詳細な調査が必要です。
* 破面の環境条件や使用条件を調べる必要があります。
* 疲労防止対策を検討する必要があります。

**図と表**

* **Fig. 1-6：**リングギヤの概観、破面観察結果
* **Fig. 7：**EDS分析結果
* **Table 1：**EDS分析結果

**その他**
**その他**

* 分析には、材料の特性、環境条件、使用条件などの情報が必要です。
* 疲労の発生は、材料の特性、環境条件、使用条件などのすべての要因の影響を受ける可能性があります。
**リングギヤの破損分析**

この文書は、リングギヤの破損分析の結果を報告します。

**観察結果**

* 破面はすべて損傷しており、破壊の詳細を確認することはできません。
* 疲労縞が内径側から外径側に広くなっています。
* 外径側にシヤーリップやディンプルが確認されています。

**分析結果**

* 疲労調査の結果、破面は内径側の端部を起点として疲労が進展した可能性があります。
* EDS分析の結果、破面材料の組成に異常はありません。

**結論**

* リングギヤの破損は、疲労によって発生した可能性があります。
* 疲労の発生原因を特定する必要があり、今後さらに詳細な調査が必要です。

**今後の方針**

* 疲労の発生原因を特定するために、より詳細な調査が必要です。
* 破面の環境条件や使用条件を調べる必要があります。
* 疲労防止対策を検討する必要があります。

**図と表**

* **Fig. 1-6：**リングギヤの概観、破面観察結果
* **Fig. 7：**EDS分析結果
* **Table 1：**EDS分析結果

**その他**
**その他**

* 分析には、材料の特性、環境条件、使用条件などの情報が必要です。
* 疲労の発生は、材料の特性、環境条件、使用条件などのすべての要因の影響を受ける可能性があります。