📅 実行日時: 2025-06-13 06:47:02
📄 ファイル: src/input_pdfs/data4.txt
🧠 日本語ベクトル数: 6
🧠 英語ベクトル数: 0

=== 📝 整形済み日本語 ===
【配付先：関係者各位】
2025/6/2
経営会議事務局
2024/06/04 経営会議  議事録
● ONE-SEIMITSU PJ（基幹システム刷新）STEP3,4 (熱交・オゾン)導入開始の件
経営会議 【決議】 ： 8(1)f. 取得・補修有形固定資産1億円以上、ソフトウェア無形固定資産取得（取引予定価格）
取締役会 【決議】 ： 9(5)c. 他の重要な業務執行に関する事項
経営会議議長印

=== ✂️ 日本語チャンク ===
[1] 【配付先：関係者各位】
2025/6/2
経営会議事務局
2024/06/04 経営会議  議事録
● ONE-SEIMITSU PJ（基幹システム刷新）STEP3,4 (熱交・オゾン)導入開始の件
経営会議 【決議】 ： 8(1)f. 取得・補修有形固定資産1億円以上、ソフトウェア無形固定資産取得（取引予定価格）
取締役会 【決議】 ： 9(5)c. 他の重要な業務執行に関する事項
経営会議議長印
[2] 【配付先：関係者各位】
2025/6/2
経営会議事務局
2024/06/04 経営会議  議事録
● ONE-SEIMITSU PJ（基幹システム刷新）STEP3,4 (熱交・オゾン)導入開始の件
経営会議 【決議】 ： 8(1)f. 取得・補修有形固定資産1億円以上、ソフトウェア無形固定資産取得（取引予定価格）
取締役会 【決議】 ： 9(5)c. 他の重要な業務執行に関する事項
経営会議議長印
[3] 【配付先：関係者各位】
2025/6/2
経営会議事務局
2024/06/04 経営会議  議事録
● ONE-SEIMITSU PJ（基幹システム刷新）STEP3,4 (熱交・オゾン)導入開始の件
経営会議 【決議】 ： 8(1)f. 取得・補修有形固定資産1億円以上、ソフトウェア無形固定資産取得（取引予定価格）
取締役会 【決議】 ： 9(5)c. 他の重要な業務執行に関する事項
経営会議議長印
[4] 【配付先：関係者各位】
2025/6/2
経営会議事務局
2024/06/04 経営会議  議事録
● ONE-SEIMITSU PJ（基幹システム刷新）STEP3,4 (熱交・オゾン)導入開始の件
経営会議 【決議】 ： 8(1)f. 取得・補修有形固定資産1億円以上、ソフトウェア無形固定資産取得（取引予定価格）
取締役会 【決議】 ： 9(5)c. 他の重要な業務執行に関する事項
経営会議議長印
[5] 【配付先：関係者各位】
2025/6/2
経営会議事務局
2024/06/04 経営会議  議事録
● ONE-SEIMITSU PJ（基幹システム刷新）STEP3,4 (熱交・オゾン)導入開始の件
経営会議 【決議】 ： 8(1)f. 取得・補修有形固定資産1億円以上、ソフトウェア無形固定資産取得（取引予定価格）
取締役会 【決議】 ： 9(5)c. 他の重要な業務執行に関する事項
経営会議議長印
[6] 【配付先：関係者各位】
2025/6/2
経営会議事務局
2024/06/04 経営会議  議事録
● ONE-SEIMITSU PJ（基幹システム刷新）STEP3,4 (熱交・オゾン)導入開始の件
経営会議 【決議】 ： 8(1)f. 取得・補修有形固定資産1億円以上、ソフトウェア無形固定資産取得（取引予定価格）
取締役会 【決議】 ： 9(5)c. 他の重要な業務執行に関する事項
経営会議議長印
=== 🌍 翻訳済み英語 ===


=== ✂️ 英語チャンク ===
