📝 整形後:
【配付先：関係者各位】
2025/6/2
経営会議事務局

---

**経営会議 日程: 2024/06/04**

1. **ONE-SEIMITSU PJ（基幹システム刷新）（STEP3,4）- 熱交・オゾン導入開始の件**
   - 確認済み。

2. 経営会議【決議】：
   8(1)f.
   取引予定価格が1億円以上である建物、機械、構築物等の有形固定資産（取得・補修）に加え、有価証券を除いたソフトウェア等無形固定資産も含めた取得。

3. 経営会議【決議】：
   9(5)c.
   その他重要な業務執行に関する事項については、取締役会の決議が必要であることを承認された。 

4. 経営会議議長印

---

**発表日時：2026/06/02**


=== ✂️ チャンク ===
【配付先：関係者各位】
2025/6/2
経営会議事務局

---

**経営会議 日程: 2024/06/04**

1. **ONE-SEIMITSU PJ（基幹システム刷新）（STEP3,4）- 熱交・オゾン導入開始の件**
   - 確認済み。

2. 経営会議【決議】：
   8(1)f.
   取引予定価格が1億円以上である建物、機械、構築物等の有形固定資産（取得・補修）に加え、有価証券を除いたソフトウェア等無形固定資産も含めた取得。

3. 経営会議【決議】：
   9(5)c.
   その他重要な業務執行に関する事項については、取締役会の決議が必要であることを承認された。 

4. 経営会議議長印

---

**発表日時：2026/06/02**