📝 整形後:
**原文の日本語訳：**

新留様

過去の状況説明ありがとうございます。ご意見もありがとうございます。

お忙しいところ、ありがとうございました。

研究部/寺本 (5131)


**要約：**

研究部は、V2500ACOCの肉盛溶接にロボット溶接機を使用する検討を進めていましたが、技術的な評価や工程変更に多くの工数が必要となり、コスト的に合わないという結論を得ました。

**詳細：**

* 研究部は、2005年～2010年頃にロボット溶接機を8工場に購入し、その活用を検討するよう指示を受けました。
* 研究部は、V2500ACOCの肉盛溶接について、作業時間の短縮、肉盛高さの安定化を目的としてロボット溶接の適用を検討しました。
* 結果として、量産適用はされていないものの、条件さえ整えば、ヘッダータンク溶接時コアに肉盛溶接をする熱交換器について一般的に適用できると考えていましたが、詳細条件の問題があり、そもそも適用は難しいということが明らかになりました。

**結論：**

ロボット溶接機を使用することは、コスト的な問題があるため、現在の状況では検討するものではありません。


=== ✂️ チャンク ===
**原文の日本語訳：**

新留様

過去の状況説明ありがとうございます。ご意見もありがとうございます。

お忙しいところ、ありがとうございました。

研究部/寺本 (5131)


**要約：**

研究部は、V2500ACOCの肉盛溶接にロボット溶接機を使用する検討を進めていましたが、技術的な評価や工程変更に多くの工数が必要となり、コスト的に合わないという結論を得ました。

**詳細：**

* 研究部は、2005年～2010年頃にロボット溶接機を8工場に購入し、その活用を検討するよう指示を受けました。
* 研究部は、V2500ACOCの肉盛溶接について、作業時間の短縮、肉盛高さの安定化を目的としてロボット溶接の適用を検討しました。
* 結果として、量産適用はされていないものの、条件さえ整えば、ヘッダータンク溶接時コアに肉盛溶接をする熱交換器について一般的に適用できると考えていましたが、詳細条件の問題があり、そもそも適用は難しいということが明らかになりました。

**結論：**

ロボット溶接機を使用することは、コスト的な問題があるため、現在の状況では検討するものではありません。
**原文の日本語訳：**

新留様

過去の状況説明ありがとうございます。ご意見もありがとうございます。

お忙しいところ、ありがとうございました。

研究部/寺本 (5131)


**要約：**

研究部は、V2500ACOCの肉盛溶接にロボット溶接機を使用する検討を進めていましたが、技術的な評価や工程変更に多くの工数が必要となり、コスト的に合わないという結論を得ました。

**詳細：**

* 研究部は、2005年～2010年頃にロボット溶接機を8工場に購入し、その活用を検討するよう指示を受けました。
* 研究部は、V2500ACOCの肉盛溶接について、作業時間の短縮、肉盛高さの安定化を目的としてロボット溶接の適用を検討しました。
* 結果として、量産適用はされていないものの、条件さえ整えば、ヘッダータンク溶接時コアに肉盛溶接をする熱交換器について一般的に適用できると考えていましたが、詳細条件の問題があり、そもそも適用は難しいということが明らかになりました。

**結論：**

ロボット溶接機を使用することは、コスト的な問題があるため、現在の状況では検討するものではありません。
**原文の日本語訳：**

新留様

過去の状況説明ありがとうございます。ご意見もありがとうございます。

お忙しいところ、ありがとうございました。

研究部/寺本 (5131)


**要約：**

研究部は、V2500ACOCの肉盛溶接にロボット溶接機を使用する検討を進めていましたが、技術的な評価や工程変更に多くの工数が必要となり、コスト的に合わないという結論を得ました。

**詳細：**

* 研究部は、2005年～2010年頃にロボット溶接機を8工場に購入し、その活用を検討するよう指示を受けました。
* 研究部は、V2500ACOCの肉盛溶接について、作業時間の短縮、肉盛高さの安定化を目的としてロボット溶接の適用を検討しました。
* 結果として、量産適用はされていないものの、条件さえ整えば、ヘッダータンク溶接時コアに肉盛溶接をする熱交換器について一般的に適用できると考えていましたが、詳細条件の問題があり、そもそも適用は難しいということが明らかになりました。

**結論：**

ロボット溶接機を使用することは、コスト的な問題があるため、現在の状況では検討するものではありません。
**原文の日本語訳：**

新留様

過去の状況説明ありがとうございます。ご意見もありがとうございます。

お忙しいところ、ありがとうございました。

研究部/寺本 (5131)


**要約：**

研究部は、V2500ACOCの肉盛溶接にロボット溶接機を使用する検討を進めていましたが、技術的な評価や工程変更に多くの工数が必要となり、コスト的に合わないという結論を得ました。

**詳細：**

* 研究部は、2005年～2010年頃にロボット溶接機を8工場に購入し、その活用を検討するよう指示を受けました。
* 研究部は、V2500ACOCの肉盛溶接について、作業時間の短縮、肉盛高さの安定化を目的としてロボット溶接の適用を検討しました。
* 結果として、量産適用はされていないものの、条件さえ整えば、ヘッダータンク溶接時コアに肉盛溶接をする熱交換器について一般的に適用できると考えていましたが、詳細条件の問題があり、そもそも適用は難しいということが明らかになりました。

**結論：**

ロボット溶接機を使用することは、コスト的な問題があるため、現在の状況では検討するものではありません。
**原文の日本語訳：**

新留様

過去の状況説明ありがとうございます。ご意見もありがとうございます。

お忙しいところ、ありがとうございました。

研究部/寺本 (5131)


**要約：**

研究部は、V2500ACOCの肉盛溶接にロボット溶接機を使用する検討を進めていましたが、技術的な評価や工程変更に多くの工数が必要となり、コスト的に合わないという結論を得ました。

**詳細：**

* 研究部は、2005年～2010年頃にロボット溶接機を8工場に購入し、その活用を検討するよう指示を受けました。
* 研究部は、V2500ACOCの肉盛溶接について、作業時間の短縮、肉盛高さの安定化を目的としてロボット溶接の適用を検討しました。
* 結果として、量産適用はされていないものの、条件さえ整えば、ヘッダータンク溶接時コアに肉盛溶接をする熱交換器について一般的に適用できると考えていましたが、詳細条件の問題があり、そもそも適用は難しいということが明らかになりました。

**結論：**

ロボット溶接機を使用することは、コスト的な問題があるため、現在の状況では検討するものではありません。
**原文の日本語訳：**

新留様

過去の状況説明ありがとうございます。ご意見もありがとうございます。

お忙しいところ、ありがとうございました。

研究部/寺本 (5131)


**要約：**

研究部は、V2500ACOCの肉盛溶接にロボット溶接機を使用する検討を進めていましたが、技術的な評価や工程変更に多くの工数が必要となり、コスト的に合わないという結論を得ました。

**詳細：**

* 研究部は、2005年～2010年頃にロボット溶接機を8工場に購入し、その活用を検討するよう指示を受けました。
* 研究部は、V2500ACOCの肉盛溶接について、作業時間の短縮、肉盛高さの安定化を目的としてロボット溶接の適用を検討しました。
* 結果として、量産適用はされていないものの、条件さえ整えば、ヘッダータンク溶接時コアに肉盛溶接をする熱交換器について一般的に適用できると考えていましたが、詳細条件の問題があり、そもそも適用は難しいということが明らかになりました。

**結論：**

ロボット溶接機を使用することは、コスト的な問題があるため、現在の状況では検討するものではありません。