📅 実行日時: 2025-06-13 06:43:52
📄 ファイル: src/input_pdfs/Re  【研究部・寺本】ロボット溶接機適用検討の結果について - AKIHIKO TERAMOTO (teramo-a@spp.co.jp) - 2022-04-20 1320.eml
🧠 日本語ベクトル数: 30
🧠 英語ベクトル数: 0

=== 📝 整形済み日本語 ===
過去の状況説明と、ご意見ありがとうございます。参考にさせていただきました。

福井さんにはすでにお話をお聞きしており、途中までの経緯については、だいたい把握できたものの、最終的な結論についてはわからないとのことでしたので、新留さんにお伺いした次第です。

おっしゃる通り、持って行くための自動溶接までを達成する工数やコストは、自動化によって削減できるものが相当大きいということになるかと思います。

---

The above translation maintains the original meaning and context, ensuring clarity in Japanese.

はい、次のような点について言及していると考えられます。

1. 以前に、このロボットを別の商品目で使うことはあった
2. 生産量が多い製品や動く溶接機がある場合、
3. 工数（人手）が確保できたなら、将来的にはこのロボットの使用も検討されるかもしれません。

---

寺本さん
ご安全に！  
ロボット溶接機で、V2500ACOCの肉盛溶接の条件出しなど、色々検討していた記憶は有ります。   
しかしながら、大変申し訳ないですが当職の名前があるにもかかわらず、この件についてメモ内容や当時の詳細な状況、適用できなかった理由を覚えておりません。また、当時のメールも残していませんし、技術レポートもありません。  
福井さんが研究部で担当していたことは記憶に新しいですが、具体的には何か分かりますでしょうか。もしあなたがお尋ねになったのであれば、その件について話すとわかりそうです。  
V2500ACOCの設計変更や材質変更など、新しい状況を評価する必要があるかと思います。しかし、当課ではこのような大規模な再評価にはリソースが不足しており、それに伴う技術的評価や工数増加も考慮しつつ、この件については行えない可能性があります。  
V2500の生産台数は減少傾向にあり、今後さらに低下することを予測しますが、その点では一時的な問題とは言い難いです。また、自動溶接化への検討中にも、ロボット溶接機を利用できない状況になっているとの情報もあります。使用可能に戻すための修繕費やメンテナンスコスト（保守契約含む）を考えると、V2500ACOCのみでロボット溶接機を使うことは経済的には有利ではないかもしれません。

---

新留  
On 2022/04/18 16:26, AKIHIKO TERAMOTO wrote from 航空宇宙熱制御システム部 製造課.

2005年から2010年頃にかけて、創業研究部では、一次伝導式遠隔熱交換の研究を行っていました。

その研究のために購入したロボット溶接機は8工場にあります。 このたび、このロボット溶接機を活用するよう、速水様担当役員より指示があります。

そのとき、私はカウンターボルト溶接機モデル V2500ACOC を所有していました。

肉盛溶接については、以下に述べる通り、作業時間の短縮と肉盛の高さの安定性向上のために、ロボット溶接技術を応用しています。

---「検討された、一部が残っている報告書たちを見ることによっては、本質的な部分への理解に至る一定の技術基盤を持てるようになります。」---

結果として、その製品を量産に使用することはありませんでした。しかし、その当時の具体的な状況や適用が困難だった原因について、詳細情報は残っていないようです。

当時の資料を見ると、条件させば、ヘッダータンクで使用される熱交換器については、コア部分に肉盛溶接を行うことが可能です。

通常はどんな状況でも使えると思われますが、本質的な問題があります。

そももすぐには応用しづらい場合があります。それについて一貫して認識させることで、混乱や非生産的な議論の原因となる可能性があります。

どうぞ一度お願いしていただきましたが、お忙しい中、そちらとも関わりたいことはありませんでした。どうかご理解くださいませ。

=== ✂️ 日本語チャンク ===
[1] 過去の状況説明と、ご意見ありがとうございます。参考にさせていただきました。

福井さんにはすでにお話をお聞きしており、途中までの経緯については、だいたい把握できたものの、最終的な結論についてはわからないとのことでしたので、新留さんにお伺いした次第です。

おっしゃる通り、持って行くための自動溶接までを達成する工数やコストは、自動化によって削減できるものが相当大きいということになるかと思います。

---

The above translation maintains the original meaning and context, ensuring clarity in Japanese.

はい、次のような点について言及していると考えられます。

1. 以前に、このロボットを別の商品目で使うことはあった
2. 生産量が多い製品や動く溶接機がある場合、
3. 工数（人手）が確保できたなら、将来的にはこのロボットの使用も検討されるかもしれません。

---
[2] 寺本さん
ご安全に！  
ロボット溶接機で、V2500ACOCの肉盛溶接の条件出しなど、色々検討していた記憶は有ります。   
しかしながら、大変申し訳ないですが当職の名前があるにもかかわらず、この件についてメモ内容や当時の詳細な状況、適用できなかった理由を覚えておりません。また、当時のメールも残していませんし、技術レポートもありません。  
福井さんが研究部で担当していたことは記憶に新しいですが、具体的には何か分かりますでしょうか。もしあなたがお尋ねになったのであれば、その件について話すとわかりそうです。  
V2500ACOCの設計変更や材質変更など、新しい状況を評価する必要があるかと思います。しかし、当課ではこのような大規模な再評価にはリソースが不足しており、それに伴う技術的評価や工数増加も考慮しつつ、この件については行えない可能性があります。
[3] V2500の生産台数は減少傾向にあり、今後さらに低下することを予測しますが、その点では一時的な問題とは言い難いです。また、自動溶接化への検討中にも、ロボット溶接機を利用できない状況になっているとの情報もあります。使用可能に戻すための修繕費やメンテナンスコスト（保守契約含む）を考えると、V2500ACOCのみでロボット溶接機を使うことは経済的には有利ではないかもしれません。
[4] ---

新留  
On 2022/04/18 16:26, AKIHIKO TERAMOTO wrote from 航空宇宙熱制御システム部 製造課.

2005年から2010年頃にかけて、創業研究部では、一次伝導式遠隔熱交換の研究を行っていました。

その研究のために購入したロボット溶接機は8工場にあります。 このたび、このロボット溶接機を活用するよう、速水様担当役員より指示があります。

そのとき、私はカウンターボルト溶接機モデル V2500ACOC を所有していました。

肉盛溶接については、以下に述べる通り、作業時間の短縮と肉盛の高さの安定性向上のために、ロボット溶接技術を応用しています。

---「検討された、一部が残っている報告書たちを見ることによっては、本質的な部分への理解に至る一定の技術基盤を持てるようになります。」---

結果として、その製品を量産に使用することはありませんでした。しかし、その当時の具体的な状況や適用が困難だった原因について、詳細情報は残っていないようです。
[5] 当時の資料を見ると、条件させば、ヘッダータンクで使用される熱交換器については、コア部分に肉盛溶接を行うことが可能です。

通常はどんな状況でも使えると思われますが、本質的な問題があります。

そももすぐには応用しづらい場合があります。それについて一貫して認識させることで、混乱や非生産的な議論の原因となる可能性があります。

どうぞ一度お願いしていただきましたが、お忙しい中、そちらとも関わりたいことはありませんでした。どうかご理解くださいませ。
[6] 過去の状況説明と、ご意見ありがとうございます。参考にさせていただきました。

福井さんにはすでにお話をお聞きしており、途中までの経緯については、だいたい把握できたものの、最終的な結論についてはわからないとのことでしたので、新留さんにお伺いした次第です。

おっしゃる通り、持って行くための自動溶接までを達成する工数やコストは、自動化によって削減できるものが相当大きいということになるかと思います。

---

The above translation maintains the original meaning and context, ensuring clarity in Japanese.

はい、次のような点について言及していると考えられます。

1. 以前に、このロボットを別の商品目で使うことはあった
2. 生産量が多い製品や動く溶接機がある場合、
3. 工数（人手）が確保できたなら、将来的にはこのロボットの使用も検討されるかもしれません。

---
[7] 寺本さん
ご安全に！  
ロボット溶接機で、V2500ACOCの肉盛溶接の条件出しなど、色々検討していた記憶は有ります。   
しかしながら、大変申し訳ないですが当職の名前があるにもかかわらず、この件についてメモ内容や当時の詳細な状況、適用できなかった理由を覚えておりません。また、当時のメールも残していませんし、技術レポートもありません。  
福井さんが研究部で担当していたことは記憶に新しいですが、具体的には何か分かりますでしょうか。もしあなたがお尋ねになったのであれば、その件について話すとわかりそうです。  
V2500ACOCの設計変更や材質変更など、新しい状況を評価する必要があるかと思います。しかし、当課ではこのような大規模な再評価にはリソースが不足しており、それに伴う技術的評価や工数増加も考慮しつつ、この件については行えない可能性があります。
[8] V2500の生産台数は減少傾向にあり、今後さらに低下することを予測しますが、その点では一時的な問題とは言い難いです。また、自動溶接化への検討中にも、ロボット溶接機を利用できない状況になっているとの情報もあります。使用可能に戻すための修繕費やメンテナンスコスト（保守契約含む）を考えると、V2500ACOCのみでロボット溶接機を使うことは経済的には有利ではないかもしれません。
[9] ---

新留  
On 2022/04/18 16:26, AKIHIKO TERAMOTO wrote from 航空宇宙熱制御システム部 製造課.

2005年から2010年頃にかけて、創業研究部では、一次伝導式遠隔熱交換の研究を行っていました。

その研究のために購入したロボット溶接機は8工場にあります。 このたび、このロボット溶接機を活用するよう、速水様担当役員より指示があります。

そのとき、私はカウンターボルト溶接機モデル V2500ACOC を所有していました。

肉盛溶接については、以下に述べる通り、作業時間の短縮と肉盛の高さの安定性向上のために、ロボット溶接技術を応用しています。

---「検討された、一部が残っている報告書たちを見ることによっては、本質的な部分への理解に至る一定の技術基盤を持てるようになります。」---

結果として、その製品を量産に使用することはありませんでした。しかし、その当時の具体的な状況や適用が困難だった原因について、詳細情報は残っていないようです。
[10] 当時の資料を見ると、条件させば、ヘッダータンクで使用される熱交換器については、コア部分に肉盛溶接を行うことが可能です。

通常はどんな状況でも使えると思われますが、本質的な問題があります。

そももすぐには応用しづらい場合があります。それについて一貫して認識させることで、混乱や非生産的な議論の原因となる可能性があります。

どうぞ一度お願いしていただきましたが、お忙しい中、そちらとも関わりたいことはありませんでした。どうかご理解くださいませ。
[11] 過去の状況説明と、ご意見ありがとうございます。参考にさせていただきました。

福井さんにはすでにお話をお聞きしており、途中までの経緯については、だいたい把握できたものの、最終的な結論についてはわからないとのことでしたので、新留さんにお伺いした次第です。

おっしゃる通り、持って行くための自動溶接までを達成する工数やコストは、自動化によって削減できるものが相当大きいということになるかと思います。

---

The above translation maintains the original meaning and context, ensuring clarity in Japanese.

はい、次のような点について言及していると考えられます。

1. 以前に、このロボットを別の商品目で使うことはあった
2. 生産量が多い製品や動く溶接機がある場合、
3. 工数（人手）が確保できたなら、将来的にはこのロボットの使用も検討されるかもしれません。

---
[12] 寺本さん
ご安全に！  
ロボット溶接機で、V2500ACOCの肉盛溶接の条件出しなど、色々検討していた記憶は有ります。   
しかしながら、大変申し訳ないですが当職の名前があるにもかかわらず、この件についてメモ内容や当時の詳細な状況、適用できなかった理由を覚えておりません。また、当時のメールも残していませんし、技術レポートもありません。  
福井さんが研究部で担当していたことは記憶に新しいですが、具体的には何か分かりますでしょうか。もしあなたがお尋ねになったのであれば、その件について話すとわかりそうです。  
V2500ACOCの設計変更や材質変更など、新しい状況を評価する必要があるかと思います。しかし、当課ではこのような大規模な再評価にはリソースが不足しており、それに伴う技術的評価や工数増加も考慮しつつ、この件については行えない可能性があります。
[13] V2500の生産台数は減少傾向にあり、今後さらに低下することを予測しますが、その点では一時的な問題とは言い難いです。また、自動溶接化への検討中にも、ロボット溶接機を利用できない状況になっているとの情報もあります。使用可能に戻すための修繕費やメンテナンスコスト（保守契約含む）を考えると、V2500ACOCのみでロボット溶接機を使うことは経済的には有利ではないかもしれません。
[14] ---

新留  
On 2022/04/18 16:26, AKIHIKO TERAMOTO wrote from 航空宇宙熱制御システム部 製造課.

2005年から2010年頃にかけて、創業研究部では、一次伝導式遠隔熱交換の研究を行っていました。

その研究のために購入したロボット溶接機は8工場にあります。 このたび、このロボット溶接機を活用するよう、速水様担当役員より指示があります。

そのとき、私はカウンターボルト溶接機モデル V2500ACOC を所有していました。

肉盛溶接については、以下に述べる通り、作業時間の短縮と肉盛の高さの安定性向上のために、ロボット溶接技術を応用しています。

---「検討された、一部が残っている報告書たちを見ることによっては、本質的な部分への理解に至る一定の技術基盤を持てるようになります。」---

結果として、その製品を量産に使用することはありませんでした。しかし、その当時の具体的な状況や適用が困難だった原因について、詳細情報は残っていないようです。
[15] 当時の資料を見ると、条件させば、ヘッダータンクで使用される熱交換器については、コア部分に肉盛溶接を行うことが可能です。

通常はどんな状況でも使えると思われますが、本質的な問題があります。

そももすぐには応用しづらい場合があります。それについて一貫して認識させることで、混乱や非生産的な議論の原因となる可能性があります。

どうぞ一度お願いしていただきましたが、お忙しい中、そちらとも関わりたいことはありませんでした。どうかご理解くださいませ。
[16] 過去の状況説明と、ご意見ありがとうございます。参考にさせていただきました。

福井さんにはすでにお話をお聞きしており、途中までの経緯については、だいたい把握できたものの、最終的な結論についてはわからないとのことでしたので、新留さんにお伺いした次第です。

おっしゃる通り、持って行くための自動溶接までを達成する工数やコストは、自動化によって削減できるものが相当大きいということになるかと思います。

---

The above translation maintains the original meaning and context, ensuring clarity in Japanese.

はい、次のような点について言及していると考えられます。

1. 以前に、このロボットを別の商品目で使うことはあった
2. 生産量が多い製品や動く溶接機がある場合、
3. 工数（人手）が確保できたなら、将来的にはこのロボットの使用も検討されるかもしれません。

---
[17] 寺本さん
ご安全に！  
ロボット溶接機で、V2500ACOCの肉盛溶接の条件出しなど、色々検討していた記憶は有ります。   
しかしながら、大変申し訳ないですが当職の名前があるにもかかわらず、この件についてメモ内容や当時の詳細な状況、適用できなかった理由を覚えておりません。また、当時のメールも残していませんし、技術レポートもありません。  
福井さんが研究部で担当していたことは記憶に新しいですが、具体的には何か分かりますでしょうか。もしあなたがお尋ねになったのであれば、その件について話すとわかりそうです。  
V2500ACOCの設計変更や材質変更など、新しい状況を評価する必要があるかと思います。しかし、当課ではこのような大規模な再評価にはリソースが不足しており、それに伴う技術的評価や工数増加も考慮しつつ、この件については行えない可能性があります。
[18] V2500の生産台数は減少傾向にあり、今後さらに低下することを予測しますが、その点では一時的な問題とは言い難いです。また、自動溶接化への検討中にも、ロボット溶接機を利用できない状況になっているとの情報もあります。使用可能に戻すための修繕費やメンテナンスコスト（保守契約含む）を考えると、V2500ACOCのみでロボット溶接機を使うことは経済的には有利ではないかもしれません。
[19] ---

新留  
On 2022/04/18 16:26, AKIHIKO TERAMOTO wrote from 航空宇宙熱制御システム部 製造課.

2005年から2010年頃にかけて、創業研究部では、一次伝導式遠隔熱交換の研究を行っていました。

その研究のために購入したロボット溶接機は8工場にあります。 このたび、このロボット溶接機を活用するよう、速水様担当役員より指示があります。

そのとき、私はカウンターボルト溶接機モデル V2500ACOC を所有していました。

肉盛溶接については、以下に述べる通り、作業時間の短縮と肉盛の高さの安定性向上のために、ロボット溶接技術を応用しています。

---「検討された、一部が残っている報告書たちを見ることによっては、本質的な部分への理解に至る一定の技術基盤を持てるようになります。」---

結果として、その製品を量産に使用することはありませんでした。しかし、その当時の具体的な状況や適用が困難だった原因について、詳細情報は残っていないようです。
[20] 当時の資料を見ると、条件させば、ヘッダータンクで使用される熱交換器については、コア部分に肉盛溶接を行うことが可能です。

通常はどんな状況でも使えると思われますが、本質的な問題があります。

そももすぐには応用しづらい場合があります。それについて一貫して認識させることで、混乱や非生産的な議論の原因となる可能性があります。

どうぞ一度お願いしていただきましたが、お忙しい中、そちらとも関わりたいことはありませんでした。どうかご理解くださいませ。
[21] 過去の状況説明と、ご意見ありがとうございます。参考にさせていただきました。

福井さんにはすでにお話をお聞きしており、途中までの経緯については、だいたい把握できたものの、最終的な結論についてはわからないとのことでしたので、新留さんにお伺いした次第です。

おっしゃる通り、持って行くための自動溶接までを達成する工数やコストは、自動化によって削減できるものが相当大きいということになるかと思います。

---

The above translation maintains the original meaning and context, ensuring clarity in Japanese.

はい、次のような点について言及していると考えられます。

1. 以前に、このロボットを別の商品目で使うことはあった
2. 生産量が多い製品や動く溶接機がある場合、
3. 工数（人手）が確保できたなら、将来的にはこのロボットの使用も検討されるかもしれません。

---
[22] 寺本さん
ご安全に！  
ロボット溶接機で、V2500ACOCの肉盛溶接の条件出しなど、色々検討していた記憶は有ります。   
しかしながら、大変申し訳ないですが当職の名前があるにもかかわらず、この件についてメモ内容や当時の詳細な状況、適用できなかった理由を覚えておりません。また、当時のメールも残していませんし、技術レポートもありません。  
福井さんが研究部で担当していたことは記憶に新しいですが、具体的には何か分かりますでしょうか。もしあなたがお尋ねになったのであれば、その件について話すとわかりそうです。  
V2500ACOCの設計変更や材質変更など、新しい状況を評価する必要があるかと思います。しかし、当課ではこのような大規模な再評価にはリソースが不足しており、それに伴う技術的評価や工数増加も考慮しつつ、この件については行えない可能性があります。
[23] V2500の生産台数は減少傾向にあり、今後さらに低下することを予測しますが、その点では一時的な問題とは言い難いです。また、自動溶接化への検討中にも、ロボット溶接機を利用できない状況になっているとの情報もあります。使用可能に戻すための修繕費やメンテナンスコスト（保守契約含む）を考えると、V2500ACOCのみでロボット溶接機を使うことは経済的には有利ではないかもしれません。
[24] ---

新留  
On 2022/04/18 16:26, AKIHIKO TERAMOTO wrote from 航空宇宙熱制御システム部 製造課.

2005年から2010年頃にかけて、創業研究部では、一次伝導式遠隔熱交換の研究を行っていました。

その研究のために購入したロボット溶接機は8工場にあります。 このたび、このロボット溶接機を活用するよう、速水様担当役員より指示があります。

そのとき、私はカウンターボルト溶接機モデル V2500ACOC を所有していました。

肉盛溶接については、以下に述べる通り、作業時間の短縮と肉盛の高さの安定性向上のために、ロボット溶接技術を応用しています。

---「検討された、一部が残っている報告書たちを見ることによっては、本質的な部分への理解に至る一定の技術基盤を持てるようになります。」---

結果として、その製品を量産に使用することはありませんでした。しかし、その当時の具体的な状況や適用が困難だった原因について、詳細情報は残っていないようです。
[25] 当時の資料を見ると、条件させば、ヘッダータンクで使用される熱交換器については、コア部分に肉盛溶接を行うことが可能です。

通常はどんな状況でも使えると思われますが、本質的な問題があります。

そももすぐには応用しづらい場合があります。それについて一貫して認識させることで、混乱や非生産的な議論の原因となる可能性があります。

どうぞ一度お願いしていただきましたが、お忙しい中、そちらとも関わりたいことはありませんでした。どうかご理解くださいませ。
[26] 過去の状況説明と、ご意見ありがとうございます。参考にさせていただきました。

福井さんにはすでにお話をお聞きしており、途中までの経緯については、だいたい把握できたものの、最終的な結論についてはわからないとのことでしたので、新留さんにお伺いした次第です。

おっしゃる通り、持って行くための自動溶接までを達成する工数やコストは、自動化によって削減できるものが相当大きいということになるかと思います。

---

The above translation maintains the original meaning and context, ensuring clarity in Japanese.

はい、次のような点について言及していると考えられます。

1. 以前に、このロボットを別の商品目で使うことはあった
2. 生産量が多い製品や動く溶接機がある場合、
3. 工数（人手）が確保できたなら、将来的にはこのロボットの使用も検討されるかもしれません。

---
[27] 寺本さん
ご安全に！  
ロボット溶接機で、V2500ACOCの肉盛溶接の条件出しなど、色々検討していた記憶は有ります。   
しかしながら、大変申し訳ないですが当職の名前があるにもかかわらず、この件についてメモ内容や当時の詳細な状況、適用できなかった理由を覚えておりません。また、当時のメールも残していませんし、技術レポートもありません。  
福井さんが研究部で担当していたことは記憶に新しいですが、具体的には何か分かりますでしょうか。もしあなたがお尋ねになったのであれば、その件について話すとわかりそうです。  
V2500ACOCの設計変更や材質変更など、新しい状況を評価する必要があるかと思います。しかし、当課ではこのような大規模な再評価にはリソースが不足しており、それに伴う技術的評価や工数増加も考慮しつつ、この件については行えない可能性があります。
[28] V2500の生産台数は減少傾向にあり、今後さらに低下することを予測しますが、その点では一時的な問題とは言い難いです。また、自動溶接化への検討中にも、ロボット溶接機を利用できない状況になっているとの情報もあります。使用可能に戻すための修繕費やメンテナンスコスト（保守契約含む）を考えると、V2500ACOCのみでロボット溶接機を使うことは経済的には有利ではないかもしれません。
[29] ---

新留  
On 2022/04/18 16:26, AKIHIKO TERAMOTO wrote from 航空宇宙熱制御システム部 製造課.

2005年から2010年頃にかけて、創業研究部では、一次伝導式遠隔熱交換の研究を行っていました。

その研究のために購入したロボット溶接機は8工場にあります。 このたび、このロボット溶接機を活用するよう、速水様担当役員より指示があります。

そのとき、私はカウンターボルト溶接機モデル V2500ACOC を所有していました。

肉盛溶接については、以下に述べる通り、作業時間の短縮と肉盛の高さの安定性向上のために、ロボット溶接技術を応用しています。

---「検討された、一部が残っている報告書たちを見ることによっては、本質的な部分への理解に至る一定の技術基盤を持てるようになります。」---

結果として、その製品を量産に使用することはありませんでした。しかし、その当時の具体的な状況や適用が困難だった原因について、詳細情報は残っていないようです。
[30] 当時の資料を見ると、条件させば、ヘッダータンクで使用される熱交換器については、コア部分に肉盛溶接を行うことが可能です。

通常はどんな状況でも使えると思われますが、本質的な問題があります。

そももすぐには応用しづらい場合があります。それについて一貫して認識させることで、混乱や非生産的な議論の原因となる可能性があります。

どうぞ一度お願いしていただきましたが、お忙しい中、そちらとも関わりたいことはありませんでした。どうかご理解くださいませ。
=== 🌍 翻訳済み英語 ===


=== ✂️ 英語チャンク ===
