📅 実行日時: 2025-06-13 05:55:48
📄 ファイル: src/input_pdfs/依頼書_20250108.docx
🧠 日本語ベクトル数: 30
🧠 英語ベクトル数: 0

=== 📝 整形済み日本語 ===
【原文】：
宛 研究部 材料・プロセスリサーチラボ
分析・試験・調査依頼書  
ICT開発室プロセスグループ  
担当 (内線:5568) 土屋  
承認（内線：5525） 木内

標題 ウエハ上の異物元素分析  
製作番号 VK0207  
依頼日 2025年1月8日  
希望納期 2025年1月10日  

分析・試験・調査内容 (調査内容に加え、背景や経緯も簡潔に記載願います。) ※防衛情報関係の場合は明記してください。 防衛情報関連の場合の特別防衛秘密についても記載します。※守秘義務契約等の取り扱い注意については、その旨を記載すること。 (1) 目的：成膜後にウェハ上に付着した異物の調査。(2) 調査方法：SEM-EDS分析、ICT開発室人員立ち会いでライン分析が必要。（どこをどう検査しようか相談して決めたい。）  

【OCR抽出】：
宛 研究部 材料・プロセスリサーチラボ  
分析・試験調査依頼書  
ICT開発室プロセスグループ（担当:5568）土屋（承認:5525 木内）

標題 ウエハ上の異物元素分析 (製作番号 VK0207, 依頼日：2025年1月8日, 希望納期：2025年1月10日)  

内容：(調査に関する背景や経緯も簡潔に記載し、必要な場合は防衛情報関連の特別秘密を含める。保密契約上注意事項がある場合、その旨も記入します。(1) 目的：成膜後のウェハに付着した異物の分析。(2) 調査方法: ウエハ表面と割断しSEM-EDS解析、ICT開発室人員立ち会いでライン分析を行う。どこをどう検査するか相談して決めたい。）

【PDF抽出】：
宛 研究部 材料・プロセスリサーチラボ

依頼書  
ICT 開発室プロセスグループ (担当:5568) 土屋（承認：5525 木内）  

標題 ウエハ上の異物元素分析 (製作番号 VK0207, 依頼日：2025年1月8日, 希望納期：2025年1月10日)

内容：(防衛情報関係の場合は特別秘密を含めて記載。保密契約に注意が必要な場合も同様。) (1) 目的: 成膜後のウェハ上に付着した異物の分析。(2) 調査方法: ウエハ表面と割断しSEM-EDS解析、ICT開発室人員立ち会いでライン化しておくべきところを相談して決めたい。  

【OCR抽出】：
宛 研究部 材料・プロセスリサーチラボ

依頼書  
（任意記入）

ICT 開発室プロセスグループ (担当:5568) 土屋（承認：5525 木内）  

標題 ウエハ上の異物元素分析 (製作番号 VK0207, 依頼日：2025年1月8日, 希望納期：2025年1月10日)

内容：(防衛情報関係の場合は特別秘密を含めて記載。保密契約に注意が必要な場合も同様) (1) 目的: 成膜後のウェハ上に付着した異物の分析。(2) 調査方法: ウエハ表面と割断しSEM-EDS解析、ICT開発室人員立ち会いでライン化しておくべきところを相談して決めたい。  

【整形済み日本語】：
宛 研究部 材料・プロセスリサーチラボ

依頼書  
（任意記入）

ICT 開発室プロセスグループ (担当:5568) 土屋（承認：5525 木内）  

標題 ウエハ上の異物元素分析  
製作番号 VK0207、依頼日 2025年1月8日、希望納期 2025年1月10日

内容：(防衛情報関係の場合は特別秘密を含めて記載。保密契約に注意が必要な場合も同様) (1) 目的：成膜後のウェハ上に付着した異物の分析。(2) 調査方法：ウエハ表面と割断しSEM-EDS解析、ICT開発室人員立ち会いでライン化しておくべきところを相談して決めたい。  

【整形済み日本語】：
宛 研究部 材料・プロセスリサーチラボ

依頼書  
（任意記入）

ICT 開発室プロセスグループ (担当:5568) 土屋（承認：5525 木内）  

標題 ウエハ上の異物元素分析  
製作番号 VK0207、依頼日 2025年1月8日、希望納期 2025年1月10日

内容：(防衛情報関係の場合は特別秘密を含めて記載。保密契約に注意が必要な場合も同様) (1) 目的：成膜後のウェハ上に付着した異物の分析。(2) 調査方法：ウエハ表面と割断しSEM-EDS解析、ICT開発室人員立ち会いでライン化しておくべきところを相談して決めたい。

=== ✂️ 日本語チャンク ===
[1] 【原文】：
宛 研究部 材料・プロセスリサーチラボ
分析・試験・調査依頼書  
ICT開発室プロセスグループ  
担当 (内線:5568) 土屋  
承認（内線：5525） 木内

標題 ウエハ上の異物元素分析  
製作番号 VK0207  
依頼日 2025年1月8日  
希望納期 2025年1月10日  

分析・試験・調査内容 (調査内容に加え、背景や経緯も簡潔に記載願います。) ※防衛情報関係の場合は明記してください。 防衛情報関連の場合の特別防衛秘密についても記載します。※守秘義務契約等の取り扱い注意については、その旨を記載すること。 (1) 目的：成膜後にウェハ上に付着した異物の調査。(2) 調査方法：SEM-EDS分析、ICT開発室人員立ち会いでライン分析が必要。（どこをどう検査しようか相談して決めたい。）  

【OCR抽出】：
宛 研究部 材料・プロセスリサーチラボ  
分析・試験調査依頼書  
ICT開発室プロセスグループ（担当:5568）土屋（承認:5525 木内）
[2] 標題 ウエハ上の異物元素分析 (製作番号 VK0207, 依頼日：2025年1月8日, 希望納期：2025年1月10日)  

内容：(調査に関する背景や経緯も簡潔に記載し、必要な場合は防衛情報関連の特別秘密を含める。保密契約上注意事項がある場合、その旨も記入します。(1) 目的：成膜後のウェハに付着した異物の分析。(2) 調査方法: ウエハ表面と割断しSEM-EDS解析、ICT開発室人員立ち会いでライン分析を行う。どこをどう検査するか相談して決めたい。）

【PDF抽出】：
宛 研究部 材料・プロセスリサーチラボ

依頼書  
ICT 開発室プロセスグループ (担当:5568) 土屋（承認：5525 木内）  

標題 ウエハ上の異物元素分析 (製作番号 VK0207, 依頼日：2025年1月8日, 希望納期：2025年1月10日)
[3] 内容：(防衛情報関係の場合は特別秘密を含めて記載。保密契約に注意が必要な場合も同様。) (1) 目的: 成膜後のウェハ上に付着した異物の分析。(2) 調査方法: ウエハ表面と割断しSEM-EDS解析、ICT開発室人員立ち会いでライン化しておくべきところを相談して決めたい。  

【OCR抽出】：
宛 研究部 材料・プロセスリサーチラボ

依頼書  
（任意記入）

ICT 開発室プロセスグループ (担当:5568) 土屋（承認：5525 木内）  

標題 ウエハ上の異物元素分析 (製作番号 VK0207, 依頼日：2025年1月8日, 希望納期：2025年1月10日)

内容：(防衛情報関係の場合は特別秘密を含めて記載。保密契約に注意が必要な場合も同様) (1) 目的: 成膜後のウェハ上に付着した異物の分析。(2) 調査方法: ウエハ表面と割断しSEM-EDS解析、ICT開発室人員立ち会いでライン化しておくべきところを相談して決めたい。  

【整形済み日本語】：
宛 研究部 材料・プロセスリサーチラボ

依頼書  
（任意記入）
[4] 【整形済み日本語】：
宛 研究部 材料・プロセスリサーチラボ

依頼書  
（任意記入）

ICT 開発室プロセスグループ (担当:5568) 土屋（承認：5525 木内）  

標題 ウエハ上の異物元素分析  
製作番号 VK0207、依頼日 2025年1月8日、希望納期 2025年1月10日

内容：(防衛情報関係の場合は特別秘密を含めて記載。保密契約に注意が必要な場合も同様) (1) 目的：成膜後のウェハ上に付着した異物の分析。(2) 調査方法：ウエハ表面と割断しSEM-EDS解析、ICT開発室人員立ち会いでライン化しておくべきところを相談して決めたい。  

【整形済み日本語】：
宛 研究部 材料・プロセスリサーチラボ

依頼書  
（任意記入）

ICT 開発室プロセスグループ (担当:5568) 土屋（承認：5525 木内）  

標題 ウエハ上の異物元素分析  
製作番号 VK0207、依頼日 2025年1月8日、希望納期 2025年1月10日
[5] 内容：(防衛情報関係の場合は特別秘密を含めて記載。保密契約に注意が必要な場合も同様) (1) 目的：成膜後のウェハ上に付着した異物の分析。(2) 調査方法：ウエハ表面と割断しSEM-EDS解析、ICT開発室人員立ち会いでライン化しておくべきところを相談して決めたい。
[6] 【原文】：
宛 研究部 材料・プロセスリサーチラボ
分析・試験・調査依頼書  
ICT開発室プロセスグループ  
担当 (内線:5568) 土屋  
承認（内線：5525） 木内

標題 ウエハ上の異物元素分析  
製作番号 VK0207  
依頼日 2025年1月8日  
希望納期 2025年1月10日  

分析・試験・調査内容 (調査内容に加え、背景や経緯も簡潔に記載願います。) ※防衛情報関係の場合は明記してください。 防衛情報関連の場合の特別防衛秘密についても記載します。※守秘義務契約等の取り扱い注意については、その旨を記載すること。 (1) 目的：成膜後にウェハ上に付着した異物の調査。(2) 調査方法：SEM-EDS分析、ICT開発室人員立ち会いでライン分析が必要。（どこをどう検査しようか相談して決めたい。）  

【OCR抽出】：
宛 研究部 材料・プロセスリサーチラボ  
分析・試験調査依頼書  
ICT開発室プロセスグループ（担当:5568）土屋（承認:5525 木内）
[7] 標題 ウエハ上の異物元素分析 (製作番号 VK0207, 依頼日：2025年1月8日, 希望納期：2025年1月10日)  

内容：(調査に関する背景や経緯も簡潔に記載し、必要な場合は防衛情報関連の特別秘密を含める。保密契約上注意事項がある場合、その旨も記入します。(1) 目的：成膜後のウェハに付着した異物の分析。(2) 調査方法: ウエハ表面と割断しSEM-EDS解析、ICT開発室人員立ち会いでライン分析を行う。どこをどう検査するか相談して決めたい。）

【PDF抽出】：
宛 研究部 材料・プロセスリサーチラボ

依頼書  
ICT 開発室プロセスグループ (担当:5568) 土屋（承認：5525 木内）  

標題 ウエハ上の異物元素分析 (製作番号 VK0207, 依頼日：2025年1月8日, 希望納期：2025年1月10日)
[8] 内容：(防衛情報関係の場合は特別秘密を含めて記載。保密契約に注意が必要な場合も同様。) (1) 目的: 成膜後のウェハ上に付着した異物の分析。(2) 調査方法: ウエハ表面と割断しSEM-EDS解析、ICT開発室人員立ち会いでライン化しておくべきところを相談して決めたい。  

【OCR抽出】：
宛 研究部 材料・プロセスリサーチラボ

依頼書  
（任意記入）

ICT 開発室プロセスグループ (担当:5568) 土屋（承認：5525 木内）  

標題 ウエハ上の異物元素分析 (製作番号 VK0207, 依頼日：2025年1月8日, 希望納期：2025年1月10日)

内容：(防衛情報関係の場合は特別秘密を含めて記載。保密契約に注意が必要な場合も同様) (1) 目的: 成膜後のウェハ上に付着した異物の分析。(2) 調査方法: ウエハ表面と割断しSEM-EDS解析、ICT開発室人員立ち会いでライン化しておくべきところを相談して決めたい。  

【整形済み日本語】：
宛 研究部 材料・プロセスリサーチラボ

依頼書  
（任意記入）
[9] 【整形済み日本語】：
宛 研究部 材料・プロセスリサーチラボ

依頼書  
（任意記入）

ICT 開発室プロセスグループ (担当:5568) 土屋（承認：5525 木内）  

標題 ウエハ上の異物元素分析  
製作番号 VK0207、依頼日 2025年1月8日、希望納期 2025年1月10日

内容：(防衛情報関係の場合は特別秘密を含めて記載。保密契約に注意が必要な場合も同様) (1) 目的：成膜後のウェハ上に付着した異物の分析。(2) 調査方法：ウエハ表面と割断しSEM-EDS解析、ICT開発室人員立ち会いでライン化しておくべきところを相談して決めたい。  

【整形済み日本語】：
宛 研究部 材料・プロセスリサーチラボ

依頼書  
（任意記入）

ICT 開発室プロセスグループ (担当:5568) 土屋（承認：5525 木内）  

標題 ウエハ上の異物元素分析  
製作番号 VK0207、依頼日 2025年1月8日、希望納期 2025年1月10日
[10] 内容：(防衛情報関係の場合は特別秘密を含めて記載。保密契約に注意が必要な場合も同様) (1) 目的：成膜後のウェハ上に付着した異物の分析。(2) 調査方法：ウエハ表面と割断しSEM-EDS解析、ICT開発室人員立ち会いでライン化しておくべきところを相談して決めたい。
[11] 【原文】：
宛 研究部 材料・プロセスリサーチラボ
分析・試験・調査依頼書  
ICT開発室プロセスグループ  
担当 (内線:5568) 土屋  
承認（内線：5525） 木内

標題 ウエハ上の異物元素分析  
製作番号 VK0207  
依頼日 2025年1月8日  
希望納期 2025年1月10日  

分析・試験・調査内容 (調査内容に加え、背景や経緯も簡潔に記載願います。) ※防衛情報関係の場合は明記してください。 防衛情報関連の場合の特別防衛秘密についても記載します。※守秘義務契約等の取り扱い注意については、その旨を記載すること。 (1) 目的：成膜後にウェハ上に付着した異物の調査。(2) 調査方法：SEM-EDS分析、ICT開発室人員立ち会いでライン分析が必要。（どこをどう検査しようか相談して決めたい。）  

【OCR抽出】：
宛 研究部 材料・プロセスリサーチラボ  
分析・試験調査依頼書  
ICT開発室プロセスグループ（担当:5568）土屋（承認:5525 木内）
[12] 標題 ウエハ上の異物元素分析 (製作番号 VK0207, 依頼日：2025年1月8日, 希望納期：2025年1月10日)  

内容：(調査に関する背景や経緯も簡潔に記載し、必要な場合は防衛情報関連の特別秘密を含める。保密契約上注意事項がある場合、その旨も記入します。(1) 目的：成膜後のウェハに付着した異物の分析。(2) 調査方法: ウエハ表面と割断しSEM-EDS解析、ICT開発室人員立ち会いでライン分析を行う。どこをどう検査するか相談して決めたい。）

【PDF抽出】：
宛 研究部 材料・プロセスリサーチラボ

依頼書  
ICT 開発室プロセスグループ (担当:5568) 土屋（承認：5525 木内）  

標題 ウエハ上の異物元素分析 (製作番号 VK0207, 依頼日：2025年1月8日, 希望納期：2025年1月10日)
[13] 内容：(防衛情報関係の場合は特別秘密を含めて記載。保密契約に注意が必要な場合も同様。) (1) 目的: 成膜後のウェハ上に付着した異物の分析。(2) 調査方法: ウエハ表面と割断しSEM-EDS解析、ICT開発室人員立ち会いでライン化しておくべきところを相談して決めたい。  

【OCR抽出】：
宛 研究部 材料・プロセスリサーチラボ

依頼書  
（任意記入）

ICT 開発室プロセスグループ (担当:5568) 土屋（承認：5525 木内）  

標題 ウエハ上の異物元素分析 (製作番号 VK0207, 依頼日：2025年1月8日, 希望納期：2025年1月10日)

内容：(防衛情報関係の場合は特別秘密を含めて記載。保密契約に注意が必要な場合も同様) (1) 目的: 成膜後のウェハ上に付着した異物の分析。(2) 調査方法: ウエハ表面と割断しSEM-EDS解析、ICT開発室人員立ち会いでライン化しておくべきところを相談して決めたい。  

【整形済み日本語】：
宛 研究部 材料・プロセスリサーチラボ

依頼書  
（任意記入）
[14] 【整形済み日本語】：
宛 研究部 材料・プロセスリサーチラボ

依頼書  
（任意記入）

ICT 開発室プロセスグループ (担当:5568) 土屋（承認：5525 木内）  

標題 ウエハ上の異物元素分析  
製作番号 VK0207、依頼日 2025年1月8日、希望納期 2025年1月10日

内容：(防衛情報関係の場合は特別秘密を含めて記載。保密契約に注意が必要な場合も同様) (1) 目的：成膜後のウェハ上に付着した異物の分析。(2) 調査方法：ウエハ表面と割断しSEM-EDS解析、ICT開発室人員立ち会いでライン化しておくべきところを相談して決めたい。  

【整形済み日本語】：
宛 研究部 材料・プロセスリサーチラボ

依頼書  
（任意記入）

ICT 開発室プロセスグループ (担当:5568) 土屋（承認：5525 木内）  

標題 ウエハ上の異物元素分析  
製作番号 VK0207、依頼日 2025年1月8日、希望納期 2025年1月10日
[15] 内容：(防衛情報関係の場合は特別秘密を含めて記載。保密契約に注意が必要な場合も同様) (1) 目的：成膜後のウェハ上に付着した異物の分析。(2) 調査方法：ウエハ表面と割断しSEM-EDS解析、ICT開発室人員立ち会いでライン化しておくべきところを相談して決めたい。
[16] 【原文】：
宛 研究部 材料・プロセスリサーチラボ
分析・試験・調査依頼書  
ICT開発室プロセスグループ  
担当 (内線:5568) 土屋  
承認（内線：5525） 木内

標題 ウエハ上の異物元素分析  
製作番号 VK0207  
依頼日 2025年1月8日  
希望納期 2025年1月10日  

分析・試験・調査内容 (調査内容に加え、背景や経緯も簡潔に記載願います。) ※防衛情報関係の場合は明記してください。 防衛情報関連の場合の特別防衛秘密についても記載します。※守秘義務契約等の取り扱い注意については、その旨を記載すること。 (1) 目的：成膜後にウェハ上に付着した異物の調査。(2) 調査方法：SEM-EDS分析、ICT開発室人員立ち会いでライン分析が必要。（どこをどう検査しようか相談して決めたい。）  

【OCR抽出】：
宛 研究部 材料・プロセスリサーチラボ  
分析・試験調査依頼書  
ICT開発室プロセスグループ（担当:5568）土屋（承認:5525 木内）
[17] 標題 ウエハ上の異物元素分析 (製作番号 VK0207, 依頼日：2025年1月8日, 希望納期：2025年1月10日)  

内容：(調査に関する背景や経緯も簡潔に記載し、必要な場合は防衛情報関連の特別秘密を含める。保密契約上注意事項がある場合、その旨も記入します。(1) 目的：成膜後のウェハに付着した異物の分析。(2) 調査方法: ウエハ表面と割断しSEM-EDS解析、ICT開発室人員立ち会いでライン分析を行う。どこをどう検査するか相談して決めたい。）

【PDF抽出】：
宛 研究部 材料・プロセスリサーチラボ

依頼書  
ICT 開発室プロセスグループ (担当:5568) 土屋（承認：5525 木内）  

標題 ウエハ上の異物元素分析 (製作番号 VK0207, 依頼日：2025年1月8日, 希望納期：2025年1月10日)
[18] 内容：(防衛情報関係の場合は特別秘密を含めて記載。保密契約に注意が必要な場合も同様。) (1) 目的: 成膜後のウェハ上に付着した異物の分析。(2) 調査方法: ウエハ表面と割断しSEM-EDS解析、ICT開発室人員立ち会いでライン化しておくべきところを相談して決めたい。  

【OCR抽出】：
宛 研究部 材料・プロセスリサーチラボ

依頼書  
（任意記入）

ICT 開発室プロセスグループ (担当:5568) 土屋（承認：5525 木内）  

標題 ウエハ上の異物元素分析 (製作番号 VK0207, 依頼日：2025年1月8日, 希望納期：2025年1月10日)

内容：(防衛情報関係の場合は特別秘密を含めて記載。保密契約に注意が必要な場合も同様) (1) 目的: 成膜後のウェハ上に付着した異物の分析。(2) 調査方法: ウエハ表面と割断しSEM-EDS解析、ICT開発室人員立ち会いでライン化しておくべきところを相談して決めたい。  

【整形済み日本語】：
宛 研究部 材料・プロセスリサーチラボ

依頼書  
（任意記入）
[19] 【整形済み日本語】：
宛 研究部 材料・プロセスリサーチラボ

依頼書  
（任意記入）

ICT 開発室プロセスグループ (担当:5568) 土屋（承認：5525 木内）  

標題 ウエハ上の異物元素分析  
製作番号 VK0207、依頼日 2025年1月8日、希望納期 2025年1月10日

内容：(防衛情報関係の場合は特別秘密を含めて記載。保密契約に注意が必要な場合も同様) (1) 目的：成膜後のウェハ上に付着した異物の分析。(2) 調査方法：ウエハ表面と割断しSEM-EDS解析、ICT開発室人員立ち会いでライン化しておくべきところを相談して決めたい。  

【整形済み日本語】：
宛 研究部 材料・プロセスリサーチラボ

依頼書  
（任意記入）

ICT 開発室プロセスグループ (担当:5568) 土屋（承認：5525 木内）  

標題 ウエハ上の異物元素分析  
製作番号 VK0207、依頼日 2025年1月8日、希望納期 2025年1月10日
[20] 内容：(防衛情報関係の場合は特別秘密を含めて記載。保密契約に注意が必要な場合も同様) (1) 目的：成膜後のウェハ上に付着した異物の分析。(2) 調査方法：ウエハ表面と割断しSEM-EDS解析、ICT開発室人員立ち会いでライン化しておくべきところを相談して決めたい。
[21] 【原文】：
宛 研究部 材料・プロセスリサーチラボ
分析・試験・調査依頼書  
ICT開発室プロセスグループ  
担当 (内線:5568) 土屋  
承認（内線：5525） 木内

標題 ウエハ上の異物元素分析  
製作番号 VK0207  
依頼日 2025年1月8日  
希望納期 2025年1月10日  

分析・試験・調査内容 (調査内容に加え、背景や経緯も簡潔に記載願います。) ※防衛情報関係の場合は明記してください。 防衛情報関連の場合の特別防衛秘密についても記載します。※守秘義務契約等の取り扱い注意については、その旨を記載すること。 (1) 目的：成膜後にウェハ上に付着した異物の調査。(2) 調査方法：SEM-EDS分析、ICT開発室人員立ち会いでライン分析が必要。（どこをどう検査しようか相談して決めたい。）  

【OCR抽出】：
宛 研究部 材料・プロセスリサーチラボ  
分析・試験調査依頼書  
ICT開発室プロセスグループ（担当:5568）土屋（承認:5525 木内）
[22] 標題 ウエハ上の異物元素分析 (製作番号 VK0207, 依頼日：2025年1月8日, 希望納期：2025年1月10日)  

内容：(調査に関する背景や経緯も簡潔に記載し、必要な場合は防衛情報関連の特別秘密を含める。保密契約上注意事項がある場合、その旨も記入します。(1) 目的：成膜後のウェハに付着した異物の分析。(2) 調査方法: ウエハ表面と割断しSEM-EDS解析、ICT開発室人員立ち会いでライン分析を行う。どこをどう検査するか相談して決めたい。）

【PDF抽出】：
宛 研究部 材料・プロセスリサーチラボ

依頼書  
ICT 開発室プロセスグループ (担当:5568) 土屋（承認：5525 木内）  

標題 ウエハ上の異物元素分析 (製作番号 VK0207, 依頼日：2025年1月8日, 希望納期：2025年1月10日)
[23] 内容：(防衛情報関係の場合は特別秘密を含めて記載。保密契約に注意が必要な場合も同様。) (1) 目的: 成膜後のウェハ上に付着した異物の分析。(2) 調査方法: ウエハ表面と割断しSEM-EDS解析、ICT開発室人員立ち会いでライン化しておくべきところを相談して決めたい。  

【OCR抽出】：
宛 研究部 材料・プロセスリサーチラボ

依頼書  
（任意記入）

ICT 開発室プロセスグループ (担当:5568) 土屋（承認：5525 木内）  

標題 ウエハ上の異物元素分析 (製作番号 VK0207, 依頼日：2025年1月8日, 希望納期：2025年1月10日)

内容：(防衛情報関係の場合は特別秘密を含めて記載。保密契約に注意が必要な場合も同様) (1) 目的: 成膜後のウェハ上に付着した異物の分析。(2) 調査方法: ウエハ表面と割断しSEM-EDS解析、ICT開発室人員立ち会いでライン化しておくべきところを相談して決めたい。  

【整形済み日本語】：
宛 研究部 材料・プロセスリサーチラボ

依頼書  
（任意記入）
[24] 【整形済み日本語】：
宛 研究部 材料・プロセスリサーチラボ

依頼書  
（任意記入）

ICT 開発室プロセスグループ (担当:5568) 土屋（承認：5525 木内）  

標題 ウエハ上の異物元素分析  
製作番号 VK0207、依頼日 2025年1月8日、希望納期 2025年1月10日

内容：(防衛情報関係の場合は特別秘密を含めて記載。保密契約に注意が必要な場合も同様) (1) 目的：成膜後のウェハ上に付着した異物の分析。(2) 調査方法：ウエハ表面と割断しSEM-EDS解析、ICT開発室人員立ち会いでライン化しておくべきところを相談して決めたい。  

【整形済み日本語】：
宛 研究部 材料・プロセスリサーチラボ

依頼書  
（任意記入）

ICT 開発室プロセスグループ (担当:5568) 土屋（承認：5525 木内）  

標題 ウエハ上の異物元素分析  
製作番号 VK0207、依頼日 2025年1月8日、希望納期 2025年1月10日
[25] 内容：(防衛情報関係の場合は特別秘密を含めて記載。保密契約に注意が必要な場合も同様) (1) 目的：成膜後のウェハ上に付着した異物の分析。(2) 調査方法：ウエハ表面と割断しSEM-EDS解析、ICT開発室人員立ち会いでライン化しておくべきところを相談して決めたい。
[26] 【原文】：
宛 研究部 材料・プロセスリサーチラボ
分析・試験・調査依頼書  
ICT開発室プロセスグループ  
担当 (内線:5568) 土屋  
承認（内線：5525） 木内

標題 ウエハ上の異物元素分析  
製作番号 VK0207  
依頼日 2025年1月8日  
希望納期 2025年1月10日  

分析・試験・調査内容 (調査内容に加え、背景や経緯も簡潔に記載願います。) ※防衛情報関係の場合は明記してください。 防衛情報関連の場合の特別防衛秘密についても記載します。※守秘義務契約等の取り扱い注意については、その旨を記載すること。 (1) 目的：成膜後にウェハ上に付着した異物の調査。(2) 調査方法：SEM-EDS分析、ICT開発室人員立ち会いでライン分析が必要。（どこをどう検査しようか相談して決めたい。）  

【OCR抽出】：
宛 研究部 材料・プロセスリサーチラボ  
分析・試験調査依頼書  
ICT開発室プロセスグループ（担当:5568）土屋（承認:5525 木内）
[27] 標題 ウエハ上の異物元素分析 (製作番号 VK0207, 依頼日：2025年1月8日, 希望納期：2025年1月10日)  

内容：(調査に関する背景や経緯も簡潔に記載し、必要な場合は防衛情報関連の特別秘密を含める。保密契約上注意事項がある場合、その旨も記入します。(1) 目的：成膜後のウェハに付着した異物の分析。(2) 調査方法: ウエハ表面と割断しSEM-EDS解析、ICT開発室人員立ち会いでライン分析を行う。どこをどう検査するか相談して決めたい。）

【PDF抽出】：
宛 研究部 材料・プロセスリサーチラボ

依頼書  
ICT 開発室プロセスグループ (担当:5568) 土屋（承認：5525 木内）  

標題 ウエハ上の異物元素分析 (製作番号 VK0207, 依頼日：2025年1月8日, 希望納期：2025年1月10日)
[28] 内容：(防衛情報関係の場合は特別秘密を含めて記載。保密契約に注意が必要な場合も同様。) (1) 目的: 成膜後のウェハ上に付着した異物の分析。(2) 調査方法: ウエハ表面と割断しSEM-EDS解析、ICT開発室人員立ち会いでライン化しておくべきところを相談して決めたい。  

【OCR抽出】：
宛 研究部 材料・プロセスリサーチラボ

依頼書  
（任意記入）

ICT 開発室プロセスグループ (担当:5568) 土屋（承認：5525 木内）  

標題 ウエハ上の異物元素分析 (製作番号 VK0207, 依頼日：2025年1月8日, 希望納期：2025年1月10日)

内容：(防衛情報関係の場合は特別秘密を含めて記載。保密契約に注意が必要な場合も同様) (1) 目的: 成膜後のウェハ上に付着した異物の分析。(2) 調査方法: ウエハ表面と割断しSEM-EDS解析、ICT開発室人員立ち会いでライン化しておくべきところを相談して決めたい。  

【整形済み日本語】：
宛 研究部 材料・プロセスリサーチラボ

依頼書  
（任意記入）
[29] 【整形済み日本語】：
宛 研究部 材料・プロセスリサーチラボ

依頼書  
（任意記入）

ICT 開発室プロセスグループ (担当:5568) 土屋（承認：5525 木内）  

標題 ウエハ上の異物元素分析  
製作番号 VK0207、依頼日 2025年1月8日、希望納期 2025年1月10日

内容：(防衛情報関係の場合は特別秘密を含めて記載。保密契約に注意が必要な場合も同様) (1) 目的：成膜後のウェハ上に付着した異物の分析。(2) 調査方法：ウエハ表面と割断しSEM-EDS解析、ICT開発室人員立ち会いでライン化しておくべきところを相談して決めたい。  

【整形済み日本語】：
宛 研究部 材料・プロセスリサーチラボ

依頼書  
（任意記入）

ICT 開発室プロセスグループ (担当:5568) 土屋（承認：5525 木内）  

標題 ウエハ上の異物元素分析  
製作番号 VK0207、依頼日 2025年1月8日、希望納期 2025年1月10日
[30] 内容：(防衛情報関係の場合は特別秘密を含めて記載。保密契約に注意が必要な場合も同様) (1) 目的：成膜後のウェハ上に付着した異物の分析。(2) 調査方法：ウエハ表面と割断しSEM-EDS解析、ICT開発室人員立ち会いでライン化しておくべきところを相談して決めたい。
=== 🌍 翻訳済み英語 ===


=== ✂️ 英語チャンク ===
