📅 実行日時: 2025-06-13 06:37:32
📄 ファイル: src/input_pdfs/依頼書_20241223.pdf
🧠 日本語ベクトル数: 18
🧠 英語ベクトル数: 0

=== 📝 整形済み日本語 ===
【PDF抽出】
---

【OCR抽出】

宛 研究部 材料・プロセスリサーチラボ
依頼元 No

/    . 2     . 2
分析・試験・調査 依頼書 秘   0
依頼部署名                      担当(内線: 42)

熱交換器生産部 生産技術グループ        eu)
製品内部で発見された異物の調査 (SM7071-1)

RYE ES                                                                     依頼日
SD9999

2024 年 12 月 23 日
分析・試験・調査内容 (調査内容に加え、背景や経緯も簡潔に記載願います。)
※調査内容が防衛情報関係の場合は明記してください。防衛情報関係の場合、 特別防衛秘密に該当するか否かについても記載してください。
※調査内容が守秘義務契約に関連するなど取り扱いに注意する場合は、その則を記載してください。

O 該当

防衛情報                          _        MI 非該当
口 特別防衛

'i'

調査

-0084A
=

PEL

希望納期
2025 年 1 月 10 日

1 概要
客先に納品した熱交換器 (SM7071) の内部で異物が確認されたため、その調査を行いたい。

la

品名称 | 熱交換器内部で検出された異物
_- 番 製品型式 : SM7071-1

2 HANA

A
ミー  合
2.1 拡大観察による社内で発生する切粉との比較 La AE
社内の製作工各で発生する急粉とその形状を Comparative study | Maen | January 2024, Month 24
対照的に、顕微鏡で拡大観察（20x、30倍）を行います。
観察対象 : 発見された異物、切粉サンプル (各種工具の切粉サンプル)
ML

2.2 EDS による成分分析
製品内部で発見された異物の成分を調査するためにEDSによる成分分析を行います。
異物には色と形状が異なるものが含まれており、それぞれの成分分析をお願いします。また、可能な範囲で:
・ 異物表面の汚れを溶剤等で洗浄し、合金成分をより鮮明に確認してください。

・オレンジ色に見える部分の局所的な成分分析も行ってください。

※調査品の引き取りは速やかにお願いします。

=== ✂️ 日本語チャンク ===
[1] 【PDF抽出】
---

【OCR抽出】

宛 研究部 材料・プロセスリサーチラボ
依頼元 No

/    . 2     . 2
分析・試験・調査 依頼書 秘   0
依頼部署名                      担当(内線: 42)

熱交換器生産部 生産技術グループ        eu)
製品内部で発見された異物の調査 (SM7071-1)

RYE ES                                                                     依頼日
SD9999

2024 年 12 月 23 日
分析・試験・調査内容 (調査内容に加え、背景や経緯も簡潔に記載願います。)
※調査内容が防衛情報関係の場合は明記してください。防衛情報関係の場合、 特別防衛秘密に該当するか否かについても記載してください。
※調査内容が守秘義務契約に関連するなど取り扱いに注意する場合は、その則を記載してください。

O 該当

防衛情報                          _        MI 非該当
口 特別防衛

'i'
[2] 'i'

調査

-0084A
=

PEL

希望納期
2025 年 1 月 10 日

1 概要
客先に納品した熱交換器 (SM7071) の内部で異物が確認されたため、その調査を行いたい。

la

品名称 | 熱交換器内部で検出された異物
_- 番 製品型式 : SM7071-1

2 HANA

A
ミー  合
2.1 拡大観察による社内で発生する切粉との比較 La AE
社内の製作工各で発生する急粉とその形状を Comparative study | Maen | January 2024, Month 24
対照的に、顕微鏡で拡大観察（20x、30倍）を行います。
観察対象 : 発見された異物、切粉サンプル (各種工具の切粉サンプル)
ML

2.2 EDS による成分分析
製品内部で発見された異物の成分を調査するためにEDSによる成分分析を行います。
異物には色と形状が異なるものが含まれており、それぞれの成分分析をお願いします。また、可能な範囲で:
・ 異物表面の汚れを溶剤等で洗浄し、合金成分をより鮮明に確認してください。
[3] ・オレンジ色に見える部分の局所的な成分分析も行ってください。

※調査品の引き取りは速やかにお願いします。
[4] 【PDF抽出】
---

【OCR抽出】

宛 研究部 材料・プロセスリサーチラボ
依頼元 No

/    . 2     . 2
分析・試験・調査 依頼書 秘   0
依頼部署名                      担当(内線: 42)

熱交換器生産部 生産技術グループ        eu)
製品内部で発見された異物の調査 (SM7071-1)

RYE ES                                                                     依頼日
SD9999

2024 年 12 月 23 日
分析・試験・調査内容 (調査内容に加え、背景や経緯も簡潔に記載願います。)
※調査内容が防衛情報関係の場合は明記してください。防衛情報関係の場合、 特別防衛秘密に該当するか否かについても記載してください。
※調査内容が守秘義務契約に関連するなど取り扱いに注意する場合は、その則を記載してください。

O 該当

防衛情報                          _        MI 非該当
口 特別防衛

'i'
[5] 'i'

調査

-0084A
=

PEL

希望納期
2025 年 1 月 10 日

1 概要
客先に納品した熱交換器 (SM7071) の内部で異物が確認されたため、その調査を行いたい。

la

品名称 | 熱交換器内部で検出された異物
_- 番 製品型式 : SM7071-1

2 HANA

A
ミー  合
2.1 拡大観察による社内で発生する切粉との比較 La AE
社内の製作工各で発生する急粉とその形状を Comparative study | Maen | January 2024, Month 24
対照的に、顕微鏡で拡大観察（20x、30倍）を行います。
観察対象 : 発見された異物、切粉サンプル (各種工具の切粉サンプル)
ML

2.2 EDS による成分分析
製品内部で発見された異物の成分を調査するためにEDSによる成分分析を行います。
異物には色と形状が異なるものが含まれており、それぞれの成分分析をお願いします。また、可能な範囲で:
・ 異物表面の汚れを溶剤等で洗浄し、合金成分をより鮮明に確認してください。
[6] ・オレンジ色に見える部分の局所的な成分分析も行ってください。

※調査品の引き取りは速やかにお願いします。
[7] 【PDF抽出】
---

【OCR抽出】

宛 研究部 材料・プロセスリサーチラボ
依頼元 No

/    . 2     . 2
分析・試験・調査 依頼書 秘   0
依頼部署名                      担当(内線: 42)

熱交換器生産部 生産技術グループ        eu)
製品内部で発見された異物の調査 (SM7071-1)

RYE ES                                                                     依頼日
SD9999

2024 年 12 月 23 日
分析・試験・調査内容 (調査内容に加え、背景や経緯も簡潔に記載願います。)
※調査内容が防衛情報関係の場合は明記してください。防衛情報関係の場合、 特別防衛秘密に該当するか否かについても記載してください。
※調査内容が守秘義務契約に関連するなど取り扱いに注意する場合は、その則を記載してください。

O 該当

防衛情報                          _        MI 非該当
口 特別防衛

'i'
[8] 'i'

調査

-0084A
=

PEL

希望納期
2025 年 1 月 10 日

1 概要
客先に納品した熱交換器 (SM7071) の内部で異物が確認されたため、その調査を行いたい。

la

品名称 | 熱交換器内部で検出された異物
_- 番 製品型式 : SM7071-1

2 HANA

A
ミー  合
2.1 拡大観察による社内で発生する切粉との比較 La AE
社内の製作工各で発生する急粉とその形状を Comparative study | Maen | January 2024, Month 24
対照的に、顕微鏡で拡大観察（20x、30倍）を行います。
観察対象 : 発見された異物、切粉サンプル (各種工具の切粉サンプル)
ML

2.2 EDS による成分分析
製品内部で発見された異物の成分を調査するためにEDSによる成分分析を行います。
異物には色と形状が異なるものが含まれており、それぞれの成分分析をお願いします。また、可能な範囲で:
・ 異物表面の汚れを溶剤等で洗浄し、合金成分をより鮮明に確認してください。
[9] ・オレンジ色に見える部分の局所的な成分分析も行ってください。

※調査品の引き取りは速やかにお願いします。
[10] 【PDF抽出】
---

【OCR抽出】

宛 研究部 材料・プロセスリサーチラボ
依頼元 No

/    . 2     . 2
分析・試験・調査 依頼書 秘   0
依頼部署名                      担当(内線: 42)

熱交換器生産部 生産技術グループ        eu)
製品内部で発見された異物の調査 (SM7071-1)

RYE ES                                                                     依頼日
SD9999

2024 年 12 月 23 日
分析・試験・調査内容 (調査内容に加え、背景や経緯も簡潔に記載願います。)
※調査内容が防衛情報関係の場合は明記してください。防衛情報関係の場合、 特別防衛秘密に該当するか否かについても記載してください。
※調査内容が守秘義務契約に関連するなど取り扱いに注意する場合は、その則を記載してください。

O 該当

防衛情報                          _        MI 非該当
口 特別防衛

'i'
[11] 'i'

調査

-0084A
=

PEL

希望納期
2025 年 1 月 10 日

1 概要
客先に納品した熱交換器 (SM7071) の内部で異物が確認されたため、その調査を行いたい。

la

品名称 | 熱交換器内部で検出された異物
_- 番 製品型式 : SM7071-1

2 HANA

A
ミー  合
2.1 拡大観察による社内で発生する切粉との比較 La AE
社内の製作工各で発生する急粉とその形状を Comparative study | Maen | January 2024, Month 24
対照的に、顕微鏡で拡大観察（20x、30倍）を行います。
観察対象 : 発見された異物、切粉サンプル (各種工具の切粉サンプル)
ML

2.2 EDS による成分分析
製品内部で発見された異物の成分を調査するためにEDSによる成分分析を行います。
異物には色と形状が異なるものが含まれており、それぞれの成分分析をお願いします。また、可能な範囲で:
・ 異物表面の汚れを溶剤等で洗浄し、合金成分をより鮮明に確認してください。
[12] ・オレンジ色に見える部分の局所的な成分分析も行ってください。

※調査品の引き取りは速やかにお願いします。
[13] 【PDF抽出】
---

【OCR抽出】

宛 研究部 材料・プロセスリサーチラボ
依頼元 No

/    . 2     . 2
分析・試験・調査 依頼書 秘   0
依頼部署名                      担当(内線: 42)

熱交換器生産部 生産技術グループ        eu)
製品内部で発見された異物の調査 (SM7071-1)

RYE ES                                                                     依頼日
SD9999

2024 年 12 月 23 日
分析・試験・調査内容 (調査内容に加え、背景や経緯も簡潔に記載願います。)
※調査内容が防衛情報関係の場合は明記してください。防衛情報関係の場合、 特別防衛秘密に該当するか否かについても記載してください。
※調査内容が守秘義務契約に関連するなど取り扱いに注意する場合は、その則を記載してください。

O 該当

防衛情報                          _        MI 非該当
口 特別防衛

'i'
[14] 'i'

調査

-0084A
=

PEL

希望納期
2025 年 1 月 10 日

1 概要
客先に納品した熱交換器 (SM7071) の内部で異物が確認されたため、その調査を行いたい。

la

品名称 | 熱交換器内部で検出された異物
_- 番 製品型式 : SM7071-1

2 HANA

A
ミー  合
2.1 拡大観察による社内で発生する切粉との比較 La AE
社内の製作工各で発生する急粉とその形状を Comparative study | Maen | January 2024, Month 24
対照的に、顕微鏡で拡大観察（20x、30倍）を行います。
観察対象 : 発見された異物、切粉サンプル (各種工具の切粉サンプル)
ML

2.2 EDS による成分分析
製品内部で発見された異物の成分を調査するためにEDSによる成分分析を行います。
異物には色と形状が異なるものが含まれており、それぞれの成分分析をお願いします。また、可能な範囲で:
・ 異物表面の汚れを溶剤等で洗浄し、合金成分をより鮮明に確認してください。
[15] ・オレンジ色に見える部分の局所的な成分分析も行ってください。

※調査品の引き取りは速やかにお願いします。
[16] 【PDF抽出】
---

【OCR抽出】

宛 研究部 材料・プロセスリサーチラボ
依頼元 No

/    . 2     . 2
分析・試験・調査 依頼書 秘   0
依頼部署名                      担当(内線: 42)

熱交換器生産部 生産技術グループ        eu)
製品内部で発見された異物の調査 (SM7071-1)

RYE ES                                                                     依頼日
SD9999

2024 年 12 月 23 日
分析・試験・調査内容 (調査内容に加え、背景や経緯も簡潔に記載願います。)
※調査内容が防衛情報関係の場合は明記してください。防衛情報関係の場合、 特別防衛秘密に該当するか否かについても記載してください。
※調査内容が守秘義務契約に関連するなど取り扱いに注意する場合は、その則を記載してください。

O 該当

防衛情報                          _        MI 非該当
口 特別防衛

'i'
[17] 'i'

調査

-0084A
=

PEL

希望納期
2025 年 1 月 10 日

1 概要
客先に納品した熱交換器 (SM7071) の内部で異物が確認されたため、その調査を行いたい。

la

品名称 | 熱交換器内部で検出された異物
_- 番 製品型式 : SM7071-1

2 HANA

A
ミー  合
2.1 拡大観察による社内で発生する切粉との比較 La AE
社内の製作工各で発生する急粉とその形状を Comparative study | Maen | January 2024, Month 24
対照的に、顕微鏡で拡大観察（20x、30倍）を行います。
観察対象 : 発見された異物、切粉サンプル (各種工具の切粉サンプル)
ML

2.2 EDS による成分分析
製品内部で発見された異物の成分を調査するためにEDSによる成分分析を行います。
異物には色と形状が異なるものが含まれており、それぞれの成分分析をお願いします。また、可能な範囲で:
・ 異物表面の汚れを溶剤等で洗浄し、合金成分をより鮮明に確認してください。
[18] ・オレンジ色に見える部分の局所的な成分分析も行ってください。

※調査品の引き取りは速やかにお願いします。
=== 🌍 翻訳済み英語 ===


=== ✂️ 英語チャンク ===
