📝 整形後:
**宛 研究部 材料・プロセスリサーチラボ**

### 分析・試験・調査依頼書

#### **依頼元 No (任意記入)**  
#### **依頼部署名:** ICT 開発室 プロセスグループ  

#### **担当:**
- 内線：5568
- 土屋

#### **承認:**
- 内線：5525
- 木内

### 標題:
ウエハ上の異物元素分析

### 製作番号:
VK0207

### 依頼日:
2025年1月8日

### 希望納期:
2025年1月10日

---

### 分析・試験・調査内容 (背景や経緯も簡潔に記載願います。)

※防衛情報関係の場合:明記してください。防衛情報関係の場合、特別防衛秘密に該当するか否かについても記載してください。

※守秘義務契約に関連するなど取り扱いに注意する場合は、その旨を記載してください。

#### (1) 目的:
成膜後のウェハ上に付着した異物の調査

#### (2) 調査方法:
ウエハ表面と割断したウェハのSEM-EDS分析  
ICT開発室人員立ち会いのもと、ライン分析をお願いします。どこをどのように分析するのか相談して決めたく。

### 防衛情報:  
特別防衛秘密が該当: [〇/〇]  

調査品返却: DEHN（要不要） - MARRS

#### 調査品:
- 型番: Si Wa8 (YSZ 成膜品)
- 製造年月: 2024/12/25
- 使用期間:

---

**注意:** スキャンされたPDFやOCR抽出内容に誤字脱字がある場合は、正確な書記による修正を行ってください。


=== ✂️ チャンク ===
**宛 研究部 材料・プロセスリサーチラボ**

### 分析・試験・調査依頼書

#### **依頼元 No (任意記入)**  
#### **依頼部署名:** ICT 開発室 プロセスグループ  

#### **担当:**
- 内線：5568
- 土屋

#### **承認:**
- 内線：5525
- 木内

### 標題:
ウエハ上の異物元素分析

### 製作番号:
VK0207

### 依頼日:
2025年1月8日

### 希望納期:
2025年1月10日

---

### 分析・試験・調査内容 (背景や経緯も簡潔に記載願います。)

※防衛情報関係の場合:明記してください。防衛情報関係の場合、特別防衛秘密に該当するか否かについても記載してください。

※守秘義務契約に関連するなど取り扱いに注意する場合は、その旨を記載してください。

#### (1) 目的:
成膜後のウェハ上に付着した異物の調査
#### (1) 目的:
成膜後のウェハ上に付着した異物の調査

#### (2) 調査方法:
ウエハ表面と割断したウェハのSEM-EDS分析  
ICT開発室人員立ち会いのもと、ライン分析をお願いします。どこをどのように分析するのか相談して決めたく。

### 防衛情報:  
特別防衛秘密が該当: [〇/〇]  

調査品返却: DEHN（要不要） - MARRS

#### 調査品:
- 型番: Si Wa8 (YSZ 成膜品)
- 製造年月: 2024/12/25
- 使用期間:

---

**注意:** スキャンされたPDFやOCR抽出内容に誤字脱字がある場合は、正確な書記による修正を行ってください。
**宛 研究部 材料・プロセスリサーチラボ**

### 分析・試験・調査依頼書

#### **依頼元 No (任意記入)**  
#### **依頼部署名:** ICT 開発室 プロセスグループ  

#### **担当:**
- 内線：5568
- 土屋

#### **承認:**
- 内線：5525
- 木内

### 標題:
ウエハ上の異物元素分析

### 製作番号:
VK0207

### 依頼日:
2025年1月8日

### 希望納期:
2025年1月10日

---

### 分析・試験・調査内容 (背景や経緯も簡潔に記載願います。)

※防衛情報関係の場合:明記してください。防衛情報関係の場合、特別防衛秘密に該当するか否かについても記載してください。

※守秘義務契約に関連するなど取り扱いに注意する場合は、その旨を記載してください。

#### (1) 目的:
成膜後のウェハ上に付着した異物の調査
#### (1) 目的:
成膜後のウェハ上に付着した異物の調査

#### (2) 調査方法:
ウエハ表面と割断したウェハのSEM-EDS分析  
ICT開発室人員立ち会いのもと、ライン分析をお願いします。どこをどのように分析するのか相談して決めたく。

### 防衛情報:  
特別防衛秘密が該当: [〇/〇]  

調査品返却: DEHN（要不要） - MARRS

#### 調査品:
- 型番: Si Wa8 (YSZ 成膜品)
- 製造年月: 2024/12/25
- 使用期間:

---

**注意:** スキャンされたPDFやOCR抽出内容に誤字脱字がある場合は、正確な書記による修正を行ってください。
**宛 研究部 材料・プロセスリサーチラボ**

### 分析・試験・調査依頼書

#### **依頼元 No (任意記入)**  
#### **依頼部署名:** ICT 開発室 プロセスグループ  

#### **担当:**
- 内線：5568
- 土屋

#### **承認:**
- 内線：5525
- 木内

### 標題:
ウエハ上の異物元素分析

### 製作番号:
VK0207

### 依頼日:
2025年1月8日

### 希望納期:
2025年1月10日

---

### 分析・試験・調査内容 (背景や経緯も簡潔に記載願います。)

※防衛情報関係の場合:明記してください。防衛情報関係の場合、特別防衛秘密に該当するか否かについても記載してください。

※守秘義務契約に関連するなど取り扱いに注意する場合は、その旨を記載してください。

#### (1) 目的:
成膜後のウェハ上に付着した異物の調査
#### (1) 目的:
成膜後のウェハ上に付着した異物の調査

#### (2) 調査方法:
ウエハ表面と割断したウェハのSEM-EDS分析  
ICT開発室人員立ち会いのもと、ライン分析をお願いします。どこをどのように分析するのか相談して決めたく。

### 防衛情報:  
特別防衛秘密が該当: [〇/〇]  

調査品返却: DEHN（要不要） - MARRS

#### 調査品:
- 型番: Si Wa8 (YSZ 成膜品)
- 製造年月: 2024/12/25
- 使用期間:

---

**注意:** スキャンされたPDFやOCR抽出内容に誤字脱字がある場合は、正確な書記による修正を行ってください。
**宛 研究部 材料・プロセスリサーチラボ**

### 分析・試験・調査依頼書

#### **依頼元 No (任意記入)**  
#### **依頼部署名:** ICT 開発室 プロセスグループ  

#### **担当:**
- 内線：5568
- 土屋

#### **承認:**
- 内線：5525
- 木内

### 標題:
ウエハ上の異物元素分析

### 製作番号:
VK0207

### 依頼日:
2025年1月8日

### 希望納期:
2025年1月10日

---

### 分析・試験・調査内容 (背景や経緯も簡潔に記載願います。)

※防衛情報関係の場合:明記してください。防衛情報関係の場合、特別防衛秘密に該当するか否かについても記載してください。

※守秘義務契約に関連するなど取り扱いに注意する場合は、その旨を記載してください。

#### (1) 目的:
成膜後のウェハ上に付着した異物の調査
#### (1) 目的:
成膜後のウェハ上に付着した異物の調査

#### (2) 調査方法:
ウエハ表面と割断したウェハのSEM-EDS分析  
ICT開発室人員立ち会いのもと、ライン分析をお願いします。どこをどのように分析するのか相談して決めたく。

### 防衛情報:  
特別防衛秘密が該当: [〇/〇]  

調査品返却: DEHN（要不要） - MARRS

#### 調査品:
- 型番: Si Wa8 (YSZ 成膜品)
- 製造年月: 2024/12/25
- 使用期間:

---

**注意:** スキャンされたPDFやOCR抽出内容に誤字脱字がある場合は、正確な書記による修正を行ってください。
**宛 研究部 材料・プロセスリサーチラボ**

### 分析・試験・調査依頼書

#### **依頼元 No (任意記入)**  
#### **依頼部署名:** ICT 開発室 プロセスグループ  

#### **担当:**
- 内線：5568
- 土屋

#### **承認:**
- 内線：5525
- 木内

### 標題:
ウエハ上の異物元素分析

### 製作番号:
VK0207

### 依頼日:
2025年1月8日

### 希望納期:
2025年1月10日

---

### 分析・試験・調査内容 (背景や経緯も簡潔に記載願います。)

※防衛情報関係の場合:明記してください。防衛情報関係の場合、特別防衛秘密に該当するか否かについても記載してください。

※守秘義務契約に関連するなど取り扱いに注意する場合は、その旨を記載してください。

#### (1) 目的:
成膜後のウェハ上に付着した異物の調査
#### (1) 目的:
成膜後のウェハ上に付着した異物の調査

#### (2) 調査方法:
ウエハ表面と割断したウェハのSEM-EDS分析  
ICT開発室人員立ち会いのもと、ライン分析をお願いします。どこをどのように分析するのか相談して決めたく。

### 防衛情報:  
特別防衛秘密が該当: [〇/〇]  

調査品返却: DEHN（要不要） - MARRS

#### 調査品:
- 型番: Si Wa8 (YSZ 成膜品)
- 製造年月: 2024/12/25
- 使用期間:

---

**注意:** スキャンされたPDFやOCR抽出内容に誤字脱字がある場合は、正確な書記による修正を行ってください。
**宛 研究部 材料・プロセスリサーチラボ**

### 分析・試験・調査依頼書

#### **依頼元 No (任意記入)**  
#### **依頼部署名:** ICT 開発室 プロセスグループ  

#### **担当:**
- 内線：5568
- 土屋

#### **承認:**
- 内線：5525
- 木内

### 標題:
ウエハ上の異物元素分析

### 製作番号:
VK0207

### 依頼日:
2025年1月8日

### 希望納期:
2025年1月10日

---

### 分析・試験・調査内容 (背景や経緯も簡潔に記載願います。)

※防衛情報関係の場合:明記してください。防衛情報関係の場合、特別防衛秘密に該当するか否かについても記載してください。

※守秘義務契約に関連するなど取り扱いに注意する場合は、その旨を記載してください。

#### (1) 目的:
成膜後のウェハ上に付着した異物の調査
#### (1) 目的:
成膜後のウェハ上に付着した異物の調査

#### (2) 調査方法:
ウエハ表面と割断したウェハのSEM-EDS分析  
ICT開発室人員立ち会いのもと、ライン分析をお願いします。どこをどのように分析するのか相談して決めたく。

### 防衛情報:  
特別防衛秘密が該当: [〇/〇]  

調査品返却: DEHN（要不要） - MARRS

#### 調査品:
- 型番: Si Wa8 (YSZ 成膜品)
- 製造年月: 2024/12/25
- 使用期間:

---

**注意:** スキャンされたPDFやOCR抽出内容に誤字脱字がある場合は、正確な書記による修正を行ってください。