📝 整形後:
**依頼書**

**依頼元:** 研究部 材料・プロセスリサーチラボ

**依頼者:** No. / 2-2

**依頼内容:**

製品内部で発見された異物の調査 (SM7071-1)

**依頼日:** 2024年12月23日

**調査内容:**

- 異物表面の汚れを溶剤等で洗浄し、合金成分をより鮮明に確認する。
- orange色に見える部分を局所的に成分分析する。

**希望納期:** 2025年1月10日

**概要:**

客先に納品した熱交換器 (SM7071) の内部で異物が確認されたため、その調査を行いたい。

**観察対象:**

- 発見された異物
- 切粉サンプル (各種工具の切粉サンプルをお渡しします)

**成分分析:**

- EDSによる成分分析
- 異物表面の汚れを溶剤等で洗浄し、合金成分をより鮮明に確認する。
- orange色に見える部分を局所的に成分分析する。


=== ✂️ チャンク ===
**依頼書**

**依頼元:** 研究部 材料・プロセスリサーチラボ

**依頼者:** No. / 2-2

**依頼内容:**

製品内部で発見された異物の調査 (SM7071-1)

**依頼日:** 2024年12月23日

**調査内容:**

- 異物表面の汚れを溶剤等で洗浄し、合金成分をより鮮明に確認する。
- orange色に見える部分を局所的に成分分析する。

**希望納期:** 2025年1月10日

**概要:**

客先に納品した熱交換器 (SM7071) の内部で異物が確認されたため、その調査を行いたい。

**観察対象:**

- 発見された異物
- 切粉サンプル (各種工具の切粉サンプルをお渡しします)

**成分分析:**

- EDSによる成分分析
- 異物表面の汚れを溶剤等で洗浄し、合金成分をより鮮明に確認する。
- orange色に見える部分を局所的に成分分析する。
**依頼書**

**依頼元:** 研究部 材料・プロセスリサーチラボ

**依頼者:** No. / 2-2

**依頼内容:**

製品内部で発見された異物の調査 (SM7071-1)

**依頼日:** 2024年12月23日

**調査内容:**

- 異物表面の汚れを溶剤等で洗浄し、合金成分をより鮮明に確認する。
- orange色に見える部分を局所的に成分分析する。

**希望納期:** 2025年1月10日

**概要:**

客先に納品した熱交換器 (SM7071) の内部で異物が確認されたため、その調査を行いたい。

**観察対象:**

- 発見された異物
- 切粉サンプル (各種工具の切粉サンプルをお渡しします)

**成分分析:**

- EDSによる成分分析
- 異物表面の汚れを溶剤等で洗浄し、合金成分をより鮮明に確認する。
- orange色に見える部分を局所的に成分分析する。
**依頼書**

**依頼元:** 研究部 材料・プロセスリサーチラボ

**依頼者:** No. / 2-2

**依頼内容:**

製品内部で発見された異物の調査 (SM7071-1)

**依頼日:** 2024年12月23日

**調査内容:**

- 異物表面の汚れを溶剤等で洗浄し、合金成分をより鮮明に確認する。
- orange色に見える部分を局所的に成分分析する。

**希望納期:** 2025年1月10日

**概要:**

客先に納品した熱交換器 (SM7071) の内部で異物が確認されたため、その調査を行いたい。

**観察対象:**

- 発見された異物
- 切粉サンプル (各種工具の切粉サンプルをお渡しします)

**成分分析:**

- EDSによる成分分析
- 異物表面の汚れを溶剤等で洗浄し、合金成分をより鮮明に確認する。
- orange色に見える部分を局所的に成分分析する。
**依頼書**

**依頼元:** 研究部 材料・プロセスリサーチラボ

**依頼者:** No. / 2-2

**依頼内容:**

製品内部で発見された異物の調査 (SM7071-1)

**依頼日:** 2024年12月23日

**調査内容:**

- 異物表面の汚れを溶剤等で洗浄し、合金成分をより鮮明に確認する。
- orange色に見える部分を局所的に成分分析する。

**希望納期:** 2025年1月10日

**概要:**

客先に納品した熱交換器 (SM7071) の内部で異物が確認されたため、その調査を行いたい。

**観察対象:**

- 発見された異物
- 切粉サンプル (各種工具の切粉サンプルをお渡しします)

**成分分析:**

- EDSによる成分分析
- 異物表面の汚れを溶剤等で洗浄し、合金成分をより鮮明に確認する。
- orange色に見える部分を局所的に成分分析する。
**依頼書**

**依頼元:** 研究部 材料・プロセスリサーチラボ

**依頼者:** No. / 2-2

**依頼内容:**

製品内部で発見された異物の調査 (SM7071-1)

**依頼日:** 2024年12月23日

**調査内容:**

- 異物表面の汚れを溶剤等で洗浄し、合金成分をより鮮明に確認する。
- orange色に見える部分を局所的に成分分析する。

**希望納期:** 2025年1月10日

**概要:**

客先に納品した熱交換器 (SM7071) の内部で異物が確認されたため、その調査を行いたい。

**観察対象:**

- 発見された異物
- 切粉サンプル (各種工具の切粉サンプルをお渡しします)

**成分分析:**

- EDSによる成分分析
- 異物表面の汚れを溶剤等で洗浄し、合金成分をより鮮明に確認する。
- orange色に見える部分を局所的に成分分析する。
**依頼書**

**依頼元:** 研究部 材料・プロセスリサーチラボ

**依頼者:** No. / 2-2

**依頼内容:**

製品内部で発見された異物の調査 (SM7071-1)

**依頼日:** 2024年12月23日

**調査内容:**

- 異物表面の汚れを溶剤等で洗浄し、合金成分をより鮮明に確認する。
- orange色に見える部分を局所的に成分分析する。

**希望納期:** 2025年1月10日

**概要:**

客先に納品した熱交換器 (SM7071) の内部で異物が確認されたため、その調査を行いたい。

**観察対象:**

- 発見された異物
- 切粉サンプル (各種工具の切粉サンプルをお渡しします)

**成分分析:**

- EDSによる成分分析
- 異物表面の汚れを溶剤等で洗浄し、合金成分をより鮮明に確認する。
- orange色に見える部分を局所的に成分分析する。